<?xml version="1.0" encoding="UTF-8"?>
<testsuites name="Flagler_EquipmentTestSuite" time="60" tests="0" failures="0" errors="0">
   <testsuite name="Flagler_EquipmentTestSuite" tests="0" failures="0" errors="0" time="60" timestamp="2017-11-30 15:18:07" hostname="rgajbhiye - EET-RG.e-emphasys.com" id="Test Suites/Flagler_EquipmentTestSuite">
      <properties>
         <property name="deviceName" value=""/>
         <property name="devicePlatform" value=""/>
         <property name="logFolder" value="C:\\Users\\rgajbhiye\\git\\FlaglerCC\\Reports\\Flagler_EquipmentTestSuite\\20171130_151759"/>
         <property name="logFiles" value="C:\\Users\\rgajbhiye\\git\\FlaglerCC\\Reports\\Flagler_EquipmentTestSuite\\20171130_151759\\execution0.log"/>
         <property name="attachments" value="C:\\Users\\rgajbhiye\\git\\FlaglerCC\\Reports\\Flagler_EquipmentTestSuite\\20171130_151759\\1512035347712.png"/>
         <property name="hostName" value="rgajbhiye - EET-RG.e-emphasys.com"/>
         <property name="os" value="Windows 7 64bit"/>
         <property name="katalonVersion" value="5.0.0.1"/>
         <property name="browser" value="Firefox 43.0"/>
         <property name="hostAddress" value="192.168.25.107"/>
         <property name="sessionId" value="1426d08d-f662-4b4c-9d8c-77883a333b7f"/>
         <property name="seleniumVersion" value="2.53.0"/>
         <property name="proxyInformation" value="ProxyInformation{proxyOption=NO_PROXY, proxyServerType=, password=, proxyServerAddress=, proxyServerPort=0}"/>
         <property name="platform" value="Windows 7"/>
      </properties>
      <testcase name="Test Cases/Equipment/CreditCardRegression/TC001_EquipmentSalesAgreement_DiffGateway" classname="Test Cases/Equipment/CreditCardRegression/TC001_EquipmentSalesAgreement_DiffGateway" status="INCOMPLETE">
         <system-out><![CDATA[2017-11-30 15:18:08 - [TEST_CASE][INCOMPLETE] - Test Cases/Equipment/CreditCardRegression/TC001_EquipmentSalesAgreement_DiffGateway: null

2017-11-30 15:18:09 - [TEST_STEP][INCOMPLETE] - callTestCase: null

2017-11-30 15:18:09 - [TEST_CASE][INCOMPLETE] - Test Cases/Equipment/Base_EquipmentPurchase/EPO_CreateNrecieve: null

2017-11-30 15:18:09 - [TEST_STEP][INCOMPLETE] - callTestCase: null

2017-11-30 15:18:09 - [TEST_CASE][INCOMPLETE] - Test Cases/Equipment/Base_EquipmentPurchase/Base_EPO_CreateHeaderNline: null

2017-11-30 15:18:10 - [TEST_STEP][PASSED] - callTestCase: Call Test Case 'Test Cases/Common/Base_Common_OpenSession' successfully

2017-11-30 15:18:11 - [TEST_CASE][PASSED] - Test Cases/Common/Base_Common_OpenSession: Test Cases/Common/Base_Common_OpenSession

2017-11-30 15:18:12 - [TEST_STEP][PASSED] - openBrowser: Browser is opened with url: 'http://baan:3Xtend27$13@192.168.20.241:8312/webui/servlet/login'

2017-11-30 15:18:51 - [MESSAGE][PASSED] - Browser is opened with url: 'http://baan:3Xtend27$13@192.168.20.241:8312/webui/servlet/login'

2017-11-30 15:18:51 - [TEST_STEP][PASSED] - waitForPageLoad: Wait for page load successfully

2017-11-30 15:18:51 - [MESSAGE][PASSED] - Wait for page load successfully

2017-11-30 15:18:51 - [TEST_STEP][PASSED] - maximizeWindow: Current window maximized

2017-11-30 15:18:51 - [MESSAGE][PASSED] - Current window maximized

2017-11-30 15:18:51 - [TEST_STEP][PASSED] - click: Object: 'Object Repository/Common/HomePage/HomePage_more' is clicked on

2017-11-30 15:18:55 - [MESSAGE][PASSED] - Object: 'Object Repository/Common/HomePage/HomePage_more' is clicked on

2017-11-30 15:18:55 - [TEST_STEP][PASSED] - click: Object: 'Object Repository/Common/HomePage/HomePage_Option' is clicked on

2017-11-30 15:18:55 - [MESSAGE][PASSED] - Object: 'Object Repository/Common/HomePage/HomePage_Option' is clicked on

2017-11-30 15:18:55 - [TEST_STEP][PASSED] - click: Object: 'Object Repository/Common/HomePage/HomePage_RunProgram_' is clicked on

2017-11-30 15:18:55 - [MESSAGE][PASSED] - Object: 'Object Repository/Common/HomePage/HomePage_RunProgram_' is clicked on

2017-11-30 15:18:55 - [TEST_STEP][PASSED] - sendKeys: Keys 'tdext8150s000' sent to object: 'Object Repository/Common/HomePage/HomePage_Session_ID'

2017-11-30 15:18:56 - [MESSAGE][PASSED] - Keys 'tdext8150s000' sent to object: 'Object Repository/Common/HomePage/HomePage_Session_ID'

2017-11-30 15:18:56 - [TEST_STEP][PASSED] - click: Object: 'Object Repository/Common/HomePage/HomePage_OkButton' is clicked on

2017-11-30 15:18:56 - [MESSAGE][PASSED] - Object: 'Object Repository/Common/HomePage/HomePage_OkButton' is clicked on

2017-11-30 15:18:56 - [MESSAGE][PASSED] - Call Test Case 'Test Cases/Common/Base_Common_OpenSession' successfully

2017-11-30 15:18:56 - [TEST_STEP][PASSED] - waitForElementPresent: Object 'Object Repository/Equipment/EquipmentPurchase/EPO_Header/EPO_Header_New' is present

2017-11-30 15:18:58 - [MESSAGE][PASSED] - Object 'Object Repository/Equipment/EquipmentPurchase/EPO_Header/EPO_Header_New' is present

2017-11-30 15:18:58 - [TEST_STEP][PASSED] - click: Object: 'Object Repository/Equipment/EquipmentPurchase/EPO_Header/EPO_Header_New' is clicked on

2017-11-30 15:18:58 - [MESSAGE][PASSED] - Object: 'Object Repository/Equipment/EquipmentPurchase/EPO_Header/EPO_Header_New' is clicked on

2017-11-30 15:18:58 - [TEST_STEP][PASSED] - delay: Delayed 3 second(s)

2017-11-30 15:19:01 - [MESSAGE][PASSED] - Delayed 3 second(s)

2017-11-30 15:19:01 - [TEST_STEP][PASSED] - click: Object: 'Object Repository/Equipment/EquipmentPurchase/EPO_Header/EPO_Header_Customer' is clicked on

2017-11-30 15:19:02 - [MESSAGE][PASSED] - Object: 'Object Repository/Equipment/EquipmentPurchase/EPO_Header/EPO_Header_Customer' is clicked on

2017-11-30 15:19:02 - [TEST_STEP][PASSED] - setText: Text 'BP0004776' is set on object 'Object Repository/Equipment/EquipmentPurchase/EPO_Header/EPO_Header_Customer'

2017-11-30 15:19:02 - [MESSAGE][PASSED] - Text 'BP0004776' is set on object 'Object Repository/Equipment/EquipmentPurchase/EPO_Header/EPO_Header_Customer'

2017-11-30 15:19:02 - [TEST_STEP][PASSED] - click: Object: 'Object Repository/Equipment/EquipmentPurchase/EPO_Header/EPO_Header_Save' is clicked on

2017-11-30 15:19:02 - [MESSAGE][PASSED] - Object: 'Object Repository/Equipment/EquipmentPurchase/EPO_Header/EPO_Header_Save' is clicked on

2017-11-30 15:19:02 - [TEST_STEP][PASSED] - delay: Delayed 5 second(s)

2017-11-30 15:19:07 - [MESSAGE][PASSED] - Delayed 5 second(s)

2017-11-30 15:19:07 - [TEST_STEP][FAILED] - click: Unable to click on object 'Object Repository/Equipment/EquipmentPurchase/EPO_Header/EPO_Header_Action' (Root cause: org.openqa.selenium.WebDriverException: Element is not clickable at point (795, 79.01666259765625). Other element would receive the click: <div style="z-index: 1;" class="WindowManagerGlass"></div>
Command duration or timeout: 82 milliseconds
Build info: version: '2.53.0', revision: '35ae25b', time: '2016-03-15 17:00:58'
System info: host: 'EET-RG', ip: '192.168.25.107', os.name: 'Windows 7', os.arch: 'amd64', os.version: '6.1', java.version: '1.8.0_102'
Driver info: com.kms.katalon.selenium.driver.CFirefoxDriver
Capabilities [{applicationCacheEnabled=true, rotatable=false, handlesAlerts=true, databaseEnabled=true, version=43.0.1, platform=WINDOWS, nativeEvents=false, acceptSslCerts=true, webStorageEnabled=true, locationContextEnabled=true, browserName=firefox, takesScreenshot=true, javascriptEnabled=true, cssSelectorsEnabled=true}]
Session ID: 1426d08d-f662-4b4c-9d8c-77883a333b7f)

2017-11-30 15:19:07 - [MESSAGE][FAILED] - Unable to click on object 'Object Repository/Equipment/EquipmentPurchase/EPO_Header/EPO_Header_Action' (Root cause: org.openqa.selenium.WebDriverException: Element is not clickable at point (795, 79.01666259765625). Other element would receive the click: <div style="z-index: 1;" class="WindowManagerGlass"></div>
Command duration or timeout: 82 milliseconds
Build info: version: '2.53.0', revision: '35ae25b', time: '2016-03-15 17:00:58'
System info: host: 'EET-RG', ip: '192.168.25.107', os.name: 'Windows 7', os.arch: 'amd64', os.version: '6.1', java.version: '1.8.0_102'
Driver info: com.kms.katalon.selenium.driver.CFirefoxDriver
Capabilities [{applicationCacheEnabled=true, rotatable=false, handlesAlerts=true, databaseEnabled=true, version=43.0.1, platform=WINDOWS, nativeEvents=false, acceptSslCerts=true, webStorageEnabled=true, locationContextEnabled=true, browserName=firefox, takesScreenshot=true, javascriptEnabled=true, cssSelectorsEnabled=true}]
Session ID: 1426d08d-f662-4b4c-9d8c-77883a333b7f)
[[ATTACHMENT|C:\\Users\\rgajbhiye\\git\\FlaglerCC\\Reports\\Flagler_EquipmentTestSuite\\20171130_151759\\1512035347712.png]]

2017-11-30 15:19:07 - [TEST_STEP][INCOMPLETE] - click: Finding web element with id: 'Object Repository/Equipment/EquipmentPurchase/EPO_Header/EPO_Header_Action_OrderLines' located by 'By.xpath: //*[@id = 'tdext8150s000-0-menu-std:action-form-display.lines']' in '30' second(s)]]></system-out>
         <system-err><![CDATA[2017-11-30 15:18:08 - [TEST_CASE][INCOMPLETE] - Test Cases/Equipment/CreditCardRegression/TC001_EquipmentSalesAgreement_DiffGateway: null]]></system-err>
      </testcase>
      <system-out><![CDATA[2017-11-30 15:18:07 - [TEST_SUITE][INCOMPLETE] - Flagler_EquipmentTestSuite: null]]></system-out>
      <system-err><![CDATA[2017-11-30 15:18:07 - [TEST_SUITE][INCOMPLETE] - Flagler_EquipmentTestSuite: null]]></system-err>
   </testsuite>
</testsuites>
