<?xml version="1.0" encoding="UTF-8"?>
<testsuites name="Flagler_RentalTestSuite" time="271" tests="0" failures="1" errors="0">
   <testsuite name="Flagler_RentalTestSuite" tests="0" failures="1" errors="0" time="271" timestamp="2017-12-01 18:32:46" hostname="agawhande - ANIL110.e-emphasys.com" id="Test Suites/Flagler_RentalTestSuite">
      <properties>
         <property name="deviceName" value=""/>
         <property name="devicePlatform" value=""/>
         <property name="logFolder" value="C:\\Users\\agawhande\\git\\FlaglerCC\\Reports\\Flagler_RentalTestSuite\\20171201_183238"/>
         <property name="logFiles" value="C:\\Users\\agawhande\\git\\FlaglerCC\\Reports\\Flagler_RentalTestSuite\\20171201_183238\\execution0.log"/>
         <property name="attachments" value="C:\\Users\\agawhande\\git\\FlaglerCC\\Reports\\Flagler_RentalTestSuite\\20171201_183238\\1512133637559.png"/>
         <property name="hostName" value="agawhande - ANIL110.e-emphasys.com"/>
         <property name="os" value="Windows 7 64bit"/>
         <property name="katalonVersion" value="4.8.0.2"/>
         <property name="browser" value="Firefox 56.0"/>
         <property name="hostAddress" value="192.168.25.228"/>
         <property name="sessionId" value="587bc02e-73d7-4b21-89d8-25874ce5136f"/>
         <property name="seleniumVersion" value="unknown"/>
         <property name="proxyInformation" value="ProxyInformation{proxyOption=NO_PROXY, proxyServerType=, password=, proxyServerAddress=, proxyServerPort=0}"/>
         <property name="platform" value="Windows 7"/>
      </properties>
      <testcase name="Test Cases/Rental/Base_RentalContract/CreditCardRegression/TC003_RentalContractInvoice_CC" classname="Test Cases/Rental/Base_RentalContract/CreditCardRegression/TC003_RentalContractInvoice_CC" status="FAILED">
         <failure type="FAILED" message="Unable to click on object 'Object Repository/Rental/RentalHeader/RentalInvoice/RentalInvoice.Action' (Root cause: com.kms.katalon.core.webui.exception.WebElementNotFoundException: Web element with id: 'Object Repository/Rental/RentalHeader/RentalInvoice/RentalInvoice.Action' located by 'By.xpath: //*[@id = 'erext4505m002-9-button-std:action']' not found)"/>
         <system-out><![CDATA[2017-12-01 18:32:47 - [TEST_CASE][FAILED] - Test Cases/Rental/Base_RentalContract/CreditCardRegression/TC003_RentalContractInvoice_CC: Test Cases/Rental/Base_RentalContract/CreditCardRegression/TC003_RentalContractInvoice_CC FAILED because (of) Unable to click on object 'Object Repository/Rental/RentalHeader/RentalInvoice/RentalInvoice.Action' (Root cause: com.kms.katalon.core.webui.exception.WebElementNotFoundException: Web element with id: 'Object Repository/Rental/RentalHeader/RentalInvoice/RentalInvoice.Action' located by 'By.xpath: //*[@id = 'erext4505m002-9-button-std:action']' not found)

2017-12-01 18:32:47 - [TEST_STEP][PASSED] - callTestCase: Call Test Case 'Test Cases/Equipment/Base_EquipmentPurchase/EPO_CreateNrecieve' successfully

2017-12-01 18:32:47 - [TEST_CASE][PASSED] - Test Cases/Equipment/Base_EquipmentPurchase/EPO_CreateNrecieve: Test Cases/Equipment/Base_EquipmentPurchase/EPO_CreateNrecieve

2017-12-01 18:32:48 - [TEST_STEP][PASSED] - callTestCase: Call Test Case 'Test Cases/Equipment/Base_EquipmentPurchase/Base_EPO_CreateHeaderNline' successfully

2017-12-01 18:32:48 - [TEST_CASE][PASSED] - Test Cases/Equipment/Base_EquipmentPurchase/Base_EPO_CreateHeaderNline: Test Cases/Equipment/Base_EquipmentPurchase/Base_EPO_CreateHeaderNline

2017-12-01 18:32:48 - [TEST_STEP][PASSED] - callTestCase: Call Test Case 'Test Cases/Common/Base_Common_OpenSession' successfully

2017-12-01 18:32:48 - [TEST_CASE][PASSED] - Test Cases/Common/Base_Common_OpenSession: Test Cases/Common/Base_Common_OpenSession

2017-12-01 18:32:48 - [TEST_STEP][PASSED] - openBrowser: Browser is opened with url: 'http://baan:3Xtend27$13@192.168.20.241:8312/webui/servlet/login'

2017-12-01 18:32:59 - [MESSAGE][PASSED] - Browser is opened with url: 'http://baan:3Xtend27$13@192.168.20.241:8312/webui/servlet/login'

2017-12-01 18:32:59 - [TEST_STEP][PASSED] - waitForPageLoad: Wait for page load successfully

2017-12-01 18:32:59 - [MESSAGE][PASSED] - Wait for page load successfully

2017-12-01 18:32:59 - [TEST_STEP][PASSED] - maximizeWindow: Current window maximized

2017-12-01 18:32:59 - [MESSAGE][PASSED] - Current window maximized

2017-12-01 18:32:59 - [TEST_STEP][PASSED] - click: Object: 'Object Repository/Common/HomePage/HomePage_more' is clicked on

2017-12-01 18:33:04 - [MESSAGE][PASSED] - Object: 'Object Repository/Common/HomePage/HomePage_more' is clicked on

2017-12-01 18:33:04 - [TEST_STEP][PASSED] - click: Object: 'Object Repository/Common/HomePage/HomePage_Option' is clicked on

2017-12-01 18:33:04 - [MESSAGE][PASSED] - Object: 'Object Repository/Common/HomePage/HomePage_Option' is clicked on

2017-12-01 18:33:04 - [TEST_STEP][PASSED] - click: Object: 'Object Repository/Common/HomePage/HomePage_RunProgram_' is clicked on

2017-12-01 18:33:05 - [MESSAGE][PASSED] - Object: 'Object Repository/Common/HomePage/HomePage_RunProgram_' is clicked on

2017-12-01 18:33:05 - [TEST_STEP][PASSED] - sendKeys: Keys 'tdext8150s000' sent to object: 'Object Repository/Common/HomePage/HomePage_Session_ID'

2017-12-01 18:33:05 - [MESSAGE][PASSED] - Keys 'tdext8150s000' sent to object: 'Object Repository/Common/HomePage/HomePage_Session_ID'

2017-12-01 18:33:05 - [TEST_STEP][PASSED] - click: Object: 'Object Repository/Common/HomePage/HomePage_OkButton' is clicked on

2017-12-01 18:33:05 - [MESSAGE][PASSED] - Object: 'Object Repository/Common/HomePage/HomePage_OkButton' is clicked on

2017-12-01 18:33:05 - [MESSAGE][PASSED] - Call Test Case 'Test Cases/Common/Base_Common_OpenSession' successfully

2017-12-01 18:33:05 - [TEST_STEP][PASSED] - waitForElementPresent: Object 'Object Repository/Equipment/EquipmentPurchase/EPO_Header/EPO_Header_New' is present

2017-12-01 18:33:08 - [MESSAGE][PASSED] - Object 'Object Repository/Equipment/EquipmentPurchase/EPO_Header/EPO_Header_New' is present

2017-12-01 18:33:08 - [TEST_STEP][PASSED] - click: Object: 'Object Repository/Equipment/EquipmentPurchase/EPO_Header/EPO_Header_New' is clicked on

2017-12-01 18:33:08 - [MESSAGE][PASSED] - Object: 'Object Repository/Equipment/EquipmentPurchase/EPO_Header/EPO_Header_New' is clicked on

2017-12-01 18:33:08 - [TEST_STEP][PASSED] - delay: Delayed 3 second(s)

2017-12-01 18:33:11 - [MESSAGE][PASSED] - Delayed 3 second(s)

2017-12-01 18:33:11 - [TEST_STEP][PASSED] - click: Object: 'Object Repository/Equipment/EquipmentPurchase/EPO_Header/EPO_Header_Customer' is clicked on

2017-12-01 18:33:11 - [MESSAGE][PASSED] - Object: 'Object Repository/Equipment/EquipmentPurchase/EPO_Header/EPO_Header_Customer' is clicked on

2017-12-01 18:33:11 - [TEST_STEP][PASSED] - setText: Text 'BP0009523' is set on object 'Object Repository/Equipment/EquipmentPurchase/EPO_Header/EPO_Header_Customer'

2017-12-01 18:33:11 - [MESSAGE][PASSED] - Text 'BP0009523' is set on object 'Object Repository/Equipment/EquipmentPurchase/EPO_Header/EPO_Header_Customer'

2017-12-01 18:33:11 - [TEST_STEP][PASSED] - click: Object: 'Object Repository/Equipment/EquipmentPurchase/EPO_Header/EPO_Header_Save' is clicked on

2017-12-01 18:33:11 - [MESSAGE][PASSED] - Object: 'Object Repository/Equipment/EquipmentPurchase/EPO_Header/EPO_Header_Save' is clicked on

2017-12-01 18:33:11 - [TEST_STEP][PASSED] - delay: Delayed 5 second(s)

2017-12-01 18:33:16 - [MESSAGE][PASSED] - Delayed 5 second(s)

2017-12-01 18:33:16 - [TEST_STEP][PASSED] - click: Object: 'Object Repository/Equipment/EquipmentPurchase/EPO_Header/EPO_Header_Action' is clicked on

2017-12-01 18:33:16 - [MESSAGE][PASSED] - Object: 'Object Repository/Equipment/EquipmentPurchase/EPO_Header/EPO_Header_Action' is clicked on

2017-12-01 18:33:16 - [TEST_STEP][PASSED] - click: Object: 'Object Repository/Equipment/EquipmentPurchase/EPO_Header/EPO_Header_Action_OrderLines' is clicked on

2017-12-01 18:33:17 - [MESSAGE][PASSED] - Object: 'Object Repository/Equipment/EquipmentPurchase/EPO_Header/EPO_Header_Action_OrderLines' is clicked on

2017-12-01 18:33:17 - [TEST_STEP][PASSED] - waitForElementPresent: Object 'Object Repository/Equipment/EquipmentPurchase/EPO_Line/EPO_MultiLine_New' is present

2017-12-01 18:33:20 - [MESSAGE][PASSED] - Object 'Object Repository/Equipment/EquipmentPurchase/EPO_Line/EPO_MultiLine_New' is present

2017-12-01 18:33:20 - [TEST_STEP][PASSED] - click: Object: 'Object Repository/Equipment/EquipmentPurchase/EPO_Line/EPO_MultiLine_New' is clicked on

2017-12-01 18:33:21 - [MESSAGE][PASSED] - Object: 'Object Repository/Equipment/EquipmentPurchase/EPO_Line/EPO_MultiLine_New' is clicked on

2017-12-01 18:33:21 - [TEST_STEP][PASSED] - waitForElementPresent: Object 'Object Repository/Equipment/EquipmentPurchase/EPO_Line/EPO_Line_Model' is present

2017-12-01 18:33:22 - [MESSAGE][PASSED] - Object 'Object Repository/Equipment/EquipmentPurchase/EPO_Line/EPO_Line_Model' is present

2017-12-01 18:33:22 - [TEST_STEP][PASSED] - doubleClick: Object: 'Object Repository/Equipment/EquipmentPurchase/EPO_Line/EPO_Line_Model' is double clicked on

2017-12-01 18:33:23 - [MESSAGE][PASSED] - Object: 'Object Repository/Equipment/EquipmentPurchase/EPO_Line/EPO_Line_Model' is double clicked on

2017-12-01 18:33:23 - [TEST_STEP][PASSED] - delay: Delayed 2 second(s)

2017-12-01 18:33:25 - [MESSAGE][PASSED] - Delayed 2 second(s)

2017-12-01 18:33:25 - [TEST_STEP][PASSED] - sendKeys: Keys '1042' sent to object: 'Object Repository/Equipment/EquipmentPurchase/EPO_Line/EPO_Line_Model'

2017-12-01 18:33:25 - [MESSAGE][PASSED] - Keys '1042' sent to object: 'Object Repository/Equipment/EquipmentPurchase/EPO_Line/EPO_Line_Model'

2017-12-01 18:33:25 - [TEST_STEP][PASSED] - delay: Delayed 2 second(s)

2017-12-01 18:33:27 - [MESSAGE][PASSED] - Delayed 2 second(s)

2017-12-01 18:33:27 - [TEST_STEP][PASSED] - click: Object: 'Object Repository/Equipment/EquipmentPurchase/EPO_Line/EPO_Line_NeworUsed' is clicked on

2017-12-01 18:33:27 - [MESSAGE][PASSED] - Object: 'Object Repository/Equipment/EquipmentPurchase/EPO_Line/EPO_Line_NeworUsed' is clicked on

2017-12-01 18:33:27 - [TEST_STEP][PASSED] - click: Object: 'Object Repository/Equipment/EquipmentPurchase/EPO_Line/EPO_Line_NewEquipOption' is clicked on

2017-12-01 18:33:27 - [MESSAGE][PASSED] - Object: 'Object Repository/Equipment/EquipmentPurchase/EPO_Line/EPO_Line_NewEquipOption' is clicked on

2017-12-01 18:33:27 - [TEST_STEP][PASSED] - click: Object: 'Object Repository/Equipment/EquipmentPurchase/EPO_Line/EPO_Line_PlannedDate' is clicked on

2017-12-01 18:33:27 - [MESSAGE][PASSED] - Object: 'Object Repository/Equipment/EquipmentPurchase/EPO_Line/EPO_Line_PlannedDate' is clicked on

2017-12-01 18:33:27 - [TEST_STEP][PASSED] - delay: Delayed 2 second(s)

2017-12-01 18:33:29 - [MESSAGE][PASSED] - Delayed 2 second(s)

2017-12-01 18:33:29 - [TEST_STEP][PASSED] - setText: Text '+10' is set on object 'Object Repository/Equipment/EquipmentPurchase/EPO_Line/EPO_Line_PlannedDate'

2017-12-01 18:33:30 - [MESSAGE][PASSED] - Text '+10' is set on object 'Object Repository/Equipment/EquipmentPurchase/EPO_Line/EPO_Line_PlannedDate'

2017-12-01 18:33:30 - [TEST_STEP][PASSED] - delay: Delayed 2 second(s)

2017-12-01 18:33:32 - [MESSAGE][PASSED] - Delayed 2 second(s)

2017-12-01 18:33:32 - [TEST_STEP][PASSED] - click: Object: 'Object Repository/Equipment/EquipmentPurchase/EPO_Line/EPO_Line_Price' is clicked on

2017-12-01 18:33:32 - [MESSAGE][PASSED] - Object: 'Object Repository/Equipment/EquipmentPurchase/EPO_Line/EPO_Line_Price' is clicked on

2017-12-01 18:33:32 - [TEST_STEP][PASSED] - delay: Delayed 2 second(s)

2017-12-01 18:33:34 - [MESSAGE][PASSED] - Delayed 2 second(s)

2017-12-01 18:33:34 - [TEST_STEP][PASSED] - sendKeys: Keys '100' sent to object: 'Object Repository/Equipment/EquipmentPurchase/EPO_Line/EPO_Line_Price'

2017-12-01 18:33:34 - [MESSAGE][PASSED] - Keys '100' sent to object: 'Object Repository/Equipment/EquipmentPurchase/EPO_Line/EPO_Line_Price'

2017-12-01 18:33:34 - [TEST_STEP][PASSED] - delay: Delayed 2 second(s)

2017-12-01 18:33:36 - [MESSAGE][PASSED] - Delayed 2 second(s)

2017-12-01 18:33:36 - [TEST_STEP][PASSED] - click: Object: 'Object Repository/Equipment/EquipmentPurchase/EPO_Line/EPO_Line_Save' is clicked on

2017-12-01 18:33:36 - [MESSAGE][PASSED] - Object: 'Object Repository/Equipment/EquipmentPurchase/EPO_Line/EPO_Line_Save' is clicked on

2017-12-01 18:33:36 - [TEST_STEP][NOT_RUN] - click: NOT_RUN: click

2017-12-01 18:33:36 - [MESSAGE][NOT_RUN] - NOT_RUN: click

2017-12-01 18:33:36 - [TEST_STEP][PASSED] - click: Object: 'Object Repository/Equipment/EquipmentPurchase/EPO_Line/EPO_Line_SaveNclose' is clicked on

2017-12-01 18:33:36 - [MESSAGE][PASSED] - Object: 'Object Repository/Equipment/EquipmentPurchase/EPO_Line/EPO_Line_SaveNclose' is clicked on

2017-12-01 18:33:36 - [TEST_STEP][PASSED] - delay: Delayed 2 second(s)

2017-12-01 18:33:38 - [MESSAGE][PASSED] - Delayed 2 second(s)

2017-12-01 18:33:38 - [TEST_STEP][PASSED] - click: Object: 'Object Repository/Equipment/EquipmentPurchase/EPO_Line/EPO_MultiLine_SavenClose' is clicked on

2017-12-01 18:33:38 - [MESSAGE][PASSED] - Object: 'Object Repository/Equipment/EquipmentPurchase/EPO_Line/EPO_MultiLine_SavenClose' is clicked on

2017-12-01 18:33:38 - [MESSAGE][PASSED] - Call Test Case 'Test Cases/Equipment/Base_EquipmentPurchase/Base_EPO_CreateHeaderNline' successfully

2017-12-01 18:33:38 - [TEST_STEP][PASSED] - callTestCase: Call Test Case 'Test Cases/Equipment/Base_EquipmentPurchase/Base_EPO_Reciept' successfully

2017-12-01 18:33:38 - [TEST_CASE][PASSED] - Test Cases/Equipment/Base_EquipmentPurchase/Base_EPO_Reciept: Test Cases/Equipment/Base_EquipmentPurchase/Base_EPO_Reciept

2017-12-01 18:33:39 - [TEST_STEP][PASSED] - delay: Delayed 2 second(s)

2017-12-01 18:33:41 - [MESSAGE][PASSED] - Delayed 2 second(s)

2017-12-01 18:33:41 - [TEST_STEP][PASSED] - click: Object: 'Object Repository/Equipment/EquipmentPurchase/EPO_Header/EPO_Header_Action' is clicked on

2017-12-01 18:33:41 - [MESSAGE][PASSED] - Object: 'Object Repository/Equipment/EquipmentPurchase/EPO_Header/EPO_Header_Action' is clicked on

2017-12-01 18:33:41 - [TEST_STEP][PASSED] - click: Object: 'Object Repository/Equipment/EquipmentPurchase/EPO_Header/EPO_Header_Action_SendForApproval' is clicked on

2017-12-01 18:33:41 - [MESSAGE][PASSED] - Object: 'Object Repository/Equipment/EquipmentPurchase/EPO_Header/EPO_Header_Action_SendForApproval' is clicked on

2017-12-01 18:33:41 - [TEST_STEP][PASSED] - delay: Delayed 5 second(s)

2017-12-01 18:33:46 - [MESSAGE][PASSED] - Delayed 5 second(s)

2017-12-01 18:33:46 - [TEST_STEP][PASSED] - click: Object: 'Object Repository/Equipment/EquipmentPurchase/EPO_Header/EPO_Header_Action' is clicked on

2017-12-01 18:33:46 - [MESSAGE][PASSED] - Object: 'Object Repository/Equipment/EquipmentPurchase/EPO_Header/EPO_Header_Action' is clicked on

2017-12-01 18:33:46 - [TEST_STEP][PASSED] - click: Object: 'Object Repository/Equipment/EquipmentPurchase/EPO_Header/EPO_Header_Apporve' is clicked on

2017-12-01 18:33:46 - [MESSAGE][PASSED] - Object: 'Object Repository/Equipment/EquipmentPurchase/EPO_Header/EPO_Header_Apporve' is clicked on

2017-12-01 18:33:46 - [TEST_STEP][PASSED] - delay: Delayed 5 second(s)

2017-12-01 18:33:51 - [MESSAGE][PASSED] - Delayed 5 second(s)

2017-12-01 18:33:51 - [TEST_STEP][PASSED] - click: Object: 'Object Repository/Equipment/EquipmentPurchase/EPO_Header/EPO_Header_Print' is clicked on

2017-12-01 18:33:52 - [MESSAGE][PASSED] - Object: 'Object Repository/Equipment/EquipmentPurchase/EPO_Header/EPO_Header_Print' is clicked on

2017-12-01 18:33:52 - [TEST_STEP][PASSED] - click: Object: 'Object Repository/Equipment/EquipmentPurchase/EPO_Header/EPO_Print_FinalPrint' is clicked on

2017-12-01 18:33:53 - [MESSAGE][PASSED] - Object: 'Object Repository/Equipment/EquipmentPurchase/EPO_Header/EPO_Print_FinalPrint' is clicked on

2017-12-01 18:33:53 - [TEST_STEP][PASSED] - click: Object: 'Object Repository/Equipment/EquipmentPurchase/EPO_Header/EPO_Print_PrintOption' is clicked on

2017-12-01 18:33:53 - [MESSAGE][PASSED] - Object: 'Object Repository/Equipment/EquipmentPurchase/EPO_Header/EPO_Print_PrintOption' is clicked on

2017-12-01 18:33:53 - [TEST_STEP][PASSED] - delay: Delayed 10 second(s)

2017-12-01 18:34:03 - [MESSAGE][PASSED] - Delayed 10 second(s)

2017-12-01 18:34:03 - [TEST_STEP][PASSED] - waitForElementVisible: Object 'Object Repository/Equipment/EquipmentPurchase/EPO_Header/EPO_Print_Device' is visible

2017-12-01 18:34:03 - [MESSAGE][PASSED] - Object 'Object Repository/Equipment/EquipmentPurchase/EPO_Header/EPO_Print_Device' is visible

2017-12-01 18:34:03 - [TEST_STEP][PASSED] - doubleClick: Object: 'Object Repository/Equipment/EquipmentPurchase/EPO_Header/EPO_Print_Device' is double clicked on

2017-12-01 18:34:03 - [MESSAGE][PASSED] - Object: 'Object Repository/Equipment/EquipmentPurchase/EPO_Header/EPO_Print_Device' is double clicked on

2017-12-01 18:34:03 - [TEST_STEP][PASSED] - delay: Delayed 2 second(s)

2017-12-01 18:34:05 - [MESSAGE][PASSED] - Delayed 2 second(s)

2017-12-01 18:34:05 - [TEST_STEP][PASSED] - sendKeys: Keys 'D' sent to object: 'Object Repository/Equipment/EquipmentPurchase/EPO_Header/EPO_Print_Device'

2017-12-01 18:34:05 - [MESSAGE][PASSED] - Keys 'D' sent to object: 'Object Repository/Equipment/EquipmentPurchase/EPO_Header/EPO_Print_Device'

2017-12-01 18:34:05 - [TEST_STEP][PASSED] - click: Object: 'Object Repository/Equipment/EquipmentPurchase/EPO_Header/EPO_Print_Continue' is clicked on

2017-12-01 18:34:05 - [MESSAGE][PASSED] - Object: 'Object Repository/Equipment/EquipmentPurchase/EPO_Header/EPO_Print_Continue' is clicked on

2017-12-01 18:34:05 - [TEST_STEP][PASSED] - delay: Delayed 5 second(s)

2017-12-01 18:34:10 - [MESSAGE][PASSED] - Delayed 5 second(s)

2017-12-01 18:34:10 - [TEST_STEP][PASSED] - click: Object: 'Object Repository/Equipment/EquipmentPurchase/EPO_Header/EPO_Header_EPOtab' is clicked on

2017-12-01 18:34:11 - [MESSAGE][PASSED] - Object: 'Object Repository/Equipment/EquipmentPurchase/EPO_Header/EPO_Header_EPOtab' is clicked on

2017-12-01 18:34:11 - [TEST_STEP][PASSED] - delay: Delayed 2 second(s)

2017-12-01 18:34:13 - [MESSAGE][PASSED] - Delayed 2 second(s)

2017-12-01 18:34:13 - [TEST_STEP][PASSED] - click: Object: 'Object Repository/Equipment/EquipmentPurchase/EPO_Header/EPO_Print_Close' is clicked on

2017-12-01 18:34:13 - [MESSAGE][PASSED] - Object: 'Object Repository/Equipment/EquipmentPurchase/EPO_Header/EPO_Print_Close' is clicked on

2017-12-01 18:34:13 - [TEST_STEP][PASSED] - delay: Delayed 3 second(s)

2017-12-01 18:34:16 - [MESSAGE][PASSED] - Delayed 3 second(s)

2017-12-01 18:34:16 - [TEST_STEP][PASSED] - click: Object: 'Object Repository/Equipment/EquipmentPurchase/EPO_Header/EPO_Header_Action' is clicked on

2017-12-01 18:34:16 - [MESSAGE][PASSED] - Object: 'Object Repository/Equipment/EquipmentPurchase/EPO_Header/EPO_Header_Action' is clicked on

2017-12-01 18:34:16 - [TEST_STEP][PASSED] - click: Object: 'Object Repository/Equipment/EquipmentPurchase/EPO_Header/EPO_Action_Reciept' is clicked on

2017-12-01 18:34:16 - [MESSAGE][PASSED] - Object: 'Object Repository/Equipment/EquipmentPurchase/EPO_Header/EPO_Action_Reciept' is clicked on

2017-12-01 18:34:16 - [TEST_STEP][PASSED] - waitForElementPresent: Object 'Object Repository/Equipment/EquipmentPurchase/EPO_Receipt/EPO_Reciept_Save' is present

2017-12-01 18:34:18 - [MESSAGE][PASSED] - Object 'Object Repository/Equipment/EquipmentPurchase/EPO_Receipt/EPO_Reciept_Save' is present

2017-12-01 18:34:18 - [TEST_STEP][PASSED] - click: Object: 'Object Repository/Equipment/EquipmentPurchase/EPO_Receipt/EPO_Reciept_Save' is clicked on

2017-12-01 18:34:18 - [MESSAGE][PASSED] - Object: 'Object Repository/Equipment/EquipmentPurchase/EPO_Receipt/EPO_Reciept_Save' is clicked on

2017-12-01 18:34:18 - [TEST_STEP][PASSED] - delay: Delayed 3 second(s)

2017-12-01 18:34:21 - [MESSAGE][PASSED] - Delayed 3 second(s)

2017-12-01 18:34:21 - [TEST_STEP][PASSED] - click: Object: 'Object Repository/Equipment/EquipmentPurchase/EPO_Receipt/EPO_Receipt_Action' is clicked on

2017-12-01 18:34:21 - [MESSAGE][PASSED] - Object: 'Object Repository/Equipment/EquipmentPurchase/EPO_Receipt/EPO_Receipt_Action' is clicked on

2017-12-01 18:34:21 - [TEST_STEP][PASSED] - click: Object: 'Object Repository/Equipment/EquipmentPurchase/EPO_Receipt/EPO_Receipt_Action_ReceiptLine' is clicked on

2017-12-01 18:34:21 - [MESSAGE][PASSED] - Object: 'Object Repository/Equipment/EquipmentPurchase/EPO_Receipt/EPO_Receipt_Action_ReceiptLine' is clicked on

2017-12-01 18:34:21 - [TEST_STEP][PASSED] - waitForElementPresent: Object 'Object Repository/Equipment/EquipmentPurchase/EPO_Receipt_Line/EPO_ReceiptLine_New' is present

2017-12-01 18:34:23 - [MESSAGE][PASSED] - Object 'Object Repository/Equipment/EquipmentPurchase/EPO_Receipt_Line/EPO_ReceiptLine_New' is present

2017-12-01 18:34:23 - [TEST_STEP][PASSED] - click: Object: 'Object Repository/Equipment/EquipmentPurchase/EPO_Receipt_Line/EPO_ReceiptLine_New' is clicked on

2017-12-01 18:34:23 - [MESSAGE][PASSED] - Object: 'Object Repository/Equipment/EquipmentPurchase/EPO_Receipt_Line/EPO_ReceiptLine_New' is clicked on

2017-12-01 18:34:23 - [TEST_STEP][PASSED] - waitForElementPresent: Object 'Object Repository/Equipment/EquipmentPurchase/EPO_Receipt_Line/EPO_RecieptLine_Select' is present

2017-12-01 18:34:24 - [MESSAGE][PASSED] - Object 'Object Repository/Equipment/EquipmentPurchase/EPO_Receipt_Line/EPO_RecieptLine_Select' is present

2017-12-01 18:34:24 - [TEST_STEP][PASSED] - click: Object: 'Object Repository/Equipment/EquipmentPurchase/EPO_Receipt_Line/EPO_RecieptLine_Select' is clicked on

2017-12-01 18:34:25 - [MESSAGE][PASSED] - Object: 'Object Repository/Equipment/EquipmentPurchase/EPO_Receipt_Line/EPO_RecieptLine_Select' is clicked on

2017-12-01 18:34:25 - [TEST_STEP][PASSED] - delay: Delayed 3 second(s)

2017-12-01 18:34:28 - [MESSAGE][PASSED] - Delayed 3 second(s)

2017-12-01 18:34:28 - [TEST_STEP][PASSED] - click: Object: 'Object Repository/Equipment/EquipmentPurchase/EPO_Receipt_Line/EPO_ReceiptLine_SavenClose' is clicked on

2017-12-01 18:34:28 - [MESSAGE][PASSED] - Object: 'Object Repository/Equipment/EquipmentPurchase/EPO_Receipt_Line/EPO_ReceiptLine_SavenClose' is clicked on

2017-12-01 18:34:28 - [TEST_STEP][PASSED] - waitForElementPresent: Object 'Object Repository/Equipment/EquipmentPurchase/EPO_Receipt_Line/EPO_RecieptLineAction' is present

2017-12-01 18:34:28 - [MESSAGE][PASSED] - Object 'Object Repository/Equipment/EquipmentPurchase/EPO_Receipt_Line/EPO_RecieptLineAction' is present

2017-12-01 18:34:28 - [TEST_STEP][PASSED] - Statement - G_Unit = com.kms.katalon.core.webui.keyword.WebUiBuiltInKeywords.getText(com.kms.katalon.core.testobject.ObjectRepository.findTestObject(Equipment/EquipmentPurchase/EPO_Receipt/EPO_Reciept_Unit), CONTINUE_ON_FAILURE): Text of object 'Object Repository/Equipment/EquipmentPurchase/EPO_Receipt/EPO_Reciept_Unit' is: 'EQ1402814'

2017-12-01 18:34:28 - [MESSAGE][PASSED] - Text of object 'Object Repository/Equipment/EquipmentPurchase/EPO_Receipt/EPO_Reciept_Unit' is: 'EQ1402814'

2017-12-01 18:34:28 - [TEST_STEP][PASSED] - click: Object: 'Object Repository/Equipment/EquipmentPurchase/EPO_Receipt_Line/EPO_RecieptLineAction' is clicked on

2017-12-01 18:34:29 - [MESSAGE][PASSED] - Object: 'Object Repository/Equipment/EquipmentPurchase/EPO_Receipt_Line/EPO_RecieptLineAction' is clicked on

2017-12-01 18:34:29 - [TEST_STEP][PASSED] - click: Object: 'Object Repository/Equipment/EquipmentPurchase/EPO_Receipt/EPO_Action_Confirm' is clicked on

2017-12-01 18:34:29 - [MESSAGE][PASSED] - Object: 'Object Repository/Equipment/EquipmentPurchase/EPO_Receipt/EPO_Action_Confirm' is clicked on

2017-12-01 18:34:29 - [TEST_STEP][PASSED] - click: Object: 'Object Repository/Equipment/EquipmentPurchase/EPO_Receipt/EPO_Reciept_MeterOK' is clicked on

2017-12-01 18:34:30 - [MESSAGE][PASSED] - Object: 'Object Repository/Equipment/EquipmentPurchase/EPO_Receipt/EPO_Reciept_MeterOK' is clicked on

2017-12-01 18:34:30 - [TEST_STEP][NOT_RUN] - waitForElementPresent: NOT_RUN: waitForElementPresent

2017-12-01 18:34:30 - [MESSAGE][NOT_RUN] - NOT_RUN: waitForElementPresent

2017-12-01 18:34:30 - [TEST_STEP][NOT_RUN] - click: NOT_RUN: click

2017-12-01 18:34:30 - [MESSAGE][NOT_RUN] - NOT_RUN: click

2017-12-01 18:34:30 - [TEST_STEP][NOT_RUN] - setText: NOT_RUN: setText

2017-12-01 18:34:30 - [MESSAGE][NOT_RUN] - NOT_RUN: setText

2017-12-01 18:34:30 - [TEST_STEP][NOT_RUN] - click: NOT_RUN: click

2017-12-01 18:34:30 - [MESSAGE][NOT_RUN] - NOT_RUN: click

2017-12-01 18:34:30 - [TEST_STEP][PASSED] - delay: Delayed 3 second(s)

2017-12-01 18:34:33 - [MESSAGE][PASSED] - Delayed 3 second(s)

2017-12-01 18:34:33 - [TEST_STEP][PASSED] - click: Object: 'Object Repository/Equipment/EquipmentPurchase/EPO_Receipt/EPO_RecieptPrint_ProcessCompleted' is clicked on

2017-12-01 18:34:33 - [MESSAGE][PASSED] - Object: 'Object Repository/Equipment/EquipmentPurchase/EPO_Receipt/EPO_RecieptPrint_ProcessCompleted' is clicked on

2017-12-01 18:34:33 - [TEST_STEP][PASSED] - delay: Delayed 10 second(s)

2017-12-01 18:34:43 - [MESSAGE][PASSED] - Delayed 10 second(s)

2017-12-01 18:34:43 - [MESSAGE][PASSED] - Call Test Case 'Test Cases/Equipment/Base_EquipmentPurchase/Base_EPO_Reciept' successfully

2017-12-01 18:34:43 - [MESSAGE][PASSED] - Call Test Case 'Test Cases/Equipment/Base_EquipmentPurchase/EPO_CreateNrecieve' successfully

2017-12-01 18:34:43 - [TEST_STEP][PASSED] - callTestCase: Call Test Case 'Test Cases/Rental/Base_RentalContract/Base_CreateRentalHeader' successfully

2017-12-01 18:34:43 - [TEST_CASE][PASSED] - Test Cases/Rental/Base_RentalContract/Base_CreateRentalHeader: Test Cases/Rental/Base_RentalContract/Base_CreateRentalHeader

2017-12-01 18:34:43 - [TEST_STEP][PASSED] - callTestCase: Call Test Case 'Test Cases/Common/Base_Common_OpenSession' successfully

2017-12-01 18:34:43 - [TEST_CASE][PASSED] - Test Cases/Common/Base_Common_OpenSession: Test Cases/Common/Base_Common_OpenSession

2017-12-01 18:34:43 - [TEST_STEP][PASSED] - openBrowser: Browser is opened with url: 'http://baan:3Xtend27$13@192.168.20.241:8312/webui/servlet/login'

2017-12-01 18:34:43 - [MESSAGE][WARNING] - A browser is already opened. Closing browser and opening a new one

2017-12-01 18:34:53 - [MESSAGE][PASSED] - Browser is opened with url: 'http://baan:3Xtend27$13@192.168.20.241:8312/webui/servlet/login'

2017-12-01 18:34:53 - [TEST_STEP][PASSED] - waitForPageLoad: Wait for page load successfully

2017-12-01 18:34:53 - [MESSAGE][PASSED] - Wait for page load successfully

2017-12-01 18:34:53 - [TEST_STEP][PASSED] - maximizeWindow: Current window maximized

2017-12-01 18:34:53 - [MESSAGE][PASSED] - Current window maximized

2017-12-01 18:34:53 - [TEST_STEP][PASSED] - click: Object: 'Object Repository/Common/HomePage/HomePage_more' is clicked on

2017-12-01 18:34:56 - [MESSAGE][PASSED] - Object: 'Object Repository/Common/HomePage/HomePage_more' is clicked on

2017-12-01 18:34:56 - [TEST_STEP][PASSED] - click: Object: 'Object Repository/Common/HomePage/HomePage_Option' is clicked on

2017-12-01 18:34:56 - [MESSAGE][PASSED] - Object: 'Object Repository/Common/HomePage/HomePage_Option' is clicked on

2017-12-01 18:34:56 - [TEST_STEP][PASSED] - click: Object: 'Object Repository/Common/HomePage/HomePage_RunProgram_' is clicked on

2017-12-01 18:34:57 - [MESSAGE][PASSED] - Object: 'Object Repository/Common/HomePage/HomePage_RunProgram_' is clicked on

2017-12-01 18:34:57 - [TEST_STEP][PASSED] - sendKeys: Keys 'erext4100s004' sent to object: 'Object Repository/Common/HomePage/HomePage_Session_ID'

2017-12-01 18:34:57 - [MESSAGE][PASSED] - Keys 'erext4100s004' sent to object: 'Object Repository/Common/HomePage/HomePage_Session_ID'

2017-12-01 18:34:57 - [TEST_STEP][PASSED] - click: Object: 'Object Repository/Common/HomePage/HomePage_OkButton' is clicked on

2017-12-01 18:34:57 - [MESSAGE][PASSED] - Object: 'Object Repository/Common/HomePage/HomePage_OkButton' is clicked on

2017-12-01 18:34:57 - [MESSAGE][PASSED] - Call Test Case 'Test Cases/Common/Base_Common_OpenSession' successfully

2017-12-01 18:34:57 - [TEST_STEP][PASSED] - click: Object: 'Object Repository/Rental/RentalHeader/RentalContract.Customer' is clicked on

2017-12-01 18:35:02 - [MESSAGE][PASSED] - Object: 'Object Repository/Rental/RentalHeader/RentalContract.Customer' is clicked on

2017-12-01 18:35:02 - [TEST_STEP][PASSED] - setText: Text 'BP0004776' is set on object 'Object Repository/Rental/RentalHeader/RentalContract.Customer'

2017-12-01 18:35:02 - [MESSAGE][PASSED] - Text 'BP0004776' is set on object 'Object Repository/Rental/RentalHeader/RentalContract.Customer'

2017-12-01 18:35:02 - [TEST_STEP][PASSED] - delay: Delayed 2 second(s)

2017-12-01 18:35:04 - [MESSAGE][PASSED] - Delayed 2 second(s)

2017-12-01 18:35:04 - [TEST_STEP][PASSED] - click: Object: 'Object Repository/Rental/RentalHeader/RentalContract.CustPO' is clicked on

2017-12-01 18:35:04 - [MESSAGE][PASSED] - Object: 'Object Repository/Rental/RentalHeader/RentalContract.CustPO' is clicked on

2017-12-01 18:35:04 - [TEST_STEP][PASSED] - delay: Delayed 3 second(s)

2017-12-01 18:35:07 - [MESSAGE][PASSED] - Delayed 3 second(s)

2017-12-01 18:35:07 - [TEST_STEP][PASSED] - click: Object: 'Object Repository/Rental/RentalHeader/RentalContract.OtherDetailsTab' is clicked on

2017-12-01 18:35:07 - [MESSAGE][PASSED] - Object: 'Object Repository/Rental/RentalHeader/RentalContract.OtherDetailsTab' is clicked on

2017-12-01 18:35:07 - [TEST_STEP][PASSED] - delay: Delayed 2 second(s)

2017-12-01 18:35:09 - [MESSAGE][PASSED] - Delayed 2 second(s)

2017-12-01 18:35:09 - [TEST_STEP][PASSED] - click: Object: 'Object Repository/Rental/RentalHeader/Rental Contract.ModeOfPayment' is clicked on

2017-12-01 18:35:09 - [MESSAGE][PASSED] - Object: 'Object Repository/Rental/RentalHeader/Rental Contract.ModeOfPayment' is clicked on

2017-12-01 18:35:09 - [TEST_STEP][PASSED] - delay: Delayed 2 second(s)

2017-12-01 18:35:11 - [MESSAGE][PASSED] - Delayed 2 second(s)

2017-12-01 18:35:11 - [TEST_STEP][PASSED] - click: Object: 'Object Repository/Rental/RentalHeader/RentalContract.CreditCardoption' is clicked on

2017-12-01 18:35:12 - [MESSAGE][PASSED] - Object: 'Object Repository/Rental/RentalHeader/RentalContract.CreditCardoption' is clicked on

2017-12-01 18:35:12 - [TEST_STEP][PASSED] - delay: Delayed 3 second(s)

2017-12-01 18:35:15 - [MESSAGE][PASSED] - Delayed 3 second(s)

2017-12-01 18:35:15 - [TEST_STEP][PASSED] - click: Object: 'Object Repository/Rental/RentalHeader/RentalContract.GeneralTab' is clicked on

2017-12-01 18:35:15 - [MESSAGE][PASSED] - Object: 'Object Repository/Rental/RentalHeader/RentalContract.GeneralTab' is clicked on

2017-12-01 18:35:15 - [TEST_STEP][PASSED] - delay: Delayed 2 second(s)

2017-12-01 18:35:17 - [MESSAGE][PASSED] - Delayed 2 second(s)

2017-12-01 18:35:17 - [TEST_STEP][PASSED] - click: Object: 'Object Repository/Rental/RentalHeader/RentalContract.Newbuttonline' is clicked on

2017-12-01 18:35:17 - [MESSAGE][PASSED] - Object: 'Object Repository/Rental/RentalHeader/RentalContract.Newbuttonline' is clicked on

2017-12-01 18:35:17 - [TEST_STEP][PASSED] - delay: Delayed 2 second(s)

2017-12-01 18:35:19 - [MESSAGE][PASSED] - Delayed 2 second(s)

2017-12-01 18:35:19 - [TEST_STEP][PASSED] - click: Object: 'Object Repository/Rental/RentalHeader/RentalContract.SetLine' is clicked on

2017-12-01 18:35:19 - [MESSAGE][PASSED] - Object: 'Object Repository/Rental/RentalHeader/RentalContract.SetLine' is clicked on

2017-12-01 18:35:19 - [TEST_STEP][PASSED] - delay: Delayed 2 second(s)

2017-12-01 18:35:21 - [MESSAGE][PASSED] - Delayed 2 second(s)

2017-12-01 18:35:21 - [TEST_STEP][PASSED] - scrollToElement: Scroll to object 'Object Repository/Rental/RentalHeader/RentalContract.Unit' successfully

2017-12-01 18:35:21 - [MESSAGE][PASSED] - Scroll to object 'Object Repository/Rental/RentalHeader/RentalContract.Unit' successfully

2017-12-01 18:35:21 - [TEST_STEP][PASSED] - delay: Delayed 2 second(s)

2017-12-01 18:35:23 - [MESSAGE][PASSED] - Delayed 2 second(s)

2017-12-01 18:35:23 - [TEST_STEP][NOT_RUN] - getText: NOT_RUN: getText

2017-12-01 18:35:23 - [MESSAGE][NOT_RUN] - NOT_RUN: getText

2017-12-01 18:35:23 - [TEST_STEP][PASSED] - click: Object: 'Object Repository/Rental/RentalHeader/RentalContract.Unit' is clicked on

2017-12-01 18:35:24 - [MESSAGE][PASSED] - Object: 'Object Repository/Rental/RentalHeader/RentalContract.Unit' is clicked on

2017-12-01 18:35:24 - [TEST_STEP][PASSED] - delay: Delayed 5 second(s)

2017-12-01 18:35:29 - [MESSAGE][PASSED] - Delayed 5 second(s)

2017-12-01 18:35:29 - [TEST_STEP][PASSED] - setText: Text 'EQ1402814' is set on object 'Object Repository/Rental/RentalHeader/RentalContract.Unit'

2017-12-01 18:35:29 - [MESSAGE][PASSED] - Text 'EQ1402814' is set on object 'Object Repository/Rental/RentalHeader/RentalContract.Unit'

2017-12-01 18:35:29 - [TEST_STEP][PASSED] - delay: Delayed 5 second(s)

2017-12-01 18:35:34 - [MESSAGE][PASSED] - Delayed 5 second(s)

2017-12-01 18:35:34 - [TEST_STEP][PASSED] - scrollToElement: Scroll to object 'Object Repository/Rental/RentalHeader/RentalContract.MultipleInsurence' successfully

2017-12-01 18:35:34 - [MESSAGE][PASSED] - Scroll to object 'Object Repository/Rental/RentalHeader/RentalContract.MultipleInsurence' successfully

2017-12-01 18:35:34 - [TEST_STEP][PASSED] - delay: Delayed 5 second(s)

2017-12-01 18:35:39 - [MESSAGE][PASSED] - Delayed 5 second(s)

2017-12-01 18:35:39 - [TEST_STEP][PASSED] - doubleClick: Object: 'Object Repository/Rental/RentalHeader/RentalContract.MultipleInsurence' is double clicked on

2017-12-01 18:35:39 - [MESSAGE][PASSED] - Object: 'Object Repository/Rental/RentalHeader/RentalContract.MultipleInsurence' is double clicked on

2017-12-01 18:35:39 - [TEST_STEP][PASSED] - delay: Delayed 5 second(s)

2017-12-01 18:35:44 - [MESSAGE][PASSED] - Delayed 5 second(s)

2017-12-01 18:35:44 - [TEST_STEP][PASSED] - click: Object: 'Object Repository/Rental/RentalHeader/RentalContract.MultipleInsurence' is clicked on

2017-12-01 18:35:44 - [MESSAGE][PASSED] - Object: 'Object Repository/Rental/RentalHeader/RentalContract.MultipleInsurence' is clicked on

2017-12-01 18:35:44 - [TEST_STEP][NOT_RUN] - doubleClick: NOT_RUN: doubleClick

2017-12-01 18:35:44 - [MESSAGE][NOT_RUN] - NOT_RUN: doubleClick

2017-12-01 18:35:44 - [TEST_STEP][NOT_RUN] - delay: NOT_RUN: delay

2017-12-01 18:35:44 - [MESSAGE][NOT_RUN] - NOT_RUN: delay

2017-12-01 18:35:44 - [TEST_STEP][PASSED] - click: Object: 'Object Repository/Rental/RentalHeader/RentalContract.MultiInsNO' is clicked on

2017-12-01 18:35:45 - [MESSAGE][PASSED] - Object: 'Object Repository/Rental/RentalHeader/RentalContract.MultiInsNO' is clicked on

2017-12-01 18:35:45 - [TEST_STEP][PASSED] - delay: Delayed 2 second(s)

2017-12-01 18:35:47 - [MESSAGE][PASSED] - Delayed 2 second(s)

2017-12-01 18:35:47 - [TEST_STEP][PASSED] - scrollToElement: Scroll to object 'Object Repository/Rental/RentalHeader/RentalContract.GrossRateline' successfully

2017-12-01 18:35:47 - [MESSAGE][PASSED] - Scroll to object 'Object Repository/Rental/RentalHeader/RentalContract.GrossRateline' successfully

2017-12-01 18:35:47 - [TEST_STEP][NOT_RUN] - delay: NOT_RUN: delay

2017-12-01 18:35:47 - [MESSAGE][NOT_RUN] - NOT_RUN: delay

2017-12-01 18:35:47 - [TEST_STEP][PASSED] - doubleClick: Object: 'Object Repository/Rental/RentalHeader/RentalContract.GrossRateline' is double clicked on

2017-12-01 18:35:47 - [MESSAGE][PASSED] - Object: 'Object Repository/Rental/RentalHeader/RentalContract.GrossRateline' is double clicked on

2017-12-01 18:35:47 - [TEST_STEP][NOT_RUN] - delay: NOT_RUN: delay

2017-12-01 18:35:47 - [MESSAGE][NOT_RUN] - NOT_RUN: delay

2017-12-01 18:35:47 - [TEST_STEP][NOT_RUN] - click: NOT_RUN: click

2017-12-01 18:35:47 - [MESSAGE][NOT_RUN] - NOT_RUN: click

2017-12-01 18:35:47 - [TEST_STEP][PASSED] - delay: Delayed 2 second(s)

2017-12-01 18:35:49 - [MESSAGE][PASSED] - Delayed 2 second(s)

2017-12-01 18:35:49 - [TEST_STEP][PASSED] - sendKeys: Keys '100' sent to object: 'Object Repository/Rental/RentalHeader/RentalContract.GrossRateline'

2017-12-01 18:35:49 - [MESSAGE][PASSED] - Keys '100' sent to object: 'Object Repository/Rental/RentalHeader/RentalContract.GrossRateline'

2017-12-01 18:35:49 - [TEST_STEP][PASSED] - delay: Delayed 2 second(s)

2017-12-01 18:35:51 - [MESSAGE][PASSED] - Delayed 2 second(s)

2017-12-01 18:35:51 - [TEST_STEP][PASSED] - click: Object: 'Object Repository/Rental/RentalHeader/RentalContract.SaveHeader' is clicked on

2017-12-01 18:35:51 - [MESSAGE][PASSED] - Object: 'Object Repository/Rental/RentalHeader/RentalContract.SaveHeader' is clicked on

2017-12-01 18:35:51 - [TEST_STEP][PASSED] - delay: Delayed 5 second(s)

2017-12-01 18:35:56 - [MESSAGE][PASSED] - Delayed 5 second(s)

2017-12-01 18:35:56 - [TEST_STEP][NOT_RUN] - click: NOT_RUN: click

2017-12-01 18:35:56 - [MESSAGE][NOT_RUN] - NOT_RUN: click

2017-12-01 18:35:56 - [TEST_STEP][NOT_RUN] - delay: NOT_RUN: delay

2017-12-01 18:35:56 - [MESSAGE][NOT_RUN] - NOT_RUN: delay

2017-12-01 18:35:56 - [TEST_STEP][NOT_RUN] - click: NOT_RUN: click

2017-12-01 18:35:56 - [MESSAGE][NOT_RUN] - NOT_RUN: click

2017-12-01 18:35:56 - [TEST_STEP][NOT_RUN] - delay: NOT_RUN: delay

2017-12-01 18:35:56 - [MESSAGE][NOT_RUN] - NOT_RUN: delay

2017-12-01 18:35:56 - [TEST_STEP][PASSED] - click: Object: 'Object Repository/Rental/RentalHeader/RentalContract.Action' is clicked on

2017-12-01 18:35:57 - [MESSAGE][PASSED] - Object: 'Object Repository/Rental/RentalHeader/RentalContract.Action' is clicked on

2017-12-01 18:35:57 - [TEST_STEP][PASSED] - delay: Delayed 2 second(s)

2017-12-01 18:35:59 - [MESSAGE][PASSED] - Delayed 2 second(s)

2017-12-01 18:35:59 - [TEST_STEP][PASSED] - click: Object: 'Object Repository/Rental/RentalHeader/RentalContract.Release' is clicked on

2017-12-01 18:35:59 - [MESSAGE][PASSED] - Object: 'Object Repository/Rental/RentalHeader/RentalContract.Release' is clicked on

2017-12-01 18:35:59 - [TEST_STEP][PASSED] - delay: Delayed 10 second(s)

2017-12-01 18:36:09 - [MESSAGE][PASSED] - Delayed 10 second(s)

2017-12-01 18:36:09 - [TEST_STEP][PASSED] - click: Object: 'Object Repository/Rental/RentalHeader/RentalContract.ActionDelivery' is clicked on

2017-12-01 18:36:09 - [MESSAGE][PASSED] - Object: 'Object Repository/Rental/RentalHeader/RentalContract.ActionDelivery' is clicked on

2017-12-01 18:36:09 - [TEST_STEP][PASSED] - delay: Delayed 6 second(s)

2017-12-01 18:36:15 - [MESSAGE][PASSED] - Delayed 6 second(s)

2017-12-01 18:36:15 - [TEST_STEP][PASSED] - click: Object: 'Object Repository/Rental/RentalHeader/RentalContract.ConfirmDelivery' is clicked on

2017-12-01 18:36:15 - [MESSAGE][PASSED] - Object: 'Object Repository/Rental/RentalHeader/RentalContract.ConfirmDelivery' is clicked on

2017-12-01 18:36:15 - [TEST_STEP][PASSED] - delay: Delayed 8 second(s)

2017-12-01 18:36:23 - [MESSAGE][PASSED] - Delayed 8 second(s)

2017-12-01 18:36:23 - [TEST_STEP][NOT_RUN] - waitForElementPresent: NOT_RUN: waitForElementPresent

2017-12-01 18:36:23 - [MESSAGE][NOT_RUN] - NOT_RUN: waitForElementPresent

2017-12-01 18:36:23 - [TEST_STEP][NOT_RUN] - delay: NOT_RUN: delay

2017-12-01 18:36:23 - [MESSAGE][NOT_RUN] - NOT_RUN: delay

2017-12-01 18:36:23 - [TEST_STEP][PASSED] - click: Object: 'Object Repository/Rental/RentalHeader/RentalContract.DeliveryProceed' is clicked on

2017-12-01 18:36:24 - [MESSAGE][PASSED] - Object: 'Object Repository/Rental/RentalHeader/RentalContract.DeliveryProceed' is clicked on

2017-12-01 18:36:24 - [TEST_STEP][PASSED] - delay: Delayed 12 second(s)

2017-12-01 18:36:36 - [MESSAGE][PASSED] - Delayed 12 second(s)

2017-12-01 18:36:36 - [TEST_STEP][NOT_RUN] - waitForElementPresent: NOT_RUN: waitForElementPresent

2017-12-01 18:36:36 - [MESSAGE][NOT_RUN] - NOT_RUN: waitForElementPresent

2017-12-01 18:36:36 - [TEST_STEP][NOT_RUN] - delay: NOT_RUN: delay

2017-12-01 18:36:36 - [MESSAGE][NOT_RUN] - NOT_RUN: delay

2017-12-01 18:36:36 - [TEST_STEP][NOT_RUN] - click: NOT_RUN: click

2017-12-01 18:36:36 - [MESSAGE][NOT_RUN] - NOT_RUN: click

2017-12-01 18:36:36 - [TEST_STEP][NOT_RUN] - delay: NOT_RUN: delay

2017-12-01 18:36:36 - [MESSAGE][NOT_RUN] - NOT_RUN: delay

2017-12-01 18:36:36 - [TEST_STEP][NOT_RUN] - click: NOT_RUN: click

2017-12-01 18:36:36 - [MESSAGE][NOT_RUN] - NOT_RUN: click

2017-12-01 18:36:36 - [TEST_STEP][NOT_RUN] - delay: NOT_RUN: delay

2017-12-01 18:36:36 - [MESSAGE][NOT_RUN] - NOT_RUN: delay

2017-12-01 18:36:36 - [TEST_STEP][NOT_RUN] - click: NOT_RUN: click

2017-12-01 18:36:36 - [MESSAGE][NOT_RUN] - NOT_RUN: click

2017-12-01 18:36:36 - [TEST_STEP][NOT_RUN] - delay: NOT_RUN: delay

2017-12-01 18:36:36 - [MESSAGE][NOT_RUN] - NOT_RUN: delay

2017-12-01 18:36:36 - [TEST_STEP][NOT_RUN] - click: NOT_RUN: click

2017-12-01 18:36:36 - [MESSAGE][NOT_RUN] - NOT_RUN: click

2017-12-01 18:36:36 - [TEST_STEP][NOT_RUN] - delay: NOT_RUN: delay

2017-12-01 18:36:36 - [MESSAGE][NOT_RUN] - NOT_RUN: delay

2017-12-01 18:36:36 - [TEST_STEP][NOT_RUN] - click: NOT_RUN: click

2017-12-01 18:36:36 - [MESSAGE][NOT_RUN] - NOT_RUN: click

2017-12-01 18:36:36 - [MESSAGE][PASSED] - Call Test Case 'Test Cases/Rental/Base_RentalContract/Base_CreateRentalHeader' successfully

2017-12-01 18:36:36 - [TEST_STEP][FAILED] - callTestCase: Unable to call Test Case with id 'Test Cases/Rental/Base_RentalContract/Base_CreateRentalInvoice_CC' (Root cause: Call Test Case 'Test Cases/Rental/Base_RentalContract/Base_CreateRentalInvoice_CC' failed)

2017-12-01 18:36:36 - [TEST_CASE][FAILED] - Test Cases/Rental/Base_RentalContract/Base_CreateRentalInvoice_CC: Test Cases/Rental/Base_RentalContract/Base_CreateRentalInvoice_CC FAILED because (of) Unable to click on object 'Object Repository/Rental/RentalHeader/RentalInvoice/RentalInvoice.Action' (Root cause: com.kms.katalon.core.webui.exception.WebElementNotFoundException: Web element with id: 'Object Repository/Rental/RentalHeader/RentalInvoice/RentalInvoice.Action' located by 'By.xpath: //*[@id = 'erext4505m002-9-button-std:action']' not found)

2017-12-01 18:36:36 - [TEST_STEP][NOT_RUN] - callTestCase: NOT_RUN: callTestCase

2017-12-01 18:36:36 - [MESSAGE][NOT_RUN] - NOT_RUN: callTestCase

2017-12-01 18:36:36 - [TEST_STEP][PASSED] - delay: Delayed 4 second(s)

2017-12-01 18:36:40 - [MESSAGE][PASSED] - Delayed 4 second(s)

2017-12-01 18:36:40 - [TEST_STEP][PASSED] - click: Object: 'Object Repository/Rental/RentalHeader/RentalInvoice/RentalInvoice.InvoicingscheduleTab' is clicked on

2017-12-01 18:36:40 - [MESSAGE][PASSED] - Object: 'Object Repository/Rental/RentalHeader/RentalInvoice/RentalInvoice.InvoicingscheduleTab' is clicked on

2017-12-01 18:36:40 - [TEST_STEP][PASSED] - delay: Delayed 4 second(s)

2017-12-01 18:36:44 - [MESSAGE][PASSED] - Delayed 4 second(s)

2017-12-01 18:36:44 - [TEST_STEP][FAILED] - click: Unable to click on object 'Object Repository/Rental/RentalHeader/RentalInvoice/RentalInvoice.Action' (Root cause: com.kms.katalon.core.webui.exception.WebElementNotFoundException: Web element with id: 'Object Repository/Rental/RentalHeader/RentalInvoice/RentalInvoice.Action' located by 'By.xpath: //*[@id = 'erext4505m002-9-button-std:action']' not found)

2017-12-01 18:37:17 - [MESSAGE][FAILED] - Unable to click on object 'Object Repository/Rental/RentalHeader/RentalInvoice/RentalInvoice.Action' (Root cause: com.kms.katalon.core.webui.exception.WebElementNotFoundException: Web element with id: 'Object Repository/Rental/RentalHeader/RentalInvoice/RentalInvoice.Action' located by 'By.xpath: //*[@id = 'erext4505m002-9-button-std:action']' not found)
[[ATTACHMENT|C:\\Users\\agawhande\\git\\FlaglerCC\\Reports\\Flagler_RentalTestSuite\\20171201_183238\\1512133637559.png]]

2017-12-01 18:37:17 - [MESSAGE][FAILED] - Unable to call Test Case with id 'Test Cases/Rental/Base_RentalContract/Base_CreateRentalInvoice_CC' (Root cause: Call Test Case 'Test Cases/Rental/Base_RentalContract/Base_CreateRentalInvoice_CC' failed)]]></system-out>
         <system-err><![CDATA[2017-12-01 18:32:47 - [TEST_CASE][FAILED] - Test Cases/Rental/Base_RentalContract/CreditCardRegression/TC003_RentalContractInvoice_CC: Test Cases/Rental/Base_RentalContract/CreditCardRegression/TC003_RentalContractInvoice_CC FAILED because (of) Unable to click on object 'Object Repository/Rental/RentalHeader/RentalInvoice/RentalInvoice.Action' (Root cause: com.kms.katalon.core.webui.exception.WebElementNotFoundException: Web element with id: 'Object Repository/Rental/RentalHeader/RentalInvoice/RentalInvoice.Action' located by 'By.xpath: //*[@id = 'erext4505m002-9-button-std:action']' not found)]]></system-err>
      </testcase>
      <system-out><![CDATA[2017-12-01 18:32:46 - [TEST_SUITE][FAILED] - Flagler_RentalTestSuite: Test Cases/Rental/Base_RentalContract/CreditCardRegression/TC003_RentalContractInvoice_CC FAILED because (of) Unable to click on object 'Object Repository/Rental/RentalHeader/RentalInvoice/RentalInvoice.Action' (Root cause: com.kms.katalon.core.webui.exception.WebElementNotFoundException: Web element with id: 'Object Repository/Rental/RentalHeader/RentalInvoice/RentalInvoice.Action' located by 'By.xpath: //*[@id = 'erext4505m002-9-button-std:action']' not found)]]></system-out>
      <system-err><![CDATA[2017-12-01 18:32:46 - [TEST_SUITE][FAILED] - Flagler_RentalTestSuite: Test Cases/Rental/Base_RentalContract/CreditCardRegression/TC003_RentalContractInvoice_CC FAILED because (of) Unable to click on object 'Object Repository/Rental/RentalHeader/RentalInvoice/RentalInvoice.Action' (Root cause: com.kms.katalon.core.webui.exception.WebElementNotFoundException: Web element with id: 'Object Repository/Rental/RentalHeader/RentalInvoice/RentalInvoice.Action' located by 'By.xpath: //*[@id = 'erext4505m002-9-button-std:action']' not found)]]></system-err>
   </testsuite>
</testsuites>
