<?xml version="1.0" encoding="UTF-8"?>
<testsuites name="Flagler_EquipmentTestSuite" time="303" tests="0" failures="1" errors="0">
   <testsuite name="Flagler_EquipmentTestSuite" tests="0" failures="1" errors="0" time="303" timestamp="2017-11-30 17:54:32" hostname="rgajbhiye - EET-RG.e-emphasys.com" id="Test Suites/Flagler_EquipmentTestSuite">
      <properties>
         <property name="deviceName" value=""/>
         <property name="devicePlatform" value=""/>
         <property name="logFolder" value="C:\\Users\\rgajbhiye\\git\\FlaglerCC\\Reports\\Flagler_EquipmentTestSuite\\20171130_175422"/>
         <property name="logFiles" value="C:\\Users\\rgajbhiye\\git\\FlaglerCC\\Reports\\Flagler_EquipmentTestSuite\\20171130_175422\\execution0.log"/>
         <property name="attachments" value="C:\\Users\\rgajbhiye\\git\\FlaglerCC\\Reports\\Flagler_EquipmentTestSuite\\20171130_175422\\1512044943502.png, C:\\Users\\rgajbhiye\\git\\FlaglerCC\\Reports\\Flagler_EquipmentTestSuite\\20171130_175422\\1512044968973.png"/>
         <property name="hostName" value="rgajbhiye - EET-RG.e-emphasys.com"/>
         <property name="os" value="Windows 7 64bit"/>
         <property name="katalonVersion" value="5.0.0.1"/>
         <property name="browser" value="Firefox 43.0"/>
         <property name="hostAddress" value="192.168.25.107"/>
         <property name="sessionId" value="730f2979-99d3-4048-b74c-02c9f09c46cb"/>
         <property name="seleniumVersion" value="2.53.0"/>
         <property name="proxyInformation" value="ProxyInformation{proxyOption=NO_PROXY, proxyServerType=, password=, proxyServerAddress=, proxyServerPort=0}"/>
         <property name="platform" value="Windows 7"/>
      </properties>
      <testcase name="Test Cases/Equipment/CreditCardRegression/TC001_EquipmentSalesAgreement_DiffGateway" classname="Test Cases/Equipment/CreditCardRegression/TC001_EquipmentSalesAgreement_DiffGateway" status="FAILED">
         <failure type="FAILED" message="Unable to send keys 'D' to object 'Object Repository/Equipment/EquipmentSales/EquipmentDelivery/ESO_Delivery_Device' (Root cause: com.kms.katalon.core.webui.exception.WebElementNotFoundException: Web element with id: 'Object Repository/Equipment/EquipmentSales/EquipmentDelivery/ESO_Delivery_Device' located by 'By.xpath: //*[@id = 'ttstpsplopen-11-devc-15-lookup-widget']' not found)"/>
         <system-out><![CDATA[2017-11-30 17:54:33 - [TEST_CASE][FAILED] - Test Cases/Equipment/CreditCardRegression/TC001_EquipmentSalesAgreement_DiffGateway: Test Cases/Equipment/CreditCardRegression/TC001_EquipmentSalesAgreement_DiffGateway FAILED because (of) Unable to send keys 'D' to object 'Object Repository/Equipment/EquipmentSales/EquipmentDelivery/ESO_Delivery_Device' (Root cause: com.kms.katalon.core.webui.exception.WebElementNotFoundException: Web element with id: 'Object Repository/Equipment/EquipmentSales/EquipmentDelivery/ESO_Delivery_Device' located by 'By.xpath: //*[@id = 'ttstpsplopen-11-devc-15-lookup-widget']' not found)

2017-11-30 17:54:34 - [TEST_STEP][PASSED] - callTestCase: Call Test Case 'Test Cases/Equipment/Base_EquipmentPurchase/EPO_CreateNrecieve' successfully

2017-11-30 17:54:34 - [TEST_CASE][PASSED] - Test Cases/Equipment/Base_EquipmentPurchase/EPO_CreateNrecieve: Test Cases/Equipment/Base_EquipmentPurchase/EPO_CreateNrecieve

2017-11-30 17:54:35 - [TEST_STEP][PASSED] - callTestCase: Call Test Case 'Test Cases/Equipment/Base_EquipmentPurchase/Base_EPO_CreateHeaderNline' successfully

2017-11-30 17:54:35 - [TEST_CASE][PASSED] - Test Cases/Equipment/Base_EquipmentPurchase/Base_EPO_CreateHeaderNline: Test Cases/Equipment/Base_EquipmentPurchase/Base_EPO_CreateHeaderNline

2017-11-30 17:54:35 - [TEST_STEP][PASSED] - callTestCase: Call Test Case 'Test Cases/Common/Base_Common_OpenSession' successfully

2017-11-30 17:54:35 - [TEST_CASE][PASSED] - Test Cases/Common/Base_Common_OpenSession: Test Cases/Common/Base_Common_OpenSession

2017-11-30 17:54:35 - [TEST_STEP][PASSED] - openBrowser: Browser is opened with url: 'http://baan:3Xtend27$13@192.168.20.241:8312/webui/servlet/login'

2017-11-30 17:54:56 - [MESSAGE][PASSED] - Browser is opened with url: 'http://baan:3Xtend27$13@192.168.20.241:8312/webui/servlet/login'

2017-11-30 17:54:56 - [TEST_STEP][PASSED] - waitForPageLoad: Wait for page load successfully

2017-11-30 17:54:56 - [MESSAGE][PASSED] - Wait for page load successfully

2017-11-30 17:54:56 - [TEST_STEP][PASSED] - maximizeWindow: Current window maximized

2017-11-30 17:54:56 - [MESSAGE][PASSED] - Current window maximized

2017-11-30 17:54:56 - [TEST_STEP][PASSED] - click: Object: 'Object Repository/Common/HomePage/HomePage_more' is clicked on

2017-11-30 17:55:00 - [MESSAGE][PASSED] - Object: 'Object Repository/Common/HomePage/HomePage_more' is clicked on

2017-11-30 17:55:00 - [TEST_STEP][PASSED] - click: Object: 'Object Repository/Common/HomePage/HomePage_Option' is clicked on

2017-11-30 17:55:00 - [MESSAGE][PASSED] - Object: 'Object Repository/Common/HomePage/HomePage_Option' is clicked on

2017-11-30 17:55:00 - [TEST_STEP][PASSED] - click: Object: 'Object Repository/Common/HomePage/HomePage_RunProgram_' is clicked on

2017-11-30 17:55:00 - [MESSAGE][PASSED] - Object: 'Object Repository/Common/HomePage/HomePage_RunProgram_' is clicked on

2017-11-30 17:55:00 - [TEST_STEP][PASSED] - sendKeys: Keys 'tdext8150s000' sent to object: 'Object Repository/Common/HomePage/HomePage_Session_ID'

2017-11-30 17:55:01 - [MESSAGE][PASSED] - Keys 'tdext8150s000' sent to object: 'Object Repository/Common/HomePage/HomePage_Session_ID'

2017-11-30 17:55:01 - [TEST_STEP][PASSED] - click: Object: 'Object Repository/Common/HomePage/HomePage_OkButton' is clicked on

2017-11-30 17:55:01 - [MESSAGE][PASSED] - Object: 'Object Repository/Common/HomePage/HomePage_OkButton' is clicked on

2017-11-30 17:55:01 - [MESSAGE][PASSED] - Call Test Case 'Test Cases/Common/Base_Common_OpenSession' successfully

2017-11-30 17:55:01 - [TEST_STEP][PASSED] - waitForElementPresent: Object 'Object Repository/Equipment/EquipmentPurchase/EPO_Header/EPO_Header_New' is present

2017-11-30 17:55:03 - [MESSAGE][PASSED] - Object 'Object Repository/Equipment/EquipmentPurchase/EPO_Header/EPO_Header_New' is present

2017-11-30 17:55:03 - [TEST_STEP][PASSED] - click: Object: 'Object Repository/Equipment/EquipmentPurchase/EPO_Header/EPO_Header_New' is clicked on

2017-11-30 17:55:04 - [MESSAGE][PASSED] - Object: 'Object Repository/Equipment/EquipmentPurchase/EPO_Header/EPO_Header_New' is clicked on

2017-11-30 17:55:04 - [TEST_STEP][PASSED] - delay: Delayed 3 second(s)

2017-11-30 17:55:07 - [MESSAGE][PASSED] - Delayed 3 second(s)

2017-11-30 17:55:07 - [TEST_STEP][PASSED] - click: Object: 'Object Repository/Equipment/EquipmentPurchase/EPO_Header/EPO_Header_Customer' is clicked on

2017-11-30 17:55:07 - [MESSAGE][PASSED] - Object: 'Object Repository/Equipment/EquipmentPurchase/EPO_Header/EPO_Header_Customer' is clicked on

2017-11-30 17:55:07 - [TEST_STEP][PASSED] - setText: Text 'BP0009523' is set on object 'Object Repository/Equipment/EquipmentPurchase/EPO_Header/EPO_Header_Customer'

2017-11-30 17:55:07 - [MESSAGE][PASSED] - Text 'BP0009523' is set on object 'Object Repository/Equipment/EquipmentPurchase/EPO_Header/EPO_Header_Customer'

2017-11-30 17:55:07 - [TEST_STEP][PASSED] - click: Object: 'Object Repository/Equipment/EquipmentPurchase/EPO_Header/EPO_Header_Save' is clicked on

2017-11-30 17:55:07 - [MESSAGE][PASSED] - Object: 'Object Repository/Equipment/EquipmentPurchase/EPO_Header/EPO_Header_Save' is clicked on

2017-11-30 17:55:07 - [TEST_STEP][PASSED] - delay: Delayed 5 second(s)

2017-11-30 17:55:12 - [MESSAGE][PASSED] - Delayed 5 second(s)

2017-11-30 17:55:12 - [TEST_STEP][PASSED] - click: Object: 'Object Repository/Equipment/EquipmentPurchase/EPO_Header/EPO_Header_Action' is clicked on

2017-11-30 17:55:12 - [MESSAGE][PASSED] - Object: 'Object Repository/Equipment/EquipmentPurchase/EPO_Header/EPO_Header_Action' is clicked on

2017-11-30 17:55:12 - [TEST_STEP][PASSED] - click: Object: 'Object Repository/Equipment/EquipmentPurchase/EPO_Header/EPO_Header_Action_OrderLines' is clicked on

2017-11-30 17:55:13 - [MESSAGE][PASSED] - Object: 'Object Repository/Equipment/EquipmentPurchase/EPO_Header/EPO_Header_Action_OrderLines' is clicked on

2017-11-30 17:55:13 - [TEST_STEP][PASSED] - waitForElementPresent: Object 'Object Repository/Equipment/EquipmentPurchase/EPO_Line/EPO_MultiLine_New' is present

2017-11-30 17:55:15 - [MESSAGE][PASSED] - Object 'Object Repository/Equipment/EquipmentPurchase/EPO_Line/EPO_MultiLine_New' is present

2017-11-30 17:55:15 - [TEST_STEP][PASSED] - click: Object: 'Object Repository/Equipment/EquipmentPurchase/EPO_Line/EPO_MultiLine_New' is clicked on

2017-11-30 17:55:15 - [MESSAGE][PASSED] - Object: 'Object Repository/Equipment/EquipmentPurchase/EPO_Line/EPO_MultiLine_New' is clicked on

2017-11-30 17:55:15 - [TEST_STEP][PASSED] - waitForElementPresent: Object 'Object Repository/Equipment/EquipmentPurchase/EPO_Line/EPO_Line_Model' is present

2017-11-30 17:55:17 - [MESSAGE][PASSED] - Object 'Object Repository/Equipment/EquipmentPurchase/EPO_Line/EPO_Line_Model' is present

2017-11-30 17:55:17 - [TEST_STEP][PASSED] - doubleClick: Object: 'Object Repository/Equipment/EquipmentPurchase/EPO_Line/EPO_Line_Model' is double clicked on

2017-11-30 17:55:17 - [MESSAGE][PASSED] - Object: 'Object Repository/Equipment/EquipmentPurchase/EPO_Line/EPO_Line_Model' is double clicked on

2017-11-30 17:55:17 - [TEST_STEP][PASSED] - delay: Delayed 2 second(s)

2017-11-30 17:55:19 - [MESSAGE][PASSED] - Delayed 2 second(s)

2017-11-30 17:55:19 - [TEST_STEP][PASSED] - sendKeys: Keys '1042' sent to object: 'Object Repository/Equipment/EquipmentPurchase/EPO_Line/EPO_Line_Model'

2017-11-30 17:55:19 - [MESSAGE][PASSED] - Keys '1042' sent to object: 'Object Repository/Equipment/EquipmentPurchase/EPO_Line/EPO_Line_Model'

2017-11-30 17:55:19 - [TEST_STEP][PASSED] - click: Object: 'Object Repository/Equipment/EquipmentPurchase/EPO_Line/EPO_Line_NeworUsed' is clicked on

2017-11-30 17:55:19 - [MESSAGE][PASSED] - Object: 'Object Repository/Equipment/EquipmentPurchase/EPO_Line/EPO_Line_NeworUsed' is clicked on

2017-11-30 17:55:19 - [TEST_STEP][PASSED] - click: Object: 'Object Repository/Equipment/EquipmentPurchase/EPO_Line/EPO_Line_NewEquipOption' is clicked on

2017-11-30 17:55:20 - [MESSAGE][PASSED] - Object: 'Object Repository/Equipment/EquipmentPurchase/EPO_Line/EPO_Line_NewEquipOption' is clicked on

2017-11-30 17:55:20 - [TEST_STEP][PASSED] - click: Object: 'Object Repository/Equipment/EquipmentPurchase/EPO_Line/EPO_Line_PlannedDate' is clicked on

2017-11-30 17:55:20 - [MESSAGE][PASSED] - Object: 'Object Repository/Equipment/EquipmentPurchase/EPO_Line/EPO_Line_PlannedDate' is clicked on

2017-11-30 17:55:20 - [TEST_STEP][PASSED] - delay: Delayed 2 second(s)

2017-11-30 17:55:22 - [MESSAGE][PASSED] - Delayed 2 second(s)

2017-11-30 17:55:22 - [TEST_STEP][PASSED] - setText: Text '+10' is set on object 'Object Repository/Equipment/EquipmentPurchase/EPO_Line/EPO_Line_PlannedDate'

2017-11-30 17:55:22 - [MESSAGE][PASSED] - Text '+10' is set on object 'Object Repository/Equipment/EquipmentPurchase/EPO_Line/EPO_Line_PlannedDate'

2017-11-30 17:55:22 - [TEST_STEP][PASSED] - delay: Delayed 2 second(s)

2017-11-30 17:55:24 - [MESSAGE][PASSED] - Delayed 2 second(s)

2017-11-30 17:55:24 - [TEST_STEP][PASSED] - click: Object: 'Object Repository/Equipment/EquipmentPurchase/EPO_Line/EPO_Line_Price' is clicked on

2017-11-30 17:55:24 - [MESSAGE][PASSED] - Object: 'Object Repository/Equipment/EquipmentPurchase/EPO_Line/EPO_Line_Price' is clicked on

2017-11-30 17:55:24 - [TEST_STEP][PASSED] - delay: Delayed 2 second(s)

2017-11-30 17:55:26 - [MESSAGE][PASSED] - Delayed 2 second(s)

2017-11-30 17:55:26 - [TEST_STEP][PASSED] - sendKeys: Keys '100' sent to object: 'Object Repository/Equipment/EquipmentPurchase/EPO_Line/EPO_Line_Price'

2017-11-30 17:55:26 - [MESSAGE][PASSED] - Keys '100' sent to object: 'Object Repository/Equipment/EquipmentPurchase/EPO_Line/EPO_Line_Price'

2017-11-30 17:55:26 - [TEST_STEP][PASSED] - delay: Delayed 2 second(s)

2017-11-30 17:55:28 - [MESSAGE][PASSED] - Delayed 2 second(s)

2017-11-30 17:55:28 - [TEST_STEP][PASSED] - click: Object: 'Object Repository/Equipment/EquipmentPurchase/EPO_Line/EPO_Line_Save' is clicked on

2017-11-30 17:55:29 - [MESSAGE][PASSED] - Object: 'Object Repository/Equipment/EquipmentPurchase/EPO_Line/EPO_Line_Save' is clicked on

2017-11-30 17:55:29 - [TEST_STEP][NOT_RUN] - click: NOT_RUN: click

2017-11-30 17:55:29 - [MESSAGE][NOT_RUN] - NOT_RUN: click

2017-11-30 17:55:29 - [TEST_STEP][PASSED] - click: Object: 'Object Repository/Equipment/EquipmentPurchase/EPO_Line/EPO_Line_SaveNclose' is clicked on

2017-11-30 17:55:29 - [MESSAGE][PASSED] - Object: 'Object Repository/Equipment/EquipmentPurchase/EPO_Line/EPO_Line_SaveNclose' is clicked on

2017-11-30 17:55:29 - [TEST_STEP][PASSED] - delay: Delayed 2 second(s)

2017-11-30 17:55:31 - [MESSAGE][PASSED] - Delayed 2 second(s)

2017-11-30 17:55:31 - [TEST_STEP][PASSED] - click: Object: 'Object Repository/Equipment/EquipmentPurchase/EPO_Line/EPO_MultiLine_SavenClose' is clicked on

2017-11-30 17:55:31 - [MESSAGE][PASSED] - Object: 'Object Repository/Equipment/EquipmentPurchase/EPO_Line/EPO_MultiLine_SavenClose' is clicked on

2017-11-30 17:55:31 - [MESSAGE][PASSED] - Call Test Case 'Test Cases/Equipment/Base_EquipmentPurchase/Base_EPO_CreateHeaderNline' successfully

2017-11-30 17:55:31 - [TEST_STEP][PASSED] - callTestCase: Call Test Case 'Test Cases/Equipment/Base_EquipmentPurchase/Base_EPO_Reciept' successfully

2017-11-30 17:55:31 - [TEST_CASE][PASSED] - Test Cases/Equipment/Base_EquipmentPurchase/Base_EPO_Reciept: Test Cases/Equipment/Base_EquipmentPurchase/Base_EPO_Reciept

2017-11-30 17:55:32 - [TEST_STEP][PASSED] - click: Object: 'Object Repository/Equipment/EquipmentPurchase/EPO_Header/EPO_Header_Action' is clicked on

2017-11-30 17:55:32 - [MESSAGE][PASSED] - Object: 'Object Repository/Equipment/EquipmentPurchase/EPO_Header/EPO_Header_Action' is clicked on

2017-11-30 17:55:32 - [TEST_STEP][PASSED] - click: Object: 'Object Repository/Equipment/EquipmentPurchase/EPO_Header/EPO_Header_Action_SendForApproval' is clicked on

2017-11-30 17:55:32 - [MESSAGE][PASSED] - Object: 'Object Repository/Equipment/EquipmentPurchase/EPO_Header/EPO_Header_Action_SendForApproval' is clicked on

2017-11-30 17:55:32 - [TEST_STEP][PASSED] - delay: Delayed 5 second(s)

2017-11-30 17:55:37 - [MESSAGE][PASSED] - Delayed 5 second(s)

2017-11-30 17:55:37 - [TEST_STEP][PASSED] - click: Object: 'Object Repository/Equipment/EquipmentPurchase/EPO_Header/EPO_Header_Action' is clicked on

2017-11-30 17:55:38 - [MESSAGE][PASSED] - Object: 'Object Repository/Equipment/EquipmentPurchase/EPO_Header/EPO_Header_Action' is clicked on

2017-11-30 17:55:38 - [TEST_STEP][PASSED] - click: Object: 'Object Repository/Equipment/EquipmentPurchase/EPO_Header/EPO_Header_Apporve' is clicked on

2017-11-30 17:55:38 - [MESSAGE][PASSED] - Object: 'Object Repository/Equipment/EquipmentPurchase/EPO_Header/EPO_Header_Apporve' is clicked on

2017-11-30 17:55:38 - [TEST_STEP][PASSED] - delay: Delayed 5 second(s)

2017-11-30 17:55:43 - [MESSAGE][PASSED] - Delayed 5 second(s)

2017-11-30 17:55:43 - [TEST_STEP][PASSED] - click: Object: 'Object Repository/Equipment/EquipmentPurchase/EPO_Header/EPO_Header_Print' is clicked on

2017-11-30 17:55:43 - [MESSAGE][PASSED] - Object: 'Object Repository/Equipment/EquipmentPurchase/EPO_Header/EPO_Header_Print' is clicked on

2017-11-30 17:55:43 - [TEST_STEP][PASSED] - click: Object: 'Object Repository/Equipment/EquipmentPurchase/EPO_Header/EPO_Print_FinalPrint' is clicked on

2017-11-30 17:55:44 - [MESSAGE][PASSED] - Object: 'Object Repository/Equipment/EquipmentPurchase/EPO_Header/EPO_Print_FinalPrint' is clicked on

2017-11-30 17:55:44 - [TEST_STEP][PASSED] - click: Object: 'Object Repository/Equipment/EquipmentPurchase/EPO_Header/EPO_Print_PrintOption' is clicked on

2017-11-30 17:55:45 - [MESSAGE][PASSED] - Object: 'Object Repository/Equipment/EquipmentPurchase/EPO_Header/EPO_Print_PrintOption' is clicked on

2017-11-30 17:55:45 - [TEST_STEP][PASSED] - delay: Delayed 10 second(s)

2017-11-30 17:55:55 - [MESSAGE][PASSED] - Delayed 10 second(s)

2017-11-30 17:55:55 - [TEST_STEP][PASSED] - waitForElementVisible: Object 'Object Repository/Equipment/EquipmentPurchase/EPO_Header/EPO_Print_Device' is visible

2017-11-30 17:55:55 - [MESSAGE][PASSED] - Object 'Object Repository/Equipment/EquipmentPurchase/EPO_Header/EPO_Print_Device' is visible

2017-11-30 17:55:55 - [TEST_STEP][PASSED] - doubleClick: Object: 'Object Repository/Equipment/EquipmentPurchase/EPO_Header/EPO_Print_Device' is double clicked on

2017-11-30 17:55:55 - [MESSAGE][PASSED] - Object: 'Object Repository/Equipment/EquipmentPurchase/EPO_Header/EPO_Print_Device' is double clicked on

2017-11-30 17:55:55 - [TEST_STEP][PASSED] - delay: Delayed 2 second(s)

2017-11-30 17:55:57 - [MESSAGE][PASSED] - Delayed 2 second(s)

2017-11-30 17:55:57 - [TEST_STEP][PASSED] - sendKeys: Keys 'D' sent to object: 'Object Repository/Equipment/EquipmentPurchase/EPO_Header/EPO_Print_Device'

2017-11-30 17:55:57 - [MESSAGE][PASSED] - Keys 'D' sent to object: 'Object Repository/Equipment/EquipmentPurchase/EPO_Header/EPO_Print_Device'

2017-11-30 17:55:57 - [TEST_STEP][PASSED] - click: Object: 'Object Repository/Equipment/EquipmentPurchase/EPO_Header/EPO_Print_Continue' is clicked on

2017-11-30 17:55:57 - [MESSAGE][PASSED] - Object: 'Object Repository/Equipment/EquipmentPurchase/EPO_Header/EPO_Print_Continue' is clicked on

2017-11-30 17:55:57 - [TEST_STEP][PASSED] - delay: Delayed 2 second(s)

2017-11-30 17:55:59 - [MESSAGE][PASSED] - Delayed 2 second(s)

2017-11-30 17:55:59 - [TEST_STEP][PASSED] - click: Object: 'Object Repository/Equipment/EquipmentPurchase/EPO_Header/EPO_Header_EPOtab' is clicked on

2017-11-30 17:56:00 - [MESSAGE][PASSED] - Object: 'Object Repository/Equipment/EquipmentPurchase/EPO_Header/EPO_Header_EPOtab' is clicked on

2017-11-30 17:56:00 - [TEST_STEP][PASSED] - click: Object: 'Object Repository/Equipment/EquipmentPurchase/EPO_Header/EPO_Print_Close' is clicked on

2017-11-30 17:56:00 - [MESSAGE][PASSED] - Object: 'Object Repository/Equipment/EquipmentPurchase/EPO_Header/EPO_Print_Close' is clicked on

2017-11-30 17:56:00 - [TEST_STEP][PASSED] - delay: Delayed 3 second(s)

2017-11-30 17:56:03 - [MESSAGE][PASSED] - Delayed 3 second(s)

2017-11-30 17:56:03 - [TEST_STEP][PASSED] - click: Object: 'Object Repository/Equipment/EquipmentPurchase/EPO_Header/EPO_Header_Action' is clicked on

2017-11-30 17:56:03 - [MESSAGE][PASSED] - Object: 'Object Repository/Equipment/EquipmentPurchase/EPO_Header/EPO_Header_Action' is clicked on

2017-11-30 17:56:03 - [TEST_STEP][PASSED] - click: Object: 'Object Repository/Equipment/EquipmentPurchase/EPO_Header/EPO_Action_Reciept' is clicked on

2017-11-30 17:56:04 - [MESSAGE][PASSED] - Object: 'Object Repository/Equipment/EquipmentPurchase/EPO_Header/EPO_Action_Reciept' is clicked on

2017-11-30 17:56:04 - [TEST_STEP][PASSED] - waitForElementPresent: Object 'Object Repository/Equipment/EquipmentPurchase/EPO_Receipt/EPO_Reciept_Save' is present

2017-11-30 17:56:06 - [MESSAGE][PASSED] - Object 'Object Repository/Equipment/EquipmentPurchase/EPO_Receipt/EPO_Reciept_Save' is present

2017-11-30 17:56:06 - [TEST_STEP][PASSED] - click: Object: 'Object Repository/Equipment/EquipmentPurchase/EPO_Receipt/EPO_Reciept_Save' is clicked on

2017-11-30 17:56:06 - [MESSAGE][PASSED] - Object: 'Object Repository/Equipment/EquipmentPurchase/EPO_Receipt/EPO_Reciept_Save' is clicked on

2017-11-30 17:56:06 - [TEST_STEP][PASSED] - delay: Delayed 3 second(s)

2017-11-30 17:56:09 - [MESSAGE][PASSED] - Delayed 3 second(s)

2017-11-30 17:56:09 - [TEST_STEP][PASSED] - click: Object: 'Object Repository/Equipment/EquipmentPurchase/EPO_Receipt/EPO_Receipt_Action' is clicked on

2017-11-30 17:56:09 - [MESSAGE][PASSED] - Object: 'Object Repository/Equipment/EquipmentPurchase/EPO_Receipt/EPO_Receipt_Action' is clicked on

2017-11-30 17:56:09 - [TEST_STEP][PASSED] - click: Object: 'Object Repository/Equipment/EquipmentPurchase/EPO_Receipt/EPO_Receipt_Action_ReceiptLine' is clicked on

2017-11-30 17:56:09 - [MESSAGE][PASSED] - Object: 'Object Repository/Equipment/EquipmentPurchase/EPO_Receipt/EPO_Receipt_Action_ReceiptLine' is clicked on

2017-11-30 17:56:09 - [TEST_STEP][PASSED] - waitForElementPresent: Object 'Object Repository/Equipment/EquipmentPurchase/EPO_Receipt_Line/EPO_ReceiptLine_New' is present

2017-11-30 17:56:11 - [MESSAGE][PASSED] - Object 'Object Repository/Equipment/EquipmentPurchase/EPO_Receipt_Line/EPO_ReceiptLine_New' is present

2017-11-30 17:56:11 - [TEST_STEP][PASSED] - click: Object: 'Object Repository/Equipment/EquipmentPurchase/EPO_Receipt_Line/EPO_ReceiptLine_New' is clicked on

2017-11-30 17:56:11 - [MESSAGE][PASSED] - Object: 'Object Repository/Equipment/EquipmentPurchase/EPO_Receipt_Line/EPO_ReceiptLine_New' is clicked on

2017-11-30 17:56:11 - [TEST_STEP][PASSED] - waitForElementPresent: Object 'Object Repository/Equipment/EquipmentPurchase/EPO_Receipt_Line/EPO_RecieptLine_Select' is present

2017-11-30 17:56:12 - [MESSAGE][PASSED] - Object 'Object Repository/Equipment/EquipmentPurchase/EPO_Receipt_Line/EPO_RecieptLine_Select' is present

2017-11-30 17:56:12 - [TEST_STEP][PASSED] - click: Object: 'Object Repository/Equipment/EquipmentPurchase/EPO_Receipt_Line/EPO_RecieptLine_Select' is clicked on

2017-11-30 17:56:13 - [MESSAGE][PASSED] - Object: 'Object Repository/Equipment/EquipmentPurchase/EPO_Receipt_Line/EPO_RecieptLine_Select' is clicked on

2017-11-30 17:56:13 - [TEST_STEP][PASSED] - delay: Delayed 3 second(s)

2017-11-30 17:56:16 - [MESSAGE][PASSED] - Delayed 3 second(s)

2017-11-30 17:56:16 - [TEST_STEP][PASSED] - click: Object: 'Object Repository/Equipment/EquipmentPurchase/EPO_Receipt_Line/EPO_ReceiptLine_SavenClose' is clicked on

2017-11-30 17:56:16 - [MESSAGE][PASSED] - Object: 'Object Repository/Equipment/EquipmentPurchase/EPO_Receipt_Line/EPO_ReceiptLine_SavenClose' is clicked on

2017-11-30 17:56:16 - [TEST_STEP][PASSED] - waitForElementPresent: Object 'Object Repository/Equipment/EquipmentPurchase/EPO_Receipt_Line/EPO_RecieptLineAction' is present

2017-11-30 17:56:16 - [MESSAGE][PASSED] - Object 'Object Repository/Equipment/EquipmentPurchase/EPO_Receipt_Line/EPO_RecieptLineAction' is present

2017-11-30 17:56:16 - [TEST_STEP][PASSED] - Statement - G_Unit = com.kms.katalon.core.webui.keyword.WebUiBuiltInKeywords.getText(com.kms.katalon.core.testobject.ObjectRepository.findTestObject(Equipment/EquipmentPurchase/EPO_Receipt/EPO_Reciept_Unit), CONTINUE_ON_FAILURE): Text of object 'Object Repository/Equipment/EquipmentPurchase/EPO_Receipt/EPO_Reciept_Unit' is: 'EQ1402787'

2017-11-30 17:56:17 - [MESSAGE][PASSED] - Text of object 'Object Repository/Equipment/EquipmentPurchase/EPO_Receipt/EPO_Reciept_Unit' is: 'EQ1402787'

2017-11-30 17:56:17 - [TEST_STEP][PASSED] - click: Object: 'Object Repository/Equipment/EquipmentPurchase/EPO_Receipt_Line/EPO_RecieptLineAction' is clicked on

2017-11-30 17:56:17 - [MESSAGE][PASSED] - Object: 'Object Repository/Equipment/EquipmentPurchase/EPO_Receipt_Line/EPO_RecieptLineAction' is clicked on

2017-11-30 17:56:17 - [TEST_STEP][PASSED] - click: Object: 'Object Repository/Equipment/EquipmentPurchase/EPO_Receipt/EPO_Action_Confirm' is clicked on

2017-11-30 17:56:18 - [MESSAGE][PASSED] - Object: 'Object Repository/Equipment/EquipmentPurchase/EPO_Receipt/EPO_Action_Confirm' is clicked on

2017-11-30 17:56:18 - [TEST_STEP][PASSED] - click: Object: 'Object Repository/Equipment/EquipmentPurchase/EPO_Receipt/EPO_Reciept_MeterOK' is clicked on

2017-11-30 17:56:18 - [MESSAGE][PASSED] - Object: 'Object Repository/Equipment/EquipmentPurchase/EPO_Receipt/EPO_Reciept_MeterOK' is clicked on

2017-11-30 17:56:18 - [TEST_STEP][NOT_RUN] - waitForElementPresent: NOT_RUN: waitForElementPresent

2017-11-30 17:56:18 - [MESSAGE][NOT_RUN] - NOT_RUN: waitForElementPresent

2017-11-30 17:56:18 - [TEST_STEP][NOT_RUN] - click: NOT_RUN: click

2017-11-30 17:56:18 - [MESSAGE][NOT_RUN] - NOT_RUN: click

2017-11-30 17:56:18 - [TEST_STEP][NOT_RUN] - setText: NOT_RUN: setText

2017-11-30 17:56:18 - [MESSAGE][NOT_RUN] - NOT_RUN: setText

2017-11-30 17:56:18 - [TEST_STEP][NOT_RUN] - click: NOT_RUN: click

2017-11-30 17:56:18 - [MESSAGE][NOT_RUN] - NOT_RUN: click

2017-11-30 17:56:18 - [TEST_STEP][PASSED] - delay: Delayed 3 second(s)

2017-11-30 17:56:21 - [MESSAGE][PASSED] - Delayed 3 second(s)

2017-11-30 17:56:21 - [TEST_STEP][PASSED] - click: Object: 'Object Repository/Equipment/EquipmentPurchase/EPO_Receipt/EPO_RecieptPrint_ProcessCompleted' is clicked on

2017-11-30 17:56:22 - [MESSAGE][PASSED] - Object: 'Object Repository/Equipment/EquipmentPurchase/EPO_Receipt/EPO_RecieptPrint_ProcessCompleted' is clicked on

2017-11-30 17:56:22 - [TEST_STEP][PASSED] - delay: Delayed 10 second(s)

2017-11-30 17:56:32 - [MESSAGE][PASSED] - Delayed 10 second(s)

2017-11-30 17:56:32 - [MESSAGE][PASSED] - Call Test Case 'Test Cases/Equipment/Base_EquipmentPurchase/Base_EPO_Reciept' successfully

2017-11-30 17:56:32 - [MESSAGE][PASSED] - Call Test Case 'Test Cases/Equipment/Base_EquipmentPurchase/EPO_CreateNrecieve' successfully

2017-11-30 17:56:32 - [TEST_STEP][PASSED] - callTestCase: Call Test Case 'Test Cases/Equipment/Base_EquipmentSales/Base_Equipement_CreateHeader' successfully

2017-11-30 17:56:32 - [TEST_CASE][PASSED] - Test Cases/Equipment/Base_EquipmentSales/Base_Equipement_CreateHeader: Test Cases/Equipment/Base_EquipmentSales/Base_Equipement_CreateHeader

2017-11-30 17:56:32 - [TEST_STEP][PASSED] - callTestCase: Call Test Case 'Test Cases/Common/Base_Common_OpenSession' successfully

2017-11-30 17:56:32 - [TEST_CASE][PASSED] - Test Cases/Common/Base_Common_OpenSession: Test Cases/Common/Base_Common_OpenSession

2017-11-30 17:56:32 - [TEST_STEP][PASSED] - openBrowser: Browser is opened with url: 'http://baan:3Xtend27$13@192.168.20.241:8312/webui/servlet/login'

2017-11-30 17:56:32 - [MESSAGE][WARNING] - A browser is already opened. Closing browser and opening a new one

2017-11-30 17:56:48 - [MESSAGE][PASSED] - Browser is opened with url: 'http://baan:3Xtend27$13@192.168.20.241:8312/webui/servlet/login'

2017-11-30 17:56:48 - [TEST_STEP][PASSED] - waitForPageLoad: Wait for page load successfully

2017-11-30 17:56:48 - [MESSAGE][PASSED] - Wait for page load successfully

2017-11-30 17:56:48 - [TEST_STEP][PASSED] - maximizeWindow: Current window maximized

2017-11-30 17:56:48 - [MESSAGE][PASSED] - Current window maximized

2017-11-30 17:56:48 - [TEST_STEP][PASSED] - click: Object: 'Object Repository/Common/HomePage/HomePage_more' is clicked on

2017-11-30 17:56:51 - [MESSAGE][PASSED] - Object: 'Object Repository/Common/HomePage/HomePage_more' is clicked on

2017-11-30 17:56:51 - [TEST_STEP][PASSED] - click: Object: 'Object Repository/Common/HomePage/HomePage_Option' is clicked on

2017-11-30 17:56:51 - [MESSAGE][PASSED] - Object: 'Object Repository/Common/HomePage/HomePage_Option' is clicked on

2017-11-30 17:56:51 - [TEST_STEP][PASSED] - click: Object: 'Object Repository/Common/HomePage/HomePage_RunProgram_' is clicked on

2017-11-30 17:56:51 - [MESSAGE][PASSED] - Object: 'Object Repository/Common/HomePage/HomePage_RunProgram_' is clicked on

2017-11-30 17:56:51 - [TEST_STEP][PASSED] - sendKeys: Keys 'tdext8570m000' sent to object: 'Object Repository/Common/HomePage/HomePage_Session_ID'

2017-11-30 17:56:52 - [MESSAGE][PASSED] - Keys 'tdext8570m000' sent to object: 'Object Repository/Common/HomePage/HomePage_Session_ID'

2017-11-30 17:56:52 - [TEST_STEP][PASSED] - click: Object: 'Object Repository/Common/HomePage/HomePage_OkButton' is clicked on

2017-11-30 17:56:52 - [MESSAGE][PASSED] - Object: 'Object Repository/Common/HomePage/HomePage_OkButton' is clicked on

2017-11-30 17:56:52 - [MESSAGE][PASSED] - Call Test Case 'Test Cases/Common/Base_Common_OpenSession' successfully

2017-11-30 17:56:52 - [TEST_STEP][PASSED] - waitForElementPresent: Object 'Object Repository/Equipment/EquipmentSales/EquipmentSalesAgreementHeader/EquipmentSalesOrder_MMT_New' is present

2017-11-30 17:56:56 - [MESSAGE][PASSED] - Object 'Object Repository/Equipment/EquipmentSales/EquipmentSalesAgreementHeader/EquipmentSalesOrder_MMT_New' is present

2017-11-30 17:56:56 - [TEST_STEP][PASSED] - click: Object: 'Object Repository/Equipment/EquipmentSales/EquipmentSalesAgreementHeader/EquipmentSalesOrder_MMT_New' is clicked on

2017-11-30 17:56:58 - [MESSAGE][PASSED] - Object: 'Object Repository/Equipment/EquipmentSales/EquipmentSalesAgreementHeader/EquipmentSalesOrder_MMT_New' is clicked on

2017-11-30 17:56:58 - [TEST_STEP][PASSED] - setText: Text 'BP0004776' is set on object 'Object Repository/Equipment/EquipmentSales/EquipmentSalesAgreementHeader/EquipmentSalesOrder_Customer'

2017-11-30 17:57:01 - [MESSAGE][PASSED] - Text 'BP0004776' is set on object 'Object Repository/Equipment/EquipmentSales/EquipmentSalesAgreementHeader/EquipmentSalesOrder_Customer'

2017-11-30 17:57:01 - [TEST_STEP][PASSED] - doubleClick: Object: 'Object Repository/Equipment/EquipmentSales/EquipmentSalesAgreementHeader/EquipmentSalesOrder_DeliveryDate' is double clicked on

2017-11-30 17:57:01 - [MESSAGE][PASSED] - Object: 'Object Repository/Equipment/EquipmentSales/EquipmentSalesAgreementHeader/EquipmentSalesOrder_DeliveryDate' is double clicked on

2017-11-30 17:57:01 - [TEST_STEP][PASSED] - delay: Delayed 2 second(s)

2017-11-30 17:57:03 - [MESSAGE][PASSED] - Delayed 2 second(s)

2017-11-30 17:57:03 - [TEST_STEP][PASSED] - sendKeys: Keys '+10' sent to object: 'Object Repository/Equipment/EquipmentSales/EquipmentSalesAgreementHeader/EquipmentSalesOrder_DeliveryDate'

2017-11-30 17:57:03 - [MESSAGE][PASSED] - Keys '+10' sent to object: 'Object Repository/Equipment/EquipmentSales/EquipmentSalesAgreementHeader/EquipmentSalesOrder_DeliveryDate'

2017-11-30 17:57:03 - [TEST_STEP][PASSED] - click: Object: 'Object Repository/Equipment/EquipmentSales/EquipmentSalesAgreementHeader/ESO_Header_Tax' is clicked on

2017-11-30 17:57:03 - [MESSAGE][PASSED] - Object: 'Object Repository/Equipment/EquipmentSales/EquipmentSalesAgreementHeader/ESO_Header_Tax' is clicked on

2017-11-30 17:57:03 - [TEST_STEP][PASSED] - click: Object: 'Object Repository/Equipment/EquipmentSales/EquipmentSalesAgreementHeader/EquipmentSalesOrder_OtherDetailsTab' is clicked on

2017-11-30 17:57:04 - [MESSAGE][PASSED] - Object: 'Object Repository/Equipment/EquipmentSales/EquipmentSalesAgreementHeader/EquipmentSalesOrder_OtherDetailsTab' is clicked on

2017-11-30 17:57:04 - [TEST_STEP][PASSED] - delay: Delayed 3 second(s)

2017-11-30 17:57:07 - [MESSAGE][PASSED] - Delayed 3 second(s)

2017-11-30 17:57:07 - [TEST_STEP][PASSED] - click: Object: 'Object Repository/Equipment/EquipmentSales/EquipmentSalesAgreementHeader/EquipmentSalesOrder_PaymentMethod' is clicked on

2017-11-30 17:57:09 - [MESSAGE][PASSED] - Object: 'Object Repository/Equipment/EquipmentSales/EquipmentSalesAgreementHeader/EquipmentSalesOrder_PaymentMethod' is clicked on

2017-11-30 17:57:09 - [TEST_STEP][PASSED] - click: Object: 'Object Repository/Equipment/EquipmentSales/EquipmentSalesAgreementHeader/EquimentSalesOrder_CreditCardOption' is clicked on

2017-11-30 17:57:10 - [MESSAGE][PASSED] - Object: 'Object Repository/Equipment/EquipmentSales/EquipmentSalesAgreementHeader/EquimentSalesOrder_CreditCardOption' is clicked on

2017-11-30 17:57:10 - [TEST_STEP][PASSED] - click: Object: 'Object Repository/Equipment/EquipmentSales/EquipmentSalesAgreementHeader/EquipmentSaleOrder_Save' is clicked on

2017-11-30 17:57:12 - [MESSAGE][PASSED] - Object: 'Object Repository/Equipment/EquipmentSales/EquipmentSalesAgreementHeader/EquipmentSaleOrder_Save' is clicked on

2017-11-30 17:57:12 - [TEST_STEP][PASSED] - click: Object: 'Object Repository/Equipment/EquipmentSales/EquipmentSalesAgreementHeader/EquipmentSalesOrder_DetailsTab' is clicked on

2017-11-30 17:57:12 - [MESSAGE][PASSED] - Object: 'Object Repository/Equipment/EquipmentSales/EquipmentSalesAgreementHeader/EquipmentSalesOrder_DetailsTab' is clicked on

2017-11-30 17:57:12 - [TEST_STEP][PASSED] - delay: Delayed 5 second(s)

2017-11-30 17:57:17 - [MESSAGE][PASSED] - Delayed 5 second(s)

2017-11-30 17:57:17 - [TEST_STEP][PASSED] - Statement - G_Part_PSO = com.kms.katalon.core.webui.keyword.WebUiBuiltInKeywords.getAttribute(com.kms.katalon.core.testobject.ObjectRepository.findTestObject(Equipment/EquipmentSales/EquipmentSalesAgreementHeader/EquipmentSaleOrder_OrderNo), "value"): Attribute 'value' of object 'Object Repository/Equipment/EquipmentSales/EquipmentSalesAgreementHeader/EquipmentSaleOrder_OrderNo' is: 'ESA000754'

2017-11-30 17:57:17 - [MESSAGE][PASSED] - Attribute 'value' of object 'Object Repository/Equipment/EquipmentSales/EquipmentSalesAgreementHeader/EquipmentSaleOrder_OrderNo' is: 'ESA000754'

2017-11-30 17:57:17 - [MESSAGE][PASSED] - Call Test Case 'Test Cases/Equipment/Base_EquipmentSales/Base_Equipement_CreateHeader' successfully

2017-11-30 17:57:17 - [TEST_STEP][PASSED] - callTestCase: Call Test Case 'Test Cases/Equipment/Base_EquipmentSales/Base_EquipmentSalesAddLine' successfully

2017-11-30 17:57:18 - [TEST_CASE][PASSED] - Test Cases/Equipment/Base_EquipmentSales/Base_EquipmentSalesAddLine: Test Cases/Equipment/Base_EquipmentSales/Base_EquipmentSalesAddLine

2017-11-30 17:57:18 - [TEST_STEP][PASSED] - click: Object: 'Object Repository/Equipment/EquipmentSales/EquipmentSalesAgreementHeader/EquipSalesOrder_Action' is clicked on

2017-11-30 17:57:18 - [MESSAGE][PASSED] - Object: 'Object Repository/Equipment/EquipmentSales/EquipmentSalesAgreementHeader/EquipSalesOrder_Action' is clicked on

2017-11-30 17:57:18 - [TEST_STEP][PASSED] - click: Object: 'Object Repository/Equipment/EquipmentSales/EquipmentSalesAgreementHeader/EquipSalesOrder_SalesOrderLine' is clicked on

2017-11-30 17:57:18 - [MESSAGE][PASSED] - Object: 'Object Repository/Equipment/EquipmentSales/EquipmentSalesAgreementHeader/EquipSalesOrder_SalesOrderLine' is clicked on

2017-11-30 17:57:18 - [TEST_STEP][PASSED] - waitForElementPresent: Object 'Object Repository/Equipment/EquipmentSales/EquipSalesOrderLines/EquipSaleOrderLine_New' is present

2017-11-30 17:57:21 - [MESSAGE][PASSED] - Object 'Object Repository/Equipment/EquipmentSales/EquipSalesOrderLines/EquipSaleOrderLine_New' is present

2017-11-30 17:57:21 - [TEST_STEP][PASSED] - click: Object: 'Object Repository/Equipment/EquipmentSales/EquipSalesOrderLines/EquipSaleOrderLine_New' is clicked on

2017-11-30 17:57:21 - [MESSAGE][PASSED] - Object: 'Object Repository/Equipment/EquipmentSales/EquipSalesOrderLines/EquipSaleOrderLine_New' is clicked on

2017-11-30 17:57:21 - [TEST_STEP][PASSED] - waitForElementPresent: Object 'Object Repository/Equipment/EquipmentSales/EquipSalesOrderLines/EquipSalesOrder_Model' is present

2017-11-30 17:57:23 - [MESSAGE][PASSED] - Object 'Object Repository/Equipment/EquipmentSales/EquipSalesOrderLines/EquipSalesOrder_Model' is present

2017-11-30 17:57:23 - [TEST_STEP][PASSED] - doubleClick: Object: 'Object Repository/Equipment/EquipmentSales/EquipSalesOrderLines/EquipSalesOrder_Model' is double clicked on

2017-11-30 17:57:23 - [MESSAGE][PASSED] - Object: 'Object Repository/Equipment/EquipmentSales/EquipSalesOrderLines/EquipSalesOrder_Model' is double clicked on

2017-11-30 17:57:23 - [TEST_STEP][PASSED] - delay: Delayed 2 second(s)

2017-11-30 17:57:25 - [MESSAGE][PASSED] - Delayed 2 second(s)

2017-11-30 17:57:25 - [TEST_STEP][PASSED] - sendKeys: Keys '1042' sent to object: 'Object Repository/Equipment/EquipmentSales/EquipSalesOrderLines/EquipSalesOrder_Model'

2017-11-30 17:57:25 - [MESSAGE][PASSED] - Keys '1042' sent to object: 'Object Repository/Equipment/EquipmentSales/EquipSalesOrderLines/EquipSalesOrder_Model'

2017-11-30 17:57:25 - [TEST_STEP][PASSED] - doubleClick: Object: 'Object Repository/Equipment/EquipmentSales/EquipSalesOrderLines/ESO_Line_Unit' is double clicked on

2017-11-30 17:57:26 - [MESSAGE][PASSED] - Object: 'Object Repository/Equipment/EquipmentSales/EquipSalesOrderLines/ESO_Line_Unit' is double clicked on

2017-11-30 17:57:26 - [TEST_STEP][PASSED] - delay: Delayed 2 second(s)

2017-11-30 17:57:27 - [MESSAGE][PASSED] - Delayed 2 second(s)

2017-11-30 17:57:27 - [TEST_STEP][PASSED] - sendKeys: Keys 'EQ1402787' sent to object: 'Object Repository/Equipment/EquipmentSales/EquipSalesOrderLines/ESO_Line_Unit'

2017-11-30 17:57:28 - [MESSAGE][PASSED] - Keys 'EQ1402787' sent to object: 'Object Repository/Equipment/EquipmentSales/EquipSalesOrderLines/ESO_Line_Unit'

2017-11-30 17:57:28 - [TEST_STEP][PASSED] - doubleClick: Object: 'Object Repository/Equipment/EquipmentSales/EquipSalesOrderLines/EquipSalesOrder_Price' is double clicked on

2017-11-30 17:57:28 - [MESSAGE][PASSED] - Object: 'Object Repository/Equipment/EquipmentSales/EquipSalesOrderLines/EquipSalesOrder_Price' is double clicked on

2017-11-30 17:57:28 - [TEST_STEP][PASSED] - delay: Delayed 2 second(s)

2017-11-30 17:57:30 - [MESSAGE][PASSED] - Delayed 2 second(s)

2017-11-30 17:57:30 - [TEST_STEP][PASSED] - setText: Text '10' is set on object 'Object Repository/Equipment/EquipmentSales/EquipSalesOrderLines/EquipSalesOrder_Price'

2017-11-30 17:57:30 - [MESSAGE][PASSED] - Text '10' is set on object 'Object Repository/Equipment/EquipmentSales/EquipSalesOrderLines/EquipSalesOrder_Price'

2017-11-30 17:57:30 - [TEST_STEP][PASSED] - click: Object: 'Object Repository/Equipment/EquipmentSales/EquipSalesOrderLines/EquipSaleOrder_Save' is clicked on

2017-11-30 17:57:30 - [MESSAGE][PASSED] - Object: 'Object Repository/Equipment/EquipmentSales/EquipSalesOrderLines/EquipSaleOrder_Save' is clicked on

2017-11-30 17:57:30 - [TEST_STEP][NOT_RUN] - waitForElementPresent: NOT_RUN: waitForElementPresent

2017-11-30 17:57:30 - [MESSAGE][NOT_RUN] - NOT_RUN: waitForElementPresent

2017-11-30 17:57:30 - [TEST_STEP][NOT_RUN] - click: NOT_RUN: click

2017-11-30 17:57:30 - [MESSAGE][NOT_RUN] - NOT_RUN: click

2017-11-30 17:57:30 - [TEST_STEP][NOT_RUN] - click: NOT_RUN: click

2017-11-30 17:57:30 - [MESSAGE][NOT_RUN] - NOT_RUN: click

2017-11-30 17:57:30 - [TEST_STEP][PASSED] - delay: Delayed 2 second(s)

2017-11-30 17:57:32 - [MESSAGE][PASSED] - Delayed 2 second(s)

2017-11-30 17:57:32 - [TEST_STEP][PASSED] - click: Object: 'Object Repository/Equipment/EquipmentSales/EquipSalesOrderLines/EquipSaleOrder_SavenClose' is clicked on

2017-11-30 17:57:33 - [MESSAGE][PASSED] - Object: 'Object Repository/Equipment/EquipmentSales/EquipSalesOrderLines/EquipSaleOrder_SavenClose' is clicked on

2017-11-30 17:57:33 - [TEST_STEP][PASSED] - delay: Delayed 2 second(s)

2017-11-30 17:57:35 - [MESSAGE][PASSED] - Delayed 2 second(s)

2017-11-30 17:57:35 - [TEST_STEP][PASSED] - click: Object: 'Object Repository/Equipment/EquipmentSales/EquipmentSalesAgreementHeader/EquipSalesOrder_MMTsavenClose' is clicked on

2017-11-30 17:57:35 - [MESSAGE][PASSED] - Object: 'Object Repository/Equipment/EquipmentSales/EquipmentSalesAgreementHeader/EquipSalesOrder_MMTsavenClose' is clicked on

2017-11-30 17:57:35 - [MESSAGE][PASSED] - Call Test Case 'Test Cases/Equipment/Base_EquipmentSales/Base_EquipmentSalesAddLine' successfully

2017-11-30 17:57:35 - [TEST_STEP][FAILED] - callTestCase: Unable to call Test Case with id 'Test Cases/Equipment/Base_EquipmentSales/Base_EquipSaleOrderProcessing' (Root cause: Call Test Case 'Test Cases/Equipment/Base_EquipmentSales/Base_EquipSaleOrderProcessing' failed)

2017-11-30 17:57:35 - [TEST_CASE][FAILED] - Test Cases/Equipment/Base_EquipmentSales/Base_EquipSaleOrderProcessing: Test Cases/Equipment/Base_EquipmentSales/Base_EquipSaleOrderProcessing FAILED because (of) Unable to send keys 'D' to object 'Object Repository/Equipment/EquipmentSales/EquipmentDelivery/ESO_Delivery_Device' (Root cause: com.kms.katalon.core.webui.exception.WebElementNotFoundException: Web element with id: 'Object Repository/Equipment/EquipmentSales/EquipmentDelivery/ESO_Delivery_Device' located by 'By.xpath: //*[@id = 'ttstpsplopen-11-devc-15-lookup-widget']' not found)

2017-11-30 17:57:35 - [TEST_STEP][PASSED] - click: Object: 'Object Repository/Equipment/EquipmentSales/EquipmentSalesAgreementHeader/EquipSalesOrder_Action' is clicked on

2017-11-30 17:57:36 - [MESSAGE][PASSED] - Object: 'Object Repository/Equipment/EquipmentSales/EquipmentSalesAgreementHeader/EquipSalesOrder_Action' is clicked on

2017-11-30 17:57:36 - [TEST_STEP][PASSED] - delay: Delayed 2 second(s)

2017-11-30 17:57:38 - [MESSAGE][PASSED] - Delayed 2 second(s)

2017-11-30 17:57:38 - [TEST_STEP][PASSED] - click: Object: 'Object Repository/Equipment/EquipmentSales/EquipSalesOrder_Process/EquipSalesOrder_SendForApproval' is clicked on

2017-11-30 17:57:38 - [MESSAGE][PASSED] - Object: 'Object Repository/Equipment/EquipmentSales/EquipSalesOrder_Process/EquipSalesOrder_SendForApproval' is clicked on

2017-11-30 17:57:38 - [TEST_STEP][PASSED] - delay: Delayed 2 second(s)

2017-11-30 17:57:40 - [MESSAGE][PASSED] - Delayed 2 second(s)

2017-11-30 17:57:40 - [TEST_STEP][PASSED] - verifyElementText: Actual text and expected text of test object 'Object Repository/Equipment/EquipmentSales/EquipSalesOrder_Process/EquipSalesOrder_Status' are matched.

2017-11-30 17:57:40 - [MESSAGE][PASSED] - Actual text and expected text of test object 'Object Repository/Equipment/EquipmentSales/EquipSalesOrder_Process/EquipSalesOrder_Status' are matched.

2017-11-30 17:57:40 - [TEST_STEP][PASSED] - click: Object: 'Object Repository/Equipment/EquipmentSales/EquipmentSalesAgreementHeader/EquipSalesOrder_Action' is clicked on

2017-11-30 17:57:40 - [MESSAGE][PASSED] - Object: 'Object Repository/Equipment/EquipmentSales/EquipmentSalesAgreementHeader/EquipSalesOrder_Action' is clicked on

2017-11-30 17:57:40 - [TEST_STEP][PASSED] - delay: Delayed 2 second(s)

2017-11-30 17:57:42 - [MESSAGE][PASSED] - Delayed 2 second(s)

2017-11-30 17:57:42 - [TEST_STEP][PASSED] - click: Object: 'Object Repository/Equipment/EquipmentSales/EquipSalesOrder_Process/EquipSalesOrder_Action_Approve' is clicked on

2017-11-30 17:57:42 - [MESSAGE][PASSED] - Object: 'Object Repository/Equipment/EquipmentSales/EquipSalesOrder_Process/EquipSalesOrder_Action_Approve' is clicked on

2017-11-30 17:57:42 - [TEST_STEP][PASSED] - delay: Delayed 2 second(s)

2017-11-30 17:57:44 - [MESSAGE][PASSED] - Delayed 2 second(s)

2017-11-30 17:57:44 - [TEST_STEP][PASSED] - click: Object: 'Object Repository/Equipment/EquipmentSales/EquipmentSalesAgreementHeader/EquipSalesOrder_Action' is clicked on

2017-11-30 17:57:45 - [MESSAGE][PASSED] - Object: 'Object Repository/Equipment/EquipmentSales/EquipmentSalesAgreementHeader/EquipSalesOrder_Action' is clicked on

2017-11-30 17:57:45 - [TEST_STEP][PASSED] - delay: Delayed 2 second(s)

2017-11-30 17:57:47 - [MESSAGE][PASSED] - Delayed 2 second(s)

2017-11-30 17:57:47 - [TEST_STEP][PASSED] - verifyElementText: Actual text and expected text of test object 'Object Repository/Equipment/EquipmentSales/EquipSalesOrder_Process/EquipSalesOrder_Status' are matched.

2017-11-30 17:57:47 - [MESSAGE][PASSED] - Actual text and expected text of test object 'Object Repository/Equipment/EquipmentSales/EquipSalesOrder_Process/EquipSalesOrder_Status' are matched.

2017-11-30 17:57:47 - [TEST_STEP][PASSED] - delay: Delayed 2 second(s)

2017-11-30 17:57:49 - [MESSAGE][PASSED] - Delayed 2 second(s)

2017-11-30 17:57:49 - [TEST_STEP][PASSED] - click: Object: 'Object Repository/Equipment/EquipmentSales/EquipmentSalesAgreementHeader/ESO_Header_Print' is clicked on

2017-11-30 17:57:49 - [MESSAGE][PASSED] - Object: 'Object Repository/Equipment/EquipmentSales/EquipmentSalesAgreementHeader/ESO_Header_Print' is clicked on

2017-11-30 17:57:49 - [TEST_STEP][PASSED] - delay: Delayed 2 second(s)

2017-11-30 17:57:51 - [MESSAGE][PASSED] - Delayed 2 second(s)

2017-11-30 17:57:51 - [TEST_STEP][PASSED] - click: Object: 'Object Repository/Equipment/EquipmentSales/EquipmentSalesAgreementHeader/ESO_Header_Print_FinalPrint' is clicked on

2017-11-30 17:57:51 - [MESSAGE][PASSED] - Object: 'Object Repository/Equipment/EquipmentSales/EquipmentSalesAgreementHeader/ESO_Header_Print_FinalPrint' is clicked on

2017-11-30 17:57:51 - [TEST_STEP][PASSED] - delay: Delayed 2 second(s)

2017-11-30 17:57:53 - [MESSAGE][PASSED] - Delayed 2 second(s)

2017-11-30 17:57:53 - [TEST_STEP][PASSED] - click: Object: 'Object Repository/Equipment/EquipmentSales/EquipmentSalesAgreementHeader/ESO_Header_Print_Print' is clicked on

2017-11-30 17:57:53 - [MESSAGE][PASSED] - Object: 'Object Repository/Equipment/EquipmentSales/EquipmentSalesAgreementHeader/ESO_Header_Print_Print' is clicked on

2017-11-30 17:57:53 - [TEST_STEP][PASSED] - click: Object: 'Object Repository/Equipment/EquipmentSales/EquipmentSalesAgreementHeader/ESO_Header_Print_ESOOK' is clicked on

2017-11-30 17:57:54 - [MESSAGE][PASSED] - Object: 'Object Repository/Equipment/EquipmentSales/EquipmentSalesAgreementHeader/ESO_Header_Print_ESOOK' is clicked on

2017-11-30 17:57:54 - [TEST_STEP][PASSED] - delay: Delayed 2 second(s)

2017-11-30 17:57:56 - [MESSAGE][PASSED] - Delayed 2 second(s)

2017-11-30 17:57:56 - [TEST_STEP][PASSED] - click: Object: 'Object Repository/Equipment/EquipmentSales/EquipmentSalesAgreementHeader/ESO_Print_Device' is clicked on

2017-11-30 17:57:58 - [MESSAGE][PASSED] - Object: 'Object Repository/Equipment/EquipmentSales/EquipmentSalesAgreementHeader/ESO_Print_Device' is clicked on

2017-11-30 17:57:58 - [TEST_STEP][PASSED] - delay: Delayed 2 second(s)

2017-11-30 17:58:00 - [MESSAGE][PASSED] - Delayed 2 second(s)

2017-11-30 17:58:00 - [TEST_STEP][PASSED] - setText: Text 'D' is set on object 'Object Repository/Equipment/EquipmentSales/EquipmentSalesAgreementHeader/ESO_Print_Device'

2017-11-30 17:58:00 - [MESSAGE][PASSED] - Text 'D' is set on object 'Object Repository/Equipment/EquipmentSales/EquipmentSalesAgreementHeader/ESO_Print_Device'

2017-11-30 17:58:00 - [TEST_STEP][PASSED] - click: Object: 'Object Repository/Equipment/EquipmentSales/EquipmentSalesAgreementHeader/ESO_Header_Print_Continue' is clicked on

2017-11-30 17:58:00 - [MESSAGE][PASSED] - Object: 'Object Repository/Equipment/EquipmentSales/EquipmentSalesAgreementHeader/ESO_Header_Print_Continue' is clicked on

2017-11-30 17:58:00 - [TEST_STEP][PASSED] - delay: Delayed 3 second(s)

2017-11-30 17:58:03 - [MESSAGE][PASSED] - Delayed 3 second(s)

2017-11-30 17:58:03 - [TEST_STEP][PASSED] - click: Object: 'Object Repository/Equipment/EquipmentSales/EquipmentSalesAgreementHeader/ESO_Tab' is clicked on

2017-11-30 17:58:04 - [MESSAGE][PASSED] - Object: 'Object Repository/Equipment/EquipmentSales/EquipmentSalesAgreementHeader/ESO_Tab' is clicked on

2017-11-30 17:58:04 - [TEST_STEP][PASSED] - click: Object: 'Object Repository/Equipment/EquipmentSales/EquipmentSalesAgreementHeader/ESO_Print_Close' is clicked on

2017-11-30 17:58:04 - [MESSAGE][PASSED] - Object: 'Object Repository/Equipment/EquipmentSales/EquipmentSalesAgreementHeader/ESO_Print_Close' is clicked on

2017-11-30 17:58:04 - [TEST_STEP][PASSED] - delay: Delayed 3 second(s)

2017-11-30 17:58:07 - [MESSAGE][PASSED] - Delayed 3 second(s)

2017-11-30 17:58:07 - [TEST_STEP][PASSED] - click: Object: 'Object Repository/Equipment/EquipmentSales/EquipmentSalesAgreementHeader/EquipSalesOrder_Action' is clicked on

2017-11-30 17:58:07 - [MESSAGE][PASSED] - Object: 'Object Repository/Equipment/EquipmentSales/EquipmentSalesAgreementHeader/EquipSalesOrder_Action' is clicked on

2017-11-30 17:58:07 - [TEST_STEP][PASSED] - click: Object: 'Object Repository/Equipment/EquipmentSales/EquipmentSalesAgreementHeader/ESO_Header_Action_EquipmentDelivery' is clicked on

2017-11-30 17:58:07 - [MESSAGE][PASSED] - Object: 'Object Repository/Equipment/EquipmentSales/EquipmentSalesAgreementHeader/ESO_Header_Action_EquipmentDelivery' is clicked on

2017-11-30 17:58:07 - [TEST_STEP][PASSED] - waitForElementPresent: Object 'Object Repository/Equipment/EquipmentSales/EquipmentDelivery/ESO_Delivery_Agreement' is present

2017-11-30 17:58:09 - [MESSAGE][PASSED] - Object 'Object Repository/Equipment/EquipmentSales/EquipmentDelivery/ESO_Delivery_Agreement' is present

2017-11-30 17:58:09 - [TEST_STEP][PASSED] - doubleClick: Object: 'Object Repository/Equipment/EquipmentSales/EquipmentDelivery/ESO_Delivery_Agreement' is double clicked on

2017-11-30 17:58:10 - [MESSAGE][PASSED] - Object: 'Object Repository/Equipment/EquipmentSales/EquipmentDelivery/ESO_Delivery_Agreement' is double clicked on

2017-11-30 17:58:10 - [TEST_STEP][PASSED] - click: Object: 'Object Repository/Equipment/EquipmentSales/EquipmentDelivery/ESO_Delivery_Save' is clicked on

2017-11-30 17:58:10 - [MESSAGE][PASSED] - Object: 'Object Repository/Equipment/EquipmentSales/EquipmentDelivery/ESO_Delivery_Save' is clicked on

2017-11-30 17:58:10 - [TEST_STEP][PASSED] - delay: Delayed 3 second(s)

2017-11-30 17:58:13 - [MESSAGE][PASSED] - Delayed 3 second(s)

2017-11-30 17:58:13 - [TEST_STEP][PASSED] - click: Object: 'Object Repository/Equipment/EquipmentSales/EquipmentDelivery/ESO_Delivery_Action' is clicked on

2017-11-30 17:58:13 - [MESSAGE][PASSED] - Object: 'Object Repository/Equipment/EquipmentSales/EquipmentDelivery/ESO_Delivery_Action' is clicked on

2017-11-30 17:58:13 - [TEST_STEP][PASSED] - click: Object: 'Object Repository/Equipment/EquipmentSales/EquipmentDelivery/ESO_Delivery_Action_Line' is clicked on

2017-11-30 17:58:13 - [MESSAGE][PASSED] - Object: 'Object Repository/Equipment/EquipmentSales/EquipmentDelivery/ESO_Delivery_Action_Line' is clicked on

2017-11-30 17:58:13 - [TEST_STEP][PASSED] - waitForElementPresent: Object 'Object Repository/Equipment/EquipmentSales/EquipmentDelivery/ESO_DeliveryLine_New' is present

2017-11-30 17:58:15 - [MESSAGE][PASSED] - Object 'Object Repository/Equipment/EquipmentSales/EquipmentDelivery/ESO_DeliveryLine_New' is present

2017-11-30 17:58:15 - [TEST_STEP][PASSED] - click: Object: 'Object Repository/Equipment/EquipmentSales/EquipmentDelivery/ESO_DeliveryLine_New' is clicked on

2017-11-30 17:58:15 - [MESSAGE][PASSED] - Object: 'Object Repository/Equipment/EquipmentSales/EquipmentDelivery/ESO_DeliveryLine_New' is clicked on

2017-11-30 17:58:15 - [TEST_STEP][PASSED] - delay: Delayed 2 second(s)

2017-11-30 17:58:17 - [MESSAGE][PASSED] - Delayed 2 second(s)

2017-11-30 17:58:17 - [TEST_STEP][PASSED] - click: Object: 'Object Repository/Equipment/EquipmentSales/EquipmentDelivery/ESO_DeliveryLine_SelectLine' is clicked on

2017-11-30 17:58:17 - [MESSAGE][PASSED] - Object: 'Object Repository/Equipment/EquipmentSales/EquipmentDelivery/ESO_DeliveryLine_SelectLine' is clicked on

2017-11-30 17:58:17 - [TEST_STEP][PASSED] - delay: Delayed 2 second(s)

2017-11-30 17:58:19 - [MESSAGE][PASSED] - Delayed 2 second(s)

2017-11-30 17:58:19 - [TEST_STEP][PASSED] - click: Object: 'Object Repository/Equipment/EquipmentSales/EquipmentDelivery/ESO_SelectDeliveryLine_SaveNclose' is clicked on

2017-11-30 17:58:20 - [MESSAGE][PASSED] - Object: 'Object Repository/Equipment/EquipmentSales/EquipmentDelivery/ESO_SelectDeliveryLine_SaveNclose' is clicked on

2017-11-30 17:58:20 - [TEST_STEP][PASSED] - delay: Delayed 2 second(s)

2017-11-30 17:58:22 - [MESSAGE][PASSED] - Delayed 2 second(s)

2017-11-30 17:58:22 - [TEST_STEP][PASSED] - click: Object: 'Object Repository/Equipment/EquipmentSales/EquipmentDelivery/ESO_DeliveryLine_Action' is clicked on

2017-11-30 17:58:22 - [MESSAGE][PASSED] - Object: 'Object Repository/Equipment/EquipmentSales/EquipmentDelivery/ESO_DeliveryLine_Action' is clicked on

2017-11-30 17:58:22 - [TEST_STEP][PASSED] - click: Object: 'Object Repository/Equipment/EquipmentSales/EquipmentDelivery/ESO_Delivery_ActionConfirm' is clicked on

2017-11-30 17:58:22 - [MESSAGE][PASSED] - Object: 'Object Repository/Equipment/EquipmentSales/EquipmentDelivery/ESO_Delivery_ActionConfirm' is clicked on

2017-11-30 17:58:22 - [TEST_STEP][PASSED] - delay: Delayed 3 second(s)

2017-11-30 17:58:25 - [MESSAGE][PASSED] - Delayed 3 second(s)

2017-11-30 17:58:25 - [TEST_STEP][PASSED] - click: Object: 'Object Repository/Equipment/EquipmentSales/EquipmentDelivery/ESO_Delivery_ConfirmYes' is clicked on

2017-11-30 17:58:26 - [MESSAGE][PASSED] - Object: 'Object Repository/Equipment/EquipmentSales/EquipmentDelivery/ESO_Delivery_ConfirmYes' is clicked on

2017-11-30 17:58:26 - [TEST_STEP][PASSED] - delay: Delayed 5 second(s)

2017-11-30 17:58:31 - [MESSAGE][PASSED] - Delayed 5 second(s)

2017-11-30 17:58:31 - [TEST_STEP][NOT_RUN] - click: NOT_RUN: click

2017-11-30 17:58:31 - [MESSAGE][NOT_RUN] - NOT_RUN: click

2017-11-30 17:58:31 - [TEST_STEP][NOT_RUN] - delay: NOT_RUN: delay

2017-11-30 17:58:31 - [MESSAGE][NOT_RUN] - NOT_RUN: delay

2017-11-30 17:58:31 - [TEST_STEP][NOT_RUN] - click: NOT_RUN: click

2017-11-30 17:58:31 - [MESSAGE][NOT_RUN] - NOT_RUN: click

2017-11-30 17:58:31 - [TEST_STEP][NOT_RUN] - click: NOT_RUN: click

2017-11-30 17:58:31 - [MESSAGE][NOT_RUN] - NOT_RUN: click

2017-11-30 17:58:31 - [TEST_STEP][NOT_RUN] - sendKeys: NOT_RUN: sendKeys

2017-11-30 17:58:31 - [MESSAGE][NOT_RUN] - NOT_RUN: sendKeys

2017-11-30 17:58:31 - [TEST_STEP][NOT_RUN] - delay: NOT_RUN: delay

2017-11-30 17:58:31 - [MESSAGE][NOT_RUN] - NOT_RUN: delay

2017-11-30 17:58:31 - [TEST_STEP][FAILED] - sendKeys: Unable to send keys 'D' to object 'Object Repository/Equipment/EquipmentSales/EquipmentDelivery/ESO_Delivery_Device' (Root cause: com.kms.katalon.core.webui.exception.WebElementNotFoundException: Web element with id: 'Object Repository/Equipment/EquipmentSales/EquipmentDelivery/ESO_Delivery_Device' located by 'By.xpath: //*[@id = 'ttstpsplopen-11-devc-15-lookup-widget']' not found)

2017-11-30 17:59:03 - [MESSAGE][FAILED] - Unable to send keys 'D' to object 'Object Repository/Equipment/EquipmentSales/EquipmentDelivery/ESO_Delivery_Device' (Root cause: com.kms.katalon.core.webui.exception.WebElementNotFoundException: Web element with id: 'Object Repository/Equipment/EquipmentSales/EquipmentDelivery/ESO_Delivery_Device' located by 'By.xpath: //*[@id = 'ttstpsplopen-11-devc-15-lookup-widget']' not found)
[[ATTACHMENT|C:\\Users\\rgajbhiye\\git\\FlaglerCC\\Reports\\Flagler_EquipmentTestSuite\\20171130_175422\\1512044943502.png]]

2017-11-30 17:59:03 - [TEST_STEP][FAILED] - click: Unable to click on object 'Object Repository/Equipment/EquipmentSales/EquipmentDelivery/ESO_Delivery_printContinue' (Root cause: org.openqa.selenium.UnhandledAlertException: Unexpected modal dialog (text: This page is asking you to confirm that you want to leave - data you have entered may not be saved.): This page is asking you to confirm that you want to leave - data you have entered may not be saved.
Build info: version: '2.53.0', revision: '35ae25b', time: '2016-03-15 17:00:58'
System info: host: 'EET-RG', ip: '192.168.25.107', os.name: 'Windows 7', os.arch: 'amd64', os.version: '6.1', java.version: '1.8.0_102'
Driver info: com.kms.katalon.selenium.driver.CFirefoxDriver
Capabilities [{applicationCacheEnabled=true, rotatable=false, handlesAlerts=true, databaseEnabled=true, version=43.0.1, platform=WINDOWS, nativeEvents=false, acceptSslCerts=true, webStorageEnabled=true, locationContextEnabled=true, browserName=firefox, takesScreenshot=true, javascriptEnabled=true, cssSelectorsEnabled=true}]
Session ID: 730f2979-99d3-4048-b74c-02c9f09c46cb
*** Element info: {Using=xpath, value=//*[@id = 'ttstpsplopen-11-button-form-exec.cont.process']})

2017-11-30 17:59:29 - [MESSAGE][FAILED] - Unable to click on object 'Object Repository/Equipment/EquipmentSales/EquipmentDelivery/ESO_Delivery_printContinue' (Root cause: org.openqa.selenium.UnhandledAlertException: Unexpected modal dialog (text: This page is asking you to confirm that you want to leave - data you have entered may not be saved.): This page is asking you to confirm that you want to leave - data you have entered may not be saved.
Build info: version: '2.53.0', revision: '35ae25b', time: '2016-03-15 17:00:58'
System info: host: 'EET-RG', ip: '192.168.25.107', os.name: 'Windows 7', os.arch: 'amd64', os.version: '6.1', java.version: '1.8.0_102'
Driver info: com.kms.katalon.selenium.driver.CFirefoxDriver
Capabilities [{applicationCacheEnabled=true, rotatable=false, handlesAlerts=true, databaseEnabled=true, version=43.0.1, platform=WINDOWS, nativeEvents=false, acceptSslCerts=true, webStorageEnabled=true, locationContextEnabled=true, browserName=firefox, takesScreenshot=true, javascriptEnabled=true, cssSelectorsEnabled=true}]
Session ID: 730f2979-99d3-4048-b74c-02c9f09c46cb
*** Element info: {Using=xpath, value=//*[@id = 'ttstpsplopen-11-button-form-exec.cont.process']})
[[ATTACHMENT|C:\\Users\\rgajbhiye\\git\\FlaglerCC\\Reports\\Flagler_EquipmentTestSuite\\20171130_175422\\1512044968973.png]]

2017-11-30 17:59:29 - [TEST_STEP][PASSED] - delay: Delayed 5 second(s)

2017-11-30 17:59:34 - [MESSAGE][PASSED] - Delayed 5 second(s)

2017-11-30 17:59:34 - [MESSAGE][FAILED] - Unable to call Test Case with id 'Test Cases/Equipment/Base_EquipmentSales/Base_EquipSaleOrderProcessing' (Root cause: Call Test Case 'Test Cases/Equipment/Base_EquipmentSales/Base_EquipSaleOrderProcessing' failed)]]></system-out>
         <system-err><![CDATA[2017-11-30 17:54:33 - [TEST_CASE][FAILED] - Test Cases/Equipment/CreditCardRegression/TC001_EquipmentSalesAgreement_DiffGateway: Test Cases/Equipment/CreditCardRegression/TC001_EquipmentSalesAgreement_DiffGateway FAILED because (of) Unable to send keys 'D' to object 'Object Repository/Equipment/EquipmentSales/EquipmentDelivery/ESO_Delivery_Device' (Root cause: com.kms.katalon.core.webui.exception.WebElementNotFoundException: Web element with id: 'Object Repository/Equipment/EquipmentSales/EquipmentDelivery/ESO_Delivery_Device' located by 'By.xpath: //*[@id = 'ttstpsplopen-11-devc-15-lookup-widget']' not found)]]></system-err>
      </testcase>
      <system-out><![CDATA[2017-11-30 17:54:32 - [TEST_SUITE][FAILED] - Flagler_EquipmentTestSuite: Test Cases/Equipment/CreditCardRegression/TC001_EquipmentSalesAgreement_DiffGateway FAILED because (of) Unable to send keys 'D' to object 'Object Repository/Equipment/EquipmentSales/EquipmentDelivery/ESO_Delivery_Device' (Root cause: com.kms.katalon.core.webui.exception.WebElementNotFoundException: Web element with id: 'Object Repository/Equipment/EquipmentSales/EquipmentDelivery/ESO_Delivery_Device' located by 'By.xpath: //*[@id = 'ttstpsplopen-11-devc-15-lookup-widget']' not found)]]></system-out>
      <system-err><![CDATA[2017-11-30 17:54:32 - [TEST_SUITE][FAILED] - Flagler_EquipmentTestSuite: Test Cases/Equipment/CreditCardRegression/TC001_EquipmentSalesAgreement_DiffGateway FAILED because (of) Unable to send keys 'D' to object 'Object Repository/Equipment/EquipmentSales/EquipmentDelivery/ESO_Delivery_Device' (Root cause: com.kms.katalon.core.webui.exception.WebElementNotFoundException: Web element with id: 'Object Repository/Equipment/EquipmentSales/EquipmentDelivery/ESO_Delivery_Device' located by 'By.xpath: //*[@id = 'ttstpsplopen-11-devc-15-lookup-widget']' not found)]]></system-err>
   </testsuite>
</testsuites>
