<?xml version="1.0" encoding="UTF-8"?>
<testsuites name="Flagler_EquipmentTestSuite" time="486" tests="0" failures="0" errors="0">
   <testsuite name="Flagler_EquipmentTestSuite" tests="0" failures="0" errors="0" time="486" timestamp="2017-11-30 18:57:58" hostname="rgajbhiye - EET-RG.e-emphasys.com" id="Test Suites/Flagler_EquipmentTestSuite">
      <properties>
         <property name="deviceName" value=""/>
         <property name="devicePlatform" value=""/>
         <property name="logFolder" value="C:\\Users\\rgajbhiye\\git\\FlaglerCC\\Reports\\Flagler_EquipmentTestSuite\\20171130_185748"/>
         <property name="logFiles" value="C:\\Users\\rgajbhiye\\git\\FlaglerCC\\Reports\\Flagler_EquipmentTestSuite\\20171130_185748\\execution0.log"/>
         <property name="attachments" value="C:\\Users\\rgajbhiye\\git\\FlaglerCC\\Reports\\Flagler_EquipmentTestSuite\\20171130_185748\\1512048798081.png, C:\\Users\\rgajbhiye\\git\\FlaglerCC\\Reports\\Flagler_EquipmentTestSuite\\20171130_185748\\1512048831019.png, C:\\Users\\rgajbhiye\\git\\FlaglerCC\\Reports\\Flagler_EquipmentTestSuite\\20171130_185748\\1512048863970.png, C:\\Users\\rgajbhiye\\git\\FlaglerCC\\Reports\\Flagler_EquipmentTestSuite\\20171130_185748\\1512048864528.png"/>
         <property name="hostName" value="rgajbhiye - EET-RG.e-emphasys.com"/>
         <property name="os" value="Windows 7 64bit"/>
         <property name="katalonVersion" value="5.0.0.1"/>
         <property name="browser" value="Firefox 43.0"/>
         <property name="hostAddress" value="192.168.25.107"/>
         <property name="sessionId" value="c20085a6-9647-44ef-ab4a-a2ff3b99a0bd"/>
         <property name="seleniumVersion" value="2.53.0"/>
         <property name="proxyInformation" value="ProxyInformation{proxyOption=NO_PROXY, proxyServerType=, password=, proxyServerAddress=, proxyServerPort=0}"/>
         <property name="platform" value="Windows 7"/>
      </properties>
      <testcase name="Test Cases/Equipment/CreditCardRegression/TC001_EquipmentSalesAgreement_DiffGateway" classname="Test Cases/Equipment/CreditCardRegression/TC001_EquipmentSalesAgreement_DiffGateway" status="INCOMPLETE">
         <system-out><![CDATA[2017-11-30 18:57:58 - [TEST_CASE][INCOMPLETE] - Test Cases/Equipment/CreditCardRegression/TC001_EquipmentSalesAgreement_DiffGateway: null

2017-11-30 18:57:59 - [TEST_STEP][PASSED] - callTestCase: Call Test Case 'Test Cases/Equipment/Base_EquipmentPurchase/EPO_CreateNrecieve' successfully

2017-11-30 18:58:00 - [TEST_CASE][PASSED] - Test Cases/Equipment/Base_EquipmentPurchase/EPO_CreateNrecieve: Test Cases/Equipment/Base_EquipmentPurchase/EPO_CreateNrecieve

2017-11-30 18:58:00 - [TEST_STEP][PASSED] - callTestCase: Call Test Case 'Test Cases/Equipment/Base_EquipmentPurchase/Base_EPO_CreateHeaderNline' successfully

2017-11-30 18:58:00 - [TEST_CASE][PASSED] - Test Cases/Equipment/Base_EquipmentPurchase/Base_EPO_CreateHeaderNline: Test Cases/Equipment/Base_EquipmentPurchase/Base_EPO_CreateHeaderNline

2017-11-30 18:58:00 - [TEST_STEP][PASSED] - callTestCase: Call Test Case 'Test Cases/Common/Base_Common_OpenSession' successfully

2017-11-30 18:58:00 - [TEST_CASE][PASSED] - Test Cases/Common/Base_Common_OpenSession: Test Cases/Common/Base_Common_OpenSession

2017-11-30 18:58:01 - [TEST_STEP][PASSED] - openBrowser: Browser is opened with url: 'http://baan:3Xtend27$13@192.168.20.241:8312/webui/servlet/login'

2017-11-30 18:58:34 - [MESSAGE][PASSED] - Browser is opened with url: 'http://baan:3Xtend27$13@192.168.20.241:8312/webui/servlet/login'

2017-11-30 18:58:34 - [TEST_STEP][PASSED] - waitForPageLoad: Wait for page load successfully

2017-11-30 18:58:34 - [MESSAGE][PASSED] - Wait for page load successfully

2017-11-30 18:58:34 - [TEST_STEP][PASSED] - maximizeWindow: Current window maximized

2017-11-30 18:58:34 - [MESSAGE][PASSED] - Current window maximized

2017-11-30 18:58:34 - [TEST_STEP][PASSED] - click: Object: 'Object Repository/Common/HomePage/HomePage_more' is clicked on

2017-11-30 18:58:37 - [MESSAGE][PASSED] - Object: 'Object Repository/Common/HomePage/HomePage_more' is clicked on

2017-11-30 18:58:37 - [TEST_STEP][PASSED] - click: Object: 'Object Repository/Common/HomePage/HomePage_Option' is clicked on

2017-11-30 18:58:37 - [MESSAGE][PASSED] - Object: 'Object Repository/Common/HomePage/HomePage_Option' is clicked on

2017-11-30 18:58:37 - [TEST_STEP][PASSED] - click: Object: 'Object Repository/Common/HomePage/HomePage_RunProgram_' is clicked on

2017-11-30 18:58:38 - [MESSAGE][PASSED] - Object: 'Object Repository/Common/HomePage/HomePage_RunProgram_' is clicked on

2017-11-30 18:58:38 - [TEST_STEP][PASSED] - sendKeys: Keys 'tdext8150s000' sent to object: 'Object Repository/Common/HomePage/HomePage_Session_ID'

2017-11-30 18:58:39 - [MESSAGE][PASSED] - Keys 'tdext8150s000' sent to object: 'Object Repository/Common/HomePage/HomePage_Session_ID'

2017-11-30 18:58:39 - [TEST_STEP][PASSED] - click: Object: 'Object Repository/Common/HomePage/HomePage_OkButton' is clicked on

2017-11-30 18:58:40 - [MESSAGE][PASSED] - Object: 'Object Repository/Common/HomePage/HomePage_OkButton' is clicked on

2017-11-30 18:58:40 - [MESSAGE][PASSED] - Call Test Case 'Test Cases/Common/Base_Common_OpenSession' successfully

2017-11-30 18:58:40 - [TEST_STEP][PASSED] - waitForElementPresent: Object 'Object Repository/Equipment/EquipmentPurchase/EPO_Header/EPO_Header_New' is present

2017-11-30 18:58:42 - [MESSAGE][PASSED] - Object 'Object Repository/Equipment/EquipmentPurchase/EPO_Header/EPO_Header_New' is present

2017-11-30 18:58:42 - [TEST_STEP][PASSED] - click: Object: 'Object Repository/Equipment/EquipmentPurchase/EPO_Header/EPO_Header_New' is clicked on

2017-11-30 18:58:42 - [MESSAGE][PASSED] - Object: 'Object Repository/Equipment/EquipmentPurchase/EPO_Header/EPO_Header_New' is clicked on

2017-11-30 18:58:42 - [TEST_STEP][PASSED] - delay: Delayed 3 second(s)

2017-11-30 18:58:45 - [MESSAGE][PASSED] - Delayed 3 second(s)

2017-11-30 18:58:45 - [TEST_STEP][PASSED] - click: Object: 'Object Repository/Equipment/EquipmentPurchase/EPO_Header/EPO_Header_Customer' is clicked on

2017-11-30 18:58:46 - [MESSAGE][PASSED] - Object: 'Object Repository/Equipment/EquipmentPurchase/EPO_Header/EPO_Header_Customer' is clicked on

2017-11-30 18:58:46 - [TEST_STEP][PASSED] - setText: Text 'BP0009523' is set on object 'Object Repository/Equipment/EquipmentPurchase/EPO_Header/EPO_Header_Customer'

2017-11-30 18:58:46 - [MESSAGE][PASSED] - Text 'BP0009523' is set on object 'Object Repository/Equipment/EquipmentPurchase/EPO_Header/EPO_Header_Customer'

2017-11-30 18:58:46 - [TEST_STEP][PASSED] - click: Object: 'Object Repository/Equipment/EquipmentPurchase/EPO_Header/EPO_Header_Save' is clicked on

2017-11-30 18:58:46 - [MESSAGE][PASSED] - Object: 'Object Repository/Equipment/EquipmentPurchase/EPO_Header/EPO_Header_Save' is clicked on

2017-11-30 18:58:46 - [TEST_STEP][PASSED] - delay: Delayed 5 second(s)

2017-11-30 18:58:51 - [MESSAGE][PASSED] - Delayed 5 second(s)

2017-11-30 18:58:51 - [TEST_STEP][PASSED] - click: Object: 'Object Repository/Equipment/EquipmentPurchase/EPO_Header/EPO_Header_Action' is clicked on

2017-11-30 18:58:51 - [MESSAGE][PASSED] - Object: 'Object Repository/Equipment/EquipmentPurchase/EPO_Header/EPO_Header_Action' is clicked on

2017-11-30 18:58:51 - [TEST_STEP][PASSED] - click: Object: 'Object Repository/Equipment/EquipmentPurchase/EPO_Header/EPO_Header_Action_OrderLines' is clicked on

2017-11-30 18:58:51 - [MESSAGE][PASSED] - Object: 'Object Repository/Equipment/EquipmentPurchase/EPO_Header/EPO_Header_Action_OrderLines' is clicked on

2017-11-30 18:58:51 - [TEST_STEP][PASSED] - waitForElementPresent: Object 'Object Repository/Equipment/EquipmentPurchase/EPO_Line/EPO_MultiLine_New' is present

2017-11-30 18:58:54 - [MESSAGE][PASSED] - Object 'Object Repository/Equipment/EquipmentPurchase/EPO_Line/EPO_MultiLine_New' is present

2017-11-30 18:58:54 - [TEST_STEP][PASSED] - click: Object: 'Object Repository/Equipment/EquipmentPurchase/EPO_Line/EPO_MultiLine_New' is clicked on

2017-11-30 18:58:54 - [MESSAGE][PASSED] - Object: 'Object Repository/Equipment/EquipmentPurchase/EPO_Line/EPO_MultiLine_New' is clicked on

2017-11-30 18:58:54 - [TEST_STEP][PASSED] - waitForElementPresent: Object 'Object Repository/Equipment/EquipmentPurchase/EPO_Line/EPO_Line_Model' is present

2017-11-30 18:58:56 - [MESSAGE][PASSED] - Object 'Object Repository/Equipment/EquipmentPurchase/EPO_Line/EPO_Line_Model' is present

2017-11-30 18:58:56 - [TEST_STEP][PASSED] - doubleClick: Object: 'Object Repository/Equipment/EquipmentPurchase/EPO_Line/EPO_Line_Model' is double clicked on

2017-11-30 18:58:56 - [MESSAGE][PASSED] - Object: 'Object Repository/Equipment/EquipmentPurchase/EPO_Line/EPO_Line_Model' is double clicked on

2017-11-30 18:58:56 - [TEST_STEP][PASSED] - delay: Delayed 2 second(s)

2017-11-30 18:58:58 - [MESSAGE][PASSED] - Delayed 2 second(s)

2017-11-30 18:58:58 - [TEST_STEP][PASSED] - sendKeys: Keys '1042' sent to object: 'Object Repository/Equipment/EquipmentPurchase/EPO_Line/EPO_Line_Model'

2017-11-30 18:58:58 - [MESSAGE][PASSED] - Keys '1042' sent to object: 'Object Repository/Equipment/EquipmentPurchase/EPO_Line/EPO_Line_Model'

2017-11-30 18:58:58 - [TEST_STEP][PASSED] - click: Object: 'Object Repository/Equipment/EquipmentPurchase/EPO_Line/EPO_Line_NeworUsed' is clicked on

2017-11-30 18:58:58 - [MESSAGE][PASSED] - Object: 'Object Repository/Equipment/EquipmentPurchase/EPO_Line/EPO_Line_NeworUsed' is clicked on

2017-11-30 18:58:58 - [TEST_STEP][PASSED] - click: Object: 'Object Repository/Equipment/EquipmentPurchase/EPO_Line/EPO_Line_NewEquipOption' is clicked on

2017-11-30 18:58:59 - [MESSAGE][PASSED] - Object: 'Object Repository/Equipment/EquipmentPurchase/EPO_Line/EPO_Line_NewEquipOption' is clicked on

2017-11-30 18:58:59 - [TEST_STEP][PASSED] - click: Object: 'Object Repository/Equipment/EquipmentPurchase/EPO_Line/EPO_Line_PlannedDate' is clicked on

2017-11-30 18:58:59 - [MESSAGE][PASSED] - Object: 'Object Repository/Equipment/EquipmentPurchase/EPO_Line/EPO_Line_PlannedDate' is clicked on

2017-11-30 18:58:59 - [TEST_STEP][PASSED] - delay: Delayed 2 second(s)

2017-11-30 18:59:01 - [MESSAGE][PASSED] - Delayed 2 second(s)

2017-11-30 18:59:01 - [TEST_STEP][PASSED] - setText: Text '+10' is set on object 'Object Repository/Equipment/EquipmentPurchase/EPO_Line/EPO_Line_PlannedDate'

2017-11-30 18:59:01 - [MESSAGE][PASSED] - Text '+10' is set on object 'Object Repository/Equipment/EquipmentPurchase/EPO_Line/EPO_Line_PlannedDate'

2017-11-30 18:59:01 - [TEST_STEP][PASSED] - delay: Delayed 2 second(s)

2017-11-30 18:59:03 - [MESSAGE][PASSED] - Delayed 2 second(s)

2017-11-30 18:59:03 - [TEST_STEP][PASSED] - click: Object: 'Object Repository/Equipment/EquipmentPurchase/EPO_Line/EPO_Line_Price' is clicked on

2017-11-30 18:59:03 - [MESSAGE][PASSED] - Object: 'Object Repository/Equipment/EquipmentPurchase/EPO_Line/EPO_Line_Price' is clicked on

2017-11-30 18:59:03 - [TEST_STEP][PASSED] - delay: Delayed 2 second(s)

2017-11-30 18:59:05 - [MESSAGE][PASSED] - Delayed 2 second(s)

2017-11-30 18:59:05 - [TEST_STEP][PASSED] - sendKeys: Keys '100' sent to object: 'Object Repository/Equipment/EquipmentPurchase/EPO_Line/EPO_Line_Price'

2017-11-30 18:59:05 - [MESSAGE][PASSED] - Keys '100' sent to object: 'Object Repository/Equipment/EquipmentPurchase/EPO_Line/EPO_Line_Price'

2017-11-30 18:59:05 - [TEST_STEP][PASSED] - delay: Delayed 2 second(s)

2017-11-30 18:59:07 - [MESSAGE][PASSED] - Delayed 2 second(s)

2017-11-30 18:59:07 - [TEST_STEP][PASSED] - click: Object: 'Object Repository/Equipment/EquipmentPurchase/EPO_Line/EPO_Line_Save' is clicked on

2017-11-30 18:59:07 - [MESSAGE][PASSED] - Object: 'Object Repository/Equipment/EquipmentPurchase/EPO_Line/EPO_Line_Save' is clicked on

2017-11-30 18:59:07 - [TEST_STEP][NOT_RUN] - click: NOT_RUN: click

2017-11-30 18:59:07 - [MESSAGE][NOT_RUN] - NOT_RUN: click

2017-11-30 18:59:07 - [TEST_STEP][PASSED] - click: Object: 'Object Repository/Equipment/EquipmentPurchase/EPO_Line/EPO_Line_SaveNclose' is clicked on

2017-11-30 18:59:08 - [MESSAGE][PASSED] - Object: 'Object Repository/Equipment/EquipmentPurchase/EPO_Line/EPO_Line_SaveNclose' is clicked on

2017-11-30 18:59:08 - [TEST_STEP][PASSED] - delay: Delayed 2 second(s)

2017-11-30 18:59:10 - [MESSAGE][PASSED] - Delayed 2 second(s)

2017-11-30 18:59:10 - [TEST_STEP][PASSED] - click: Object: 'Object Repository/Equipment/EquipmentPurchase/EPO_Line/EPO_MultiLine_SavenClose' is clicked on

2017-11-30 18:59:10 - [MESSAGE][PASSED] - Object: 'Object Repository/Equipment/EquipmentPurchase/EPO_Line/EPO_MultiLine_SavenClose' is clicked on

2017-11-30 18:59:10 - [MESSAGE][PASSED] - Call Test Case 'Test Cases/Equipment/Base_EquipmentPurchase/Base_EPO_CreateHeaderNline' successfully

2017-11-30 18:59:10 - [TEST_STEP][PASSED] - callTestCase: Call Test Case 'Test Cases/Equipment/Base_EquipmentPurchase/Base_EPO_Reciept' successfully

2017-11-30 18:59:10 - [TEST_CASE][PASSED] - Test Cases/Equipment/Base_EquipmentPurchase/Base_EPO_Reciept: Test Cases/Equipment/Base_EquipmentPurchase/Base_EPO_Reciept

2017-11-30 18:59:10 - [TEST_STEP][PASSED] - click: Object: 'Object Repository/Equipment/EquipmentPurchase/EPO_Header/EPO_Header_Action' is clicked on

2017-11-30 18:59:11 - [MESSAGE][PASSED] - Object: 'Object Repository/Equipment/EquipmentPurchase/EPO_Header/EPO_Header_Action' is clicked on

2017-11-30 18:59:11 - [TEST_STEP][PASSED] - click: Object: 'Object Repository/Equipment/EquipmentPurchase/EPO_Header/EPO_Header_Action_SendForApproval' is clicked on

2017-11-30 18:59:11 - [MESSAGE][PASSED] - Object: 'Object Repository/Equipment/EquipmentPurchase/EPO_Header/EPO_Header_Action_SendForApproval' is clicked on

2017-11-30 18:59:11 - [TEST_STEP][PASSED] - delay: Delayed 5 second(s)

2017-11-30 18:59:16 - [MESSAGE][PASSED] - Delayed 5 second(s)

2017-11-30 18:59:16 - [TEST_STEP][PASSED] - click: Object: 'Object Repository/Equipment/EquipmentPurchase/EPO_Header/EPO_Header_Action' is clicked on

2017-11-30 18:59:16 - [MESSAGE][PASSED] - Object: 'Object Repository/Equipment/EquipmentPurchase/EPO_Header/EPO_Header_Action' is clicked on

2017-11-30 18:59:16 - [TEST_STEP][PASSED] - click: Object: 'Object Repository/Equipment/EquipmentPurchase/EPO_Header/EPO_Header_Apporve' is clicked on

2017-11-30 18:59:17 - [MESSAGE][PASSED] - Object: 'Object Repository/Equipment/EquipmentPurchase/EPO_Header/EPO_Header_Apporve' is clicked on

2017-11-30 18:59:17 - [TEST_STEP][PASSED] - delay: Delayed 5 second(s)

2017-11-30 18:59:22 - [MESSAGE][PASSED] - Delayed 5 second(s)

2017-11-30 18:59:22 - [TEST_STEP][PASSED] - click: Object: 'Object Repository/Equipment/EquipmentPurchase/EPO_Header/EPO_Header_Print' is clicked on

2017-11-30 18:59:22 - [MESSAGE][PASSED] - Object: 'Object Repository/Equipment/EquipmentPurchase/EPO_Header/EPO_Header_Print' is clicked on

2017-11-30 18:59:22 - [TEST_STEP][PASSED] - click: Object: 'Object Repository/Equipment/EquipmentPurchase/EPO_Header/EPO_Print_FinalPrint' is clicked on

2017-11-30 18:59:23 - [MESSAGE][PASSED] - Object: 'Object Repository/Equipment/EquipmentPurchase/EPO_Header/EPO_Print_FinalPrint' is clicked on

2017-11-30 18:59:23 - [TEST_STEP][PASSED] - click: Object: 'Object Repository/Equipment/EquipmentPurchase/EPO_Header/EPO_Print_PrintOption' is clicked on

2017-11-30 18:59:23 - [MESSAGE][PASSED] - Object: 'Object Repository/Equipment/EquipmentPurchase/EPO_Header/EPO_Print_PrintOption' is clicked on

2017-11-30 18:59:23 - [TEST_STEP][PASSED] - delay: Delayed 10 second(s)

2017-11-30 18:59:33 - [MESSAGE][PASSED] - Delayed 10 second(s)

2017-11-30 18:59:33 - [TEST_STEP][PASSED] - waitForElementVisible: Object 'Object Repository/Equipment/EquipmentPurchase/EPO_Header/EPO_Print_Device' is visible

2017-11-30 18:59:33 - [MESSAGE][PASSED] - Object 'Object Repository/Equipment/EquipmentPurchase/EPO_Header/EPO_Print_Device' is visible

2017-11-30 18:59:33 - [TEST_STEP][PASSED] - doubleClick: Object: 'Object Repository/Equipment/EquipmentPurchase/EPO_Header/EPO_Print_Device' is double clicked on

2017-11-30 18:59:34 - [MESSAGE][PASSED] - Object: 'Object Repository/Equipment/EquipmentPurchase/EPO_Header/EPO_Print_Device' is double clicked on

2017-11-30 18:59:34 - [TEST_STEP][PASSED] - delay: Delayed 2 second(s)

2017-11-30 18:59:36 - [MESSAGE][PASSED] - Delayed 2 second(s)

2017-11-30 18:59:36 - [TEST_STEP][PASSED] - sendKeys: Keys 'D' sent to object: 'Object Repository/Equipment/EquipmentPurchase/EPO_Header/EPO_Print_Device'

2017-11-30 18:59:36 - [MESSAGE][PASSED] - Keys 'D' sent to object: 'Object Repository/Equipment/EquipmentPurchase/EPO_Header/EPO_Print_Device'

2017-11-30 18:59:36 - [TEST_STEP][PASSED] - click: Object: 'Object Repository/Equipment/EquipmentPurchase/EPO_Header/EPO_Print_Continue' is clicked on

2017-11-30 18:59:36 - [MESSAGE][PASSED] - Object: 'Object Repository/Equipment/EquipmentPurchase/EPO_Header/EPO_Print_Continue' is clicked on

2017-11-30 18:59:36 - [TEST_STEP][PASSED] - delay: Delayed 2 second(s)

2017-11-30 18:59:38 - [MESSAGE][PASSED] - Delayed 2 second(s)

2017-11-30 18:59:38 - [TEST_STEP][PASSED] - click: Object: 'Object Repository/Equipment/EquipmentPurchase/EPO_Header/EPO_Header_EPOtab' is clicked on

2017-11-30 18:59:38 - [MESSAGE][PASSED] - Object: 'Object Repository/Equipment/EquipmentPurchase/EPO_Header/EPO_Header_EPOtab' is clicked on

2017-11-30 18:59:38 - [TEST_STEP][PASSED] - click: Object: 'Object Repository/Equipment/EquipmentPurchase/EPO_Header/EPO_Print_Close' is clicked on

2017-11-30 18:59:38 - [MESSAGE][PASSED] - Object: 'Object Repository/Equipment/EquipmentPurchase/EPO_Header/EPO_Print_Close' is clicked on

2017-11-30 18:59:38 - [TEST_STEP][PASSED] - delay: Delayed 3 second(s)

2017-11-30 18:59:41 - [MESSAGE][PASSED] - Delayed 3 second(s)

2017-11-30 18:59:41 - [TEST_STEP][PASSED] - click: Object: 'Object Repository/Equipment/EquipmentPurchase/EPO_Header/EPO_Header_Action' is clicked on

2017-11-30 18:59:42 - [MESSAGE][PASSED] - Object: 'Object Repository/Equipment/EquipmentPurchase/EPO_Header/EPO_Header_Action' is clicked on

2017-11-30 18:59:42 - [TEST_STEP][PASSED] - click: Object: 'Object Repository/Equipment/EquipmentPurchase/EPO_Header/EPO_Action_Reciept' is clicked on

2017-11-30 18:59:42 - [MESSAGE][PASSED] - Object: 'Object Repository/Equipment/EquipmentPurchase/EPO_Header/EPO_Action_Reciept' is clicked on

2017-11-30 18:59:42 - [TEST_STEP][PASSED] - waitForElementPresent: Object 'Object Repository/Equipment/EquipmentPurchase/EPO_Receipt/EPO_Reciept_Save' is present

2017-11-30 18:59:44 - [MESSAGE][PASSED] - Object 'Object Repository/Equipment/EquipmentPurchase/EPO_Receipt/EPO_Reciept_Save' is present

2017-11-30 18:59:44 - [TEST_STEP][PASSED] - click: Object: 'Object Repository/Equipment/EquipmentPurchase/EPO_Receipt/EPO_Reciept_Save' is clicked on

2017-11-30 18:59:44 - [MESSAGE][PASSED] - Object: 'Object Repository/Equipment/EquipmentPurchase/EPO_Receipt/EPO_Reciept_Save' is clicked on

2017-11-30 18:59:44 - [TEST_STEP][PASSED] - delay: Delayed 3 second(s)

2017-11-30 18:59:47 - [MESSAGE][PASSED] - Delayed 3 second(s)

2017-11-30 18:59:47 - [TEST_STEP][PASSED] - click: Object: 'Object Repository/Equipment/EquipmentPurchase/EPO_Receipt/EPO_Receipt_Action' is clicked on

2017-11-30 18:59:47 - [MESSAGE][PASSED] - Object: 'Object Repository/Equipment/EquipmentPurchase/EPO_Receipt/EPO_Receipt_Action' is clicked on

2017-11-30 18:59:48 - [TEST_STEP][PASSED] - click: Object: 'Object Repository/Equipment/EquipmentPurchase/EPO_Receipt/EPO_Receipt_Action_ReceiptLine' is clicked on

2017-11-30 18:59:48 - [MESSAGE][PASSED] - Object: 'Object Repository/Equipment/EquipmentPurchase/EPO_Receipt/EPO_Receipt_Action_ReceiptLine' is clicked on

2017-11-30 18:59:48 - [TEST_STEP][PASSED] - waitForElementPresent: Object 'Object Repository/Equipment/EquipmentPurchase/EPO_Receipt_Line/EPO_ReceiptLine_New' is present

2017-11-30 18:59:49 - [MESSAGE][PASSED] - Object 'Object Repository/Equipment/EquipmentPurchase/EPO_Receipt_Line/EPO_ReceiptLine_New' is present

2017-11-30 18:59:49 - [TEST_STEP][PASSED] - click: Object: 'Object Repository/Equipment/EquipmentPurchase/EPO_Receipt_Line/EPO_ReceiptLine_New' is clicked on

2017-11-30 18:59:49 - [MESSAGE][PASSED] - Object: 'Object Repository/Equipment/EquipmentPurchase/EPO_Receipt_Line/EPO_ReceiptLine_New' is clicked on

2017-11-30 18:59:49 - [TEST_STEP][PASSED] - waitForElementPresent: Object 'Object Repository/Equipment/EquipmentPurchase/EPO_Receipt_Line/EPO_RecieptLine_Select' is present

2017-11-30 18:59:51 - [MESSAGE][PASSED] - Object 'Object Repository/Equipment/EquipmentPurchase/EPO_Receipt_Line/EPO_RecieptLine_Select' is present

2017-11-30 18:59:51 - [TEST_STEP][PASSED] - click: Object: 'Object Repository/Equipment/EquipmentPurchase/EPO_Receipt_Line/EPO_RecieptLine_Select' is clicked on

2017-11-30 18:59:52 - [MESSAGE][PASSED] - Object: 'Object Repository/Equipment/EquipmentPurchase/EPO_Receipt_Line/EPO_RecieptLine_Select' is clicked on

2017-11-30 18:59:52 - [TEST_STEP][PASSED] - delay: Delayed 3 second(s)

2017-11-30 18:59:55 - [MESSAGE][PASSED] - Delayed 3 second(s)

2017-11-30 18:59:55 - [TEST_STEP][PASSED] - click: Object: 'Object Repository/Equipment/EquipmentPurchase/EPO_Receipt_Line/EPO_ReceiptLine_SavenClose' is clicked on

2017-11-30 18:59:55 - [MESSAGE][PASSED] - Object: 'Object Repository/Equipment/EquipmentPurchase/EPO_Receipt_Line/EPO_ReceiptLine_SavenClose' is clicked on

2017-11-30 18:59:55 - [TEST_STEP][PASSED] - waitForElementPresent: Object 'Object Repository/Equipment/EquipmentPurchase/EPO_Receipt_Line/EPO_RecieptLineAction' is present

2017-11-30 18:59:55 - [MESSAGE][PASSED] - Object 'Object Repository/Equipment/EquipmentPurchase/EPO_Receipt_Line/EPO_RecieptLineAction' is present

2017-11-30 18:59:55 - [TEST_STEP][PASSED] - Statement - G_Unit = com.kms.katalon.core.webui.keyword.WebUiBuiltInKeywords.getText(com.kms.katalon.core.testobject.ObjectRepository.findTestObject(Equipment/EquipmentPurchase/EPO_Receipt/EPO_Reciept_Unit), CONTINUE_ON_FAILURE): Text of object 'Object Repository/Equipment/EquipmentPurchase/EPO_Receipt/EPO_Reciept_Unit' is: 'EQ1402790'

2017-11-30 18:59:56 - [MESSAGE][PASSED] - Text of object 'Object Repository/Equipment/EquipmentPurchase/EPO_Receipt/EPO_Reciept_Unit' is: 'EQ1402790'

2017-11-30 18:59:56 - [TEST_STEP][PASSED] - click: Object: 'Object Repository/Equipment/EquipmentPurchase/EPO_Receipt_Line/EPO_RecieptLineAction' is clicked on

2017-11-30 18:59:56 - [MESSAGE][PASSED] - Object: 'Object Repository/Equipment/EquipmentPurchase/EPO_Receipt_Line/EPO_RecieptLineAction' is clicked on

2017-11-30 18:59:56 - [TEST_STEP][PASSED] - click: Object: 'Object Repository/Equipment/EquipmentPurchase/EPO_Receipt/EPO_Action_Confirm' is clicked on

2017-11-30 18:59:56 - [MESSAGE][PASSED] - Object: 'Object Repository/Equipment/EquipmentPurchase/EPO_Receipt/EPO_Action_Confirm' is clicked on

2017-11-30 18:59:56 - [TEST_STEP][PASSED] - click: Object: 'Object Repository/Equipment/EquipmentPurchase/EPO_Receipt/EPO_Reciept_MeterOK' is clicked on

2017-11-30 18:59:57 - [MESSAGE][PASSED] - Object: 'Object Repository/Equipment/EquipmentPurchase/EPO_Receipt/EPO_Reciept_MeterOK' is clicked on

2017-11-30 18:59:57 - [TEST_STEP][NOT_RUN] - waitForElementPresent: NOT_RUN: waitForElementPresent

2017-11-30 18:59:57 - [MESSAGE][NOT_RUN] - NOT_RUN: waitForElementPresent

2017-11-30 18:59:57 - [TEST_STEP][NOT_RUN] - click: NOT_RUN: click

2017-11-30 18:59:57 - [MESSAGE][NOT_RUN] - NOT_RUN: click

2017-11-30 18:59:57 - [TEST_STEP][NOT_RUN] - setText: NOT_RUN: setText

2017-11-30 18:59:57 - [MESSAGE][NOT_RUN] - NOT_RUN: setText

2017-11-30 18:59:57 - [TEST_STEP][NOT_RUN] - click: NOT_RUN: click

2017-11-30 18:59:57 - [MESSAGE][NOT_RUN] - NOT_RUN: click

2017-11-30 18:59:57 - [TEST_STEP][PASSED] - delay: Delayed 3 second(s)

2017-11-30 19:00:00 - [MESSAGE][PASSED] - Delayed 3 second(s)

2017-11-30 19:00:00 - [TEST_STEP][PASSED] - click: Object: 'Object Repository/Equipment/EquipmentPurchase/EPO_Receipt/EPO_RecieptPrint_ProcessCompleted' is clicked on

2017-11-30 19:00:00 - [MESSAGE][PASSED] - Object: 'Object Repository/Equipment/EquipmentPurchase/EPO_Receipt/EPO_RecieptPrint_ProcessCompleted' is clicked on

2017-11-30 19:00:00 - [TEST_STEP][PASSED] - delay: Delayed 10 second(s)

2017-11-30 19:00:10 - [MESSAGE][PASSED] - Delayed 10 second(s)

2017-11-30 19:00:10 - [MESSAGE][PASSED] - Call Test Case 'Test Cases/Equipment/Base_EquipmentPurchase/Base_EPO_Reciept' successfully

2017-11-30 19:00:10 - [MESSAGE][PASSED] - Call Test Case 'Test Cases/Equipment/Base_EquipmentPurchase/EPO_CreateNrecieve' successfully

2017-11-30 19:00:10 - [TEST_STEP][PASSED] - callTestCase: Call Test Case 'Test Cases/Equipment/Base_EquipmentSales/Base_Equipement_CreateHeader' successfully

2017-11-30 19:00:10 - [TEST_CASE][PASSED] - Test Cases/Equipment/Base_EquipmentSales/Base_Equipement_CreateHeader: Test Cases/Equipment/Base_EquipmentSales/Base_Equipement_CreateHeader

2017-11-30 19:00:11 - [TEST_STEP][PASSED] - callTestCase: Call Test Case 'Test Cases/Common/Base_Common_OpenSession' successfully

2017-11-30 19:00:11 - [TEST_CASE][PASSED] - Test Cases/Common/Base_Common_OpenSession: Test Cases/Common/Base_Common_OpenSession

2017-11-30 19:00:11 - [TEST_STEP][PASSED] - openBrowser: Browser is opened with url: 'http://baan:3Xtend27$13@192.168.20.241:8312/webui/servlet/login'

2017-11-30 19:00:11 - [MESSAGE][WARNING] - A browser is already opened. Closing browser and opening a new one

2017-11-30 19:00:39 - [MESSAGE][PASSED] - Browser is opened with url: 'http://baan:3Xtend27$13@192.168.20.241:8312/webui/servlet/login'

2017-11-30 19:00:39 - [TEST_STEP][PASSED] - waitForPageLoad: Wait for page load successfully

2017-11-30 19:00:39 - [MESSAGE][PASSED] - Wait for page load successfully

2017-11-30 19:00:39 - [TEST_STEP][PASSED] - maximizeWindow: Current window maximized

2017-11-30 19:00:39 - [MESSAGE][PASSED] - Current window maximized

2017-11-30 19:00:39 - [TEST_STEP][PASSED] - click: Object: 'Object Repository/Common/HomePage/HomePage_more' is clicked on

2017-11-30 19:00:42 - [MESSAGE][PASSED] - Object: 'Object Repository/Common/HomePage/HomePage_more' is clicked on

2017-11-30 19:00:42 - [TEST_STEP][PASSED] - click: Object: 'Object Repository/Common/HomePage/HomePage_Option' is clicked on

2017-11-30 19:00:42 - [MESSAGE][PASSED] - Object: 'Object Repository/Common/HomePage/HomePage_Option' is clicked on

2017-11-30 19:00:42 - [TEST_STEP][PASSED] - click: Object: 'Object Repository/Common/HomePage/HomePage_RunProgram_' is clicked on

2017-11-30 19:00:43 - [MESSAGE][PASSED] - Object: 'Object Repository/Common/HomePage/HomePage_RunProgram_' is clicked on

2017-11-30 19:00:43 - [TEST_STEP][PASSED] - sendKeys: Keys 'tdext8570m000' sent to object: 'Object Repository/Common/HomePage/HomePage_Session_ID'

2017-11-30 19:00:43 - [MESSAGE][PASSED] - Keys 'tdext8570m000' sent to object: 'Object Repository/Common/HomePage/HomePage_Session_ID'

2017-11-30 19:00:43 - [TEST_STEP][PASSED] - click: Object: 'Object Repository/Common/HomePage/HomePage_OkButton' is clicked on

2017-11-30 19:00:43 - [MESSAGE][PASSED] - Object: 'Object Repository/Common/HomePage/HomePage_OkButton' is clicked on

2017-11-30 19:00:43 - [MESSAGE][PASSED] - Call Test Case 'Test Cases/Common/Base_Common_OpenSession' successfully

2017-11-30 19:00:43 - [TEST_STEP][PASSED] - waitForElementPresent: Object 'Object Repository/Equipment/EquipmentSales/EquipmentSalesAgreementHeader/EquipmentSalesOrder_MMT_New' is present

2017-11-30 19:00:48 - [MESSAGE][PASSED] - Object 'Object Repository/Equipment/EquipmentSales/EquipmentSalesAgreementHeader/EquipmentSalesOrder_MMT_New' is present

2017-11-30 19:00:48 - [TEST_STEP][PASSED] - click: Object: 'Object Repository/Equipment/EquipmentSales/EquipmentSalesAgreementHeader/EquipmentSalesOrder_MMT_New' is clicked on

2017-11-30 19:00:49 - [MESSAGE][PASSED] - Object: 'Object Repository/Equipment/EquipmentSales/EquipmentSalesAgreementHeader/EquipmentSalesOrder_MMT_New' is clicked on

2017-11-30 19:00:49 - [TEST_STEP][PASSED] - setText: Text 'BP0004776' is set on object 'Object Repository/Equipment/EquipmentSales/EquipmentSalesAgreementHeader/EquipmentSalesOrder_Customer'

2017-11-30 19:00:51 - [MESSAGE][PASSED] - Text 'BP0004776' is set on object 'Object Repository/Equipment/EquipmentSales/EquipmentSalesAgreementHeader/EquipmentSalesOrder_Customer'

2017-11-30 19:00:51 - [TEST_STEP][PASSED] - doubleClick: Object: 'Object Repository/Equipment/EquipmentSales/EquipmentSalesAgreementHeader/EquipmentSalesOrder_DeliveryDate' is double clicked on

2017-11-30 19:00:52 - [MESSAGE][PASSED] - Object: 'Object Repository/Equipment/EquipmentSales/EquipmentSalesAgreementHeader/EquipmentSalesOrder_DeliveryDate' is double clicked on

2017-11-30 19:00:52 - [TEST_STEP][PASSED] - delay: Delayed 2 second(s)

2017-11-30 19:00:54 - [MESSAGE][PASSED] - Delayed 2 second(s)

2017-11-30 19:00:54 - [TEST_STEP][PASSED] - sendKeys: Keys '+10' sent to object: 'Object Repository/Equipment/EquipmentSales/EquipmentSalesAgreementHeader/EquipmentSalesOrder_DeliveryDate'

2017-11-30 19:00:54 - [MESSAGE][PASSED] - Keys '+10' sent to object: 'Object Repository/Equipment/EquipmentSales/EquipmentSalesAgreementHeader/EquipmentSalesOrder_DeliveryDate'

2017-11-30 19:00:54 - [TEST_STEP][PASSED] - click: Object: 'Object Repository/Equipment/EquipmentSales/EquipmentSalesAgreementHeader/ESO_Header_Tax' is clicked on

2017-11-30 19:00:54 - [MESSAGE][PASSED] - Object: 'Object Repository/Equipment/EquipmentSales/EquipmentSalesAgreementHeader/ESO_Header_Tax' is clicked on

2017-11-30 19:00:54 - [TEST_STEP][PASSED] - click: Object: 'Object Repository/Equipment/EquipmentSales/EquipmentSalesAgreementHeader/EquipmentSalesOrder_OtherDetailsTab' is clicked on

2017-11-30 19:00:55 - [MESSAGE][PASSED] - Object: 'Object Repository/Equipment/EquipmentSales/EquipmentSalesAgreementHeader/EquipmentSalesOrder_OtherDetailsTab' is clicked on

2017-11-30 19:00:55 - [TEST_STEP][PASSED] - delay: Delayed 3 second(s)

2017-11-30 19:00:58 - [MESSAGE][PASSED] - Delayed 3 second(s)

2017-11-30 19:00:58 - [TEST_STEP][PASSED] - click: Object: 'Object Repository/Equipment/EquipmentSales/EquipmentSalesAgreementHeader/EquipmentSalesOrder_PaymentMethod' is clicked on

2017-11-30 19:00:59 - [MESSAGE][PASSED] - Object: 'Object Repository/Equipment/EquipmentSales/EquipmentSalesAgreementHeader/EquipmentSalesOrder_PaymentMethod' is clicked on

2017-11-30 19:00:59 - [TEST_STEP][PASSED] - click: Object: 'Object Repository/Equipment/EquipmentSales/EquipmentSalesAgreementHeader/EquimentSalesOrder_CreditCardOption' is clicked on

2017-11-30 19:01:00 - [MESSAGE][PASSED] - Object: 'Object Repository/Equipment/EquipmentSales/EquipmentSalesAgreementHeader/EquimentSalesOrder_CreditCardOption' is clicked on

2017-11-30 19:01:00 - [TEST_STEP][PASSED] - click: Object: 'Object Repository/Equipment/EquipmentSales/EquipmentSalesAgreementHeader/EquipmentSaleOrder_Save' is clicked on

2017-11-30 19:01:02 - [MESSAGE][PASSED] - Object: 'Object Repository/Equipment/EquipmentSales/EquipmentSalesAgreementHeader/EquipmentSaleOrder_Save' is clicked on

2017-11-30 19:01:02 - [TEST_STEP][PASSED] - click: Object: 'Object Repository/Equipment/EquipmentSales/EquipmentSalesAgreementHeader/EquipmentSalesOrder_DetailsTab' is clicked on

2017-11-30 19:01:02 - [MESSAGE][PASSED] - Object: 'Object Repository/Equipment/EquipmentSales/EquipmentSalesAgreementHeader/EquipmentSalesOrder_DetailsTab' is clicked on

2017-11-30 19:01:02 - [TEST_STEP][PASSED] - delay: Delayed 5 second(s)

2017-11-30 19:01:07 - [MESSAGE][PASSED] - Delayed 5 second(s)

2017-11-30 19:01:07 - [TEST_STEP][PASSED] - Statement - G_Part_PSO = com.kms.katalon.core.webui.keyword.WebUiBuiltInKeywords.getAttribute(com.kms.katalon.core.testobject.ObjectRepository.findTestObject(Equipment/EquipmentSales/EquipmentSalesAgreementHeader/EquipmentSaleOrder_OrderNo), "value"): Attribute 'value' of object 'Object Repository/Equipment/EquipmentSales/EquipmentSalesAgreementHeader/EquipmentSaleOrder_OrderNo' is: 'ESA000756'

2017-11-30 19:01:07 - [MESSAGE][PASSED] - Attribute 'value' of object 'Object Repository/Equipment/EquipmentSales/EquipmentSalesAgreementHeader/EquipmentSaleOrder_OrderNo' is: 'ESA000756'

2017-11-30 19:01:07 - [MESSAGE][PASSED] - Call Test Case 'Test Cases/Equipment/Base_EquipmentSales/Base_Equipement_CreateHeader' successfully

2017-11-30 19:01:07 - [TEST_STEP][PASSED] - callTestCase: Call Test Case 'Test Cases/Equipment/Base_EquipmentSales/Base_EquipmentSalesAddLine' successfully

2017-11-30 19:01:07 - [TEST_CASE][PASSED] - Test Cases/Equipment/Base_EquipmentSales/Base_EquipmentSalesAddLine: Test Cases/Equipment/Base_EquipmentSales/Base_EquipmentSalesAddLine

2017-11-30 19:01:07 - [TEST_STEP][PASSED] - click: Object: 'Object Repository/Equipment/EquipmentSales/EquipmentSalesAgreementHeader/EquipSalesOrder_Action' is clicked on

2017-11-30 19:01:08 - [MESSAGE][PASSED] - Object: 'Object Repository/Equipment/EquipmentSales/EquipmentSalesAgreementHeader/EquipSalesOrder_Action' is clicked on

2017-11-30 19:01:08 - [TEST_STEP][PASSED] - click: Object: 'Object Repository/Equipment/EquipmentSales/EquipmentSalesAgreementHeader/EquipSalesOrder_SalesOrderLine' is clicked on

2017-11-30 19:01:08 - [MESSAGE][PASSED] - Object: 'Object Repository/Equipment/EquipmentSales/EquipmentSalesAgreementHeader/EquipSalesOrder_SalesOrderLine' is clicked on

2017-11-30 19:01:08 - [TEST_STEP][PASSED] - waitForElementPresent: Object 'Object Repository/Equipment/EquipmentSales/EquipSalesOrderLines/EquipSaleOrderLine_New' is present

2017-11-30 19:01:10 - [MESSAGE][PASSED] - Object 'Object Repository/Equipment/EquipmentSales/EquipSalesOrderLines/EquipSaleOrderLine_New' is present

2017-11-30 19:01:10 - [TEST_STEP][PASSED] - click: Object: 'Object Repository/Equipment/EquipmentSales/EquipSalesOrderLines/EquipSaleOrderLine_New' is clicked on

2017-11-30 19:01:10 - [MESSAGE][PASSED] - Object: 'Object Repository/Equipment/EquipmentSales/EquipSalesOrderLines/EquipSaleOrderLine_New' is clicked on

2017-11-30 19:01:10 - [TEST_STEP][PASSED] - waitForElementPresent: Object 'Object Repository/Equipment/EquipmentSales/EquipSalesOrderLines/EquipSalesOrder_Model' is present

2017-11-30 19:01:12 - [MESSAGE][PASSED] - Object 'Object Repository/Equipment/EquipmentSales/EquipSalesOrderLines/EquipSalesOrder_Model' is present

2017-11-30 19:01:12 - [TEST_STEP][PASSED] - doubleClick: Object: 'Object Repository/Equipment/EquipmentSales/EquipSalesOrderLines/EquipSalesOrder_Model' is double clicked on

2017-11-30 19:01:12 - [MESSAGE][PASSED] - Object: 'Object Repository/Equipment/EquipmentSales/EquipSalesOrderLines/EquipSalesOrder_Model' is double clicked on

2017-11-30 19:01:12 - [TEST_STEP][PASSED] - delay: Delayed 2 second(s)

2017-11-30 19:01:14 - [MESSAGE][PASSED] - Delayed 2 second(s)

2017-11-30 19:01:14 - [TEST_STEP][PASSED] - sendKeys: Keys '1042' sent to object: 'Object Repository/Equipment/EquipmentSales/EquipSalesOrderLines/EquipSalesOrder_Model'

2017-11-30 19:01:14 - [MESSAGE][PASSED] - Keys '1042' sent to object: 'Object Repository/Equipment/EquipmentSales/EquipSalesOrderLines/EquipSalesOrder_Model'

2017-11-30 19:01:14 - [TEST_STEP][PASSED] - doubleClick: Object: 'Object Repository/Equipment/EquipmentSales/EquipSalesOrderLines/ESO_Line_Unit' is double clicked on

2017-11-30 19:01:15 - [MESSAGE][PASSED] - Object: 'Object Repository/Equipment/EquipmentSales/EquipSalesOrderLines/ESO_Line_Unit' is double clicked on

2017-11-30 19:01:15 - [TEST_STEP][PASSED] - delay: Delayed 2 second(s)

2017-11-30 19:01:17 - [MESSAGE][PASSED] - Delayed 2 second(s)

2017-11-30 19:01:17 - [TEST_STEP][PASSED] - sendKeys: Keys 'EQ1402790' sent to object: 'Object Repository/Equipment/EquipmentSales/EquipSalesOrderLines/ESO_Line_Unit'

2017-11-30 19:01:17 - [MESSAGE][PASSED] - Keys 'EQ1402790' sent to object: 'Object Repository/Equipment/EquipmentSales/EquipSalesOrderLines/ESO_Line_Unit'

2017-11-30 19:01:17 - [TEST_STEP][PASSED] - doubleClick: Object: 'Object Repository/Equipment/EquipmentSales/EquipSalesOrderLines/EquipSalesOrder_Price' is double clicked on

2017-11-30 19:01:17 - [MESSAGE][PASSED] - Object: 'Object Repository/Equipment/EquipmentSales/EquipSalesOrderLines/EquipSalesOrder_Price' is double clicked on

2017-11-30 19:01:17 - [TEST_STEP][PASSED] - delay: Delayed 2 second(s)

2017-11-30 19:01:19 - [MESSAGE][PASSED] - Delayed 2 second(s)

2017-11-30 19:01:19 - [TEST_STEP][PASSED] - setText: Text '10' is set on object 'Object Repository/Equipment/EquipmentSales/EquipSalesOrderLines/EquipSalesOrder_Price'

2017-11-30 19:01:19 - [MESSAGE][PASSED] - Text '10' is set on object 'Object Repository/Equipment/EquipmentSales/EquipSalesOrderLines/EquipSalesOrder_Price'

2017-11-30 19:01:19 - [TEST_STEP][PASSED] - click: Object: 'Object Repository/Equipment/EquipmentSales/EquipSalesOrderLines/EquipSaleOrder_Save' is clicked on

2017-11-30 19:01:19 - [MESSAGE][PASSED] - Object: 'Object Repository/Equipment/EquipmentSales/EquipSalesOrderLines/EquipSaleOrder_Save' is clicked on

2017-11-30 19:01:19 - [TEST_STEP][NOT_RUN] - waitForElementPresent: NOT_RUN: waitForElementPresent

2017-11-30 19:01:19 - [MESSAGE][NOT_RUN] - NOT_RUN: waitForElementPresent

2017-11-30 19:01:19 - [TEST_STEP][NOT_RUN] - click: NOT_RUN: click

2017-11-30 19:01:19 - [MESSAGE][NOT_RUN] - NOT_RUN: click

2017-11-30 19:01:19 - [TEST_STEP][NOT_RUN] - click: NOT_RUN: click

2017-11-30 19:01:19 - [MESSAGE][NOT_RUN] - NOT_RUN: click

2017-11-30 19:01:19 - [TEST_STEP][PASSED] - delay: Delayed 2 second(s)

2017-11-30 19:01:21 - [MESSAGE][PASSED] - Delayed 2 second(s)

2017-11-30 19:01:21 - [TEST_STEP][PASSED] - click: Object: 'Object Repository/Equipment/EquipmentSales/EquipSalesOrderLines/EquipSaleOrder_SavenClose' is clicked on

2017-11-30 19:01:22 - [MESSAGE][PASSED] - Object: 'Object Repository/Equipment/EquipmentSales/EquipSalesOrderLines/EquipSaleOrder_SavenClose' is clicked on

2017-11-30 19:01:22 - [TEST_STEP][PASSED] - delay: Delayed 2 second(s)

2017-11-30 19:01:24 - [MESSAGE][PASSED] - Delayed 2 second(s)

2017-11-30 19:01:24 - [TEST_STEP][PASSED] - click: Object: 'Object Repository/Equipment/EquipmentSales/EquipmentSalesAgreementHeader/EquipSalesOrder_MMTsavenClose' is clicked on

2017-11-30 19:01:24 - [MESSAGE][PASSED] - Object: 'Object Repository/Equipment/EquipmentSales/EquipmentSalesAgreementHeader/EquipSalesOrder_MMTsavenClose' is clicked on

2017-11-30 19:01:24 - [MESSAGE][PASSED] - Call Test Case 'Test Cases/Equipment/Base_EquipmentSales/Base_EquipmentSalesAddLine' successfully

2017-11-30 19:01:24 - [TEST_STEP][PASSED] - callTestCase: Call Test Case 'Test Cases/Equipment/Base_EquipmentSales/Base_EquipSaleOrderProcessing' successfully

2017-11-30 19:01:24 - [TEST_CASE][PASSED] - Test Cases/Equipment/Base_EquipmentSales/Base_EquipSaleOrderProcessing: Test Cases/Equipment/Base_EquipmentSales/Base_EquipSaleOrderProcessing

2017-11-30 19:01:24 - [TEST_STEP][PASSED] - click: Object: 'Object Repository/Equipment/EquipmentSales/EquipmentSalesAgreementHeader/EquipSalesOrder_Action' is clicked on

2017-11-30 19:01:25 - [MESSAGE][PASSED] - Object: 'Object Repository/Equipment/EquipmentSales/EquipmentSalesAgreementHeader/EquipSalesOrder_Action' is clicked on

2017-11-30 19:01:25 - [TEST_STEP][PASSED] - delay: Delayed 2 second(s)

2017-11-30 19:01:27 - [MESSAGE][PASSED] - Delayed 2 second(s)

2017-11-30 19:01:27 - [TEST_STEP][PASSED] - click: Object: 'Object Repository/Equipment/EquipmentSales/EquipSalesOrder_Process/EquipSalesOrder_SendForApproval' is clicked on

2017-11-30 19:01:27 - [MESSAGE][PASSED] - Object: 'Object Repository/Equipment/EquipmentSales/EquipSalesOrder_Process/EquipSalesOrder_SendForApproval' is clicked on

2017-11-30 19:01:27 - [TEST_STEP][PASSED] - delay: Delayed 2 second(s)

2017-11-30 19:01:29 - [MESSAGE][PASSED] - Delayed 2 second(s)

2017-11-30 19:01:29 - [TEST_STEP][PASSED] - verifyElementText: Actual text and expected text of test object 'Object Repository/Equipment/EquipmentSales/EquipSalesOrder_Process/EquipSalesOrder_Status' are matched.

2017-11-30 19:01:29 - [MESSAGE][PASSED] - Actual text and expected text of test object 'Object Repository/Equipment/EquipmentSales/EquipSalesOrder_Process/EquipSalesOrder_Status' are matched.

2017-11-30 19:01:29 - [TEST_STEP][PASSED] - click: Object: 'Object Repository/Equipment/EquipmentSales/EquipmentSalesAgreementHeader/EquipSalesOrder_Action' is clicked on

2017-11-30 19:01:29 - [MESSAGE][PASSED] - Object: 'Object Repository/Equipment/EquipmentSales/EquipmentSalesAgreementHeader/EquipSalesOrder_Action' is clicked on

2017-11-30 19:01:29 - [TEST_STEP][PASSED] - delay: Delayed 2 second(s)

2017-11-30 19:01:31 - [MESSAGE][PASSED] - Delayed 2 second(s)

2017-11-30 19:01:31 - [TEST_STEP][PASSED] - click: Object: 'Object Repository/Equipment/EquipmentSales/EquipSalesOrder_Process/EquipSalesOrder_Action_Approve' is clicked on

2017-11-30 19:01:31 - [MESSAGE][PASSED] - Object: 'Object Repository/Equipment/EquipmentSales/EquipSalesOrder_Process/EquipSalesOrder_Action_Approve' is clicked on

2017-11-30 19:01:31 - [TEST_STEP][PASSED] - delay: Delayed 2 second(s)

2017-11-30 19:01:33 - [MESSAGE][PASSED] - Delayed 2 second(s)

2017-11-30 19:01:33 - [TEST_STEP][PASSED] - click: Object: 'Object Repository/Equipment/EquipmentSales/EquipmentSalesAgreementHeader/EquipSalesOrder_Action' is clicked on

2017-11-30 19:01:34 - [MESSAGE][PASSED] - Object: 'Object Repository/Equipment/EquipmentSales/EquipmentSalesAgreementHeader/EquipSalesOrder_Action' is clicked on

2017-11-30 19:01:34 - [TEST_STEP][PASSED] - delay: Delayed 2 second(s)

2017-11-30 19:01:36 - [MESSAGE][PASSED] - Delayed 2 second(s)

2017-11-30 19:01:36 - [TEST_STEP][PASSED] - verifyElementText: Actual text and expected text of test object 'Object Repository/Equipment/EquipmentSales/EquipSalesOrder_Process/EquipSalesOrder_Status' are matched.

2017-11-30 19:01:36 - [MESSAGE][PASSED] - Actual text and expected text of test object 'Object Repository/Equipment/EquipmentSales/EquipSalesOrder_Process/EquipSalesOrder_Status' are matched.

2017-11-30 19:01:36 - [TEST_STEP][PASSED] - delay: Delayed 2 second(s)

2017-11-30 19:01:38 - [MESSAGE][PASSED] - Delayed 2 second(s)

2017-11-30 19:01:38 - [TEST_STEP][PASSED] - click: Object: 'Object Repository/Equipment/EquipmentSales/EquipmentSalesAgreementHeader/ESO_Header_Print' is clicked on

2017-11-30 19:01:38 - [MESSAGE][PASSED] - Object: 'Object Repository/Equipment/EquipmentSales/EquipmentSalesAgreementHeader/ESO_Header_Print' is clicked on

2017-11-30 19:01:38 - [TEST_STEP][PASSED] - delay: Delayed 2 second(s)

2017-11-30 19:01:40 - [MESSAGE][PASSED] - Delayed 2 second(s)

2017-11-30 19:01:40 - [TEST_STEP][PASSED] - click: Object: 'Object Repository/Equipment/EquipmentSales/EquipmentSalesAgreementHeader/ESO_Header_Print_FinalPrint' is clicked on

2017-11-30 19:01:41 - [MESSAGE][PASSED] - Object: 'Object Repository/Equipment/EquipmentSales/EquipmentSalesAgreementHeader/ESO_Header_Print_FinalPrint' is clicked on

2017-11-30 19:01:41 - [TEST_STEP][PASSED] - delay: Delayed 2 second(s)

2017-11-30 19:01:43 - [MESSAGE][PASSED] - Delayed 2 second(s)

2017-11-30 19:01:43 - [TEST_STEP][PASSED] - click: Object: 'Object Repository/Equipment/EquipmentSales/EquipmentSalesAgreementHeader/ESO_Header_Print_Print' is clicked on

2017-11-30 19:01:43 - [MESSAGE][PASSED] - Object: 'Object Repository/Equipment/EquipmentSales/EquipmentSalesAgreementHeader/ESO_Header_Print_Print' is clicked on

2017-11-30 19:01:43 - [TEST_STEP][PASSED] - click: Object: 'Object Repository/Equipment/EquipmentSales/EquipmentSalesAgreementHeader/ESO_Header_Print_ESOOK' is clicked on

2017-11-30 19:01:44 - [MESSAGE][PASSED] - Object: 'Object Repository/Equipment/EquipmentSales/EquipmentSalesAgreementHeader/ESO_Header_Print_ESOOK' is clicked on

2017-11-30 19:01:44 - [TEST_STEP][PASSED] - delay: Delayed 2 second(s)

2017-11-30 19:01:45 - [MESSAGE][PASSED] - Delayed 2 second(s)

2017-11-30 19:01:45 - [TEST_STEP][PASSED] - click: Object: 'Object Repository/Equipment/EquipmentSales/EquipmentSalesAgreementHeader/ESO_Print_Device' is clicked on

2017-11-30 19:01:47 - [MESSAGE][PASSED] - Object: 'Object Repository/Equipment/EquipmentSales/EquipmentSalesAgreementHeader/ESO_Print_Device' is clicked on

2017-11-30 19:01:47 - [TEST_STEP][PASSED] - delay: Delayed 2 second(s)

2017-11-30 19:01:49 - [MESSAGE][PASSED] - Delayed 2 second(s)

2017-11-30 19:01:49 - [TEST_STEP][PASSED] - setText: Text 'D' is set on object 'Object Repository/Equipment/EquipmentSales/EquipmentSalesAgreementHeader/ESO_Print_Device'

2017-11-30 19:01:49 - [MESSAGE][PASSED] - Text 'D' is set on object 'Object Repository/Equipment/EquipmentSales/EquipmentSalesAgreementHeader/ESO_Print_Device'

2017-11-30 19:01:49 - [TEST_STEP][PASSED] - click: Object: 'Object Repository/Equipment/EquipmentSales/EquipmentSalesAgreementHeader/ESO_Header_Print_Continue' is clicked on

2017-11-30 19:01:50 - [MESSAGE][PASSED] - Object: 'Object Repository/Equipment/EquipmentSales/EquipmentSalesAgreementHeader/ESO_Header_Print_Continue' is clicked on

2017-11-30 19:01:50 - [TEST_STEP][PASSED] - delay: Delayed 3 second(s)

2017-11-30 19:01:52 - [MESSAGE][PASSED] - Delayed 3 second(s)

2017-11-30 19:01:52 - [TEST_STEP][PASSED] - click: Object: 'Object Repository/Equipment/EquipmentSales/EquipmentSalesAgreementHeader/ESO_Tab' is clicked on

2017-11-30 19:01:53 - [MESSAGE][PASSED] - Object: 'Object Repository/Equipment/EquipmentSales/EquipmentSalesAgreementHeader/ESO_Tab' is clicked on

2017-11-30 19:01:53 - [TEST_STEP][PASSED] - click: Object: 'Object Repository/Equipment/EquipmentSales/EquipmentSalesAgreementHeader/ESO_Print_Close' is clicked on

2017-11-30 19:01:53 - [MESSAGE][PASSED] - Object: 'Object Repository/Equipment/EquipmentSales/EquipmentSalesAgreementHeader/ESO_Print_Close' is clicked on

2017-11-30 19:01:53 - [TEST_STEP][PASSED] - delay: Delayed 3 second(s)

2017-11-30 19:01:56 - [MESSAGE][PASSED] - Delayed 3 second(s)

2017-11-30 19:01:56 - [TEST_STEP][PASSED] - click: Object: 'Object Repository/Equipment/EquipmentSales/EquipmentSalesAgreementHeader/EquipSalesOrder_Action' is clicked on

2017-11-30 19:01:56 - [MESSAGE][PASSED] - Object: 'Object Repository/Equipment/EquipmentSales/EquipmentSalesAgreementHeader/EquipSalesOrder_Action' is clicked on

2017-11-30 19:01:56 - [TEST_STEP][PASSED] - click: Object: 'Object Repository/Equipment/EquipmentSales/EquipmentSalesAgreementHeader/ESO_Header_Action_EquipmentDelivery' is clicked on

2017-11-30 19:01:57 - [MESSAGE][PASSED] - Object: 'Object Repository/Equipment/EquipmentSales/EquipmentSalesAgreementHeader/ESO_Header_Action_EquipmentDelivery' is clicked on

2017-11-30 19:01:57 - [TEST_STEP][PASSED] - waitForElementPresent: Object 'Object Repository/Equipment/EquipmentSales/EquipmentDelivery/ESO_Delivery_Agreement' is present

2017-11-30 19:01:58 - [MESSAGE][PASSED] - Object 'Object Repository/Equipment/EquipmentSales/EquipmentDelivery/ESO_Delivery_Agreement' is present

2017-11-30 19:01:58 - [TEST_STEP][PASSED] - doubleClick: Object: 'Object Repository/Equipment/EquipmentSales/EquipmentDelivery/ESO_Delivery_Agreement' is double clicked on

2017-11-30 19:01:59 - [MESSAGE][PASSED] - Object: 'Object Repository/Equipment/EquipmentSales/EquipmentDelivery/ESO_Delivery_Agreement' is double clicked on

2017-11-30 19:01:59 - [TEST_STEP][PASSED] - click: Object: 'Object Repository/Equipment/EquipmentSales/EquipmentDelivery/ESO_Delivery_Save' is clicked on

2017-11-30 19:01:59 - [MESSAGE][PASSED] - Object: 'Object Repository/Equipment/EquipmentSales/EquipmentDelivery/ESO_Delivery_Save' is clicked on

2017-11-30 19:01:59 - [TEST_STEP][PASSED] - delay: Delayed 3 second(s)

2017-11-30 19:02:02 - [MESSAGE][PASSED] - Delayed 3 second(s)

2017-11-30 19:02:02 - [TEST_STEP][PASSED] - click: Object: 'Object Repository/Equipment/EquipmentSales/EquipmentDelivery/ESO_Delivery_Action' is clicked on

2017-11-30 19:02:02 - [MESSAGE][PASSED] - Object: 'Object Repository/Equipment/EquipmentSales/EquipmentDelivery/ESO_Delivery_Action' is clicked on

2017-11-30 19:02:02 - [TEST_STEP][PASSED] - click: Object: 'Object Repository/Equipment/EquipmentSales/EquipmentDelivery/ESO_Delivery_Action_Line' is clicked on

2017-11-30 19:02:02 - [MESSAGE][PASSED] - Object: 'Object Repository/Equipment/EquipmentSales/EquipmentDelivery/ESO_Delivery_Action_Line' is clicked on

2017-11-30 19:02:02 - [TEST_STEP][PASSED] - waitForElementPresent: Object 'Object Repository/Equipment/EquipmentSales/EquipmentDelivery/ESO_DeliveryLine_New' is present

2017-11-30 19:02:04 - [MESSAGE][PASSED] - Object 'Object Repository/Equipment/EquipmentSales/EquipmentDelivery/ESO_DeliveryLine_New' is present

2017-11-30 19:02:04 - [TEST_STEP][PASSED] - click: Object: 'Object Repository/Equipment/EquipmentSales/EquipmentDelivery/ESO_DeliveryLine_New' is clicked on

2017-11-30 19:02:04 - [MESSAGE][PASSED] - Object: 'Object Repository/Equipment/EquipmentSales/EquipmentDelivery/ESO_DeliveryLine_New' is clicked on

2017-11-30 19:02:04 - [TEST_STEP][PASSED] - delay: Delayed 2 second(s)

2017-11-30 19:02:06 - [MESSAGE][PASSED] - Delayed 2 second(s)

2017-11-30 19:02:06 - [TEST_STEP][PASSED] - click: Object: 'Object Repository/Equipment/EquipmentSales/EquipmentDelivery/ESO_DeliveryLine_SelectLine' is clicked on

2017-11-30 19:02:06 - [MESSAGE][PASSED] - Object: 'Object Repository/Equipment/EquipmentSales/EquipmentDelivery/ESO_DeliveryLine_SelectLine' is clicked on

2017-11-30 19:02:06 - [TEST_STEP][PASSED] - delay: Delayed 2 second(s)

2017-11-30 19:02:08 - [MESSAGE][PASSED] - Delayed 2 second(s)

2017-11-30 19:02:08 - [TEST_STEP][PASSED] - click: Object: 'Object Repository/Equipment/EquipmentSales/EquipmentDelivery/ESO_SelectDeliveryLine_SaveNclose' is clicked on

2017-11-30 19:02:09 - [MESSAGE][PASSED] - Object: 'Object Repository/Equipment/EquipmentSales/EquipmentDelivery/ESO_SelectDeliveryLine_SaveNclose' is clicked on

2017-11-30 19:02:09 - [TEST_STEP][PASSED] - delay: Delayed 2 second(s)

2017-11-30 19:02:11 - [MESSAGE][PASSED] - Delayed 2 second(s)

2017-11-30 19:02:11 - [TEST_STEP][PASSED] - click: Object: 'Object Repository/Equipment/EquipmentSales/EquipmentDelivery/ESO_DeliveryLine_Action' is clicked on

2017-11-30 19:02:11 - [MESSAGE][PASSED] - Object: 'Object Repository/Equipment/EquipmentSales/EquipmentDelivery/ESO_DeliveryLine_Action' is clicked on

2017-11-30 19:02:11 - [TEST_STEP][PASSED] - click: Object: 'Object Repository/Equipment/EquipmentSales/EquipmentDelivery/ESO_Delivery_ActionConfirm' is clicked on

2017-11-30 19:02:11 - [MESSAGE][PASSED] - Object: 'Object Repository/Equipment/EquipmentSales/EquipmentDelivery/ESO_Delivery_ActionConfirm' is clicked on

2017-11-30 19:02:11 - [TEST_STEP][PASSED] - delay: Delayed 3 second(s)

2017-11-30 19:02:14 - [MESSAGE][PASSED] - Delayed 3 second(s)

2017-11-30 19:02:14 - [TEST_STEP][PASSED] - click: Object: 'Object Repository/Equipment/EquipmentSales/EquipmentDelivery/ESO_Delivery_ConfirmYes' is clicked on

2017-11-30 19:02:15 - [MESSAGE][PASSED] - Object: 'Object Repository/Equipment/EquipmentSales/EquipmentDelivery/ESO_Delivery_ConfirmYes' is clicked on

2017-11-30 19:02:15 - [TEST_STEP][PASSED] - delay: Delayed 5 second(s)

2017-11-30 19:02:20 - [MESSAGE][PASSED] - Delayed 5 second(s)

2017-11-30 19:02:20 - [TEST_STEP][NOT_RUN] - click: NOT_RUN: click

2017-11-30 19:02:20 - [MESSAGE][NOT_RUN] - NOT_RUN: click

2017-11-30 19:02:20 - [TEST_STEP][NOT_RUN] - delay: NOT_RUN: delay

2017-11-30 19:02:20 - [MESSAGE][NOT_RUN] - NOT_RUN: delay

2017-11-30 19:02:20 - [TEST_STEP][NOT_RUN] - click: NOT_RUN: click

2017-11-30 19:02:20 - [MESSAGE][NOT_RUN] - NOT_RUN: click

2017-11-30 19:02:20 - [TEST_STEP][NOT_RUN] - click: NOT_RUN: click

2017-11-30 19:02:20 - [MESSAGE][NOT_RUN] - NOT_RUN: click

2017-11-30 19:02:20 - [TEST_STEP][NOT_RUN] - sendKeys: NOT_RUN: sendKeys

2017-11-30 19:02:20 - [MESSAGE][NOT_RUN] - NOT_RUN: sendKeys

2017-11-30 19:02:20 - [TEST_STEP][NOT_RUN] - delay: NOT_RUN: delay

2017-11-30 19:02:20 - [MESSAGE][NOT_RUN] - NOT_RUN: delay

2017-11-30 19:02:20 - [TEST_STEP][PASSED] - sendKeys: Keys 'D' sent to object: 'Object Repository/Equipment/EquipmentSales/EquipmentDelivery/ESO_Delivery_Device'

2017-11-30 19:02:20 - [MESSAGE][PASSED] - Keys 'D' sent to object: 'Object Repository/Equipment/EquipmentSales/EquipmentDelivery/ESO_Delivery_Device'

2017-11-30 19:02:20 - [TEST_STEP][PASSED] - click: Object: 'Object Repository/Equipment/EquipmentSales/EquipmentDelivery/ESO_Delivery_printContinue' is clicked on

2017-11-30 19:02:20 - [MESSAGE][PASSED] - Object: 'Object Repository/Equipment/EquipmentSales/EquipmentDelivery/ESO_Delivery_printContinue' is clicked on

2017-11-30 19:02:20 - [TEST_STEP][PASSED] - delay: Delayed 5 second(s)

2017-11-30 19:02:25 - [MESSAGE][PASSED] - Delayed 5 second(s)

2017-11-30 19:02:25 - [MESSAGE][PASSED] - Call Test Case 'Test Cases/Equipment/Base_EquipmentSales/Base_EquipSaleOrderProcessing' successfully

2017-11-30 19:02:25 - [TEST_STEP][INCOMPLETE] - callTestCase: null

2017-11-30 19:02:25 - [TEST_CASE][INCOMPLETE] - Test Cases/Equipment/Base_EquipmentSales/Base_EquipSaleOrder_Invoice_cc: null

2017-11-30 19:02:26 - [TEST_STEP][PASSED] - delay: Delayed 5 second(s)

2017-11-30 19:02:31 - [MESSAGE][PASSED] - Delayed 5 second(s)

2017-11-30 19:02:31 - [TEST_STEP][PASSED] - click: Object: 'Object Repository/Equipment/EquipmentSales/EquipmentDelivery/ESO_EquipDeliveryTab' is clicked on

2017-11-30 19:02:31 - [MESSAGE][PASSED] - Object: 'Object Repository/Equipment/EquipmentSales/EquipmentDelivery/ESO_EquipDeliveryTab' is clicked on

2017-11-30 19:02:31 - [TEST_STEP][PASSED] - delay: Delayed 3 second(s)

2017-11-30 19:02:34 - [MESSAGE][PASSED] - Delayed 3 second(s)

2017-11-30 19:02:34 - [TEST_STEP][PASSED] - click: Object: 'Object Repository/Equipment/EquipmentSales/EquipmentDelivery/ESO_Delivery_Action' is clicked on

2017-11-30 19:02:34 - [MESSAGE][PASSED] - Object: 'Object Repository/Equipment/EquipmentSales/EquipmentDelivery/ESO_Delivery_Action' is clicked on

2017-11-30 19:02:34 - [TEST_STEP][PASSED] - click: Object: 'Object Repository/Equipment/EquipmentSales/EquipmentDelivery/ESO_Delivery_Action_SaleInvoice' is clicked on

2017-11-30 19:02:34 - [MESSAGE][PASSED] - Object: 'Object Repository/Equipment/EquipmentSales/EquipmentDelivery/ESO_Delivery_Action_SaleInvoice' is clicked on

2017-11-30 19:02:34 - [TEST_STEP][PASSED] - delay: Delayed 3 second(s)

2017-11-30 19:02:37 - [MESSAGE][PASSED] - Delayed 3 second(s)

2017-11-30 19:02:37 - [TEST_STEP][PASSED] - click: Object: 'Object Repository/Equipment/EquipmentSales/EquipmentSalesInvoiceCC/ESO_CC_ContinueInvoice' is clicked on

2017-11-30 19:02:38 - [MESSAGE][PASSED] - Object: 'Object Repository/Equipment/EquipmentSales/EquipmentSalesInvoiceCC/ESO_CC_ContinueInvoice' is clicked on

2017-11-30 19:02:38 - [TEST_STEP][PASSED] - delay: Delayed 2 second(s)

2017-11-30 19:02:40 - [MESSAGE][PASSED] - Delayed 2 second(s)

2017-11-30 19:02:40 - [TEST_STEP][PASSED] - sendKeys: Keys 'GLOBAL' sent to object: 'Object Repository/Equipment/EquipmentSales/EquipmentSalesInvoiceCC/CCInterface_PaymentGateway'

2017-11-30 19:02:40 - [MESSAGE][PASSED] - Keys 'GLOBAL' sent to object: 'Object Repository/Equipment/EquipmentSales/EquipmentSalesInvoiceCC/CCInterface_PaymentGateway'

2017-11-30 19:02:40 - [TEST_STEP][PASSED] - doubleClick: Object: 'Object Repository/Equipment/EquipmentSales/EquipmentSalesInvoiceCC/CCInterface_CardType' is double clicked on

2017-11-30 19:02:40 - [MESSAGE][PASSED] - Object: 'Object Repository/Equipment/EquipmentSales/EquipmentSalesInvoiceCC/CCInterface_CardType' is double clicked on

2017-11-30 19:02:40 - [TEST_STEP][PASSED] - delay: Delayed 2 second(s)

2017-11-30 19:02:42 - [MESSAGE][PASSED] - Delayed 2 second(s)

2017-11-30 19:02:42 - [TEST_STEP][PASSED] - sendKeys: Keys 'DEBIT MASTERCARD' sent to object: 'Object Repository/Equipment/EquipmentSales/EquipmentSalesInvoiceCC/CCInterface_CardType'

2017-11-30 19:02:42 - [MESSAGE][PASSED] - Keys 'DEBIT MASTERCARD' sent to object: 'Object Repository/Equipment/EquipmentSales/EquipmentSalesInvoiceCC/CCInterface_CardType'

2017-11-30 19:02:42 - [TEST_STEP][PASSED] - doubleClick: Object: 'Object Repository/Equipment/EquipmentSales/EquipmentSalesInvoiceCC/CCInterface_CardNo' is double clicked on

2017-11-30 19:02:43 - [MESSAGE][PASSED] - Object: 'Object Repository/Equipment/EquipmentSales/EquipmentSalesInvoiceCC/CCInterface_CardNo' is double clicked on

2017-11-30 19:02:43 - [TEST_STEP][PASSED] - delay: Delayed 2 second(s)

2017-11-30 19:02:45 - [MESSAGE][PASSED] - Delayed 2 second(s)

2017-11-30 19:02:45 - [TEST_STEP][PASSED] - sendKeys: Keys '5100270000000007' sent to object: 'Object Repository/Equipment/EquipmentSales/EquipmentSalesInvoiceCC/CCInterface_CardNo'

2017-11-30 19:02:45 - [MESSAGE][PASSED] - Keys '5100270000000007' sent to object: 'Object Repository/Equipment/EquipmentSales/EquipmentSalesInvoiceCC/CCInterface_CardNo'

2017-11-30 19:02:45 - [TEST_STEP][FAILED] - setText: Unable to set text '456' of object 'Object Repository/Equipment/EquipmentSales/EquipmentSalesInvoiceCC/CCInterface_CVV' (Root cause: com.kms.katalon.core.webui.exception.WebElementNotFoundException: Web element with id: 'Object Repository/Equipment/EquipmentSales/EquipmentSalesInvoiceCC/CCInterface_CVV' located by 'By.xpath: //*[@id = 'xiext6102m000-22-cvv.no-8-decorator']' not found)

2017-11-30 19:03:18 - [MESSAGE][FAILED] - Unable to set text '456' of object 'Object Repository/Equipment/EquipmentSales/EquipmentSalesInvoiceCC/CCInterface_CVV' (Root cause: com.kms.katalon.core.webui.exception.WebElementNotFoundException: Web element with id: 'Object Repository/Equipment/EquipmentSales/EquipmentSalesInvoiceCC/CCInterface_CVV' located by 'By.xpath: //*[@id = 'xiext6102m000-22-cvv.no-8-decorator']' not found)
[[ATTACHMENT|C:\\Users\\rgajbhiye\\git\\FlaglerCC\\Reports\\Flagler_EquipmentTestSuite\\20171130_185748\\1512048798081.png]]

2017-11-30 19:03:18 - [TEST_STEP][FAILED] - setText: Unable to set text '09' of object 'Object Repository/Equipment/EquipmentSales/EquipmentSalesInvoiceCC/CCInterface_MM' (Root cause: com.kms.katalon.core.webui.exception.WebElementNotFoundException: Web element with id: 'Object Repository/Equipment/EquipmentSales/EquipmentSalesInvoiceCC/CCInterface_MM' located by 'By.xpath: //*[@id = 'xiext6102m000-22-exp.month-10-decorator']' not found)

2017-11-30 19:03:51 - [MESSAGE][FAILED] - Unable to set text '09' of object 'Object Repository/Equipment/EquipmentSales/EquipmentSalesInvoiceCC/CCInterface_MM' (Root cause: com.kms.katalon.core.webui.exception.WebElementNotFoundException: Web element with id: 'Object Repository/Equipment/EquipmentSales/EquipmentSalesInvoiceCC/CCInterface_MM' located by 'By.xpath: //*[@id = 'xiext6102m000-22-exp.month-10-decorator']' not found)
[[ATTACHMENT|C:\\Users\\rgajbhiye\\git\\FlaglerCC\\Reports\\Flagler_EquipmentTestSuite\\20171130_185748\\1512048831019.png]]

2017-11-30 19:03:51 - [TEST_STEP][FAILED] - setText: Unable to set text '99' of object 'Object Repository/Equipment/EquipmentSales/EquipmentSalesInvoiceCC/CCInterface_YY' (Root cause: com.kms.katalon.core.webui.exception.WebElementNotFoundException: Web element with id: 'Object Repository/Equipment/EquipmentSales/EquipmentSalesInvoiceCC/CCInterface_YY' located by 'By.xpath: //*[@id = 'xiext6102m000-22-exp.year-11-decorator']' not found)

2017-11-30 19:04:24 - [MESSAGE][FAILED] - Unable to set text '99' of object 'Object Repository/Equipment/EquipmentSales/EquipmentSalesInvoiceCC/CCInterface_YY' (Root cause: com.kms.katalon.core.webui.exception.WebElementNotFoundException: Web element with id: 'Object Repository/Equipment/EquipmentSales/EquipmentSalesInvoiceCC/CCInterface_YY' located by 'By.xpath: //*[@id = 'xiext6102m000-22-exp.year-11-decorator']' not found)
[[ATTACHMENT|C:\\Users\\rgajbhiye\\git\\FlaglerCC\\Reports\\Flagler_EquipmentTestSuite\\20171130_185748\\1512048863970.png]]

2017-11-30 19:04:24 - [TEST_STEP][FAILED] - click: Unable to click on object 'Object Repository/Equipment/EquipmentSales/EquipmentSalesInvoiceCC/CCInterface_Process' (Root cause: org.openqa.selenium.WebDriverException: Element is not clickable at point (224, 123). Other element would receive the click: <div style="z-index: 1;" class="WindowManagerGlass"></div>
Command duration or timeout: 154 milliseconds
Build info: version: '2.53.0', revision: '35ae25b', time: '2016-03-15 17:00:58'
System info: host: 'EET-RG', ip: '192.168.25.107', os.name: 'Windows 7', os.arch: 'amd64', os.version: '6.1', java.version: '1.8.0_102'
Driver info: com.kms.katalon.selenium.driver.CFirefoxDriver
Capabilities [{applicationCacheEnabled=true, rotatable=false, handlesAlerts=true, databaseEnabled=true, version=43.0.1, platform=WINDOWS, nativeEvents=false, acceptSslCerts=true, webStorageEnabled=true, locationContextEnabled=true, browserName=firefox, takesScreenshot=true, javascriptEnabled=true, cssSelectorsEnabled=true}]
Session ID: c20085a6-9647-44ef-ab4a-a2ff3b99a0bd)

2017-11-30 19:04:24 - [MESSAGE][FAILED] - Unable to click on object 'Object Repository/Equipment/EquipmentSales/EquipmentSalesInvoiceCC/CCInterface_Process' (Root cause: org.openqa.selenium.WebDriverException: Element is not clickable at point (224, 123). Other element would receive the click: <div style="z-index: 1;" class="WindowManagerGlass"></div>
Command duration or timeout: 154 milliseconds
Build info: version: '2.53.0', revision: '35ae25b', time: '2016-03-15 17:00:58'
System info: host: 'EET-RG', ip: '192.168.25.107', os.name: 'Windows 7', os.arch: 'amd64', os.version: '6.1', java.version: '1.8.0_102'
Driver info: com.kms.katalon.selenium.driver.CFirefoxDriver
Capabilities [{applicationCacheEnabled=true, rotatable=false, handlesAlerts=true, databaseEnabled=true, version=43.0.1, platform=WINDOWS, nativeEvents=false, acceptSslCerts=true, webStorageEnabled=true, locationContextEnabled=true, browserName=firefox, takesScreenshot=true, javascriptEnabled=true, cssSelectorsEnabled=true}]
Session ID: c20085a6-9647-44ef-ab4a-a2ff3b99a0bd)
[[ATTACHMENT|C:\\Users\\rgajbhiye\\git\\FlaglerCC\\Reports\\Flagler_EquipmentTestSuite\\20171130_185748\\1512048864528.png]]

2017-11-30 19:04:24 - [TEST_STEP][PASSED] - delay: Delayed 100 second(s)

2017-11-30 19:06:04 - [MESSAGE][PASSED] - Delayed 100 second(s)

2017-11-30 19:06:04 - [TEST_STEP][INCOMPLETE] - waitForElementPresent: Finding web element with id: 'Object Repository/Equipment/EquipmentSales/EquipmentSalesInvoiceCC/EPO_Invoice_TextSelection' located by 'By.xpath: //*[@id = 'tdext8475m100-23-button-std-file.save_and_close']' in '20' second(s)]]></system-out>
         <system-err><![CDATA[2017-11-30 18:57:58 - [TEST_CASE][INCOMPLETE] - Test Cases/Equipment/CreditCardRegression/TC001_EquipmentSalesAgreement_DiffGateway: null]]></system-err>
      </testcase>
      <system-out><![CDATA[2017-11-30 18:57:58 - [TEST_SUITE][INCOMPLETE] - Flagler_EquipmentTestSuite: null]]></system-out>
      <system-err><![CDATA[2017-11-30 18:57:58 - [TEST_SUITE][INCOMPLETE] - Flagler_EquipmentTestSuite: null]]></system-err>
   </testsuite>
</testsuites>
