<?xml version="1.0" encoding="UTF-8"?>
<testsuites name="Flagler_ServiceInvoicediffGatewayTestSuite" time="270" tests="0" failures="0" errors="0">
   <testsuite name="Flagler_ServiceInvoicediffGatewayTestSuite" tests="0" failures="0" errors="0" time="270" timestamp="2017-12-04 17:01:20" hostname="agawhande - ANIL110.e-emphasys.com" id="Test Suites/Flagler_ServiceInvoicediffGatewayTestSuite">
      <properties>
         <property name="deviceName" value=""/>
         <property name="devicePlatform" value=""/>
         <property name="logFolder" value="C:\\Users\\agawhande\\git\\FlaglerCC\\Reports\\Flagler_ServiceInvoicediffGatewayTestSuite\\20171204_170112"/>
         <property name="logFiles" value="C:\\Users\\agawhande\\git\\FlaglerCC\\Reports\\Flagler_ServiceInvoicediffGatewayTestSuite\\20171204_170112\\execution0.log"/>
         <property name="attachments" value="C:\\Users\\agawhande\\git\\FlaglerCC\\Reports\\Flagler_ServiceInvoicediffGatewayTestSuite\\20171204_170112\\1512387326519.png"/>
         <property name="hostName" value="agawhande - ANIL110.e-emphasys.com"/>
         <property name="os" value="Windows 7 64bit"/>
         <property name="katalonVersion" value="4.8.0.2"/>
         <property name="browser" value="Firefox 56.0"/>
         <property name="hostAddress" value="192.168.25.228"/>
         <property name="sessionId" value="3a6d43fe-041a-41c3-8804-d8e3647b5980"/>
         <property name="seleniumVersion" value="unknown"/>
         <property name="proxyInformation" value="ProxyInformation{proxyOption=NO_PROXY, proxyServerType=, password=, proxyServerAddress=, proxyServerPort=0}"/>
         <property name="platform" value="Windows 7"/>
      </properties>
      <testcase name="Test Cases/Service/CreditCardRegression/TC001_ServiceInvoice_CCWithDiffGateway" classname="Test Cases/Service/CreditCardRegression/TC001_ServiceInvoice_CCWithDiffGateway" status="INCOMPLETE">
         <system-out><![CDATA[2017-12-04 17:01:20 - [TEST_CASE][INCOMPLETE] - Test Cases/Service/CreditCardRegression/TC001_ServiceInvoice_CCWithDiffGateway: null

2017-12-04 17:01:21 - [TEST_STEP][PASSED] - callTestCase: Call Test Case 'Test Cases/Service/BaseTestCases/Base_Service_CreateHeader' successfully

2017-12-04 17:01:21 - [TEST_CASE][PASSED] - Test Cases/Service/BaseTestCases/Base_Service_CreateHeader: Test Cases/Service/BaseTestCases/Base_Service_CreateHeader

2017-12-04 17:01:21 - [TEST_STEP][PASSED] - callTestCase: Call Test Case 'Test Cases/Common/Base_Common_OpenSession' successfully

2017-12-04 17:01:22 - [TEST_CASE][PASSED] - Test Cases/Common/Base_Common_OpenSession: Test Cases/Common/Base_Common_OpenSession

2017-12-04 17:01:22 - [TEST_STEP][PASSED] - openBrowser: Browser is opened with url: 'http://baan:3Xtend27$13@192.168.20.241:8312/webui/servlet/login'

2017-12-04 17:01:33 - [MESSAGE][PASSED] - Browser is opened with url: 'http://baan:3Xtend27$13@192.168.20.241:8312/webui/servlet/login'

2017-12-04 17:01:33 - [TEST_STEP][PASSED] - waitForPageLoad: Wait for page load successfully

2017-12-04 17:01:33 - [MESSAGE][PASSED] - Wait for page load successfully

2017-12-04 17:01:33 - [TEST_STEP][PASSED] - maximizeWindow: Current window maximized

2017-12-04 17:01:33 - [MESSAGE][PASSED] - Current window maximized

2017-12-04 17:01:33 - [TEST_STEP][PASSED] - click: Object: 'Object Repository/Common/HomePage/HomePage_more' is clicked on

2017-12-04 17:01:37 - [MESSAGE][PASSED] - Object: 'Object Repository/Common/HomePage/HomePage_more' is clicked on

2017-12-04 17:01:37 - [TEST_STEP][PASSED] - click: Object: 'Object Repository/Common/HomePage/HomePage_Option' is clicked on

2017-12-04 17:01:37 - [MESSAGE][PASSED] - Object: 'Object Repository/Common/HomePage/HomePage_Option' is clicked on

2017-12-04 17:01:37 - [TEST_STEP][PASSED] - click: Object: 'Object Repository/Common/HomePage/HomePage_RunProgram_' is clicked on

2017-12-04 17:01:38 - [MESSAGE][PASSED] - Object: 'Object Repository/Common/HomePage/HomePage_RunProgram_' is clicked on

2017-12-04 17:01:38 - [TEST_STEP][PASSED] - sendKeys: Keys 'tssoc2100m001' sent to object: 'Object Repository/Common/HomePage/HomePage_Session_ID'

2017-12-04 17:01:38 - [MESSAGE][PASSED] - Keys 'tssoc2100m001' sent to object: 'Object Repository/Common/HomePage/HomePage_Session_ID'

2017-12-04 17:01:38 - [TEST_STEP][PASSED] - click: Object: 'Object Repository/Common/HomePage/HomePage_OkButton' is clicked on

2017-12-04 17:01:38 - [MESSAGE][PASSED] - Object: 'Object Repository/Common/HomePage/HomePage_OkButton' is clicked on

2017-12-04 17:01:38 - [MESSAGE][PASSED] - Call Test Case 'Test Cases/Common/Base_Common_OpenSession' successfully

2017-12-04 17:01:38 - [TEST_STEP][PASSED] - click: Object: 'Object Repository/Service/ServiceOrder/ServiceOrderHeader/ServiceOrderHeader.Newbutton' is clicked on

2017-12-04 17:01:42 - [MESSAGE][PASSED] - Object: 'Object Repository/Service/ServiceOrder/ServiceOrderHeader/ServiceOrderHeader.Newbutton' is clicked on

2017-12-04 17:01:42 - [TEST_STEP][PASSED] - delay: Delayed 8 second(s)

2017-12-04 17:01:50 - [MESSAGE][PASSED] - Delayed 8 second(s)

2017-12-04 17:01:50 - [TEST_STEP][PASSED] - click: Object: 'Object Repository/Service/ServiceOrder/ServiceOrderHeader/ServiceOrderHeader.Customer' is clicked on

2017-12-04 17:01:50 - [MESSAGE][PASSED] - Object: 'Object Repository/Service/ServiceOrder/ServiceOrderHeader/ServiceOrderHeader.Customer' is clicked on

2017-12-04 17:01:50 - [TEST_STEP][PASSED] - delay: Delayed 2 second(s)

2017-12-04 17:01:52 - [MESSAGE][PASSED] - Delayed 2 second(s)

2017-12-04 17:01:52 - [TEST_STEP][PASSED] - sendKeys: Keys 'BP0009610' sent to object: 'Object Repository/Service/ServiceOrder/ServiceOrderHeader/ServiceOrderHeader.Customer'

2017-12-04 17:01:52 - [MESSAGE][PASSED] - Keys 'BP0009610' sent to object: 'Object Repository/Service/ServiceOrder/ServiceOrderHeader/ServiceOrderHeader.Customer'

2017-12-04 17:01:52 - [TEST_STEP][PASSED] - sendKeys: Keys '' sent to object: 'Object Repository/Service/ServiceOrder/ServiceOrderHeader/ServiceOrderHeader.Customer'

2017-12-04 17:01:52 - [MESSAGE][PASSED] - Keys '' sent to object: 'Object Repository/Service/ServiceOrder/ServiceOrderHeader/ServiceOrderHeader.Customer'

2017-12-04 17:01:52 - [TEST_STEP][PASSED] - delay: Delayed 3 second(s)

2017-12-04 17:01:55 - [MESSAGE][PASSED] - Delayed 3 second(s)

2017-12-04 17:01:55 - [TEST_STEP][PASSED] - click: Object: 'Object Repository/Service/ServiceOrder/ServiceOrderHeader/ServiceOrderHeader.Unit' is clicked on

2017-12-04 17:01:55 - [MESSAGE][PASSED] - Object: 'Object Repository/Service/ServiceOrder/ServiceOrderHeader/ServiceOrderHeader.Unit' is clicked on

2017-12-04 17:01:55 - [TEST_STEP][PASSED] - delay: Delayed 2 second(s)

2017-12-04 17:01:57 - [MESSAGE][PASSED] - Delayed 2 second(s)

2017-12-04 17:01:57 - [TEST_STEP][PASSED] - sendKeys: Keys 'EQ0128249' sent to object: 'Object Repository/Service/ServiceOrder/ServiceOrderHeader/ServiceOrderHeader.Unit'

2017-12-04 17:01:58 - [MESSAGE][PASSED] - Keys 'EQ0128249' sent to object: 'Object Repository/Service/ServiceOrder/ServiceOrderHeader/ServiceOrderHeader.Unit'

2017-12-04 17:01:58 - [TEST_STEP][PASSED] - delay: Delayed 5 second(s)

2017-12-04 17:02:03 - [MESSAGE][PASSED] - Delayed 5 second(s)

2017-12-04 17:02:03 - [TEST_STEP][PASSED] - click: Object: 'Object Repository/Service/ServiceOrder/ServiceOrderHeader/ServiceOrderHeader.Save' is clicked on

2017-12-04 17:02:03 - [MESSAGE][PASSED] - Object: 'Object Repository/Service/ServiceOrder/ServiceOrderHeader/ServiceOrderHeader.Save' is clicked on

2017-12-04 17:02:03 - [TEST_STEP][PASSED] - delay: Delayed 2 second(s)

2017-12-04 17:02:05 - [MESSAGE][PASSED] - Delayed 2 second(s)

2017-12-04 17:02:05 - [TEST_STEP][PASSED] - click: Object: 'Object Repository/Service/ServiceOrder/ServiceOrderHeader/ServiceOrderHeader.Warning' is clicked on

2017-12-04 17:02:05 - [MESSAGE][PASSED] - Object: 'Object Repository/Service/ServiceOrder/ServiceOrderHeader/ServiceOrderHeader.Warning' is clicked on

2017-12-04 17:02:05 - [TEST_STEP][PASSED] - delay: Delayed 3 second(s)

2017-12-04 17:02:08 - [MESSAGE][PASSED] - Delayed 3 second(s)

2017-12-04 17:02:08 - [TEST_STEP][PASSED] - click: Object: 'Object Repository/Service/ServiceOrder/ServiceOrderHeader/ServiceOrderHeader.PaymentMode' is clicked on

2017-12-04 17:02:08 - [MESSAGE][PASSED] - Object: 'Object Repository/Service/ServiceOrder/ServiceOrderHeader/ServiceOrderHeader.PaymentMode' is clicked on

2017-12-04 17:02:08 - [TEST_STEP][PASSED] - click: Object: 'Object Repository/Service/ServiceOrder/ServiceOrderHeader/ServiceOrderHeader.CreditCardoption' is clicked on

2017-12-04 17:02:08 - [MESSAGE][PASSED] - Object: 'Object Repository/Service/ServiceOrder/ServiceOrderHeader/ServiceOrderHeader.CreditCardoption' is clicked on

2017-12-04 17:02:08 - [TEST_STEP][PASSED] - delay: Delayed 5 second(s)

2017-12-04 17:02:13 - [MESSAGE][PASSED] - Delayed 5 second(s)

2017-12-04 17:02:13 - [TEST_STEP][NOT_RUN] - setText: NOT_RUN: setText

2017-12-04 17:02:13 - [MESSAGE][NOT_RUN] - NOT_RUN: setText

2017-12-04 17:02:13 - [TEST_STEP][PASSED] - click: Object: 'Object Repository/Service/ServiceOrder/ServiceOrderHeader/ServiceOrderHeader.Save' is clicked on

2017-12-04 17:02:14 - [MESSAGE][PASSED] - Object: 'Object Repository/Service/ServiceOrder/ServiceOrderHeader/ServiceOrderHeader.Save' is clicked on

2017-12-04 17:02:14 - [TEST_STEP][PASSED] - delay: Delayed 5 second(s)

2017-12-04 17:02:19 - [MESSAGE][PASSED] - Delayed 5 second(s)

2017-12-04 17:02:19 - [TEST_STEP][PASSED] - Statement - SWOOrderNo = com.kms.katalon.core.webui.keyword.WebUiBuiltInKeywords.getAttribute(com.kms.katalon.core.testobject.ObjectRepository.findTestObject(Service/ServiceOrder/ServiceOrderHeader/ServiceOrderHeader.OrderNo), "value"): Attribute 'value' of object 'Object Repository/Service/ServiceOrder/ServiceOrderHeader/ServiceOrderHeader.OrderNo' is: 'SWO011869'

2017-12-04 17:02:19 - [MESSAGE][PASSED] - Attribute 'value' of object 'Object Repository/Service/ServiceOrder/ServiceOrderHeader/ServiceOrderHeader.OrderNo' is: 'SWO011869'

2017-12-04 17:02:19 - [TEST_STEP][PASSED] - verifyNotEqual: Actual object 'SWO011869' and expected object '' are not equal

2017-12-04 17:02:19 - [MESSAGE][PASSED] - Actual object 'SWO011869' and expected object '' are not equal

2017-12-04 17:02:19 - [TEST_STEP][PASSED] - delay: Delayed 5 second(s)

2017-12-04 17:02:24 - [MESSAGE][PASSED] - Delayed 5 second(s)

2017-12-04 17:02:24 - [TEST_STEP][PASSED] - click: Object: 'Object Repository/Service/ServiceOrder/ServiceOrderHeader/ServiceOrderHeader.Actions' is clicked on

2017-12-04 17:02:24 - [MESSAGE][PASSED] - Object: 'Object Repository/Service/ServiceOrder/ServiceOrderHeader/ServiceOrderHeader.Actions' is clicked on

2017-12-04 17:02:24 - [TEST_STEP][PASSED] - delay: Delayed 3 second(s)

2017-12-04 17:02:27 - [MESSAGE][PASSED] - Delayed 3 second(s)

2017-12-04 17:02:27 - [TEST_STEP][PASSED] - click: Object: 'Object Repository/Service/ServiceOrder/ServiceOrderHeader/ServiceOrderHeader.Segments' is clicked on

2017-12-04 17:02:27 - [MESSAGE][PASSED] - Object: 'Object Repository/Service/ServiceOrder/ServiceOrderHeader/ServiceOrderHeader.Segments' is clicked on

2017-12-04 17:02:27 - [TEST_STEP][PASSED] - delay: Delayed 3 second(s)

2017-12-04 17:02:30 - [MESSAGE][PASSED] - Delayed 3 second(s)

2017-12-04 17:02:30 - [MESSAGE][PASSED] - Call Test Case 'Test Cases/Service/BaseTestCases/Base_Service_CreateHeader' successfully

2017-12-04 17:02:30 - [TEST_STEP][PASSED] - callTestCase: Call Test Case 'Test Cases/Service/BaseTestCases/Base_Service_AddSegment' successfully

2017-12-04 17:02:30 - [TEST_CASE][PASSED] - Test Cases/Service/BaseTestCases/Base_Service_AddSegment: Test Cases/Service/BaseTestCases/Base_Service_AddSegment

2017-12-04 17:02:31 - [TEST_STEP][PASSED] - click: Object: 'Object Repository/Service/ServiceOrder/ServiceOrderSegment/ServiceOrderSegment.ServiceType' is clicked on

2017-12-04 17:02:31 - [MESSAGE][PASSED] - Object: 'Object Repository/Service/ServiceOrder/ServiceOrderSegment/ServiceOrderSegment.ServiceType' is clicked on

2017-12-04 17:02:31 - [TEST_STEP][PASSED] - delay: Delayed 4 second(s)

2017-12-04 17:02:35 - [MESSAGE][PASSED] - Delayed 4 second(s)

2017-12-04 17:02:35 - [TEST_STEP][PASSED] - setText: Text 'ABC' is set on object 'Object Repository/Service/ServiceOrder/ServiceOrderSegment/ServiceOrderSegment.ServiceType'

2017-12-04 17:02:35 - [MESSAGE][PASSED] - Text 'ABC' is set on object 'Object Repository/Service/ServiceOrder/ServiceOrderSegment/ServiceOrderSegment.ServiceType'

2017-12-04 17:02:35 - [TEST_STEP][NOT_RUN] - sendKeys: NOT_RUN: sendKeys

2017-12-04 17:02:35 - [MESSAGE][NOT_RUN] - NOT_RUN: sendKeys

2017-12-04 17:02:35 - [TEST_STEP][PASSED] - delay: Delayed 3 second(s)

2017-12-04 17:02:38 - [MESSAGE][PASSED] - Delayed 3 second(s)

2017-12-04 17:02:38 - [TEST_STEP][PASSED] - click: Object: 'Object Repository/Service/ServiceOrder/ServiceOrderSegment/ServiceOrderSegment.OthersTab' is clicked on

2017-12-04 17:02:39 - [MESSAGE][PASSED] - Object: 'Object Repository/Service/ServiceOrder/ServiceOrderSegment/ServiceOrderSegment.OthersTab' is clicked on

2017-12-04 17:02:39 - [TEST_STEP][PASSED] - delay: Delayed 3 second(s)

2017-12-04 17:02:42 - [MESSAGE][PASSED] - Delayed 3 second(s)

2017-12-04 17:02:42 - [TEST_STEP][PASSED] - click: Object: 'Object Repository/Service/ServiceOrder/ServiceOrderSegment/ServiceOrderSegment.Priority' is clicked on

2017-12-04 17:02:42 - [MESSAGE][PASSED] - Object: 'Object Repository/Service/ServiceOrder/ServiceOrderSegment/ServiceOrderSegment.Priority' is clicked on

2017-12-04 17:02:42 - [TEST_STEP][PASSED] - delay: Delayed 3 second(s)

2017-12-04 17:02:45 - [MESSAGE][PASSED] - Delayed 3 second(s)

2017-12-04 17:02:45 - [TEST_STEP][PASSED] - sendKeys: Keys '1' sent to object: 'Object Repository/Service/ServiceOrder/ServiceOrderSegment/ServiceOrderSegment.Priority'

2017-12-04 17:02:45 - [MESSAGE][PASSED] - Keys '1' sent to object: 'Object Repository/Service/ServiceOrder/ServiceOrderSegment/ServiceOrderSegment.Priority'

2017-12-04 17:02:45 - [TEST_STEP][PASSED] - delay: Delayed 3 second(s)

2017-12-04 17:02:48 - [MESSAGE][PASSED] - Delayed 3 second(s)

2017-12-04 17:02:48 - [TEST_STEP][PASSED] - click: Object: 'Object Repository/Service/ServiceOrder/ServiceOrderSegment/ServiceOrderSegment.Save' is clicked on

2017-12-04 17:02:48 - [MESSAGE][PASSED] - Object: 'Object Repository/Service/ServiceOrder/ServiceOrderSegment/ServiceOrderSegment.Save' is clicked on

2017-12-04 17:02:48 - [TEST_STEP][PASSED] - delay: Delayed 10 second(s)

2017-12-04 17:02:58 - [MESSAGE][PASSED] - Delayed 10 second(s)

2017-12-04 17:02:58 - [TEST_STEP][PASSED] - click: Object: 'Object Repository/Service/ServiceOrder/ServiceOrderSegment/ServiceOrderSegment.Action' is clicked on

2017-12-04 17:02:59 - [MESSAGE][PASSED] - Object: 'Object Repository/Service/ServiceOrder/ServiceOrderSegment/ServiceOrderSegment.Action' is clicked on

2017-12-04 17:02:59 - [TEST_STEP][PASSED] - delay: Delayed 2 second(s)

2017-12-04 17:03:01 - [MESSAGE][PASSED] - Delayed 2 second(s)

2017-12-04 17:03:01 - [TEST_STEP][PASSED] - click: Object: 'Object Repository/Service/ServiceOrder/ServiceOrderSegment/ServiceOrderSegment.Release' is clicked on

2017-12-04 17:03:01 - [MESSAGE][PASSED] - Object: 'Object Repository/Service/ServiceOrder/ServiceOrderSegment/ServiceOrderSegment.Release' is clicked on

2017-12-04 17:03:01 - [TEST_STEP][PASSED] - delay: Delayed 5 second(s)

2017-12-04 17:03:06 - [MESSAGE][PASSED] - Delayed 5 second(s)

2017-12-04 17:03:06 - [TEST_STEP][NOT_RUN] - click: NOT_RUN: click

2017-12-04 17:03:06 - [MESSAGE][NOT_RUN] - NOT_RUN: click

2017-12-04 17:03:06 - [TEST_STEP][NOT_RUN] - click: NOT_RUN: click

2017-12-04 17:03:06 - [MESSAGE][NOT_RUN] - NOT_RUN: click

2017-12-04 17:03:06 - [TEST_STEP][NOT_RUN] - delay: NOT_RUN: delay

2017-12-04 17:03:06 - [MESSAGE][NOT_RUN] - NOT_RUN: delay

2017-12-04 17:03:06 - [TEST_STEP][NOT_RUN] - setText: NOT_RUN: setText

2017-12-04 17:03:06 - [MESSAGE][NOT_RUN] - NOT_RUN: setText

2017-12-04 17:03:06 - [TEST_STEP][NOT_RUN] - sendKeys: NOT_RUN: sendKeys

2017-12-04 17:03:06 - [MESSAGE][NOT_RUN] - NOT_RUN: sendKeys

2017-12-04 17:03:06 - [TEST_STEP][NOT_RUN] - delay: NOT_RUN: delay

2017-12-04 17:03:06 - [MESSAGE][NOT_RUN] - NOT_RUN: delay

2017-12-04 17:03:06 - [TEST_STEP][NOT_RUN] - click: NOT_RUN: click

2017-12-04 17:03:06 - [MESSAGE][NOT_RUN] - NOT_RUN: click

2017-12-04 17:03:06 - [TEST_STEP][NOT_RUN] - delay: NOT_RUN: delay

2017-12-04 17:03:06 - [MESSAGE][NOT_RUN] - NOT_RUN: delay

2017-12-04 17:03:06 - [TEST_STEP][PASSED] - click: Object: 'Object Repository/Service/ServiceOrder/ServiceOrderSegment/ServiceOrderSegment.Action' is clicked on

2017-12-04 17:03:06 - [MESSAGE][PASSED] - Object: 'Object Repository/Service/ServiceOrder/ServiceOrderSegment/ServiceOrderSegment.Action' is clicked on

2017-12-04 17:03:06 - [TEST_STEP][PASSED] - delay: Delayed 3 second(s)

2017-12-04 17:03:09 - [MESSAGE][PASSED] - Delayed 3 second(s)

2017-12-04 17:03:09 - [MESSAGE][PASSED] - Call Test Case 'Test Cases/Service/BaseTestCases/Base_Service_AddSegment' successfully

2017-12-04 17:03:09 - [TEST_STEP][PASSED] - callTestCase: Call Test Case 'Test Cases/Service/BaseTestCases/Base_Service_Add Others' successfully

2017-12-04 17:03:09 - [TEST_CASE][PASSED] - Test Cases/Service/BaseTestCases/Base_Service_Add Others: Test Cases/Service/BaseTestCases/Base_Service_Add Others

2017-12-04 17:03:09 - [TEST_STEP][PASSED] - click: Object: 'Object Repository/Service/ServiceOrder/ServiceOrderSegment/ServiceOrderSegment.Others' is clicked on

2017-12-04 17:03:10 - [MESSAGE][PASSED] - Object: 'Object Repository/Service/ServiceOrder/ServiceOrderSegment/ServiceOrderSegment.Others' is clicked on

2017-12-04 17:03:10 - [TEST_STEP][PASSED] - delay: Delayed 10 second(s)

2017-12-04 17:03:20 - [MESSAGE][PASSED] - Delayed 10 second(s)

2017-12-04 17:03:20 - [TEST_STEP][PASSED] - click: Object: 'Object Repository/Service/ServiceOrder/ServiceOrderSegment/ServiceOrderSegment.OthersNew' is clicked on

2017-12-04 17:03:20 - [MESSAGE][PASSED] - Object: 'Object Repository/Service/ServiceOrder/ServiceOrderSegment/ServiceOrderSegment.OthersNew' is clicked on

2017-12-04 17:03:20 - [TEST_STEP][PASSED] - delay: Delayed 5 second(s)

2017-12-04 17:03:25 - [MESSAGE][PASSED] - Delayed 5 second(s)

2017-12-04 17:03:25 - [TEST_STEP][PASSED] - click: Object: 'Object Repository/Service/ServiceOrder/ServiceOrderSegment/ServiceOrderSegment.OthersCostComp' is clicked on

2017-12-04 17:03:25 - [MESSAGE][PASSED] - Object: 'Object Repository/Service/ServiceOrder/ServiceOrderSegment/ServiceOrderSegment.OthersCostComp' is clicked on

2017-12-04 17:03:25 - [TEST_STEP][PASSED] - delay: Delayed 2 second(s)

2017-12-04 17:03:27 - [MESSAGE][PASSED] - Delayed 2 second(s)

2017-12-04 17:03:27 - [TEST_STEP][PASSED] - setText: Text 'MIL' is set on object 'Object Repository/Service/ServiceOrder/ServiceOrderSegment/ServiceOrderSegment.OthersCostComp'

2017-12-04 17:03:27 - [MESSAGE][PASSED] - Text 'MIL' is set on object 'Object Repository/Service/ServiceOrder/ServiceOrderSegment/ServiceOrderSegment.OthersCostComp'

2017-12-04 17:03:27 - [TEST_STEP][PASSED] - delay: Delayed 5 second(s)

2017-12-04 17:03:32 - [MESSAGE][PASSED] - Delayed 5 second(s)

2017-12-04 17:03:32 - [TEST_STEP][PASSED] - scrollToElement: Scroll to object 'Object Repository/Service/ServiceOrder/ServiceOrderSegment/ServiceOrderSegment.Actual Qty' successfully

2017-12-04 17:03:33 - [MESSAGE][PASSED] - Scroll to object 'Object Repository/Service/ServiceOrder/ServiceOrderSegment/ServiceOrderSegment.Actual Qty' successfully

2017-12-04 17:03:33 - [TEST_STEP][PASSED] - click: Object: 'Object Repository/Service/ServiceOrder/ServiceOrderSegment/ServiceOrderSegment.Actual Qty' is clicked on

2017-12-04 17:03:33 - [MESSAGE][PASSED] - Object: 'Object Repository/Service/ServiceOrder/ServiceOrderSegment/ServiceOrderSegment.Actual Qty' is clicked on

2017-12-04 17:03:33 - [TEST_STEP][PASSED] - delay: Delayed 2 second(s)

2017-12-04 17:03:35 - [MESSAGE][PASSED] - Delayed 2 second(s)

2017-12-04 17:03:35 - [TEST_STEP][PASSED] - sendKeys: Keys '2' sent to object: 'Object Repository/Service/ServiceOrder/ServiceOrderSegment/ServiceOrderSegment.Actual Qty'

2017-12-04 17:03:35 - [MESSAGE][PASSED] - Keys '2' sent to object: 'Object Repository/Service/ServiceOrder/ServiceOrderSegment/ServiceOrderSegment.Actual Qty'

2017-12-04 17:03:35 - [TEST_STEP][PASSED] - delay: Delayed 5 second(s)

2017-12-04 17:03:40 - [MESSAGE][PASSED] - Delayed 5 second(s)

2017-12-04 17:03:40 - [TEST_STEP][NOT_RUN] - click: NOT_RUN: click

2017-12-04 17:03:40 - [MESSAGE][NOT_RUN] - NOT_RUN: click

2017-12-04 17:03:40 - [TEST_STEP][PASSED] - click: Object: 'Object Repository/Service/ServiceOrder/ServiceOrderSegment/ServiceOrderSegmentOthers.SaveClose' is clicked on

2017-12-04 17:03:40 - [MESSAGE][PASSED] - Object: 'Object Repository/Service/ServiceOrder/ServiceOrderSegment/ServiceOrderSegmentOthers.SaveClose' is clicked on

2017-12-04 17:03:40 - [TEST_STEP][PASSED] - delay: Delayed 5 second(s)

2017-12-04 17:03:45 - [MESSAGE][PASSED] - Delayed 5 second(s)

2017-12-04 17:03:45 - [TEST_STEP][PASSED] - click: Object: 'Object Repository/Service/ServiceOrder/ServiceOrderSegment/ServiceOrderSegment.SaveClose' is clicked on

2017-12-04 17:03:45 - [MESSAGE][PASSED] - Object: 'Object Repository/Service/ServiceOrder/ServiceOrderSegment/ServiceOrderSegment.SaveClose' is clicked on

2017-12-04 17:03:45 - [MESSAGE][PASSED] - Call Test Case 'Test Cases/Service/BaseTestCases/Base_Service_Add Others' successfully

2017-12-04 17:03:45 - [TEST_STEP][PASSED] - callTestCase: Call Test Case 'Test Cases/Service/BaseTestCases/Base_Service_HeaderInvoice' successfully

2017-12-04 17:03:45 - [TEST_CASE][PASSED] - Test Cases/Service/BaseTestCases/Base_Service_HeaderInvoice: Test Cases/Service/BaseTestCases/Base_Service_HeaderInvoice

2017-12-04 17:03:46 - [TEST_STEP][PASSED] - delay: Delayed 5 second(s)

2017-12-04 17:03:51 - [MESSAGE][PASSED] - Delayed 5 second(s)

2017-12-04 17:03:51 - [TEST_STEP][PASSED] - click: Object: 'Object Repository/Service/ServiceOrder/ServiceOrderHeader/ServiceOrderHeader.Actions' is clicked on

2017-12-04 17:03:51 - [MESSAGE][PASSED] - Object: 'Object Repository/Service/ServiceOrder/ServiceOrderHeader/ServiceOrderHeader.Actions' is clicked on

2017-12-04 17:03:51 - [TEST_STEP][PASSED] - delay: Delayed 3 second(s)

2017-12-04 17:03:54 - [MESSAGE][PASSED] - Delayed 3 second(s)

2017-12-04 17:03:54 - [TEST_STEP][PASSED] - click: Object: 'Object Repository/Service/ServiceOrder/ServiceOrderHeader/ServiceOrderHeader.Costing' is clicked on

2017-12-04 17:03:54 - [MESSAGE][PASSED] - Object: 'Object Repository/Service/ServiceOrder/ServiceOrderHeader/ServiceOrderHeader.Costing' is clicked on

2017-12-04 17:03:54 - [TEST_STEP][PASSED] - delay: Delayed 5 second(s)

2017-12-04 17:03:59 - [MESSAGE][PASSED] - Delayed 5 second(s)

2017-12-04 17:03:59 - [TEST_STEP][NOT_RUN] - click: NOT_RUN: click

2017-12-04 17:03:59 - [MESSAGE][NOT_RUN] - NOT_RUN: click

2017-12-04 17:03:59 - [TEST_STEP][PASSED] - delay: Delayed 3 second(s)

2017-12-04 17:04:02 - [MESSAGE][PASSED] - Delayed 3 second(s)

2017-12-04 17:04:02 - [TEST_STEP][PASSED] - click: Object: 'Object Repository/Service/ServiceOrder/ServiceOrderHeader/ServiceOrderHeader.CostingProcessCont' is clicked on

2017-12-04 17:04:03 - [MESSAGE][PASSED] - Object: 'Object Repository/Service/ServiceOrder/ServiceOrderHeader/ServiceOrderHeader.CostingProcessCont' is clicked on

2017-12-04 17:04:03 - [TEST_STEP][PASSED] - delay: Delayed 3 second(s)

2017-12-04 17:04:06 - [MESSAGE][PASSED] - Delayed 3 second(s)

2017-12-04 17:04:06 - [TEST_STEP][PASSED] - click: Object: 'Object Repository/Service/ServiceOrder/ServiceOrderHeader/ServiceOrderHeader.InvoiceCont' is clicked on

2017-12-04 17:04:06 - [MESSAGE][PASSED] - Object: 'Object Repository/Service/ServiceOrder/ServiceOrderHeader/ServiceOrderHeader.InvoiceCont' is clicked on

2017-12-04 17:04:06 - [TEST_STEP][PASSED] - delay: Delayed 5 second(s)

2017-12-04 17:04:11 - [MESSAGE][PASSED] - Delayed 5 second(s)

2017-12-04 17:04:11 - [TEST_STEP][NOT_RUN] - waitForElementPresent: NOT_RUN: waitForElementPresent

2017-12-04 17:04:11 - [MESSAGE][NOT_RUN] - NOT_RUN: waitForElementPresent

2017-12-04 17:04:11 - [TEST_STEP][NOT_RUN] - doubleClick: NOT_RUN: doubleClick

2017-12-04 17:04:11 - [MESSAGE][NOT_RUN] - NOT_RUN: doubleClick

2017-12-04 17:04:11 - [TEST_STEP][NOT_RUN] - delay: NOT_RUN: delay

2017-12-04 17:04:11 - [MESSAGE][NOT_RUN] - NOT_RUN: delay

2017-12-04 17:04:11 - [TEST_STEP][NOT_RUN] - click: NOT_RUN: click

2017-12-04 17:04:11 - [MESSAGE][NOT_RUN] - NOT_RUN: click

2017-12-04 17:04:11 - [TEST_STEP][PASSED] - delay: Delayed 2 second(s)

2017-12-04 17:04:13 - [MESSAGE][PASSED] - Delayed 2 second(s)

2017-12-04 17:04:13 - [TEST_STEP][PASSED] - setText: Text 'GLOBAL' is set on object 'Object Repository/Service/ServiceOrder/ServiceCreditCard/ServiceCreditCard.PaymentGateway'

2017-12-04 17:04:13 - [MESSAGE][PASSED] - Text 'GLOBAL' is set on object 'Object Repository/Service/ServiceOrder/ServiceCreditCard/ServiceCreditCard.PaymentGateway'

2017-12-04 17:04:13 - [TEST_STEP][NOT_RUN] - sendKeys: NOT_RUN: sendKeys

2017-12-04 17:04:13 - [MESSAGE][NOT_RUN] - NOT_RUN: sendKeys

2017-12-04 17:04:13 - [TEST_STEP][PASSED] - doubleClick: Object: 'Object Repository/Service/ServiceOrder/ServiceCreditCard/ServiceCreditCard.CardType' is double clicked on

2017-12-04 17:04:13 - [MESSAGE][PASSED] - Object: 'Object Repository/Service/ServiceOrder/ServiceCreditCard/ServiceCreditCard.CardType' is double clicked on

2017-12-04 17:04:13 - [TEST_STEP][PASSED] - setText: Text 'DEBIT MASTERCARD' is set on object 'Object Repository/Service/ServiceOrder/ServiceCreditCard/ServiceCreditCard.CardType'

2017-12-04 17:04:14 - [MESSAGE][PASSED] - Text 'DEBIT MASTERCARD' is set on object 'Object Repository/Service/ServiceOrder/ServiceCreditCard/ServiceCreditCard.CardType'

2017-12-04 17:04:14 - [TEST_STEP][PASSED] - delay: Delayed 2 second(s)

2017-12-04 17:04:16 - [MESSAGE][PASSED] - Delayed 2 second(s)

2017-12-04 17:04:16 - [TEST_STEP][PASSED] - doubleClick: Object: 'Object Repository/Service/ServiceOrder/ServiceCreditCard/ServiceCreditCard.Enter CC No' is double clicked on

2017-12-04 17:04:16 - [MESSAGE][PASSED] - Object: 'Object Repository/Service/ServiceOrder/ServiceCreditCard/ServiceCreditCard.Enter CC No' is double clicked on

2017-12-04 17:04:16 - [TEST_STEP][PASSED] - delay: Delayed 3 second(s)

2017-12-04 17:04:19 - [MESSAGE][PASSED] - Delayed 3 second(s)

2017-12-04 17:04:19 - [TEST_STEP][PASSED] - sendKeys: Keys '5100270000000007' sent to object: 'Object Repository/Service/ServiceOrder/ServiceCreditCard/ServiceCreditCard.Enter CC No'

2017-12-04 17:04:19 - [MESSAGE][PASSED] - Keys '5100270000000007' sent to object: 'Object Repository/Service/ServiceOrder/ServiceCreditCard/ServiceCreditCard.Enter CC No'

2017-12-04 17:04:19 - [TEST_STEP][PASSED] - delay: Delayed 2 second(s)

2017-12-04 17:04:21 - [MESSAGE][PASSED] - Delayed 2 second(s)

2017-12-04 17:04:21 - [TEST_STEP][PASSED] - click: Object: 'Object Repository/Service/ServiceOrder/ServiceCreditCard/ServiceCreditCard.CVV2' is clicked on

2017-12-04 17:04:21 - [MESSAGE][PASSED] - Object: 'Object Repository/Service/ServiceOrder/ServiceCreditCard/ServiceCreditCard.CVV2' is clicked on

2017-12-04 17:04:21 - [TEST_STEP][PASSED] - delay: Delayed 3 second(s)

2017-12-04 17:04:24 - [MESSAGE][PASSED] - Delayed 3 second(s)

2017-12-04 17:04:24 - [TEST_STEP][PASSED] - sendKeys: Keys '865' sent to object: 'Object Repository/Service/ServiceOrder/ServiceCreditCard/ServiceCreditCard.CVV2'

2017-12-04 17:04:25 - [MESSAGE][PASSED] - Keys '865' sent to object: 'Object Repository/Service/ServiceOrder/ServiceCreditCard/ServiceCreditCard.CVV2'

2017-12-04 17:04:25 - [TEST_STEP][NOT_RUN] - sendKeys: NOT_RUN: sendKeys

2017-12-04 17:04:25 - [MESSAGE][NOT_RUN] - NOT_RUN: sendKeys

2017-12-04 17:04:25 - [TEST_STEP][NOT_RUN] - delay: NOT_RUN: delay

2017-12-04 17:04:25 - [MESSAGE][NOT_RUN] - NOT_RUN: delay

2017-12-04 17:04:25 - [TEST_STEP][PASSED] - delay: Delayed 3 second(s)

2017-12-04 17:04:28 - [MESSAGE][PASSED] - Delayed 3 second(s)

2017-12-04 17:04:28 - [TEST_STEP][PASSED] - sendKeys: Keys '09' sent to object: 'Object Repository/Service/ServiceOrder/ServiceCreditCard/ServiceCreditCard.ExpiryMonth'

2017-12-04 17:04:28 - [MESSAGE][PASSED] - Keys '09' sent to object: 'Object Repository/Service/ServiceOrder/ServiceCreditCard/ServiceCreditCard.ExpiryMonth'

2017-12-04 17:04:28 - [TEST_STEP][PASSED] - delay: Delayed 2 second(s)

2017-12-04 17:04:30 - [MESSAGE][PASSED] - Delayed 2 second(s)

2017-12-04 17:04:30 - [TEST_STEP][PASSED] - sendKeys: Keys '99' sent to object: 'Object Repository/Service/ServiceOrder/ServiceCreditCard/ServiceCreditCard.ExpiryYear'

2017-12-04 17:04:30 - [MESSAGE][PASSED] - Keys '99' sent to object: 'Object Repository/Service/ServiceOrder/ServiceCreditCard/ServiceCreditCard.ExpiryYear'

2017-12-04 17:04:30 - [TEST_STEP][PASSED] - delay: Delayed 2 second(s)

2017-12-04 17:04:32 - [MESSAGE][PASSED] - Delayed 2 second(s)

2017-12-04 17:04:32 - [TEST_STEP][PASSED] - click: Object: 'Object Repository/Service/ServiceOrder/ServiceCreditCard/ServiceCreditCard.Process' is clicked on

2017-12-04 17:04:32 - [MESSAGE][PASSED] - Object: 'Object Repository/Service/ServiceOrder/ServiceCreditCard/ServiceCreditCard.Process' is clicked on

2017-12-04 17:04:32 - [TEST_STEP][NOT_RUN] - delay: NOT_RUN: delay

2017-12-04 17:04:32 - [MESSAGE][NOT_RUN] - NOT_RUN: delay

2017-12-04 17:04:32 - [TEST_STEP][NOT_RUN] - click: NOT_RUN: click

2017-12-04 17:04:32 - [MESSAGE][NOT_RUN] - NOT_RUN: click

2017-12-04 17:04:32 - [TEST_STEP][PASSED] - delay: Delayed 10 second(s)

2017-12-04 17:04:42 - [MESSAGE][PASSED] - Delayed 10 second(s)

2017-12-04 17:04:42 - [TEST_STEP][PASSED] - click: Object: 'Object Repository/Service/ServiceOrder/ServiceCreditCard/ServiceCreditCard.PrintDevice' is clicked on

2017-12-04 17:04:42 - [MESSAGE][PASSED] - Object: 'Object Repository/Service/ServiceOrder/ServiceCreditCard/ServiceCreditCard.PrintDevice' is clicked on

2017-12-04 17:04:42 - [TEST_STEP][PASSED] - delay: Delayed 5 second(s)

2017-12-04 17:04:47 - [MESSAGE][PASSED] - Delayed 5 second(s)

2017-12-04 17:04:47 - [MESSAGE][PASSED] - Call Test Case 'Test Cases/Service/BaseTestCases/Base_Service_HeaderInvoice' successfully

2017-12-04 17:04:47 - [TEST_STEP][FAILED] - callTestCase: Unable to call Test Case with id 'Test Cases/Service/BaseTestCases/Base_Service_GetInvoice' (Root cause: Call Test Case 'Test Cases/Service/BaseTestCases/Base_Service_GetInvoice' failed)

2017-12-04 17:04:47 - [TEST_CASE][FAILED] - Test Cases/Service/BaseTestCases/Base_Service_GetInvoice: Test Cases/Service/BaseTestCases/Base_Service_GetInvoice FAILED because (of) Unable to get text of object 'Object Repository/Service/ServiceOrder/VerifyServiceOrderInvoice/ServiceOrderHeader.Invoice1' (Root cause: com.kms.katalon.core.webui.exception.WebElementNotFoundException: Web element with id: 'Object Repository/Service/ServiceOrder/VerifyServiceOrderInvoice/ServiceOrderHeader.Invoice1' located by 'By.xpath: //*[@id = 'cisli2555m001-7-grid-1-cisli255.ityp-2-0-widget']' not found)

2017-12-04 17:04:48 - [TEST_STEP][PASSED] - delay: Delayed 3 second(s)

2017-12-04 17:04:51 - [MESSAGE][PASSED] - Delayed 3 second(s)

2017-12-04 17:04:51 - [TEST_STEP][PASSED] - click: Object: 'Object Repository/Service/ServiceOrder/VerifyServiceOrderInvoice/ServiceorderHeader.HeaderSession' is clicked on

2017-12-04 17:04:51 - [MESSAGE][PASSED] - Object: 'Object Repository/Service/ServiceOrder/VerifyServiceOrderInvoice/ServiceorderHeader.HeaderSession' is clicked on

2017-12-04 17:04:51 - [TEST_STEP][PASSED] - click: Object: 'Object Repository/Service/ServiceOrder/VerifyServiceOrderInvoice/ServiceOrderHeader.InvoiceButton' is clicked on

2017-12-04 17:04:51 - [MESSAGE][PASSED] - Object: 'Object Repository/Service/ServiceOrder/VerifyServiceOrderInvoice/ServiceOrderHeader.InvoiceButton' is clicked on

2017-12-04 17:04:51 - [TEST_STEP][PASSED] - delay: Delayed 3 second(s)

2017-12-04 17:04:54 - [MESSAGE][PASSED] - Delayed 3 second(s)

2017-12-04 17:04:54 - [TEST_STEP][FAILED] - Statement - G_InvoiceTnxType = com.kms.katalon.core.webui.keyword.WebUiBuiltInKeywords.getText(com.kms.katalon.core.testobject.ObjectRepository.findTestObject(Service/ServiceOrder/VerifyServiceOrderInvoice/ServiceOrderHeader.Invoice1)): Unable to get text of object 'Object Repository/Service/ServiceOrder/VerifyServiceOrderInvoice/ServiceOrderHeader.Invoice1' (Root cause: com.kms.katalon.core.webui.exception.WebElementNotFoundException: Web element with id: 'Object Repository/Service/ServiceOrder/VerifyServiceOrderInvoice/ServiceOrderHeader.Invoice1' located by 'By.xpath: //*[@id = 'cisli2555m001-7-grid-1-cisli255.ityp-2-0-widget']' not found)

2017-12-04 17:05:26 - [MESSAGE][FAILED] - Unable to get text of object 'Object Repository/Service/ServiceOrder/VerifyServiceOrderInvoice/ServiceOrderHeader.Invoice1' (Root cause: com.kms.katalon.core.webui.exception.WebElementNotFoundException: Web element with id: 'Object Repository/Service/ServiceOrder/VerifyServiceOrderInvoice/ServiceOrderHeader.Invoice1' located by 'By.xpath: //*[@id = 'cisli2555m001-7-grid-1-cisli255.ityp-2-0-widget']' not found)
[[ATTACHMENT|C:\\Users\\agawhande\\git\\FlaglerCC\\Reports\\Flagler_ServiceInvoicediffGatewayTestSuite\\20171204_170112\\1512387326519.png]]

2017-12-04 17:05:26 - [MESSAGE][FAILED] - Unable to call Test Case with id 'Test Cases/Service/BaseTestCases/Base_Service_GetInvoice' (Root cause: Call Test Case 'Test Cases/Service/BaseTestCases/Base_Service_GetInvoice' failed)

2017-12-04 17:05:26 - [TEST_STEP][INCOMPLETE] - callTestCase: null

2017-12-04 17:05:26 - [TEST_CASE][INCOMPLETE] - Test Cases/Finance/BaseTestCases/Base_Finance_CheckOpenEntriesForCCInvoice1: null

2017-12-04 17:05:27 - [TEST_STEP][PASSED] - callTestCase: Call Test Case 'Test Cases/Common/Base_Common_OpenSession' successfully

2017-12-04 17:05:27 - [TEST_CASE][PASSED] - Test Cases/Common/Base_Common_OpenSession: Test Cases/Common/Base_Common_OpenSession

2017-12-04 17:05:27 - [TEST_STEP][PASSED] - openBrowser: Browser is opened with url: 'http://baan:3Xtend27$13@192.168.20.241:8312/webui/servlet/login'

2017-12-04 17:05:27 - [MESSAGE][WARNING] - A browser is already opened. Closing browser and opening a new one

2017-12-04 17:05:38 - [MESSAGE][PASSED] - Browser is opened with url: 'http://baan:3Xtend27$13@192.168.20.241:8312/webui/servlet/login'

2017-12-04 17:05:38 - [TEST_STEP][PASSED] - waitForPageLoad: Wait for page load successfully

2017-12-04 17:05:38 - [MESSAGE][PASSED] - Wait for page load successfully

2017-12-04 17:05:38 - [TEST_STEP][PASSED] - maximizeWindow: Current window maximized

2017-12-04 17:05:38 - [MESSAGE][PASSED] - Current window maximized

2017-12-04 17:05:38 - [TEST_STEP][PASSED] - click: Object: 'Object Repository/Common/HomePage/HomePage_more' is clicked on

2017-12-04 17:05:42 - [MESSAGE][PASSED] - Object: 'Object Repository/Common/HomePage/HomePage_more' is clicked on

2017-12-04 17:05:42 - [TEST_STEP][PASSED] - click: Object: 'Object Repository/Common/HomePage/HomePage_Option' is clicked on

2017-12-04 17:05:43 - [MESSAGE][PASSED] - Object: 'Object Repository/Common/HomePage/HomePage_Option' is clicked on

2017-12-04 17:05:43 - [TEST_STEP][PASSED] - click: Object: 'Object Repository/Common/HomePage/HomePage_RunProgram_' is clicked on

2017-12-04 17:05:43 - [MESSAGE][PASSED] - Object: 'Object Repository/Common/HomePage/HomePage_RunProgram_' is clicked on

2017-12-04 17:05:43 - [TEST_STEP][PASSED] - sendKeys: Keys 'tfacr2520m000' sent to object: 'Object Repository/Common/HomePage/HomePage_Session_ID'

2017-12-04 17:05:43 - [MESSAGE][PASSED] - Keys 'tfacr2520m000' sent to object: 'Object Repository/Common/HomePage/HomePage_Session_ID'

2017-12-04 17:05:43 - [TEST_STEP][PASSED] - click: Object: 'Object Repository/Common/HomePage/HomePage_OkButton' is clicked on

2017-12-04 17:05:43 - [MESSAGE][PASSED] - Object: 'Object Repository/Common/HomePage/HomePage_OkButton' is clicked on

2017-12-04 17:05:43 - [MESSAGE][PASSED] - Call Test Case 'Test Cases/Common/Base_Common_OpenSession' successfully

2017-12-04 17:05:43 - [TEST_STEP][PASSED] - click: Object: 'Object Repository/Finance/BaseTestCases_OpenEntries_Service/OpenEntries_DocumentType' is clicked on

2017-12-04 17:05:49 - [MESSAGE][PASSED] - Object: 'Object Repository/Finance/BaseTestCases_OpenEntries_Service/OpenEntries_DocumentType' is clicked on

2017-12-04 17:05:49 - [TEST_STEP][PASSED] - click: Object: 'Object Repository/Finance/BaseTestCases_OpenEntries_Service/OpenEntries_DocumentNo' is clicked on

2017-12-04 17:05:49 - [MESSAGE][PASSED] - Object: 'Object Repository/Finance/BaseTestCases_OpenEntries_Service/OpenEntries_DocumentNo' is clicked on

2017-12-04 17:05:49 - [TEST_STEP][PASSED] - setText: Text '' is set on object 'Object Repository/Finance/BaseTestCases_OpenEntries_Service/OpenEntries_DocumentType'

2017-12-04 17:05:50 - [MESSAGE][PASSED] - Text '' is set on object 'Object Repository/Finance/BaseTestCases_OpenEntries_Service/OpenEntries_DocumentType'

2017-12-04 17:05:50 - [TEST_STEP][NOT_RUN] - sendKeys: NOT_RUN: sendKeys

2017-12-04 17:05:50 - [MESSAGE][NOT_RUN] - NOT_RUN: sendKeys

2017-12-04 17:05:50 - [TEST_STEP][NOT_RUN] - delay: NOT_RUN: delay

2017-12-04 17:05:50 - [MESSAGE][NOT_RUN] - NOT_RUN: delay

2017-12-04 17:05:50 - [TEST_STEP][PASSED] - setText: Text '' is set on object 'Object Repository/Finance/BaseTestCases_OpenEntries_Service/OpenEntries_DocumentNo'

2017-12-04 17:05:50 - [MESSAGE][PASSED] - Text '' is set on object 'Object Repository/Finance/BaseTestCases_OpenEntries_Service/OpenEntries_DocumentNo'

2017-12-04 17:05:50 - [TEST_STEP][NOT_RUN] - delay: NOT_RUN: delay

2017-12-04 17:05:50 - [MESSAGE][NOT_RUN] - NOT_RUN: delay

2017-12-04 17:05:50 - [TEST_STEP][NOT_RUN] - sendKeys: NOT_RUN: sendKeys

2017-12-04 17:05:50 - [MESSAGE][NOT_RUN] - NOT_RUN: sendKeys

2017-12-04 17:05:50 - [TEST_STEP][PASSED] - click: Object: 'Object Repository/Finance/BaseTestCases_OpenEntries_Service/OpenEntries_Action' is clicked on

2017-12-04 17:05:50 - [MESSAGE][PASSED] - Object: 'Object Repository/Finance/BaseTestCases_OpenEntries_Service/OpenEntries_Action' is clicked on

2017-12-04 17:05:50 - [TEST_STEP][PASSED] - click: Object: 'Object Repository/Finance/BaseTestCases_OpenEntries_Service/OpenEntries.FullyPaid' is clicked on

2017-12-04 17:05:50 - [MESSAGE][PASSED] - Object: 'Object Repository/Finance/BaseTestCases_OpenEntries_Service/OpenEntries.FullyPaid' is clicked on

2017-12-04 17:05:50 - [TEST_STEP][INCOMPLETE] - delay: Delaying browser in 5 second(s)]]></system-out>
         <system-err><![CDATA[2017-12-04 17:01:20 - [TEST_CASE][INCOMPLETE] - Test Cases/Service/CreditCardRegression/TC001_ServiceInvoice_CCWithDiffGateway: null]]></system-err>
      </testcase>
      <system-out><![CDATA[2017-12-04 17:01:20 - [TEST_SUITE][INCOMPLETE] - Flagler_ServiceInvoicediffGatewayTestSuite: null]]></system-out>
      <system-err><![CDATA[2017-12-04 17:01:20 - [TEST_SUITE][INCOMPLETE] - Flagler_ServiceInvoicediffGatewayTestSuite: null]]></system-err>
   </testsuite>
</testsuites>
