<?xml version="1.0" encoding="UTF-8"?>
<testsuites name="Flagler_RentalTestSuite" time="242" tests="0" failures="0" errors="0">
   <testsuite name="Flagler_RentalTestSuite" tests="0" failures="0" errors="0" time="242" timestamp="2017-12-01 18:14:47" hostname="agawhande - ANIL110.e-emphasys.com" id="Test Suites/Flagler_RentalTestSuite">
      <properties>
         <property name="deviceName" value=""/>
         <property name="devicePlatform" value=""/>
         <property name="logFolder" value="C:\\Users\\agawhande\\git\\FlaglerCC\\Reports\\Flagler_RentalTestSuite\\20171201_181440"/>
         <property name="logFiles" value="C:\\Users\\agawhande\\git\\FlaglerCC\\Reports\\Flagler_RentalTestSuite\\20171201_181440\\execution0.log"/>
         <property name="attachments" value=""/>
         <property name="hostName" value="agawhande - ANIL110.e-emphasys.com"/>
         <property name="os" value="Windows 7 64bit"/>
         <property name="katalonVersion" value="4.8.0.2"/>
         <property name="browser" value="Firefox 56.0"/>
         <property name="hostAddress" value="192.168.25.228"/>
         <property name="sessionId" value="67a95303-23f4-42f7-ae40-f0d15df42d66"/>
         <property name="seleniumVersion" value="unknown"/>
         <property name="proxyInformation" value="ProxyInformation{proxyOption=NO_PROXY, proxyServerType=, password=, proxyServerAddress=, proxyServerPort=0}"/>
         <property name="platform" value="Windows 7"/>
      </properties>
      <testcase name="Test Cases/Rental/Base_RentalContract/CreditCardRegression/TC003_RentalContractInvoice_CC" classname="Test Cases/Rental/Base_RentalContract/CreditCardRegression/TC003_RentalContractInvoice_CC" status="INCOMPLETE">
         <system-out><![CDATA[2017-12-01 18:14:48 - [TEST_CASE][INCOMPLETE] - Test Cases/Rental/Base_RentalContract/CreditCardRegression/TC003_RentalContractInvoice_CC: null

2017-12-01 18:14:49 - [TEST_STEP][PASSED] - callTestCase: Call Test Case 'Test Cases/Equipment/Base_EquipmentPurchase/EPO_CreateNrecieve' successfully

2017-12-01 18:14:49 - [TEST_CASE][PASSED] - Test Cases/Equipment/Base_EquipmentPurchase/EPO_CreateNrecieve: Test Cases/Equipment/Base_EquipmentPurchase/EPO_CreateNrecieve

2017-12-01 18:14:49 - [TEST_STEP][PASSED] - callTestCase: Call Test Case 'Test Cases/Equipment/Base_EquipmentPurchase/Base_EPO_CreateHeaderNline' successfully

2017-12-01 18:14:49 - [TEST_CASE][PASSED] - Test Cases/Equipment/Base_EquipmentPurchase/Base_EPO_CreateHeaderNline: Test Cases/Equipment/Base_EquipmentPurchase/Base_EPO_CreateHeaderNline

2017-12-01 18:14:49 - [TEST_STEP][PASSED] - callTestCase: Call Test Case 'Test Cases/Common/Base_Common_OpenSession' successfully

2017-12-01 18:14:49 - [TEST_CASE][PASSED] - Test Cases/Common/Base_Common_OpenSession: Test Cases/Common/Base_Common_OpenSession

2017-12-01 18:14:50 - [TEST_STEP][PASSED] - openBrowser: Browser is opened with url: 'http://baan:3Xtend27$13@192.168.20.241:8312/webui/servlet/login'

2017-12-01 18:15:00 - [MESSAGE][PASSED] - Browser is opened with url: 'http://baan:3Xtend27$13@192.168.20.241:8312/webui/servlet/login'

2017-12-01 18:15:00 - [TEST_STEP][PASSED] - waitForPageLoad: Wait for page load successfully

2017-12-01 18:15:00 - [MESSAGE][PASSED] - Wait for page load successfully

2017-12-01 18:15:00 - [TEST_STEP][PASSED] - maximizeWindow: Current window maximized

2017-12-01 18:15:00 - [MESSAGE][PASSED] - Current window maximized

2017-12-01 18:15:00 - [TEST_STEP][PASSED] - click: Object: 'Object Repository/Common/HomePage/HomePage_more' is clicked on

2017-12-01 18:15:05 - [MESSAGE][PASSED] - Object: 'Object Repository/Common/HomePage/HomePage_more' is clicked on

2017-12-01 18:15:05 - [TEST_STEP][PASSED] - click: Object: 'Object Repository/Common/HomePage/HomePage_Option' is clicked on

2017-12-01 18:15:05 - [MESSAGE][PASSED] - Object: 'Object Repository/Common/HomePage/HomePage_Option' is clicked on

2017-12-01 18:15:05 - [TEST_STEP][PASSED] - click: Object: 'Object Repository/Common/HomePage/HomePage_RunProgram_' is clicked on

2017-12-01 18:15:05 - [MESSAGE][PASSED] - Object: 'Object Repository/Common/HomePage/HomePage_RunProgram_' is clicked on

2017-12-01 18:15:05 - [TEST_STEP][PASSED] - sendKeys: Keys 'tdext8150s000' sent to object: 'Object Repository/Common/HomePage/HomePage_Session_ID'

2017-12-01 18:15:05 - [MESSAGE][PASSED] - Keys 'tdext8150s000' sent to object: 'Object Repository/Common/HomePage/HomePage_Session_ID'

2017-12-01 18:15:05 - [TEST_STEP][PASSED] - click: Object: 'Object Repository/Common/HomePage/HomePage_OkButton' is clicked on

2017-12-01 18:15:06 - [MESSAGE][PASSED] - Object: 'Object Repository/Common/HomePage/HomePage_OkButton' is clicked on

2017-12-01 18:15:06 - [MESSAGE][PASSED] - Call Test Case 'Test Cases/Common/Base_Common_OpenSession' successfully

2017-12-01 18:15:06 - [TEST_STEP][PASSED] - waitForElementPresent: Object 'Object Repository/Equipment/EquipmentPurchase/EPO_Header/EPO_Header_New' is present

2017-12-01 18:15:08 - [MESSAGE][PASSED] - Object 'Object Repository/Equipment/EquipmentPurchase/EPO_Header/EPO_Header_New' is present

2017-12-01 18:15:08 - [TEST_STEP][PASSED] - click: Object: 'Object Repository/Equipment/EquipmentPurchase/EPO_Header/EPO_Header_New' is clicked on

2017-12-01 18:15:08 - [MESSAGE][PASSED] - Object: 'Object Repository/Equipment/EquipmentPurchase/EPO_Header/EPO_Header_New' is clicked on

2017-12-01 18:15:08 - [TEST_STEP][PASSED] - delay: Delayed 3 second(s)

2017-12-01 18:15:11 - [MESSAGE][PASSED] - Delayed 3 second(s)

2017-12-01 18:15:11 - [TEST_STEP][PASSED] - click: Object: 'Object Repository/Equipment/EquipmentPurchase/EPO_Header/EPO_Header_Customer' is clicked on

2017-12-01 18:15:12 - [MESSAGE][PASSED] - Object: 'Object Repository/Equipment/EquipmentPurchase/EPO_Header/EPO_Header_Customer' is clicked on

2017-12-01 18:15:12 - [TEST_STEP][PASSED] - setText: Text 'BP0009523' is set on object 'Object Repository/Equipment/EquipmentPurchase/EPO_Header/EPO_Header_Customer'

2017-12-01 18:15:12 - [MESSAGE][PASSED] - Text 'BP0009523' is set on object 'Object Repository/Equipment/EquipmentPurchase/EPO_Header/EPO_Header_Customer'

2017-12-01 18:15:12 - [TEST_STEP][PASSED] - click: Object: 'Object Repository/Equipment/EquipmentPurchase/EPO_Header/EPO_Header_Save' is clicked on

2017-12-01 18:15:12 - [MESSAGE][PASSED] - Object: 'Object Repository/Equipment/EquipmentPurchase/EPO_Header/EPO_Header_Save' is clicked on

2017-12-01 18:15:12 - [TEST_STEP][PASSED] - delay: Delayed 5 second(s)

2017-12-01 18:15:17 - [MESSAGE][PASSED] - Delayed 5 second(s)

2017-12-01 18:15:17 - [TEST_STEP][PASSED] - click: Object: 'Object Repository/Equipment/EquipmentPurchase/EPO_Header/EPO_Header_Action' is clicked on

2017-12-01 18:15:17 - [MESSAGE][PASSED] - Object: 'Object Repository/Equipment/EquipmentPurchase/EPO_Header/EPO_Header_Action' is clicked on

2017-12-01 18:15:17 - [TEST_STEP][PASSED] - click: Object: 'Object Repository/Equipment/EquipmentPurchase/EPO_Header/EPO_Header_Action_OrderLines' is clicked on

2017-12-01 18:15:17 - [MESSAGE][PASSED] - Object: 'Object Repository/Equipment/EquipmentPurchase/EPO_Header/EPO_Header_Action_OrderLines' is clicked on

2017-12-01 18:15:17 - [TEST_STEP][PASSED] - waitForElementPresent: Object 'Object Repository/Equipment/EquipmentPurchase/EPO_Line/EPO_MultiLine_New' is present

2017-12-01 18:15:19 - [MESSAGE][PASSED] - Object 'Object Repository/Equipment/EquipmentPurchase/EPO_Line/EPO_MultiLine_New' is present

2017-12-01 18:15:19 - [TEST_STEP][PASSED] - click: Object: 'Object Repository/Equipment/EquipmentPurchase/EPO_Line/EPO_MultiLine_New' is clicked on

2017-12-01 18:15:19 - [MESSAGE][PASSED] - Object: 'Object Repository/Equipment/EquipmentPurchase/EPO_Line/EPO_MultiLine_New' is clicked on

2017-12-01 18:15:19 - [TEST_STEP][PASSED] - waitForElementPresent: Object 'Object Repository/Equipment/EquipmentPurchase/EPO_Line/EPO_Line_Model' is present

2017-12-01 18:15:21 - [MESSAGE][PASSED] - Object 'Object Repository/Equipment/EquipmentPurchase/EPO_Line/EPO_Line_Model' is present

2017-12-01 18:15:21 - [TEST_STEP][PASSED] - doubleClick: Object: 'Object Repository/Equipment/EquipmentPurchase/EPO_Line/EPO_Line_Model' is double clicked on

2017-12-01 18:15:21 - [MESSAGE][PASSED] - Object: 'Object Repository/Equipment/EquipmentPurchase/EPO_Line/EPO_Line_Model' is double clicked on

2017-12-01 18:15:21 - [TEST_STEP][PASSED] - delay: Delayed 2 second(s)

2017-12-01 18:15:23 - [MESSAGE][PASSED] - Delayed 2 second(s)

2017-12-01 18:15:23 - [TEST_STEP][PASSED] - sendKeys: Keys '1042' sent to object: 'Object Repository/Equipment/EquipmentPurchase/EPO_Line/EPO_Line_Model'

2017-12-01 18:15:23 - [MESSAGE][PASSED] - Keys '1042' sent to object: 'Object Repository/Equipment/EquipmentPurchase/EPO_Line/EPO_Line_Model'

2017-12-01 18:15:23 - [TEST_STEP][PASSED] - delay: Delayed 2 second(s)

2017-12-01 18:15:25 - [MESSAGE][PASSED] - Delayed 2 second(s)

2017-12-01 18:15:25 - [TEST_STEP][PASSED] - click: Object: 'Object Repository/Equipment/EquipmentPurchase/EPO_Line/EPO_Line_NeworUsed' is clicked on

2017-12-01 18:15:26 - [MESSAGE][PASSED] - Object: 'Object Repository/Equipment/EquipmentPurchase/EPO_Line/EPO_Line_NeworUsed' is clicked on

2017-12-01 18:15:26 - [TEST_STEP][PASSED] - click: Object: 'Object Repository/Equipment/EquipmentPurchase/EPO_Line/EPO_Line_NewEquipOption' is clicked on

2017-12-01 18:15:26 - [MESSAGE][PASSED] - Object: 'Object Repository/Equipment/EquipmentPurchase/EPO_Line/EPO_Line_NewEquipOption' is clicked on

2017-12-01 18:15:26 - [TEST_STEP][PASSED] - click: Object: 'Object Repository/Equipment/EquipmentPurchase/EPO_Line/EPO_Line_PlannedDate' is clicked on

2017-12-01 18:15:26 - [MESSAGE][PASSED] - Object: 'Object Repository/Equipment/EquipmentPurchase/EPO_Line/EPO_Line_PlannedDate' is clicked on

2017-12-01 18:15:26 - [TEST_STEP][PASSED] - delay: Delayed 2 second(s)

2017-12-01 18:15:28 - [MESSAGE][PASSED] - Delayed 2 second(s)

2017-12-01 18:15:28 - [TEST_STEP][PASSED] - setText: Text '+10' is set on object 'Object Repository/Equipment/EquipmentPurchase/EPO_Line/EPO_Line_PlannedDate'

2017-12-01 18:15:28 - [MESSAGE][PASSED] - Text '+10' is set on object 'Object Repository/Equipment/EquipmentPurchase/EPO_Line/EPO_Line_PlannedDate'

2017-12-01 18:15:28 - [TEST_STEP][PASSED] - delay: Delayed 2 second(s)

2017-12-01 18:15:30 - [MESSAGE][PASSED] - Delayed 2 second(s)

2017-12-01 18:15:30 - [TEST_STEP][PASSED] - click: Object: 'Object Repository/Equipment/EquipmentPurchase/EPO_Line/EPO_Line_Price' is clicked on

2017-12-01 18:15:30 - [MESSAGE][PASSED] - Object: 'Object Repository/Equipment/EquipmentPurchase/EPO_Line/EPO_Line_Price' is clicked on

2017-12-01 18:15:30 - [TEST_STEP][PASSED] - delay: Delayed 2 second(s)

2017-12-01 18:15:32 - [MESSAGE][PASSED] - Delayed 2 second(s)

2017-12-01 18:15:32 - [TEST_STEP][PASSED] - sendKeys: Keys '100' sent to object: 'Object Repository/Equipment/EquipmentPurchase/EPO_Line/EPO_Line_Price'

2017-12-01 18:15:32 - [MESSAGE][PASSED] - Keys '100' sent to object: 'Object Repository/Equipment/EquipmentPurchase/EPO_Line/EPO_Line_Price'

2017-12-01 18:15:32 - [TEST_STEP][PASSED] - delay: Delayed 2 second(s)

2017-12-01 18:15:34 - [MESSAGE][PASSED] - Delayed 2 second(s)

2017-12-01 18:15:34 - [TEST_STEP][PASSED] - click: Object: 'Object Repository/Equipment/EquipmentPurchase/EPO_Line/EPO_Line_Save' is clicked on

2017-12-01 18:15:34 - [MESSAGE][PASSED] - Object: 'Object Repository/Equipment/EquipmentPurchase/EPO_Line/EPO_Line_Save' is clicked on

2017-12-01 18:15:34 - [TEST_STEP][NOT_RUN] - click: NOT_RUN: click

2017-12-01 18:15:34 - [MESSAGE][NOT_RUN] - NOT_RUN: click

2017-12-01 18:15:34 - [TEST_STEP][PASSED] - click: Object: 'Object Repository/Equipment/EquipmentPurchase/EPO_Line/EPO_Line_SaveNclose' is clicked on

2017-12-01 18:15:35 - [MESSAGE][PASSED] - Object: 'Object Repository/Equipment/EquipmentPurchase/EPO_Line/EPO_Line_SaveNclose' is clicked on

2017-12-01 18:15:35 - [TEST_STEP][PASSED] - delay: Delayed 2 second(s)

2017-12-01 18:15:37 - [MESSAGE][PASSED] - Delayed 2 second(s)

2017-12-01 18:15:37 - [TEST_STEP][PASSED] - click: Object: 'Object Repository/Equipment/EquipmentPurchase/EPO_Line/EPO_MultiLine_SavenClose' is clicked on

2017-12-01 18:15:37 - [MESSAGE][PASSED] - Object: 'Object Repository/Equipment/EquipmentPurchase/EPO_Line/EPO_MultiLine_SavenClose' is clicked on

2017-12-01 18:15:37 - [MESSAGE][PASSED] - Call Test Case 'Test Cases/Equipment/Base_EquipmentPurchase/Base_EPO_CreateHeaderNline' successfully

2017-12-01 18:15:37 - [TEST_STEP][PASSED] - callTestCase: Call Test Case 'Test Cases/Equipment/Base_EquipmentPurchase/Base_EPO_Reciept' successfully

2017-12-01 18:15:37 - [TEST_CASE][PASSED] - Test Cases/Equipment/Base_EquipmentPurchase/Base_EPO_Reciept: Test Cases/Equipment/Base_EquipmentPurchase/Base_EPO_Reciept

2017-12-01 18:15:37 - [TEST_STEP][PASSED] - delay: Delayed 2 second(s)

2017-12-01 18:15:39 - [MESSAGE][PASSED] - Delayed 2 second(s)

2017-12-01 18:15:39 - [TEST_STEP][PASSED] - click: Object: 'Object Repository/Equipment/EquipmentPurchase/EPO_Header/EPO_Header_Action' is clicked on

2017-12-01 18:15:39 - [MESSAGE][PASSED] - Object: 'Object Repository/Equipment/EquipmentPurchase/EPO_Header/EPO_Header_Action' is clicked on

2017-12-01 18:15:39 - [TEST_STEP][PASSED] - click: Object: 'Object Repository/Equipment/EquipmentPurchase/EPO_Header/EPO_Header_Action_SendForApproval' is clicked on

2017-12-01 18:15:39 - [MESSAGE][PASSED] - Object: 'Object Repository/Equipment/EquipmentPurchase/EPO_Header/EPO_Header_Action_SendForApproval' is clicked on

2017-12-01 18:15:39 - [TEST_STEP][PASSED] - delay: Delayed 5 second(s)

2017-12-01 18:15:44 - [MESSAGE][PASSED] - Delayed 5 second(s)

2017-12-01 18:15:44 - [TEST_STEP][PASSED] - click: Object: 'Object Repository/Equipment/EquipmentPurchase/EPO_Header/EPO_Header_Action' is clicked on

2017-12-01 18:15:45 - [MESSAGE][PASSED] - Object: 'Object Repository/Equipment/EquipmentPurchase/EPO_Header/EPO_Header_Action' is clicked on

2017-12-01 18:15:45 - [TEST_STEP][PASSED] - click: Object: 'Object Repository/Equipment/EquipmentPurchase/EPO_Header/EPO_Header_Apporve' is clicked on

2017-12-01 18:15:45 - [MESSAGE][PASSED] - Object: 'Object Repository/Equipment/EquipmentPurchase/EPO_Header/EPO_Header_Apporve' is clicked on

2017-12-01 18:15:45 - [TEST_STEP][PASSED] - delay: Delayed 5 second(s)

2017-12-01 18:15:50 - [MESSAGE][PASSED] - Delayed 5 second(s)

2017-12-01 18:15:50 - [TEST_STEP][PASSED] - click: Object: 'Object Repository/Equipment/EquipmentPurchase/EPO_Header/EPO_Header_Print' is clicked on

2017-12-01 18:15:50 - [MESSAGE][PASSED] - Object: 'Object Repository/Equipment/EquipmentPurchase/EPO_Header/EPO_Header_Print' is clicked on

2017-12-01 18:15:50 - [TEST_STEP][PASSED] - click: Object: 'Object Repository/Equipment/EquipmentPurchase/EPO_Header/EPO_Print_FinalPrint' is clicked on

2017-12-01 18:15:51 - [MESSAGE][PASSED] - Object: 'Object Repository/Equipment/EquipmentPurchase/EPO_Header/EPO_Print_FinalPrint' is clicked on

2017-12-01 18:15:51 - [TEST_STEP][PASSED] - click: Object: 'Object Repository/Equipment/EquipmentPurchase/EPO_Header/EPO_Print_PrintOption' is clicked on

2017-12-01 18:15:51 - [MESSAGE][PASSED] - Object: 'Object Repository/Equipment/EquipmentPurchase/EPO_Header/EPO_Print_PrintOption' is clicked on

2017-12-01 18:15:51 - [TEST_STEP][PASSED] - delay: Delayed 10 second(s)

2017-12-01 18:16:01 - [MESSAGE][PASSED] - Delayed 10 second(s)

2017-12-01 18:16:01 - [TEST_STEP][PASSED] - waitForElementVisible: Object 'Object Repository/Equipment/EquipmentPurchase/EPO_Header/EPO_Print_Device' is visible

2017-12-01 18:16:01 - [MESSAGE][PASSED] - Object 'Object Repository/Equipment/EquipmentPurchase/EPO_Header/EPO_Print_Device' is visible

2017-12-01 18:16:01 - [TEST_STEP][PASSED] - doubleClick: Object: 'Object Repository/Equipment/EquipmentPurchase/EPO_Header/EPO_Print_Device' is double clicked on

2017-12-01 18:16:01 - [MESSAGE][PASSED] - Object: 'Object Repository/Equipment/EquipmentPurchase/EPO_Header/EPO_Print_Device' is double clicked on

2017-12-01 18:16:01 - [TEST_STEP][PASSED] - delay: Delayed 2 second(s)

2017-12-01 18:16:03 - [MESSAGE][PASSED] - Delayed 2 second(s)

2017-12-01 18:16:03 - [TEST_STEP][PASSED] - sendKeys: Keys 'D' sent to object: 'Object Repository/Equipment/EquipmentPurchase/EPO_Header/EPO_Print_Device'

2017-12-01 18:16:03 - [MESSAGE][PASSED] - Keys 'D' sent to object: 'Object Repository/Equipment/EquipmentPurchase/EPO_Header/EPO_Print_Device'

2017-12-01 18:16:03 - [TEST_STEP][PASSED] - click: Object: 'Object Repository/Equipment/EquipmentPurchase/EPO_Header/EPO_Print_Continue' is clicked on

2017-12-01 18:16:04 - [MESSAGE][PASSED] - Object: 'Object Repository/Equipment/EquipmentPurchase/EPO_Header/EPO_Print_Continue' is clicked on

2017-12-01 18:16:04 - [TEST_STEP][PASSED] - delay: Delayed 5 second(s)

2017-12-01 18:16:09 - [MESSAGE][PASSED] - Delayed 5 second(s)

2017-12-01 18:16:09 - [TEST_STEP][PASSED] - click: Object: 'Object Repository/Equipment/EquipmentPurchase/EPO_Header/EPO_Header_EPOtab' is clicked on

2017-12-01 18:16:09 - [MESSAGE][PASSED] - Object: 'Object Repository/Equipment/EquipmentPurchase/EPO_Header/EPO_Header_EPOtab' is clicked on

2017-12-01 18:16:09 - [TEST_STEP][PASSED] - delay: Delayed 2 second(s)

2017-12-01 18:16:11 - [MESSAGE][PASSED] - Delayed 2 second(s)

2017-12-01 18:16:11 - [TEST_STEP][PASSED] - click: Object: 'Object Repository/Equipment/EquipmentPurchase/EPO_Header/EPO_Print_Close' is clicked on

2017-12-01 18:16:11 - [MESSAGE][PASSED] - Object: 'Object Repository/Equipment/EquipmentPurchase/EPO_Header/EPO_Print_Close' is clicked on

2017-12-01 18:16:11 - [TEST_STEP][PASSED] - delay: Delayed 3 second(s)

2017-12-01 18:16:14 - [MESSAGE][PASSED] - Delayed 3 second(s)

2017-12-01 18:16:14 - [TEST_STEP][PASSED] - click: Object: 'Object Repository/Equipment/EquipmentPurchase/EPO_Header/EPO_Header_Action' is clicked on

2017-12-01 18:16:14 - [MESSAGE][PASSED] - Object: 'Object Repository/Equipment/EquipmentPurchase/EPO_Header/EPO_Header_Action' is clicked on

2017-12-01 18:16:14 - [TEST_STEP][PASSED] - click: Object: 'Object Repository/Equipment/EquipmentPurchase/EPO_Header/EPO_Action_Reciept' is clicked on

2017-12-01 18:16:14 - [MESSAGE][PASSED] - Object: 'Object Repository/Equipment/EquipmentPurchase/EPO_Header/EPO_Action_Reciept' is clicked on

2017-12-01 18:16:14 - [TEST_STEP][PASSED] - waitForElementPresent: Object 'Object Repository/Equipment/EquipmentPurchase/EPO_Receipt/EPO_Reciept_Save' is present

2017-12-01 18:16:16 - [MESSAGE][PASSED] - Object 'Object Repository/Equipment/EquipmentPurchase/EPO_Receipt/EPO_Reciept_Save' is present

2017-12-01 18:16:16 - [TEST_STEP][PASSED] - click: Object: 'Object Repository/Equipment/EquipmentPurchase/EPO_Receipt/EPO_Reciept_Save' is clicked on

2017-12-01 18:16:17 - [MESSAGE][PASSED] - Object: 'Object Repository/Equipment/EquipmentPurchase/EPO_Receipt/EPO_Reciept_Save' is clicked on

2017-12-01 18:16:17 - [TEST_STEP][PASSED] - delay: Delayed 3 second(s)

2017-12-01 18:16:20 - [MESSAGE][PASSED] - Delayed 3 second(s)

2017-12-01 18:16:20 - [TEST_STEP][PASSED] - click: Object: 'Object Repository/Equipment/EquipmentPurchase/EPO_Receipt/EPO_Receipt_Action' is clicked on

2017-12-01 18:16:20 - [MESSAGE][PASSED] - Object: 'Object Repository/Equipment/EquipmentPurchase/EPO_Receipt/EPO_Receipt_Action' is clicked on

2017-12-01 18:16:20 - [TEST_STEP][PASSED] - click: Object: 'Object Repository/Equipment/EquipmentPurchase/EPO_Receipt/EPO_Receipt_Action_ReceiptLine' is clicked on

2017-12-01 18:16:20 - [MESSAGE][PASSED] - Object: 'Object Repository/Equipment/EquipmentPurchase/EPO_Receipt/EPO_Receipt_Action_ReceiptLine' is clicked on

2017-12-01 18:16:20 - [TEST_STEP][PASSED] - waitForElementPresent: Object 'Object Repository/Equipment/EquipmentPurchase/EPO_Receipt_Line/EPO_ReceiptLine_New' is present

2017-12-01 18:16:21 - [MESSAGE][PASSED] - Object 'Object Repository/Equipment/EquipmentPurchase/EPO_Receipt_Line/EPO_ReceiptLine_New' is present

2017-12-01 18:16:21 - [TEST_STEP][PASSED] - click: Object: 'Object Repository/Equipment/EquipmentPurchase/EPO_Receipt_Line/EPO_ReceiptLine_New' is clicked on

2017-12-01 18:16:21 - [MESSAGE][PASSED] - Object: 'Object Repository/Equipment/EquipmentPurchase/EPO_Receipt_Line/EPO_ReceiptLine_New' is clicked on

2017-12-01 18:16:21 - [TEST_STEP][PASSED] - waitForElementPresent: Object 'Object Repository/Equipment/EquipmentPurchase/EPO_Receipt_Line/EPO_RecieptLine_Select' is present

2017-12-01 18:16:23 - [MESSAGE][PASSED] - Object 'Object Repository/Equipment/EquipmentPurchase/EPO_Receipt_Line/EPO_RecieptLine_Select' is present

2017-12-01 18:16:23 - [TEST_STEP][PASSED] - click: Object: 'Object Repository/Equipment/EquipmentPurchase/EPO_Receipt_Line/EPO_RecieptLine_Select' is clicked on

2017-12-01 18:16:23 - [MESSAGE][PASSED] - Object: 'Object Repository/Equipment/EquipmentPurchase/EPO_Receipt_Line/EPO_RecieptLine_Select' is clicked on

2017-12-01 18:16:23 - [TEST_STEP][PASSED] - delay: Delayed 3 second(s)

2017-12-01 18:16:26 - [MESSAGE][PASSED] - Delayed 3 second(s)

2017-12-01 18:16:26 - [TEST_STEP][PASSED] - click: Object: 'Object Repository/Equipment/EquipmentPurchase/EPO_Receipt_Line/EPO_ReceiptLine_SavenClose' is clicked on

2017-12-01 18:16:26 - [MESSAGE][PASSED] - Object: 'Object Repository/Equipment/EquipmentPurchase/EPO_Receipt_Line/EPO_ReceiptLine_SavenClose' is clicked on

2017-12-01 18:16:26 - [TEST_STEP][PASSED] - waitForElementPresent: Object 'Object Repository/Equipment/EquipmentPurchase/EPO_Receipt_Line/EPO_RecieptLineAction' is present

2017-12-01 18:16:26 - [MESSAGE][PASSED] - Object 'Object Repository/Equipment/EquipmentPurchase/EPO_Receipt_Line/EPO_RecieptLineAction' is present

2017-12-01 18:16:26 - [TEST_STEP][PASSED] - Statement - G_Unit = com.kms.katalon.core.webui.keyword.WebUiBuiltInKeywords.getText(com.kms.katalon.core.testobject.ObjectRepository.findTestObject(Equipment/EquipmentPurchase/EPO_Receipt/EPO_Reciept_Unit), CONTINUE_ON_FAILURE): Text of object 'Object Repository/Equipment/EquipmentPurchase/EPO_Receipt/EPO_Reciept_Unit' is: 'EQ1402812'

2017-12-01 18:16:27 - [MESSAGE][PASSED] - Text of object 'Object Repository/Equipment/EquipmentPurchase/EPO_Receipt/EPO_Reciept_Unit' is: 'EQ1402812'

2017-12-01 18:16:27 - [TEST_STEP][PASSED] - click: Object: 'Object Repository/Equipment/EquipmentPurchase/EPO_Receipt_Line/EPO_RecieptLineAction' is clicked on

2017-12-01 18:16:27 - [MESSAGE][PASSED] - Object: 'Object Repository/Equipment/EquipmentPurchase/EPO_Receipt_Line/EPO_RecieptLineAction' is clicked on

2017-12-01 18:16:27 - [TEST_STEP][PASSED] - click: Object: 'Object Repository/Equipment/EquipmentPurchase/EPO_Receipt/EPO_Action_Confirm' is clicked on

2017-12-01 18:16:27 - [MESSAGE][PASSED] - Object: 'Object Repository/Equipment/EquipmentPurchase/EPO_Receipt/EPO_Action_Confirm' is clicked on

2017-12-01 18:16:27 - [TEST_STEP][PASSED] - click: Object: 'Object Repository/Equipment/EquipmentPurchase/EPO_Receipt/EPO_Reciept_MeterOK' is clicked on

2017-12-01 18:16:28 - [MESSAGE][PASSED] - Object: 'Object Repository/Equipment/EquipmentPurchase/EPO_Receipt/EPO_Reciept_MeterOK' is clicked on

2017-12-01 18:16:28 - [TEST_STEP][NOT_RUN] - waitForElementPresent: NOT_RUN: waitForElementPresent

2017-12-01 18:16:28 - [MESSAGE][NOT_RUN] - NOT_RUN: waitForElementPresent

2017-12-01 18:16:28 - [TEST_STEP][NOT_RUN] - click: NOT_RUN: click

2017-12-01 18:16:28 - [MESSAGE][NOT_RUN] - NOT_RUN: click

2017-12-01 18:16:28 - [TEST_STEP][NOT_RUN] - setText: NOT_RUN: setText

2017-12-01 18:16:28 - [MESSAGE][NOT_RUN] - NOT_RUN: setText

2017-12-01 18:16:28 - [TEST_STEP][NOT_RUN] - click: NOT_RUN: click

2017-12-01 18:16:28 - [MESSAGE][NOT_RUN] - NOT_RUN: click

2017-12-01 18:16:28 - [TEST_STEP][PASSED] - delay: Delayed 3 second(s)

2017-12-01 18:16:31 - [MESSAGE][PASSED] - Delayed 3 second(s)

2017-12-01 18:16:31 - [TEST_STEP][PASSED] - click: Object: 'Object Repository/Equipment/EquipmentPurchase/EPO_Receipt/EPO_RecieptPrint_ProcessCompleted' is clicked on

2017-12-01 18:16:31 - [MESSAGE][PASSED] - Object: 'Object Repository/Equipment/EquipmentPurchase/EPO_Receipt/EPO_RecieptPrint_ProcessCompleted' is clicked on

2017-12-01 18:16:31 - [TEST_STEP][PASSED] - delay: Delayed 10 second(s)

2017-12-01 18:16:41 - [MESSAGE][PASSED] - Delayed 10 second(s)

2017-12-01 18:16:41 - [MESSAGE][PASSED] - Call Test Case 'Test Cases/Equipment/Base_EquipmentPurchase/Base_EPO_Reciept' successfully

2017-12-01 18:16:41 - [MESSAGE][PASSED] - Call Test Case 'Test Cases/Equipment/Base_EquipmentPurchase/EPO_CreateNrecieve' successfully

2017-12-01 18:16:41 - [TEST_STEP][INCOMPLETE] - callTestCase: null

2017-12-01 18:16:41 - [TEST_CASE][INCOMPLETE] - Test Cases/Rental/Base_RentalContract/Base_CreateRentalHeader: null

2017-12-01 18:16:42 - [TEST_STEP][PASSED] - callTestCase: Call Test Case 'Test Cases/Common/Base_Common_OpenSession' successfully

2017-12-01 18:16:42 - [TEST_CASE][PASSED] - Test Cases/Common/Base_Common_OpenSession: Test Cases/Common/Base_Common_OpenSession

2017-12-01 18:16:42 - [TEST_STEP][PASSED] - openBrowser: Browser is opened with url: 'http://baan:3Xtend27$13@192.168.20.241:8312/webui/servlet/login'

2017-12-01 18:16:42 - [MESSAGE][WARNING] - A browser is already opened. Closing browser and opening a new one

2017-12-01 18:16:52 - [MESSAGE][PASSED] - Browser is opened with url: 'http://baan:3Xtend27$13@192.168.20.241:8312/webui/servlet/login'

2017-12-01 18:16:52 - [TEST_STEP][PASSED] - waitForPageLoad: Wait for page load successfully

2017-12-01 18:16:52 - [MESSAGE][PASSED] - Wait for page load successfully

2017-12-01 18:16:52 - [TEST_STEP][PASSED] - maximizeWindow: Current window maximized

2017-12-01 18:16:52 - [MESSAGE][PASSED] - Current window maximized

2017-12-01 18:16:52 - [TEST_STEP][PASSED] - click: Object: 'Object Repository/Common/HomePage/HomePage_more' is clicked on

2017-12-01 18:16:56 - [MESSAGE][PASSED] - Object: 'Object Repository/Common/HomePage/HomePage_more' is clicked on

2017-12-01 18:16:56 - [TEST_STEP][PASSED] - click: Object: 'Object Repository/Common/HomePage/HomePage_Option' is clicked on

2017-12-01 18:16:56 - [MESSAGE][PASSED] - Object: 'Object Repository/Common/HomePage/HomePage_Option' is clicked on

2017-12-01 18:16:56 - [TEST_STEP][PASSED] - click: Object: 'Object Repository/Common/HomePage/HomePage_RunProgram_' is clicked on

2017-12-01 18:16:57 - [MESSAGE][PASSED] - Object: 'Object Repository/Common/HomePage/HomePage_RunProgram_' is clicked on

2017-12-01 18:16:57 - [TEST_STEP][PASSED] - sendKeys: Keys 'erext4100s004' sent to object: 'Object Repository/Common/HomePage/HomePage_Session_ID'

2017-12-01 18:16:57 - [MESSAGE][PASSED] - Keys 'erext4100s004' sent to object: 'Object Repository/Common/HomePage/HomePage_Session_ID'

2017-12-01 18:16:57 - [TEST_STEP][PASSED] - click: Object: 'Object Repository/Common/HomePage/HomePage_OkButton' is clicked on

2017-12-01 18:16:57 - [MESSAGE][PASSED] - Object: 'Object Repository/Common/HomePage/HomePage_OkButton' is clicked on

2017-12-01 18:16:57 - [MESSAGE][PASSED] - Call Test Case 'Test Cases/Common/Base_Common_OpenSession' successfully

2017-12-01 18:16:57 - [TEST_STEP][PASSED] - click: Object: 'Object Repository/Rental/RentalHeader/RentalContract.Customer' is clicked on

2017-12-01 18:17:02 - [MESSAGE][PASSED] - Object: 'Object Repository/Rental/RentalHeader/RentalContract.Customer' is clicked on

2017-12-01 18:17:02 - [TEST_STEP][PASSED] - setText: Text 'BP0004776' is set on object 'Object Repository/Rental/RentalHeader/RentalContract.Customer'

2017-12-01 18:17:02 - [MESSAGE][PASSED] - Text 'BP0004776' is set on object 'Object Repository/Rental/RentalHeader/RentalContract.Customer'

2017-12-01 18:17:02 - [TEST_STEP][PASSED] - delay: Delayed 2 second(s)

2017-12-01 18:17:04 - [MESSAGE][PASSED] - Delayed 2 second(s)

2017-12-01 18:17:04 - [TEST_STEP][PASSED] - click: Object: 'Object Repository/Rental/RentalHeader/RentalContract.CustPO' is clicked on

2017-12-01 18:17:04 - [MESSAGE][PASSED] - Object: 'Object Repository/Rental/RentalHeader/RentalContract.CustPO' is clicked on

2017-12-01 18:17:04 - [TEST_STEP][PASSED] - delay: Delayed 3 second(s)

2017-12-01 18:17:07 - [MESSAGE][PASSED] - Delayed 3 second(s)

2017-12-01 18:17:07 - [TEST_STEP][PASSED] - click: Object: 'Object Repository/Rental/RentalHeader/RentalContract.OtherDetailsTab' is clicked on

2017-12-01 18:17:08 - [MESSAGE][PASSED] - Object: 'Object Repository/Rental/RentalHeader/RentalContract.OtherDetailsTab' is clicked on

2017-12-01 18:17:08 - [TEST_STEP][PASSED] - delay: Delayed 2 second(s)

2017-12-01 18:17:10 - [MESSAGE][PASSED] - Delayed 2 second(s)

2017-12-01 18:17:10 - [TEST_STEP][PASSED] - click: Object: 'Object Repository/Rental/RentalHeader/Rental Contract.ModeOfPayment' is clicked on

2017-12-01 18:17:10 - [MESSAGE][PASSED] - Object: 'Object Repository/Rental/RentalHeader/Rental Contract.ModeOfPayment' is clicked on

2017-12-01 18:17:10 - [TEST_STEP][PASSED] - delay: Delayed 2 second(s)

2017-12-01 18:17:12 - [MESSAGE][PASSED] - Delayed 2 second(s)

2017-12-01 18:17:12 - [TEST_STEP][PASSED] - click: Object: 'Object Repository/Rental/RentalHeader/RentalContract.CreditCardoption' is clicked on

2017-12-01 18:17:12 - [MESSAGE][PASSED] - Object: 'Object Repository/Rental/RentalHeader/RentalContract.CreditCardoption' is clicked on

2017-12-01 18:17:12 - [TEST_STEP][PASSED] - delay: Delayed 3 second(s)

2017-12-01 18:17:15 - [MESSAGE][PASSED] - Delayed 3 second(s)

2017-12-01 18:17:15 - [TEST_STEP][PASSED] - click: Object: 'Object Repository/Rental/RentalHeader/RentalContract.GeneralTab' is clicked on

2017-12-01 18:17:15 - [MESSAGE][PASSED] - Object: 'Object Repository/Rental/RentalHeader/RentalContract.GeneralTab' is clicked on

2017-12-01 18:17:15 - [TEST_STEP][PASSED] - delay: Delayed 2 second(s)

2017-12-01 18:17:17 - [MESSAGE][PASSED] - Delayed 2 second(s)

2017-12-01 18:17:17 - [TEST_STEP][PASSED] - click: Object: 'Object Repository/Rental/RentalHeader/RentalContract.Newbuttonline' is clicked on

2017-12-01 18:17:17 - [MESSAGE][PASSED] - Object: 'Object Repository/Rental/RentalHeader/RentalContract.Newbuttonline' is clicked on

2017-12-01 18:17:17 - [TEST_STEP][PASSED] - delay: Delayed 2 second(s)

2017-12-01 18:17:19 - [MESSAGE][PASSED] - Delayed 2 second(s)

2017-12-01 18:17:19 - [TEST_STEP][PASSED] - click: Object: 'Object Repository/Rental/RentalHeader/RentalContract.SetLine' is clicked on

2017-12-01 18:17:20 - [MESSAGE][PASSED] - Object: 'Object Repository/Rental/RentalHeader/RentalContract.SetLine' is clicked on

2017-12-01 18:17:20 - [TEST_STEP][PASSED] - delay: Delayed 2 second(s)

2017-12-01 18:17:22 - [MESSAGE][PASSED] - Delayed 2 second(s)

2017-12-01 18:17:22 - [TEST_STEP][PASSED] - scrollToElement: Scroll to object 'Object Repository/Rental/RentalHeader/RentalContract.Unit' successfully

2017-12-01 18:17:22 - [MESSAGE][PASSED] - Scroll to object 'Object Repository/Rental/RentalHeader/RentalContract.Unit' successfully

2017-12-01 18:17:22 - [TEST_STEP][PASSED] - delay: Delayed 2 second(s)

2017-12-01 18:17:24 - [MESSAGE][PASSED] - Delayed 2 second(s)

2017-12-01 18:17:24 - [TEST_STEP][NOT_RUN] - getText: NOT_RUN: getText

2017-12-01 18:17:24 - [MESSAGE][NOT_RUN] - NOT_RUN: getText

2017-12-01 18:17:24 - [TEST_STEP][PASSED] - click: Object: 'Object Repository/Rental/RentalHeader/RentalContract.Unit' is clicked on

2017-12-01 18:17:24 - [MESSAGE][PASSED] - Object: 'Object Repository/Rental/RentalHeader/RentalContract.Unit' is clicked on

2017-12-01 18:17:24 - [TEST_STEP][PASSED] - delay: Delayed 5 second(s)

2017-12-01 18:17:29 - [MESSAGE][PASSED] - Delayed 5 second(s)

2017-12-01 18:17:29 - [TEST_STEP][PASSED] - setText: Text 'EQ1402812' is set on object 'Object Repository/Rental/RentalHeader/RentalContract.Unit'

2017-12-01 18:17:29 - [MESSAGE][PASSED] - Text 'EQ1402812' is set on object 'Object Repository/Rental/RentalHeader/RentalContract.Unit'

2017-12-01 18:17:29 - [TEST_STEP][PASSED] - delay: Delayed 5 second(s)

2017-12-01 18:17:34 - [MESSAGE][PASSED] - Delayed 5 second(s)

2017-12-01 18:17:34 - [TEST_STEP][PASSED] - scrollToElement: Scroll to object 'Object Repository/Rental/RentalHeader/RentalContract.MultipleInsurence' successfully

2017-12-01 18:17:34 - [MESSAGE][PASSED] - Scroll to object 'Object Repository/Rental/RentalHeader/RentalContract.MultipleInsurence' successfully

2017-12-01 18:17:34 - [TEST_STEP][PASSED] - delay: Delayed 5 second(s)

2017-12-01 18:17:39 - [MESSAGE][PASSED] - Delayed 5 second(s)

2017-12-01 18:17:39 - [TEST_STEP][PASSED] - doubleClick: Object: 'Object Repository/Rental/RentalHeader/RentalContract.MultipleInsurence' is double clicked on

2017-12-01 18:17:40 - [MESSAGE][PASSED] - Object: 'Object Repository/Rental/RentalHeader/RentalContract.MultipleInsurence' is double clicked on

2017-12-01 18:17:40 - [TEST_STEP][PASSED] - delay: Delayed 5 second(s)

2017-12-01 18:17:45 - [MESSAGE][PASSED] - Delayed 5 second(s)

2017-12-01 18:17:45 - [TEST_STEP][PASSED] - click: Object: 'Object Repository/Rental/RentalHeader/RentalContract.MultipleInsurence' is clicked on

2017-12-01 18:17:45 - [MESSAGE][PASSED] - Object: 'Object Repository/Rental/RentalHeader/RentalContract.MultipleInsurence' is clicked on

2017-12-01 18:17:45 - [TEST_STEP][NOT_RUN] - doubleClick: NOT_RUN: doubleClick

2017-12-01 18:17:45 - [MESSAGE][NOT_RUN] - NOT_RUN: doubleClick

2017-12-01 18:17:45 - [TEST_STEP][NOT_RUN] - delay: NOT_RUN: delay

2017-12-01 18:17:45 - [MESSAGE][NOT_RUN] - NOT_RUN: delay

2017-12-01 18:17:45 - [TEST_STEP][PASSED] - click: Object: 'Object Repository/Rental/RentalHeader/RentalContract.MultiInsNO' is clicked on

2017-12-01 18:17:45 - [MESSAGE][PASSED] - Object: 'Object Repository/Rental/RentalHeader/RentalContract.MultiInsNO' is clicked on

2017-12-01 18:17:45 - [TEST_STEP][PASSED] - delay: Delayed 2 second(s)

2017-12-01 18:17:47 - [MESSAGE][PASSED] - Delayed 2 second(s)

2017-12-01 18:17:47 - [TEST_STEP][PASSED] - scrollToElement: Scroll to object 'Object Repository/Rental/RentalHeader/RentalContract.GrossRateline' successfully

2017-12-01 18:17:47 - [MESSAGE][PASSED] - Scroll to object 'Object Repository/Rental/RentalHeader/RentalContract.GrossRateline' successfully

2017-12-01 18:17:47 - [TEST_STEP][NOT_RUN] - delay: NOT_RUN: delay

2017-12-01 18:17:47 - [MESSAGE][NOT_RUN] - NOT_RUN: delay

2017-12-01 18:17:47 - [TEST_STEP][PASSED] - doubleClick: Object: 'Object Repository/Rental/RentalHeader/RentalContract.GrossRateline' is double clicked on

2017-12-01 18:17:47 - [MESSAGE][PASSED] - Object: 'Object Repository/Rental/RentalHeader/RentalContract.GrossRateline' is double clicked on

2017-12-01 18:17:47 - [TEST_STEP][NOT_RUN] - delay: NOT_RUN: delay

2017-12-01 18:17:47 - [MESSAGE][NOT_RUN] - NOT_RUN: delay

2017-12-01 18:17:47 - [TEST_STEP][NOT_RUN] - click: NOT_RUN: click

2017-12-01 18:17:47 - [MESSAGE][NOT_RUN] - NOT_RUN: click

2017-12-01 18:17:48 - [TEST_STEP][PASSED] - delay: Delayed 2 second(s)

2017-12-01 18:17:50 - [MESSAGE][PASSED] - Delayed 2 second(s)

2017-12-01 18:17:50 - [TEST_STEP][PASSED] - sendKeys: Keys '100' sent to object: 'Object Repository/Rental/RentalHeader/RentalContract.GrossRateline'

2017-12-01 18:17:50 - [MESSAGE][PASSED] - Keys '100' sent to object: 'Object Repository/Rental/RentalHeader/RentalContract.GrossRateline'

2017-12-01 18:17:50 - [TEST_STEP][PASSED] - delay: Delayed 2 second(s)

2017-12-01 18:17:52 - [MESSAGE][PASSED] - Delayed 2 second(s)

2017-12-01 18:17:52 - [TEST_STEP][PASSED] - click: Object: 'Object Repository/Rental/RentalHeader/RentalContract.SaveHeader' is clicked on

2017-12-01 18:17:52 - [MESSAGE][PASSED] - Object: 'Object Repository/Rental/RentalHeader/RentalContract.SaveHeader' is clicked on

2017-12-01 18:17:52 - [TEST_STEP][PASSED] - delay: Delayed 5 second(s)

2017-12-01 18:17:57 - [MESSAGE][PASSED] - Delayed 5 second(s)

2017-12-01 18:17:57 - [TEST_STEP][NOT_RUN] - click: NOT_RUN: click

2017-12-01 18:17:57 - [MESSAGE][NOT_RUN] - NOT_RUN: click

2017-12-01 18:17:57 - [TEST_STEP][NOT_RUN] - delay: NOT_RUN: delay

2017-12-01 18:17:57 - [MESSAGE][NOT_RUN] - NOT_RUN: delay

2017-12-01 18:17:57 - [TEST_STEP][NOT_RUN] - click: NOT_RUN: click

2017-12-01 18:17:57 - [MESSAGE][NOT_RUN] - NOT_RUN: click

2017-12-01 18:17:57 - [TEST_STEP][NOT_RUN] - delay: NOT_RUN: delay

2017-12-01 18:17:57 - [MESSAGE][NOT_RUN] - NOT_RUN: delay

2017-12-01 18:17:57 - [TEST_STEP][PASSED] - click: Object: 'Object Repository/Rental/RentalHeader/RentalContract.Action' is clicked on

2017-12-01 18:17:57 - [MESSAGE][PASSED] - Object: 'Object Repository/Rental/RentalHeader/RentalContract.Action' is clicked on

2017-12-01 18:17:57 - [TEST_STEP][PASSED] - delay: Delayed 2 second(s)

2017-12-01 18:17:59 - [MESSAGE][PASSED] - Delayed 2 second(s)

2017-12-01 18:17:59 - [TEST_STEP][PASSED] - click: Object: 'Object Repository/Rental/RentalHeader/RentalContract.Release' is clicked on

2017-12-01 18:17:59 - [MESSAGE][PASSED] - Object: 'Object Repository/Rental/RentalHeader/RentalContract.Release' is clicked on

2017-12-01 18:17:59 - [TEST_STEP][PASSED] - delay: Delayed 10 second(s)

2017-12-01 18:18:09 - [MESSAGE][PASSED] - Delayed 10 second(s)

2017-12-01 18:18:09 - [TEST_STEP][PASSED] - click: Object: 'Object Repository/Rental/RentalHeader/RentalContract.ActionDelivery' is clicked on

2017-12-01 18:18:10 - [MESSAGE][PASSED] - Object: 'Object Repository/Rental/RentalHeader/RentalContract.ActionDelivery' is clicked on

2017-12-01 18:18:10 - [TEST_STEP][PASSED] - delay: Delayed 6 second(s)

2017-12-01 18:18:16 - [MESSAGE][PASSED] - Delayed 6 second(s)

2017-12-01 18:18:16 - [TEST_STEP][PASSED] - click: Object: 'Object Repository/Rental/RentalHeader/RentalContract.ConfirmDelivery' is clicked on

2017-12-01 18:18:16 - [MESSAGE][PASSED] - Object: 'Object Repository/Rental/RentalHeader/RentalContract.ConfirmDelivery' is clicked on

2017-12-01 18:18:16 - [TEST_STEP][PASSED] - delay: Delayed 8 second(s)

2017-12-01 18:18:24 - [MESSAGE][PASSED] - Delayed 8 second(s)

2017-12-01 18:18:24 - [TEST_STEP][NOT_RUN] - waitForElementPresent: NOT_RUN: waitForElementPresent

2017-12-01 18:18:24 - [MESSAGE][NOT_RUN] - NOT_RUN: waitForElementPresent

2017-12-01 18:18:24 - [TEST_STEP][NOT_RUN] - delay: NOT_RUN: delay

2017-12-01 18:18:24 - [MESSAGE][NOT_RUN] - NOT_RUN: delay

2017-12-01 18:18:24 - [TEST_STEP][PASSED] - click: Object: 'Object Repository/Rental/RentalHeader/RentalContract.DeliveryProceed' is clicked on

2017-12-01 18:18:24 - [MESSAGE][PASSED] - Object: 'Object Repository/Rental/RentalHeader/RentalContract.DeliveryProceed' is clicked on

2017-12-01 18:18:24 - [TEST_STEP][PASSED] - delay: Delayed 12 second(s)

2017-12-01 18:18:36 - [MESSAGE][PASSED] - Delayed 12 second(s)

2017-12-01 18:18:36 - [TEST_STEP][NOT_RUN] - waitForElementPresent: NOT_RUN: waitForElementPresent

2017-12-01 18:18:36 - [MESSAGE][NOT_RUN] - NOT_RUN: waitForElementPresent

2017-12-01 18:18:36 - [TEST_STEP][NOT_RUN] - delay: NOT_RUN: delay

2017-12-01 18:18:36 - [MESSAGE][NOT_RUN] - NOT_RUN: delay

2017-12-01 18:18:36 - [TEST_STEP][NOT_RUN] - click: NOT_RUN: click

2017-12-01 18:18:36 - [MESSAGE][NOT_RUN] - NOT_RUN: click

2017-12-01 18:18:36 - [TEST_STEP][PASSED] - delay: Delayed 8 second(s)

2017-12-01 18:18:44 - [MESSAGE][PASSED] - Delayed 8 second(s)

2017-12-01 18:18:44 - [TEST_STEP][PASSED] - click: Object: 'Object Repository/Rental/RentalHeader/RentalContract.InspetionReportClose' is clicked on

2017-12-01 18:18:44 - [MESSAGE][PASSED] - Object: 'Object Repository/Rental/RentalHeader/RentalContract.InspetionReportClose' is clicked on

2017-12-01 18:18:44 - [TEST_STEP][PASSED] - delay: Delayed 5 second(s)

2017-12-01 18:18:49 - [MESSAGE][PASSED] - Delayed 5 second(s)

2017-12-01 18:18:49 - [TEST_STEP][INCOMPLETE] - click: Finding web element with id: 'Object Repository/Rental/RentalHeader/RentalContract.BillofLaddingClosed' located by 'By.xpath: //*[@id = 'ttstpsplopen-6-button-form-exec.cont.process']' in '30' second(s)]]></system-out>
         <system-err><![CDATA[2017-12-01 18:14:48 - [TEST_CASE][INCOMPLETE] - Test Cases/Rental/Base_RentalContract/CreditCardRegression/TC003_RentalContractInvoice_CC: null]]></system-err>
      </testcase>
      <system-out><![CDATA[2017-12-01 18:14:47 - [TEST_SUITE][INCOMPLETE] - Flagler_RentalTestSuite: null]]></system-out>
      <system-err><![CDATA[2017-12-01 18:14:47 - [TEST_SUITE][INCOMPLETE] - Flagler_RentalTestSuite: null]]></system-err>
   </testsuite>
</testsuites>
