<?xml version="1.0" encoding="UTF-8"?>
<testsuites name="Flagler_PartsTestSuite" time="199" tests="0" failures="1" errors="0">
   <testsuite name="Flagler_PartsTestSuite" tests="0" failures="1" errors="0" time="199" timestamp="2017-11-30 11:29:01" hostname="rgajbhiye - EET-RG.e-emphasys.com" id="Test Suites/Flagler_PartsTestSuite">
      <properties>
         <property name="deviceName" value=""/>
         <property name="devicePlatform" value=""/>
         <property name="logFolder" value="C:\\Users\\rgajbhiye\\git\\FlaglerCC\\Reports\\Flagler_PartsTestSuite\\20171130_112854"/>
         <property name="logFiles" value="C:\\Users\\rgajbhiye\\git\\FlaglerCC\\Reports\\Flagler_PartsTestSuite\\20171130_112854\\execution0.log"/>
         <property name="attachments" value="C:\\Users\\rgajbhiye\\git\\FlaglerCC\\Reports\\Flagler_PartsTestSuite\\20171130_112854\\1512021646108.png"/>
         <property name="hostName" value="rgajbhiye - EET-RG.e-emphasys.com"/>
         <property name="os" value="Windows 7 64bit"/>
         <property name="katalonVersion" value="5.0.0.1"/>
         <property name="browser" value="Firefox 43.0"/>
         <property name="hostAddress" value="192.168.25.107"/>
         <property name="sessionId" value="18792179-6f13-472d-95dd-cba7538b325c"/>
         <property name="seleniumVersion" value="2.53.0"/>
         <property name="proxyInformation" value="ProxyInformation{proxyOption=NO_PROXY, proxyServerType=, password=, proxyServerAddress=, proxyServerPort=0}"/>
         <property name="platform" value="Windows 7"/>
      </properties>
      <testcase name="Test Cases/Parts/CreditCardRegression/TC002_Parts_CreditCard" classname="Test Cases/Parts/CreditCardRegression/TC002_Parts_CreditCard" status="FAILED">
         <failure type="FAILED" message="Unable to click on object 'Object Repository/Parts/PartsSalesOrder/PartSalesOrder_CCInterface/CCInterface_SplitPayment' (Root cause: org.openqa.selenium.WebDriverException: Element is not clickable at point (937.7999877929688, 360). Other element would receive the click: &lt;div style=&quot;z-index: 1;&quot; class=&quot;WindowManagerGlass&quot;>&lt;/div>
Command duration or timeout: 96 milliseconds
Build info: version: '2.53.0', revision: '35ae25b', time: '2016-03-15 17:00:58'
System info: host: 'EET-RG', ip: '192.168.25.107', os.name: 'Windows 7', os.arch: 'amd64', os.version: '6.1', java.version: '1.8.0_102'
Driver info: com.kms.katalon.selenium.driver.CFirefoxDriver
Capabilities [{applicationCacheEnabled=true, rotatable=false, handlesAlerts=true, databaseEnabled=true, version=43.0.1, platform=WINDOWS, nativeEvents=false, acceptSslCerts=true, webStorageEnabled=true, locationContextEnabled=true, browserName=firefox, takesScreenshot=true, javascriptEnabled=true, cssSelectorsEnabled=true}]
Session ID: 18792179-6f13-472d-95dd-cba7538b325c)"/>
         <system-out><![CDATA[2017-11-30 11:29:02 - [TEST_CASE][FAILED] - Test Cases/Parts/CreditCardRegression/TC002_Parts_CreditCard: Test Cases/Parts/CreditCardRegression/TC002_Parts_CreditCard FAILED because (of) Unable to click on object 'Object Repository/Parts/PartsSalesOrder/PartSalesOrder_CCInterface/CCInterface_SplitPayment' (Root cause: org.openqa.selenium.WebDriverException: Element is not clickable at point (937.7999877929688, 360). Other element would receive the click: <div style="z-index: 1;" class="WindowManagerGlass"></div>
Command duration or timeout: 96 milliseconds
Build info: version: '2.53.0', revision: '35ae25b', time: '2016-03-15 17:00:58'
System info: host: 'EET-RG', ip: '192.168.25.107', os.name: 'Windows 7', os.arch: 'amd64', os.version: '6.1', java.version: '1.8.0_102'
Driver info: com.kms.katalon.selenium.driver.CFirefoxDriver
Capabilities [{applicationCacheEnabled=true, rotatable=false, handlesAlerts=true, databaseEnabled=true, version=43.0.1, platform=WINDOWS, nativeEvents=false, acceptSslCerts=true, webStorageEnabled=true, locationContextEnabled=true, browserName=firefox, takesScreenshot=true, javascriptEnabled=true, cssSelectorsEnabled=true}]
Session ID: 18792179-6f13-472d-95dd-cba7538b325c)

2017-11-30 11:29:03 - [TEST_STEP][PASSED] - callTestCase: Call Test Case 'Test Cases/Parts/BaseTestCases/Base_Part_CreateHeader_WithCC_Flagler' successfully

2017-11-30 11:29:03 - [TEST_CASE][PASSED] - Test Cases/Parts/BaseTestCases/Base_Part_CreateHeader_WithCC_Flagler: Test Cases/Parts/BaseTestCases/Base_Part_CreateHeader_WithCC_Flagler

2017-11-30 11:29:03 - [TEST_STEP][PASSED] - callTestCase: Call Test Case 'Test Cases/Common/Base_Common_OpenSession' successfully

2017-11-30 11:29:03 - [TEST_CASE][PASSED] - Test Cases/Common/Base_Common_OpenSession: Test Cases/Common/Base_Common_OpenSession

2017-11-30 11:29:04 - [TEST_STEP][PASSED] - openBrowser: Browser is opened with url: 'http://baan:3Xtend27$13@192.168.20.241:8312/webui/servlet/login'

2017-11-30 11:29:16 - [MESSAGE][PASSED] - Browser is opened with url: 'http://baan:3Xtend27$13@192.168.20.241:8312/webui/servlet/login'

2017-11-30 11:29:16 - [TEST_STEP][PASSED] - waitForPageLoad: Wait for page load successfully

2017-11-30 11:29:16 - [MESSAGE][PASSED] - Wait for page load successfully

2017-11-30 11:29:16 - [TEST_STEP][PASSED] - maximizeWindow: Current window maximized

2017-11-30 11:29:16 - [MESSAGE][PASSED] - Current window maximized

2017-11-30 11:29:16 - [TEST_STEP][PASSED] - click: Object: 'Object Repository/Common/HomePage/HomePage_more' is clicked on

2017-11-30 11:29:21 - [MESSAGE][PASSED] - Object: 'Object Repository/Common/HomePage/HomePage_more' is clicked on

2017-11-30 11:29:21 - [TEST_STEP][PASSED] - click: Object: 'Object Repository/Common/HomePage/HomePage_Option' is clicked on

2017-11-30 11:29:21 - [MESSAGE][PASSED] - Object: 'Object Repository/Common/HomePage/HomePage_Option' is clicked on

2017-11-30 11:29:21 - [TEST_STEP][PASSED] - click: Object: 'Object Repository/Common/HomePage/HomePage_RunProgram_' is clicked on

2017-11-30 11:29:22 - [MESSAGE][PASSED] - Object: 'Object Repository/Common/HomePage/HomePage_RunProgram_' is clicked on

2017-11-30 11:29:22 - [TEST_STEP][PASSED] - sendKeys: Keys 'tdsls4500m002' sent to object: 'Object Repository/Common/HomePage/HomePage_Session_ID'

2017-11-30 11:29:22 - [MESSAGE][PASSED] - Keys 'tdsls4500m002' sent to object: 'Object Repository/Common/HomePage/HomePage_Session_ID'

2017-11-30 11:29:22 - [TEST_STEP][PASSED] - click: Object: 'Object Repository/Common/HomePage/HomePage_OkButton' is clicked on

2017-11-30 11:29:22 - [MESSAGE][PASSED] - Object: 'Object Repository/Common/HomePage/HomePage_OkButton' is clicked on

2017-11-30 11:29:22 - [MESSAGE][PASSED] - Call Test Case 'Test Cases/Common/Base_Common_OpenSession' successfully

2017-11-30 11:29:22 - [TEST_STEP][PASSED] - click: Object: 'Object Repository/Parts/PartsSalesOrder/PartsSaleOrderHeader/PartSaleOrder_NewButton' is clicked on

2017-11-30 11:29:27 - [MESSAGE][PASSED] - Object: 'Object Repository/Parts/PartsSalesOrder/PartsSaleOrderHeader/PartSaleOrder_NewButton' is clicked on

2017-11-30 11:29:27 - [TEST_STEP][PASSED] - waitForElementPresent: Object 'Object Repository/Parts/PartsSalesOrder/PartsSaleOrderHeader/Partsalesorder_customer' is present

2017-11-30 11:29:29 - [MESSAGE][PASSED] - Object 'Object Repository/Parts/PartsSalesOrder/PartsSaleOrderHeader/Partsalesorder_customer' is present

2017-11-30 11:29:29 - [TEST_STEP][PASSED] - setText: Text 'BP0004776' is set on object 'Object Repository/Parts/PartsSalesOrder/PartsSaleOrderHeader/Partsalesorder_customer'

2017-11-30 11:29:30 - [MESSAGE][PASSED] - Text 'BP0004776' is set on object 'Object Repository/Parts/PartsSalesOrder/PartsSaleOrderHeader/Partsalesorder_customer'

2017-11-30 11:29:30 - [TEST_STEP][NOT_RUN] - sendKeys: NOT_RUN: sendKeys

2017-11-30 11:29:30 - [MESSAGE][NOT_RUN] - NOT_RUN: sendKeys

2017-11-30 11:29:30 - [TEST_STEP][PASSED] - click: Object: 'Object Repository/Parts/PartsSalesOrder/PartsSaleOrderHeader/PartSalesOrder_Tax' is clicked on

2017-11-30 11:29:30 - [MESSAGE][PASSED] - Object: 'Object Repository/Parts/PartsSalesOrder/PartsSaleOrderHeader/PartSalesOrder_Tax' is clicked on

2017-11-30 11:29:30 - [TEST_STEP][NOT_RUN] - click: NOT_RUN: click

2017-11-30 11:29:30 - [MESSAGE][NOT_RUN] - NOT_RUN: click

2017-11-30 11:29:30 - [TEST_STEP][PASSED] - click: Object: 'Object Repository/Parts/PartsSalesOrder/PartsSaleOrderHeader/PartSaleOrder_OtherDetailsTab' is clicked on

2017-11-30 11:29:30 - [MESSAGE][PASSED] - Object: 'Object Repository/Parts/PartsSalesOrder/PartsSaleOrderHeader/PartSaleOrder_OtherDetailsTab' is clicked on

2017-11-30 11:29:30 - [TEST_STEP][PASSED] - delay: Delayed 2 second(s)

2017-11-30 11:29:32 - [MESSAGE][PASSED] - Delayed 2 second(s)

2017-11-30 11:29:32 - [TEST_STEP][PASSED] - click: Object: 'Object Repository/Parts/PartsSalesOrder/PartsSaleOrderHeader/PartSaleOrder_Unit' is clicked on

2017-11-30 11:29:33 - [MESSAGE][PASSED] - Object: 'Object Repository/Parts/PartsSalesOrder/PartsSaleOrderHeader/PartSaleOrder_Unit' is clicked on

2017-11-30 11:29:33 - [TEST_STEP][PASSED] - delay: Delayed 2 second(s)

2017-11-30 11:29:35 - [MESSAGE][PASSED] - Delayed 2 second(s)

2017-11-30 11:29:35 - [TEST_STEP][PASSED] - sendKeys: Keys 'EQ1402768' sent to object: 'Object Repository/Parts/PartsSalesOrder/PartsSaleOrderHeader/PartSaleOrder_Unit'

2017-11-30 11:29:35 - [MESSAGE][PASSED] - Keys 'EQ1402768' sent to object: 'Object Repository/Parts/PartsSalesOrder/PartsSaleOrderHeader/PartSaleOrder_Unit'

2017-11-30 11:29:35 - [TEST_STEP][PASSED] - click: Object: 'Object Repository/Parts/PartsSalesOrder/PartsSaleOrderHeader/PartSalesOrder_ModeOfPayment' is clicked on

2017-11-30 11:29:35 - [MESSAGE][PASSED] - Object: 'Object Repository/Parts/PartsSalesOrder/PartsSaleOrderHeader/PartSalesOrder_ModeOfPayment' is clicked on

2017-11-30 11:29:35 - [TEST_STEP][PASSED] - click: Object: 'Object Repository/Parts/PartsSalesOrder/PartsSaleOrderHeader/PartSalesOrder_CreditCardOption' is clicked on

2017-11-30 11:29:35 - [MESSAGE][PASSED] - Object: 'Object Repository/Parts/PartsSalesOrder/PartsSaleOrderHeader/PartSalesOrder_CreditCardOption' is clicked on

2017-11-30 11:29:35 - [TEST_STEP][PASSED] - click: Object: 'Object Repository/Parts/PartsSalesOrder/PartsSaleOrderHeader/PartSalesorder_Save' is clicked on

2017-11-30 11:29:36 - [MESSAGE][PASSED] - Object: 'Object Repository/Parts/PartsSalesOrder/PartsSaleOrderHeader/PartSalesorder_Save' is clicked on

2017-11-30 11:29:36 - [TEST_STEP][PASSED] - click: Object: 'Object Repository/Parts/PartsSalesOrder/PartsSaleOrderHeader/PSO_Header_GeneralTab' is clicked on

2017-11-30 11:29:36 - [MESSAGE][PASSED] - Object: 'Object Repository/Parts/PartsSalesOrder/PartsSaleOrderHeader/PSO_Header_GeneralTab' is clicked on

2017-11-30 11:29:36 - [TEST_STEP][PASSED] - delay: Delayed 5 second(s)

2017-11-30 11:29:41 - [MESSAGE][PASSED] - Delayed 5 second(s)

2017-11-30 11:29:41 - [TEST_STEP][PASSED] - Statement - G_Part_PSO = com.kms.katalon.core.webui.keyword.WebUiBuiltInKeywords.getAttribute(com.kms.katalon.core.testobject.ObjectRepository.findTestObject(Parts/PartsSalesOrder/PartsSaleOrderHeader/PartSalesOrder_OrderNo), "value"): Attribute 'value' of object 'Object Repository/Parts/PartsSalesOrder/PartsSaleOrderHeader/PartSalesOrder_OrderNo' is: 'PSO020115'

2017-11-30 11:29:41 - [MESSAGE][PASSED] - Attribute 'value' of object 'Object Repository/Parts/PartsSalesOrder/PartsSaleOrderHeader/PartSalesOrder_OrderNo' is: 'PSO020115'

2017-11-30 11:29:41 - [TEST_STEP][PASSED] - dragAndDropByOffset: Dragged object with id 'Object Repository/Parts/PartsSalesOrder/PartsSaleOrderHeader/PartSalesOrder_scroller' by offset distance x = 0 and y = -100 successfully

2017-11-30 11:29:44 - [MESSAGE][PASSED] - Dragged object with id 'Object Repository/Parts/PartsSalesOrder/PartsSaleOrderHeader/PartSalesOrder_scroller' by offset distance x = 0 and y = -100 successfully

2017-11-30 11:29:44 - [TEST_STEP][PASSED] - Statement - println("sale order number" + G_Part_PSO): null

2017-11-30 11:29:44 - [MESSAGE][PASSED] - Call Test Case 'Test Cases/Parts/BaseTestCases/Base_Part_CreateHeader_WithCC_Flagler' successfully

2017-11-30 11:29:44 - [TEST_STEP][PASSED] - callTestCase: Call Test Case 'Test Cases/Parts/BaseTestCases/Base_Part_AddPartLinePos1' successfully

2017-11-30 11:29:44 - [TEST_CASE][PASSED] - Test Cases/Parts/BaseTestCases/Base_Part_AddPartLinePos1: Test Cases/Parts/BaseTestCases/Base_Part_AddPartLinePos1

2017-11-30 11:29:45 - [TEST_STEP][PASSED] - click: Object: 'Object Repository/Parts/PartsSalesOrder/PartSalesOrderLine1/PartSaleOrderLine1_newpart' is clicked on

2017-11-30 11:29:48 - [MESSAGE][PASSED] - Object: 'Object Repository/Parts/PartsSalesOrder/PartSalesOrderLine1/PartSaleOrderLine1_newpart' is clicked on

2017-11-30 11:29:48 - [TEST_STEP][PASSED] - click: Object: 'Object Repository/Parts/PartsSalesOrder/PartSalesOrderLine1/PartSaleOrderLine1_PartNumber' is clicked on

2017-11-30 11:29:50 - [MESSAGE][PASSED] - Object: 'Object Repository/Parts/PartsSalesOrder/PartSalesOrderLine1/PartSaleOrderLine1_PartNumber' is clicked on

2017-11-30 11:29:50 - [TEST_STEP][PASSED] - delay: Delayed 2 second(s)

2017-11-30 11:29:52 - [MESSAGE][PASSED] - Delayed 2 second(s)

2017-11-30 11:29:52 - [TEST_STEP][PASSED] - sendKeys: Keys 'R123438' sent to object: 'Object Repository/Parts/PartsSalesOrder/PartSalesOrderLine1/PartSaleOrderLine1_PartNumber'

2017-11-30 11:29:52 - [MESSAGE][PASSED] - Keys 'R123438' sent to object: 'Object Repository/Parts/PartsSalesOrder/PartSalesOrderLine1/PartSaleOrderLine1_PartNumber'

2017-11-30 11:29:52 - [TEST_STEP][PASSED] - scrollToElement: Scroll to object 'Object Repository/Parts/PartsSalesOrder/PartSalesOrderLine1/PartSaleOrderLine1_Quantity' successfully

2017-11-30 11:29:55 - [MESSAGE][PASSED] - Scroll to object 'Object Repository/Parts/PartsSalesOrder/PartSalesOrderLine1/PartSaleOrderLine1_Quantity' successfully

2017-11-30 11:29:55 - [TEST_STEP][PASSED] - click: Object: 'Object Repository/Parts/PartsSalesOrder/PartSalesOrderLine1/PartSaleOrderLine1_Quantity' is clicked on

2017-11-30 11:29:59 - [MESSAGE][PASSED] - Object: 'Object Repository/Parts/PartsSalesOrder/PartSalesOrderLine1/PartSaleOrderLine1_Quantity' is clicked on

2017-11-30 11:29:59 - [TEST_STEP][PASSED] - setText: Text '2' is set on object 'Object Repository/Parts/PartsSalesOrder/PartSalesOrderLine1/PartSaleOrderLine1-Qty1'

2017-11-30 11:30:00 - [MESSAGE][PASSED] - Text '2' is set on object 'Object Repository/Parts/PartsSalesOrder/PartSalesOrderLine1/PartSaleOrderLine1-Qty1'

2017-11-30 11:30:00 - [TEST_STEP][PASSED] - click: Object: 'Object Repository/Parts/PartsSalesOrder/PartsSaleOrderHeader/PartSalesorder_Save' is clicked on

2017-11-30 11:30:00 - [MESSAGE][PASSED] - Object: 'Object Repository/Parts/PartsSalesOrder/PartsSaleOrderHeader/PartSalesorder_Save' is clicked on

2017-11-30 11:30:00 - [TEST_STEP][PASSED] - delay: Delayed 10 second(s)

2017-11-30 11:30:10 - [MESSAGE][PASSED] - Delayed 10 second(s)

2017-11-30 11:30:10 - [TEST_STEP][NOT_RUN] - scrollToElement: NOT_RUN: scrollToElement

2017-11-30 11:30:10 - [MESSAGE][NOT_RUN] - NOT_RUN: scrollToElement

2017-11-30 11:30:10 - [TEST_STEP][NOT_RUN] - Statement - G_InvoiceAmt = com.kms.katalon.core.webui.keyword.WebUiBuiltInKeywords.getText(com.kms.katalon.core.testobject.ObjectRepository.findTestObject(tdtre4101m002/Line1/firmPrice)): NOT_RUN: Statement - G_InvoiceAmt = com.kms.katalon.core.webui.keyword.WebUiBuiltInKeywords.getText(com.kms.katalon.core.testobject.ObjectRepository.findTestObject(tdtre4101m002/Line1/firmPrice))

2017-11-30 11:30:10 - [MESSAGE][NOT_RUN] - NOT_RUN: Statement - G_InvoiceAmt = com.kms.katalon.core.webui.keyword.WebUiBuiltInKeywords.getText(com.kms.katalon.core.testobject.ObjectRepository.findTestObject(tdtre4101m002/Line1/firmPrice))

2017-11-30 11:30:10 - [TEST_STEP][NOT_RUN] - Statement - Qty1 = com.kms.katalon.core.webui.keyword.WebUiBuiltInKeywords.getText(com.kms.katalon.core.testobject.ObjectRepository.findTestObject(tdtre4101m002/Line1/input_tdtre4101s002-Qty)): NOT_RUN: Statement - Qty1 = com.kms.katalon.core.webui.keyword.WebUiBuiltInKeywords.getText(com.kms.katalon.core.testobject.ObjectRepository.findTestObject(tdtre4101m002/Line1/input_tdtre4101s002-Qty))

2017-11-30 11:30:10 - [MESSAGE][NOT_RUN] - NOT_RUN: Statement - Qty1 = com.kms.katalon.core.webui.keyword.WebUiBuiltInKeywords.getText(com.kms.katalon.core.testobject.ObjectRepository.findTestObject(tdtre4101m002/Line1/input_tdtre4101s002-Qty))

2017-11-30 11:30:10 - [TEST_STEP][NOT_RUN] - Statement - G_OrderLineAmt = G_FirmPrice * Qty1: NOT_RUN: Statement - G_OrderLineAmt = G_FirmPrice * Qty1

2017-11-30 11:30:10 - [MESSAGE][NOT_RUN] - NOT_RUN: Statement - G_OrderLineAmt = G_FirmPrice * Qty1

2017-11-30 11:30:10 - [TEST_STEP][NOT_RUN] - Statement - println("GlobalVariable.G_FirmPrice" + G_FirmPrice): NOT_RUN: Statement - println("GlobalVariable.G_FirmPrice" + G_FirmPrice)

2017-11-30 11:30:10 - [MESSAGE][NOT_RUN] - NOT_RUN: Statement - println("GlobalVariable.G_FirmPrice" + G_FirmPrice)

2017-11-30 11:30:10 - [TEST_STEP][NOT_RUN] - Statement - println("GlobalVariable.G_OrderLineAmt" + G_OrderLineAmt): NOT_RUN: Statement - println("GlobalVariable.G_OrderLineAmt" + G_OrderLineAmt)

2017-11-30 11:30:10 - [MESSAGE][NOT_RUN] - NOT_RUN: Statement - println("GlobalVariable.G_OrderLineAmt" + G_OrderLineAmt)

2017-11-30 11:30:10 - [MESSAGE][PASSED] - Call Test Case 'Test Cases/Parts/BaseTestCases/Base_Part_AddPartLinePos1' successfully

2017-11-30 11:30:10 - [TEST_STEP][FAILED] - callTestCase: Unable to call Test Case with id 'Test Cases/Parts/BaseTestCases/Base_Part_PickPacknInvoiceWithCCSplitPayment' (Root cause: Call Test Case 'Test Cases/Parts/BaseTestCases/Base_Part_PickPacknInvoiceWithCCSplitPayment' failed)

2017-11-30 11:30:10 - [TEST_CASE][FAILED] - Test Cases/Parts/BaseTestCases/Base_Part_PickPacknInvoiceWithCCSplitPayment: Test Cases/Parts/BaseTestCases/Base_Part_PickPacknInvoiceWithCCSplitPayment FAILED because (of) Unable to click on object 'Object Repository/Parts/PartsSalesOrder/PartSalesOrder_CCInterface/CCInterface_SplitPayment' (Root cause: org.openqa.selenium.WebDriverException: Element is not clickable at point (937.7999877929688, 360). Other element would receive the click: <div style="z-index: 1;" class="WindowManagerGlass"></div>
Command duration or timeout: 96 milliseconds
Build info: version: '2.53.0', revision: '35ae25b', time: '2016-03-15 17:00:58'
System info: host: 'EET-RG', ip: '192.168.25.107', os.name: 'Windows 7', os.arch: 'amd64', os.version: '6.1', java.version: '1.8.0_102'
Driver info: com.kms.katalon.selenium.driver.CFirefoxDriver
Capabilities [{applicationCacheEnabled=true, rotatable=false, handlesAlerts=true, databaseEnabled=true, version=43.0.1, platform=WINDOWS, nativeEvents=false, acceptSslCerts=true, webStorageEnabled=true, locationContextEnabled=true, browserName=firefox, takesScreenshot=true, javascriptEnabled=true, cssSelectorsEnabled=true}]
Session ID: 18792179-6f13-472d-95dd-cba7538b325c)

2017-11-30 11:30:11 - [TEST_STEP][PASSED] - click: Object: 'Object Repository/Parts/PartsSalesOrder/PartsSaleOrderHeader/PartSalesOrder_Action' is clicked on

2017-11-30 11:30:12 - [MESSAGE][PASSED] - Object: 'Object Repository/Parts/PartsSalesOrder/PartsSaleOrderHeader/PartSalesOrder_Action' is clicked on

2017-11-30 11:30:12 - [TEST_STEP][PASSED] - delay: Delayed 3 second(s)

2017-11-30 11:30:15 - [MESSAGE][PASSED] - Delayed 3 second(s)

2017-11-30 11:30:15 - [TEST_STEP][PASSED] - waitForElementClickable: Object 'Object Repository/Parts/PartsSalesOrder/PartsSaleOrderHeader/PartSalesOrder_PickPacknInvoice' is clickable

2017-11-30 11:30:15 - [MESSAGE][PASSED] - Object 'Object Repository/Parts/PartsSalesOrder/PartsSaleOrderHeader/PartSalesOrder_PickPacknInvoice' is clickable

2017-11-30 11:30:15 - [TEST_STEP][PASSED] - click: Object: 'Object Repository/Parts/PartsSalesOrder/PartsSaleOrderHeader/PartSalesOrder_PickPacknInvoice' is clicked on

2017-11-30 11:30:15 - [MESSAGE][PASSED] - Object: 'Object Repository/Parts/PartsSalesOrder/PartsSaleOrderHeader/PartSalesOrder_PickPacknInvoice' is clicked on

2017-11-30 11:30:15 - [TEST_STEP][PASSED] - delay: Delayed 5 second(s)

2017-11-30 11:30:20 - [MESSAGE][PASSED] - Delayed 5 second(s)

2017-11-30 11:30:20 - [TEST_STEP][NOT_RUN] - click: NOT_RUN: click

2017-11-30 11:30:20 - [MESSAGE][NOT_RUN] - NOT_RUN: click

2017-11-30 11:30:20 - [TEST_STEP][NOT_RUN] - Statement - If (com.kms.katalon.core.webui.keyword.WebUiBuiltInKeywords.verifyElementVisible(com.kms.katalon.core.testobject.ObjectRepository.findTestObject(Object Repository/Parts/PartsSalesOrder/PartsSaleOrderHeader/PartSalesOrder_LocationOption)) == true): NOT_RUN: Statement - If (com.kms.katalon.core.webui.keyword.WebUiBuiltInKeywords.verifyElementVisible(com.kms.katalon.core.testobject.ObjectRepository.findTestObject(Object Repository/Parts/PartsSalesOrder/PartsSaleOrderHeader/PartSalesOrder_LocationOption)) == true)

2017-11-30 11:30:20 - [MESSAGE][NOT_RUN] - NOT_RUN: Statement - If (com.kms.katalon.core.webui.keyword.WebUiBuiltInKeywords.verifyElementVisible(com.kms.katalon.core.testobject.ObjectRepository.findTestObject(Object Repository/Parts/PartsSalesOrder/PartsSaleOrderHeader/PartSalesOrder_LocationOption)) == true)

2017-11-30 11:30:20 - [TEST_STEP][NOT_RUN] - delay: NOT_RUN: delay

2017-11-30 11:30:20 - [MESSAGE][NOT_RUN] - NOT_RUN: delay

2017-11-30 11:30:20 - [TEST_STEP][NOT_RUN] - Statement - If (com.kms.katalon.core.webui.keyword.WebUiBuiltInKeywords.verifyElementVisible(com.kms.katalon.core.testobject.ObjectRepository.findTestObject(Object Repository/Parts/PartsSalesOrder/PartsSaleOrderHeader/PartSaleOrder_PackingSlipClose)) == true): NOT_RUN: Statement - If (com.kms.katalon.core.webui.keyword.WebUiBuiltInKeywords.verifyElementVisible(com.kms.katalon.core.testobject.ObjectRepository.findTestObject(Object Repository/Parts/PartsSalesOrder/PartsSaleOrderHeader/PartSaleOrder_PackingSlipClose)) == true)

2017-11-30 11:30:20 - [MESSAGE][NOT_RUN] - NOT_RUN: Statement - If (com.kms.katalon.core.webui.keyword.WebUiBuiltInKeywords.verifyElementVisible(com.kms.katalon.core.testobject.ObjectRepository.findTestObject(Object Repository/Parts/PartsSalesOrder/PartsSaleOrderHeader/PartSaleOrder_PackingSlipClose)) == true)

2017-11-30 11:30:20 - [TEST_STEP][PASSED] - waitForElementPresent: Object 'Object Repository/Parts/PartsSalesOrder/PartsSaleOrderHeader/PSO_PackingSlip_Device' is present

2017-11-30 11:30:20 - [MESSAGE][PASSED] - Object 'Object Repository/Parts/PartsSalesOrder/PartsSaleOrderHeader/PSO_PackingSlip_Device' is present

2017-11-30 11:30:20 - [TEST_STEP][PASSED] - doubleClick: Object: 'Object Repository/Parts/PartsSalesOrder/PartsSaleOrderHeader/PSO_PackingSlip_Device' is double clicked on

2017-11-30 11:30:20 - [MESSAGE][PASSED] - Object: 'Object Repository/Parts/PartsSalesOrder/PartsSaleOrderHeader/PSO_PackingSlip_Device' is double clicked on

2017-11-30 11:30:20 - [TEST_STEP][PASSED] - delay: Delayed 2 second(s)

2017-11-30 11:30:22 - [MESSAGE][PASSED] - Delayed 2 second(s)

2017-11-30 11:30:22 - [TEST_STEP][PASSED] - sendKeys: Keys 'D' sent to object: 'Object Repository/Parts/PartsSalesOrder/PartsSaleOrderHeader/PSO_PackingSlip_Device'

2017-11-30 11:30:23 - [MESSAGE][PASSED] - Keys 'D' sent to object: 'Object Repository/Parts/PartsSalesOrder/PartsSaleOrderHeader/PSO_PackingSlip_Device'

2017-11-30 11:30:23 - [TEST_STEP][PASSED] - click: Object: 'Object Repository/Parts/PartsSalesOrder/PartsSaleOrderHeader/PSO_PackingSlip_Continue' is clicked on

2017-11-30 11:30:23 - [MESSAGE][PASSED] - Object: 'Object Repository/Parts/PartsSalesOrder/PartsSaleOrderHeader/PSO_PackingSlip_Continue' is clicked on

2017-11-30 11:30:23 - [TEST_STEP][PASSED] - click: Object: 'Object Repository/Parts/PartsSalesOrder/PartsSaleOrderHeader/PartSalesOrder_ContinueInvoiceOption' is clicked on

2017-11-30 11:30:26 - [MESSAGE][PASSED] - Object: 'Object Repository/Parts/PartsSalesOrder/PartsSaleOrderHeader/PartSalesOrder_ContinueInvoiceOption' is clicked on

2017-11-30 11:30:26 - [TEST_STEP][PASSED] - delay: Delayed 3 second(s)

2017-11-30 11:30:29 - [MESSAGE][PASSED] - Delayed 3 second(s)

2017-11-30 11:30:29 - [TEST_STEP][PASSED] - setText: Text 'GLOBAL' is set on object 'Object Repository/Parts/PartsSalesOrder/PartSalesOrder_CCInterface/CCInterface_PaymentGateway'

2017-11-30 11:30:30 - [MESSAGE][PASSED] - Text 'GLOBAL' is set on object 'Object Repository/Parts/PartsSalesOrder/PartSalesOrder_CCInterface/CCInterface_PaymentGateway'

2017-11-30 11:30:30 - [TEST_STEP][PASSED] - doubleClick: Object: 'Object Repository/Parts/PartsSalesOrder/PartSalesOrder_CCInterface/CCInterface_CardType' is double clicked on

2017-11-30 11:30:30 - [MESSAGE][PASSED] - Object: 'Object Repository/Parts/PartsSalesOrder/PartSalesOrder_CCInterface/CCInterface_CardType' is double clicked on

2017-11-30 11:30:30 - [TEST_STEP][PASSED] - delay: Delayed 2 second(s)

2017-11-30 11:30:32 - [MESSAGE][PASSED] - Delayed 2 second(s)

2017-11-30 11:30:32 - [TEST_STEP][PASSED] - setText: Text 'DEBIT MASTERCARD' is set on object 'Object Repository/Parts/PartsSalesOrder/PartSalesOrder_CCInterface/CCInterface_CardType'

2017-11-30 11:30:32 - [MESSAGE][PASSED] - Text 'DEBIT MASTERCARD' is set on object 'Object Repository/Parts/PartsSalesOrder/PartSalesOrder_CCInterface/CCInterface_CardType'

2017-11-30 11:30:32 - [TEST_STEP][PASSED] - delay: Delayed 3 second(s)

2017-11-30 11:30:35 - [MESSAGE][PASSED] - Delayed 3 second(s)

2017-11-30 11:30:35 - [TEST_STEP][PASSED] - doubleClick: Object: 'Object Repository/Parts/PartsSalesOrder/PartSalesOrder_CCInterface/CCInterface_CardNo' is double clicked on

2017-11-30 11:30:36 - [MESSAGE][PASSED] - Object: 'Object Repository/Parts/PartsSalesOrder/PartSalesOrder_CCInterface/CCInterface_CardNo' is double clicked on

2017-11-30 11:30:36 - [TEST_STEP][PASSED] - delay: Delayed 2 second(s)

2017-11-30 11:30:38 - [MESSAGE][PASSED] - Delayed 2 second(s)

2017-11-30 11:30:38 - [TEST_STEP][PASSED] - setText: Text '5100270000000007' is set on object 'Object Repository/Parts/PartsSalesOrder/PartSalesOrder_CCInterface/CCInterface_CardNo'

2017-11-30 11:30:38 - [MESSAGE][PASSED] - Text '5100270000000007' is set on object 'Object Repository/Parts/PartsSalesOrder/PartSalesOrder_CCInterface/CCInterface_CardNo'

2017-11-30 11:30:38 - [TEST_STEP][PASSED] - doubleClick: Object: 'Object Repository/Parts/PartsSalesOrder/PartSalesOrder_CCInterface/CCInterface_CVV' is double clicked on

2017-11-30 11:30:38 - [MESSAGE][PASSED] - Object: 'Object Repository/Parts/PartsSalesOrder/PartSalesOrder_CCInterface/CCInterface_CVV' is double clicked on

2017-11-30 11:30:38 - [TEST_STEP][PASSED] - delay: Delayed 2 second(s)

2017-11-30 11:30:40 - [MESSAGE][PASSED] - Delayed 2 second(s)

2017-11-30 11:30:40 - [TEST_STEP][PASSED] - setText: Text '555' is set on object 'Object Repository/Parts/PartsSalesOrder/PartSalesOrder_CCInterface/CCInterface_CVV'

2017-11-30 11:30:40 - [MESSAGE][PASSED] - Text '555' is set on object 'Object Repository/Parts/PartsSalesOrder/PartSalesOrder_CCInterface/CCInterface_CVV'

2017-11-30 11:30:40 - [TEST_STEP][PASSED] - doubleClick: Object: 'Object Repository/Parts/PartsSalesOrder/PartSalesOrder_CCInterface/CCInterface_MM' is double clicked on

2017-11-30 11:30:41 - [MESSAGE][PASSED] - Object: 'Object Repository/Parts/PartsSalesOrder/PartSalesOrder_CCInterface/CCInterface_MM' is double clicked on

2017-11-30 11:30:41 - [TEST_STEP][PASSED] - delay: Delayed 2 second(s)

2017-11-30 11:30:43 - [MESSAGE][PASSED] - Delayed 2 second(s)

2017-11-30 11:30:43 - [TEST_STEP][PASSED] - setText: Text '09' is set on object 'Object Repository/Parts/PartsSalesOrder/PartSalesOrder_CCInterface/CCInterface_MM'

2017-11-30 11:30:43 - [MESSAGE][PASSED] - Text '09' is set on object 'Object Repository/Parts/PartsSalesOrder/PartSalesOrder_CCInterface/CCInterface_MM'

2017-11-30 11:30:43 - [TEST_STEP][PASSED] - doubleClick: Object: 'Object Repository/Parts/PartsSalesOrder/PartSalesOrder_CCInterface/CCInterface_YY' is double clicked on

2017-11-30 11:30:43 - [MESSAGE][PASSED] - Object: 'Object Repository/Parts/PartsSalesOrder/PartSalesOrder_CCInterface/CCInterface_YY' is double clicked on

2017-11-30 11:30:43 - [TEST_STEP][PASSED] - delay: Delayed 2 second(s)

2017-11-30 11:30:45 - [MESSAGE][PASSED] - Delayed 2 second(s)

2017-11-30 11:30:45 - [TEST_STEP][PASSED] - setText: Text '99' is set on object 'Object Repository/Parts/PartsSalesOrder/PartSalesOrder_CCInterface/CCInterface_YY'

2017-11-30 11:30:45 - [MESSAGE][PASSED] - Text '99' is set on object 'Object Repository/Parts/PartsSalesOrder/PartSalesOrder_CCInterface/CCInterface_YY'

2017-11-30 11:30:45 - [TEST_STEP][FAILED] - click: Unable to click on object 'Object Repository/Parts/PartsSalesOrder/PartSalesOrder_CCInterface/CCInterface_SplitPayment' (Root cause: org.openqa.selenium.WebDriverException: Element is not clickable at point (937.7999877929688, 360). Other element would receive the click: <div style="z-index: 1;" class="WindowManagerGlass"></div>
Command duration or timeout: 96 milliseconds
Build info: version: '2.53.0', revision: '35ae25b', time: '2016-03-15 17:00:58'
System info: host: 'EET-RG', ip: '192.168.25.107', os.name: 'Windows 7', os.arch: 'amd64', os.version: '6.1', java.version: '1.8.0_102'
Driver info: com.kms.katalon.selenium.driver.CFirefoxDriver
Capabilities [{applicationCacheEnabled=true, rotatable=false, handlesAlerts=true, databaseEnabled=true, version=43.0.1, platform=WINDOWS, nativeEvents=false, acceptSslCerts=true, webStorageEnabled=true, locationContextEnabled=true, browserName=firefox, takesScreenshot=true, javascriptEnabled=true, cssSelectorsEnabled=true}]
Session ID: 18792179-6f13-472d-95dd-cba7538b325c)

2017-11-30 11:30:46 - [MESSAGE][FAILED] - Unable to click on object 'Object Repository/Parts/PartsSalesOrder/PartSalesOrder_CCInterface/CCInterface_SplitPayment' (Root cause: org.openqa.selenium.WebDriverException: Element is not clickable at point (937.7999877929688, 360). Other element would receive the click: <div style="z-index: 1;" class="WindowManagerGlass"></div>
Command duration or timeout: 96 milliseconds
Build info: version: '2.53.0', revision: '35ae25b', time: '2016-03-15 17:00:58'
System info: host: 'EET-RG', ip: '192.168.25.107', os.name: 'Windows 7', os.arch: 'amd64', os.version: '6.1', java.version: '1.8.0_102'
Driver info: com.kms.katalon.selenium.driver.CFirefoxDriver
Capabilities [{applicationCacheEnabled=true, rotatable=false, handlesAlerts=true, databaseEnabled=true, version=43.0.1, platform=WINDOWS, nativeEvents=false, acceptSslCerts=true, webStorageEnabled=true, locationContextEnabled=true, browserName=firefox, takesScreenshot=true, javascriptEnabled=true, cssSelectorsEnabled=true}]
Session ID: 18792179-6f13-472d-95dd-cba7538b325c)
[[ATTACHMENT|C:\\Users\\rgajbhiye\\git\\FlaglerCC\\Reports\\Flagler_PartsTestSuite\\20171130_112854\\1512021646108.png]]

2017-11-30 11:30:46 - [TEST_STEP][PASSED] - click: Object: 'Object Repository/Parts/PartsSalesOrder/PartSalesOrder_CCInterface/CCInterface_SplitTenderYes' is clicked on

2017-11-30 11:30:57 - [MESSAGE][PASSED] - Object: 'Object Repository/Parts/PartsSalesOrder/PartSalesOrder_CCInterface/CCInterface_SplitTenderYes' is clicked on

2017-11-30 11:30:57 - [TEST_STEP][PASSED] - delay: Delayed 3 second(s)

2017-11-30 11:31:00 - [MESSAGE][PASSED] - Delayed 3 second(s)

2017-11-30 11:31:00 - [TEST_STEP][PASSED] - click: Object: 'Object Repository/Parts/PartsSalesOrder/PartSalesOrder_CCInterface/CCInterface_SplitPaymentPlus' is clicked on

2017-11-30 11:31:00 - [MESSAGE][PASSED] - Object: 'Object Repository/Parts/PartsSalesOrder/PartSalesOrder_CCInterface/CCInterface_SplitPaymentPlus' is clicked on

2017-11-30 11:31:00 - [TEST_STEP][PASSED] - delay: Delayed 5 second(s)

2017-11-30 11:31:05 - [MESSAGE][PASSED] - Delayed 5 second(s)

2017-11-30 11:31:05 - [TEST_STEP][PASSED] - Statement - G_OrderAmt = com.kms.katalon.core.webui.keyword.WebUiBuiltInKeywords.getText(com.kms.katalon.core.testobject.ObjectRepository.findTestObject(Parts/PartsSalesOrder/PartSalesOrder_CCInterface/CCInterface_OrderTotal)): Text of object 'Object Repository/Parts/PartsSalesOrder/PartSalesOrder_CCInterface/CCInterface_OrderTotal' is: '131.68'

2017-11-30 11:31:08 - [MESSAGE][PASSED] - Text of object 'Object Repository/Parts/PartsSalesOrder/PartSalesOrder_CCInterface/CCInterface_OrderTotal' is: '131.68'

2017-11-30 11:31:08 - [TEST_STEP][PASSED] - Statement - G_SplitOrderAmt2 = G_OrderAmt - 2: null

2017-11-30 11:31:08 - [TEST_STEP][PASSED] - Statement - println(G_SplitOrderAmt1): null

2017-11-30 11:31:08 - [TEST_STEP][PASSED] - Statement - println(G_SplitOrderAmt2): null

2017-11-30 11:31:08 - [TEST_STEP][PASSED] - delay: Delayed 2 second(s)

2017-11-30 11:31:10 - [MESSAGE][PASSED] - Delayed 2 second(s)

2017-11-30 11:31:10 - [TEST_STEP][PASSED] - comment: *********Line 1: Credit Card Started***********************

2017-11-30 11:31:10 - [TEST_STEP][PASSED] - click: Object: 'Object Repository/Parts/PartsSalesOrder/PartSalesOrder_CCInterface/SplitPayment/Page_Infor LN UI (1)/CCInterface_Split_New' is clicked on

2017-11-30 11:31:10 - [MESSAGE][PASSED] - Object: 'Object Repository/Parts/PartsSalesOrder/PartSalesOrder_CCInterface/SplitPayment/Page_Infor LN UI (1)/CCInterface_Split_New' is clicked on

2017-11-30 11:31:10 - [TEST_STEP][PASSED] - delay: Delayed 2 second(s)

2017-11-30 11:31:12 - [MESSAGE][PASSED] - Delayed 2 second(s)

2017-11-30 11:31:12 - [TEST_STEP][PASSED] - click: Object: 'Object Repository/Parts/PartsSalesOrder/PartSalesOrder_CCInterface/SplitPayment/Page_Infor LN UI (1)/CC_Interface_Split_CC1_add' is clicked on

2017-11-30 11:31:12 - [MESSAGE][PASSED] - Object: 'Object Repository/Parts/PartsSalesOrder/PartSalesOrder_CCInterface/SplitPayment/Page_Infor LN UI (1)/CC_Interface_Split_CC1_add' is clicked on

2017-11-30 11:31:12 - [TEST_STEP][PASSED] - delay: Delayed 2 second(s)

2017-11-30 11:31:14 - [MESSAGE][PASSED] - Delayed 2 second(s)

2017-11-30 11:31:14 - [TEST_STEP][PASSED] - sendKeys: Keys '5100270000000007' sent to object: 'Object Repository/Parts/PartsSalesOrder/PartSalesOrder_CCInterface/SplitPayment/Page_Infor LN UI (1)/CC_Interface_Split_CC1_add'

2017-11-30 11:31:15 - [MESSAGE][PASSED] - Keys '5100270000000007' sent to object: 'Object Repository/Parts/PartsSalesOrder/PartSalesOrder_CCInterface/SplitPayment/Page_Infor LN UI (1)/CC_Interface_Split_CC1_add'

2017-11-30 11:31:15 - [TEST_STEP][PASSED] - click: Object: 'Object Repository/Parts/PartsSalesOrder/PartSalesOrder_CCInterface/SplitPayment/Page_Infor LN UI (1)/CCInterface_Split_CVV1_add' is clicked on

2017-11-30 11:31:15 - [MESSAGE][PASSED] - Object: 'Object Repository/Parts/PartsSalesOrder/PartSalesOrder_CCInterface/SplitPayment/Page_Infor LN UI (1)/CCInterface_Split_CVV1_add' is clicked on

2017-11-30 11:31:15 - [TEST_STEP][PASSED] - delay: Delayed 2 second(s)

2017-11-30 11:31:17 - [MESSAGE][PASSED] - Delayed 2 second(s)

2017-11-30 11:31:17 - [TEST_STEP][PASSED] - sendKeys: Keys '456' sent to object: 'Object Repository/Parts/PartsSalesOrder/PartSalesOrder_CCInterface/SplitPayment/Page_Infor LN UI (1)/CCInterface_Split_CVV1_add'

2017-11-30 11:31:17 - [MESSAGE][PASSED] - Keys '456' sent to object: 'Object Repository/Parts/PartsSalesOrder/PartSalesOrder_CCInterface/SplitPayment/Page_Infor LN UI (1)/CCInterface_Split_CVV1_add'

2017-11-30 11:31:17 - [TEST_STEP][PASSED] - click: Object: 'Object Repository/Parts/PartsSalesOrder/PartSalesOrder_CCInterface/SplitPayment/Page_Infor LN UI (1)/CCInterface_Split_Order1_add' is clicked on

2017-11-30 11:31:17 - [MESSAGE][PASSED] - Object: 'Object Repository/Parts/PartsSalesOrder/PartSalesOrder_CCInterface/SplitPayment/Page_Infor LN UI (1)/CCInterface_Split_Order1_add' is clicked on

2017-11-30 11:31:17 - [TEST_STEP][PASSED] - delay: Delayed 2 second(s)

2017-11-30 11:31:19 - [MESSAGE][PASSED] - Delayed 2 second(s)

2017-11-30 11:31:19 - [TEST_STEP][PASSED] - sendKeys: Keys '1.00' sent to object: 'Object Repository/Parts/PartsSalesOrder/PartSalesOrder_CCInterface/SplitPayment/Page_Infor LN UI (1)/CCInterface_Split_Order1_add'

2017-11-30 11:31:19 - [MESSAGE][PASSED] - Keys '1.00' sent to object: 'Object Repository/Parts/PartsSalesOrder/PartSalesOrder_CCInterface/SplitPayment/Page_Infor LN UI (1)/CCInterface_Split_Order1_add'

2017-11-30 11:31:19 - [TEST_STEP][PASSED] - click: Object: 'Object Repository/Parts/PartsSalesOrder/PartSalesOrder_CCInterface/SplitPayment/Page_Infor LN UI (1)/CCInterface_Split_Save' is clicked on

2017-11-30 11:31:20 - [MESSAGE][PASSED] - Object: 'Object Repository/Parts/PartsSalesOrder/PartSalesOrder_CCInterface/SplitPayment/Page_Infor LN UI (1)/CCInterface_Split_Save' is clicked on

2017-11-30 11:31:20 - [TEST_STEP][PASSED] - comment: *********Line 2: Credit Card Started***********************

2017-11-30 11:31:20 - [TEST_STEP][PASSED] - click: Object: 'Object Repository/Parts/PartsSalesOrder/PartSalesOrder_CCInterface/SplitPayment/Page_Infor LN UI (1)/CCInterface_Split_New' is clicked on

2017-11-30 11:31:20 - [MESSAGE][PASSED] - Object: 'Object Repository/Parts/PartsSalesOrder/PartSalesOrder_CCInterface/SplitPayment/Page_Infor LN UI (1)/CCInterface_Split_New' is clicked on

2017-11-30 11:31:20 - [TEST_STEP][PASSED] - delay: Delayed 2 second(s)

2017-11-30 11:31:22 - [MESSAGE][PASSED] - Delayed 2 second(s)

2017-11-30 11:31:22 - [TEST_STEP][PASSED] - click: Object: 'Object Repository/Parts/PartsSalesOrder/PartSalesOrder_CCInterface/SplitPayment/Page_Infor LN UI (1)/CCInterface_Split_CC2add' is clicked on

2017-11-30 11:31:22 - [MESSAGE][PASSED] - Object: 'Object Repository/Parts/PartsSalesOrder/PartSalesOrder_CCInterface/SplitPayment/Page_Infor LN UI (1)/CCInterface_Split_CC2add' is clicked on

2017-11-30 11:31:22 - [TEST_STEP][PASSED] - delay: Delayed 2 second(s)

2017-11-30 11:31:24 - [MESSAGE][PASSED] - Delayed 2 second(s)

2017-11-30 11:31:24 - [TEST_STEP][PASSED] - setText: Text '5021230000000007' is set on object 'Object Repository/Parts/PartsSalesOrder/PartSalesOrder_CCInterface/SplitPayment/Page_Infor LN UI (1)/CCInterface_Split_CC2add'

2017-11-30 11:31:25 - [MESSAGE][PASSED] - Text '5021230000000007' is set on object 'Object Repository/Parts/PartsSalesOrder/PartSalesOrder_CCInterface/SplitPayment/Page_Infor LN UI (1)/CCInterface_Split_CC2add'

2017-11-30 11:31:25 - [TEST_STEP][PASSED] - delay: Delayed 2 second(s)

2017-11-30 11:31:27 - [MESSAGE][PASSED] - Delayed 2 second(s)

2017-11-30 11:31:27 - [TEST_STEP][PASSED] - click: Object: 'Object Repository/Parts/PartsSalesOrder/PartSalesOrder_CCInterface/SplitPayment/Page_Infor LN UI (1)/CCInterface_Split_CVV2add' is clicked on

2017-11-30 11:31:27 - [MESSAGE][PASSED] - Object: 'Object Repository/Parts/PartsSalesOrder/PartSalesOrder_CCInterface/SplitPayment/Page_Infor LN UI (1)/CCInterface_Split_CVV2add' is clicked on

2017-11-30 11:31:27 - [TEST_STEP][PASSED] - delay: Delayed 2 second(s)

2017-11-30 11:31:29 - [MESSAGE][PASSED] - Delayed 2 second(s)

2017-11-30 11:31:29 - [TEST_STEP][PASSED] - setText: Text '214' is set on object 'Object Repository/Parts/PartsSalesOrder/PartSalesOrder_CCInterface/SplitPayment/Page_Infor LN UI (1)/CCInterface_Split_CVV2add'

2017-11-30 11:31:29 - [MESSAGE][PASSED] - Text '214' is set on object 'Object Repository/Parts/PartsSalesOrder/PartSalesOrder_CCInterface/SplitPayment/Page_Infor LN UI (1)/CCInterface_Split_CVV2add'

2017-11-30 11:31:29 - [TEST_STEP][PASSED] - doubleClick: Object: 'Object Repository/Parts/PartsSalesOrder/PartSalesOrder_CCInterface/SplitPayment/Page_Infor LN UI (1)/CCInterface_Split_CardType2' is double clicked on

2017-11-30 11:31:29 - [MESSAGE][PASSED] - Object: 'Object Repository/Parts/PartsSalesOrder/PartSalesOrder_CCInterface/SplitPayment/Page_Infor LN UI (1)/CCInterface_Split_CardType2' is double clicked on

2017-11-30 11:31:30 - [TEST_STEP][PASSED] - delay: Delayed 2 second(s)

2017-11-30 11:31:32 - [MESSAGE][PASSED] - Delayed 2 second(s)

2017-11-30 11:31:32 - [TEST_STEP][PASSED] - sendKeys: Keys 'Maestro' sent to object: 'Object Repository/Parts/PartsSalesOrder/PartSalesOrder_CCInterface/SplitPayment/Page_Infor LN UI (1)/CCInterface_Split_CardType2'

2017-11-30 11:31:32 - [MESSAGE][PASSED] - Keys 'Maestro' sent to object: 'Object Repository/Parts/PartsSalesOrder/PartSalesOrder_CCInterface/SplitPayment/Page_Infor LN UI (1)/CCInterface_Split_CardType2'

2017-11-30 11:31:32 - [TEST_STEP][PASSED] - click: Object: 'Object Repository/Parts/PartsSalesOrder/PartSalesOrder_CCInterface/SplitPayment/Page_Infor LN UI (1)/CCInterface_Split_CardType2' is clicked on

2017-11-30 11:31:32 - [MESSAGE][PASSED] - Object: 'Object Repository/Parts/PartsSalesOrder/PartSalesOrder_CCInterface/SplitPayment/Page_Infor LN UI (1)/CCInterface_Split_CardType2' is clicked on

2017-11-30 11:31:32 - [TEST_STEP][PASSED] - click: Object: 'Object Repository/Parts/PartsSalesOrder/PartSalesOrder_CCInterface/SplitPayment/Page_Infor LN UI (1)/CCInterface_Split_Name2' is clicked on

2017-11-30 11:31:32 - [MESSAGE][PASSED] - Object: 'Object Repository/Parts/PartsSalesOrder/PartSalesOrder_CCInterface/SplitPayment/Page_Infor LN UI (1)/CCInterface_Split_Name2' is clicked on

2017-11-30 11:31:32 - [TEST_STEP][PASSED] - delay: Delayed 2 second(s)

2017-11-30 11:31:34 - [MESSAGE][PASSED] - Delayed 2 second(s)

2017-11-30 11:31:34 - [TEST_STEP][PASSED] - setText: Text 'Test' is set on object 'Object Repository/Parts/PartsSalesOrder/PartSalesOrder_CCInterface/SplitPayment/Page_Infor LN UI (1)/CCInterface_Split_Name2'

2017-11-30 11:31:34 - [MESSAGE][PASSED] - Text 'Test' is set on object 'Object Repository/Parts/PartsSalesOrder/PartSalesOrder_CCInterface/SplitPayment/Page_Infor LN UI (1)/CCInterface_Split_Name2'

2017-11-30 11:31:34 - [TEST_STEP][PASSED] - click: Object: 'Object Repository/Parts/PartsSalesOrder/PartSalesOrder_CCInterface/SplitPayment/Page_Infor LN UI (1)/CCInterface_Split_Month2' is clicked on

2017-11-30 11:31:34 - [MESSAGE][PASSED] - Object: 'Object Repository/Parts/PartsSalesOrder/PartSalesOrder_CCInterface/SplitPayment/Page_Infor LN UI (1)/CCInterface_Split_Month2' is clicked on

2017-11-30 11:31:34 - [TEST_STEP][PASSED] - delay: Delayed 2 second(s)

2017-11-30 11:31:36 - [MESSAGE][PASSED] - Delayed 2 second(s)

2017-11-30 11:31:36 - [TEST_STEP][PASSED] - setText: Text '09' is set on object 'Object Repository/Parts/PartsSalesOrder/PartSalesOrder_CCInterface/SplitPayment/Page_Infor LN UI (1)/CCInterface_Split_Month2'

2017-11-30 11:31:37 - [MESSAGE][PASSED] - Text '09' is set on object 'Object Repository/Parts/PartsSalesOrder/PartSalesOrder_CCInterface/SplitPayment/Page_Infor LN UI (1)/CCInterface_Split_Month2'

2017-11-30 11:31:37 - [TEST_STEP][PASSED] - click: Object: 'Object Repository/Parts/PartsSalesOrder/PartSalesOrder_CCInterface/SplitPayment/Page_Infor LN UI (1)/CCInterface_Split_Year2' is clicked on

2017-11-30 11:31:37 - [MESSAGE][PASSED] - Object: 'Object Repository/Parts/PartsSalesOrder/PartSalesOrder_CCInterface/SplitPayment/Page_Infor LN UI (1)/CCInterface_Split_Year2' is clicked on

2017-11-30 11:31:37 - [TEST_STEP][PASSED] - delay: Delayed 2 second(s)

2017-11-30 11:31:39 - [MESSAGE][PASSED] - Delayed 2 second(s)

2017-11-30 11:31:39 - [TEST_STEP][PASSED] - setText: Text '99' is set on object 'Object Repository/Parts/PartsSalesOrder/PartSalesOrder_CCInterface/SplitPayment/Page_Infor LN UI (1)/CCInterface_Split_Year2'

2017-11-30 11:31:39 - [MESSAGE][PASSED] - Text '99' is set on object 'Object Repository/Parts/PartsSalesOrder/PartSalesOrder_CCInterface/SplitPayment/Page_Infor LN UI (1)/CCInterface_Split_Year2'

2017-11-30 11:31:39 - [TEST_STEP][PASSED] - click: Object: 'Object Repository/Parts/PartsSalesOrder/PartSalesOrder_CCInterface/SplitPayment/Page_Infor LN UI (1)/CCInterface_Split_Order2add' is clicked on

2017-11-30 11:31:39 - [MESSAGE][PASSED] - Object: 'Object Repository/Parts/PartsSalesOrder/PartSalesOrder_CCInterface/SplitPayment/Page_Infor LN UI (1)/CCInterface_Split_Order2add' is clicked on

2017-11-30 11:31:39 - [TEST_STEP][PASSED] - delay: Delayed 2 second(s)

2017-11-30 11:31:41 - [MESSAGE][PASSED] - Delayed 2 second(s)

2017-11-30 11:31:41 - [TEST_STEP][PASSED] - setText: Text '1.00' is set on object 'Object Repository/Parts/PartsSalesOrder/PartSalesOrder_CCInterface/SplitPayment/Page_Infor LN UI (1)/CCInterface_Split_Order2add'

2017-11-30 11:31:42 - [MESSAGE][PASSED] - Text '1.00' is set on object 'Object Repository/Parts/PartsSalesOrder/PartSalesOrder_CCInterface/SplitPayment/Page_Infor LN UI (1)/CCInterface_Split_Order2add'

2017-11-30 11:31:42 - [TEST_STEP][PASSED] - click: Object: 'Object Repository/Parts/PartsSalesOrder/PartSalesOrder_CCInterface/SplitPayment/Page_Infor LN UI (1)/CCInterface_Split_Save' is clicked on

2017-11-30 11:31:42 - [MESSAGE][PASSED] - Object: 'Object Repository/Parts/PartsSalesOrder/PartSalesOrder_CCInterface/SplitPayment/Page_Infor LN UI (1)/CCInterface_Split_Save' is clicked on

2017-11-30 11:31:42 - [TEST_STEP][PASSED] - comment: *********Line 3: Cash Started***********************

2017-11-30 11:31:42 - [TEST_STEP][PASSED] - click: Object: 'Object Repository/Parts/PartsSalesOrder/PartSalesOrder_CCInterface/SplitPayment/Page_Infor LN UI (1)/CCInterface_Split_New' is clicked on

2017-11-30 11:31:42 - [MESSAGE][PASSED] - Object: 'Object Repository/Parts/PartsSalesOrder/PartSalesOrder_CCInterface/SplitPayment/Page_Infor LN UI (1)/CCInterface_Split_New' is clicked on

2017-11-30 11:31:42 - [TEST_STEP][PASSED] - delay: Delayed 2 second(s)

2017-11-30 11:31:44 - [MESSAGE][PASSED] - Delayed 2 second(s)

2017-11-30 11:31:44 - [TEST_STEP][PASSED] - click: Object: 'Object Repository/Parts/PartsSalesOrder/PartSalesOrder_CCInterface/SplitPayment/Line3_Cash/Split_3_ModeOfPayment' is clicked on

2017-11-30 11:31:44 - [MESSAGE][PASSED] - Object: 'Object Repository/Parts/PartsSalesOrder/PartSalesOrder_CCInterface/SplitPayment/Line3_Cash/Split_3_ModeOfPayment' is clicked on

2017-11-30 11:31:44 - [TEST_STEP][PASSED] - click: Object: 'Object Repository/Parts/PartsSalesOrder/PartSalesOrder_CCInterface/SplitPayment/Line3_Cash/Split_3_Cashoption' is clicked on

2017-11-30 11:31:44 - [MESSAGE][PASSED] - Object: 'Object Repository/Parts/PartsSalesOrder/PartSalesOrder_CCInterface/SplitPayment/Line3_Cash/Split_3_Cashoption' is clicked on

2017-11-30 11:31:44 - [TEST_STEP][PASSED] - click: Object: 'Object Repository/Parts/PartsSalesOrder/PartSalesOrder_CCInterface/SplitPayment/Line3_Cash/Split_3_OrderAmt' is clicked on

2017-11-30 11:31:45 - [MESSAGE][PASSED] - Object: 'Object Repository/Parts/PartsSalesOrder/PartSalesOrder_CCInterface/SplitPayment/Line3_Cash/Split_3_OrderAmt' is clicked on

2017-11-30 11:31:45 - [TEST_STEP][PASSED] - delay: Delayed 2 second(s)

2017-11-30 11:31:47 - [MESSAGE][PASSED] - Delayed 2 second(s)

2017-11-30 11:31:47 - [TEST_STEP][PASSED] - setText: Text '129.68' is set on object 'Object Repository/Parts/PartsSalesOrder/PartSalesOrder_CCInterface/SplitPayment/Line3_Cash/Split_3_OrderAmt'

2017-11-30 11:31:47 - [MESSAGE][PASSED] - Text '129.68' is set on object 'Object Repository/Parts/PartsSalesOrder/PartSalesOrder_CCInterface/SplitPayment/Line3_Cash/Split_3_OrderAmt'

2017-11-30 11:31:47 - [TEST_STEP][PASSED] - click: Object: 'Object Repository/Parts/PartsSalesOrder/PartSalesOrder_CCInterface/SplitPayment/Page_Infor LN UI (1)/CCInterface_Split_Save' is clicked on

2017-11-30 11:31:47 - [MESSAGE][PASSED] - Object: 'Object Repository/Parts/PartsSalesOrder/PartSalesOrder_CCInterface/SplitPayment/Page_Infor LN UI (1)/CCInterface_Split_Save' is clicked on

2017-11-30 11:31:47 - [TEST_STEP][PASSED] - click: Object: 'Object Repository/Parts/PartsSalesOrder/PartSalesOrder_CCInterface/SplitPayment/Spilt_Action' is clicked on

2017-11-30 11:31:48 - [MESSAGE][PASSED] - Object: 'Object Repository/Parts/PartsSalesOrder/PartSalesOrder_CCInterface/SplitPayment/Spilt_Action' is clicked on

2017-11-30 11:31:48 - [TEST_STEP][PASSED] - click: Object: 'Object Repository/Parts/PartsSalesOrder/PartSalesOrder_CCInterface/SplitPayment/Split_ApplyTax' is clicked on

2017-11-30 11:31:48 - [MESSAGE][PASSED] - Object: 'Object Repository/Parts/PartsSalesOrder/PartSalesOrder_CCInterface/SplitPayment/Split_ApplyTax' is clicked on

2017-11-30 11:31:48 - [TEST_STEP][PASSED] - delay: Delayed 5 second(s)

2017-11-30 11:31:53 - [MESSAGE][PASSED] - Delayed 5 second(s)

2017-11-30 11:31:53 - [TEST_STEP][PASSED] - click: Object: 'Object Repository/Parts/PartsSalesOrder/PartSalesOrder_CCInterface/SplitPayment/Page_Infor LN UI (1)/Split_Scrollup' is clicked on

2017-11-30 11:31:53 - [MESSAGE][PASSED] - Object: 'Object Repository/Parts/PartsSalesOrder/PartSalesOrder_CCInterface/SplitPayment/Page_Infor LN UI (1)/Split_Scrollup' is clicked on

2017-11-30 11:31:53 - [TEST_STEP][PASSED] - scrollToElement: Scroll to object 'Object Repository/Parts/PartsSalesOrder/PartSalesOrder_CCInterface/SplitPayment/Page_Infor LN UI (1)/Split_InvoiceAmt1' successfully

2017-11-30 11:31:53 - [MESSAGE][PASSED] - Scroll to object 'Object Repository/Parts/PartsSalesOrder/PartSalesOrder_CCInterface/SplitPayment/Page_Infor LN UI (1)/Split_InvoiceAmt1' successfully

2017-11-30 11:31:53 - [TEST_STEP][PASSED] - Statement - G_SplitInvoiceAmt1 = com.kms.katalon.core.webui.keyword.WebUiBuiltInKeywords.getText(com.kms.katalon.core.testobject.ObjectRepository.findTestObject(Parts/PartsSalesOrder/PartSalesOrder_CCInterface/SplitPayment/Page_Infor LN UI (1)/Split_InvoiceAmt1), CONTINUE_ON_FAILURE): Text of object 'Object Repository/Parts/PartsSalesOrder/PartSalesOrder_CCInterface/SplitPayment/Page_Infor LN UI (1)/Split_InvoiceAmt1' is: '1.00'

2017-11-30 11:31:53 - [MESSAGE][PASSED] - Text of object 'Object Repository/Parts/PartsSalesOrder/PartSalesOrder_CCInterface/SplitPayment/Page_Infor LN UI (1)/Split_InvoiceAmt1' is: '1.00'

2017-11-30 11:31:53 - [TEST_STEP][PASSED] - scrollToElement: Scroll to object 'Object Repository/Parts/PartsSalesOrder/PartSalesOrder_CCInterface/SplitPayment/Page_Infor LN UI (1)/Split_InvoiceAmt2' successfully

2017-11-30 11:31:54 - [MESSAGE][PASSED] - Scroll to object 'Object Repository/Parts/PartsSalesOrder/PartSalesOrder_CCInterface/SplitPayment/Page_Infor LN UI (1)/Split_InvoiceAmt2' successfully

2017-11-30 11:31:54 - [TEST_STEP][PASSED] - Statement - G_SplitInvoiceAmt2 = com.kms.katalon.core.webui.keyword.WebUiBuiltInKeywords.getText(com.kms.katalon.core.testobject.ObjectRepository.findTestObject(Parts/PartsSalesOrder/PartSalesOrder_CCInterface/SplitPayment/Page_Infor LN UI (1)/Split_InvoiceAmt2), CONTINUE_ON_FAILURE): Text of object 'Object Repository/Parts/PartsSalesOrder/PartSalesOrder_CCInterface/SplitPayment/Page_Infor LN UI (1)/Split_InvoiceAmt2' is: '129.68'

2017-11-30 11:31:54 - [MESSAGE][PASSED] - Text of object 'Object Repository/Parts/PartsSalesOrder/PartSalesOrder_CCInterface/SplitPayment/Page_Infor LN UI (1)/Split_InvoiceAmt2' is: '129.68'

2017-11-30 11:31:54 - [TEST_STEP][PASSED] - delay: Delayed 5 second(s)

2017-11-30 11:31:59 - [MESSAGE][PASSED] - Delayed 5 second(s)

2017-11-30 11:31:59 - [TEST_STEP][PASSED] - click: Object: 'Object Repository/Parts/PartsSalesOrder/PartSalesOrder_CCInterface/SplitPayment/Split_SaveNclose' is clicked on

2017-11-30 11:32:00 - [MESSAGE][PASSED] - Object: 'Object Repository/Parts/PartsSalesOrder/PartSalesOrder_CCInterface/SplitPayment/Split_SaveNclose' is clicked on

2017-11-30 11:32:00 - [TEST_STEP][PASSED] - delay: Delayed 3 second(s)

2017-11-30 11:32:03 - [MESSAGE][PASSED] - Delayed 3 second(s)

2017-11-30 11:32:03 - [TEST_STEP][PASSED] - click: Object: 'Object Repository/Parts/PartsSalesOrder/PartSalesOrder_CCInterface/CCInterface_Process' is clicked on

2017-11-30 11:32:03 - [MESSAGE][PASSED] - Object: 'Object Repository/Parts/PartsSalesOrder/PartSalesOrder_CCInterface/CCInterface_Process' is clicked on

2017-11-30 11:32:03 - [TEST_STEP][PASSED] - waitForElementPresent: Object 'Object Repository/Parts/PartsSalesOrder/PartsSaleOrderHeader/PartSaleOrder_InvoiceRptDeviceSplit' is present

2017-11-30 11:32:09 - [MESSAGE][PASSED] - Object 'Object Repository/Parts/PartsSalesOrder/PartsSaleOrderHeader/PartSaleOrder_InvoiceRptDeviceSplit' is present

2017-11-30 11:32:09 - [TEST_STEP][PASSED] - sendKeys: Keys 'D' sent to object: 'Object Repository/Parts/PartsSalesOrder/PartsSaleOrderHeader/PartSaleOrder_InvoiceRptDeviceSplit'

2017-11-30 11:32:09 - [MESSAGE][PASSED] - Keys 'D' sent to object: 'Object Repository/Parts/PartsSalesOrder/PartsSaleOrderHeader/PartSaleOrder_InvoiceRptDeviceSplit'

2017-11-30 11:32:09 - [TEST_STEP][PASSED] - click: Object: 'Object Repository/Parts/PartsSalesOrder/PartsSaleOrderHeader/PartSaleOrder_InvoiceRptContinueSplit' is clicked on

2017-11-30 11:32:10 - [MESSAGE][PASSED] - Object: 'Object Repository/Parts/PartsSalesOrder/PartsSaleOrderHeader/PartSaleOrder_InvoiceRptContinueSplit' is clicked on

2017-11-30 11:32:10 - [TEST_STEP][PASSED] - delay: Delayed 10 second(s)

2017-11-30 11:32:20 - [MESSAGE][PASSED] - Delayed 10 second(s)

2017-11-30 11:32:20 - [MESSAGE][FAILED] - Unable to call Test Case with id 'Test Cases/Parts/BaseTestCases/Base_Part_PickPacknInvoiceWithCCSplitPayment' (Root cause: Call Test Case 'Test Cases/Parts/BaseTestCases/Base_Part_PickPacknInvoiceWithCCSplitPayment' failed)]]></system-out>
         <system-err><![CDATA[2017-11-30 11:29:02 - [TEST_CASE][FAILED] - Test Cases/Parts/CreditCardRegression/TC002_Parts_CreditCard: Test Cases/Parts/CreditCardRegression/TC002_Parts_CreditCard FAILED because (of) Unable to click on object 'Object Repository/Parts/PartsSalesOrder/PartSalesOrder_CCInterface/CCInterface_SplitPayment' (Root cause: org.openqa.selenium.WebDriverException: Element is not clickable at point (937.7999877929688, 360). Other element would receive the click: <div style="z-index: 1;" class="WindowManagerGlass"></div>
Command duration or timeout: 96 milliseconds
Build info: version: '2.53.0', revision: '35ae25b', time: '2016-03-15 17:00:58'
System info: host: 'EET-RG', ip: '192.168.25.107', os.name: 'Windows 7', os.arch: 'amd64', os.version: '6.1', java.version: '1.8.0_102'
Driver info: com.kms.katalon.selenium.driver.CFirefoxDriver
Capabilities [{applicationCacheEnabled=true, rotatable=false, handlesAlerts=true, databaseEnabled=true, version=43.0.1, platform=WINDOWS, nativeEvents=false, acceptSslCerts=true, webStorageEnabled=true, locationContextEnabled=true, browserName=firefox, takesScreenshot=true, javascriptEnabled=true, cssSelectorsEnabled=true}]
Session ID: 18792179-6f13-472d-95dd-cba7538b325c)]]></system-err>
      </testcase>
      <system-out><![CDATA[2017-11-30 11:29:01 - [TEST_SUITE][FAILED] - Flagler_PartsTestSuite: Test Cases/Parts/CreditCardRegression/TC002_Parts_CreditCard FAILED because (of) Unable to click on object 'Object Repository/Parts/PartsSalesOrder/PartSalesOrder_CCInterface/CCInterface_SplitPayment' (Root cause: org.openqa.selenium.WebDriverException: Element is not clickable at point (937.7999877929688, 360). Other element would receive the click: <div style="z-index: 1;" class="WindowManagerGlass"></div>
Command duration or timeout: 96 milliseconds
Build info: version: '2.53.0', revision: '35ae25b', time: '2016-03-15 17:00:58'
System info: host: 'EET-RG', ip: '192.168.25.107', os.name: 'Windows 7', os.arch: 'amd64', os.version: '6.1', java.version: '1.8.0_102'
Driver info: com.kms.katalon.selenium.driver.CFirefoxDriver
Capabilities [{applicationCacheEnabled=true, rotatable=false, handlesAlerts=true, databaseEnabled=true, version=43.0.1, platform=WINDOWS, nativeEvents=false, acceptSslCerts=true, webStorageEnabled=true, locationContextEnabled=true, browserName=firefox, takesScreenshot=true, javascriptEnabled=true, cssSelectorsEnabled=true}]
Session ID: 18792179-6f13-472d-95dd-cba7538b325c)]]></system-out>
      <system-err><![CDATA[2017-11-30 11:29:01 - [TEST_SUITE][FAILED] - Flagler_PartsTestSuite: Test Cases/Parts/CreditCardRegression/TC002_Parts_CreditCard FAILED because (of) Unable to click on object 'Object Repository/Parts/PartsSalesOrder/PartSalesOrder_CCInterface/CCInterface_SplitPayment' (Root cause: org.openqa.selenium.WebDriverException: Element is not clickable at point (937.7999877929688, 360). Other element would receive the click: <div style="z-index: 1;" class="WindowManagerGlass"></div>
Command duration or timeout: 96 milliseconds
Build info: version: '2.53.0', revision: '35ae25b', time: '2016-03-15 17:00:58'
System info: host: 'EET-RG', ip: '192.168.25.107', os.name: 'Windows 7', os.arch: 'amd64', os.version: '6.1', java.version: '1.8.0_102'
Driver info: com.kms.katalon.selenium.driver.CFirefoxDriver
Capabilities [{applicationCacheEnabled=true, rotatable=false, handlesAlerts=true, databaseEnabled=true, version=43.0.1, platform=WINDOWS, nativeEvents=false, acceptSslCerts=true, webStorageEnabled=true, locationContextEnabled=true, browserName=firefox, takesScreenshot=true, javascriptEnabled=true, cssSelectorsEnabled=true}]
Session ID: 18792179-6f13-472d-95dd-cba7538b325c)]]></system-err>
   </testsuite>
</testsuites>
