<?xml version="1.0" encoding="UTF-8"?>
<testsuites name="TC001_ServiceCreditCardwithdifferentGateway" time="250" tests="0" failures="1" errors="0">
   <testsuite name="TC001_ServiceCreditCardwithdifferentGateway" tests="0" failures="1" errors="0" time="250" timestamp="2017-11-29 16:38:39" hostname="agawhande - ANIL110.e-emphasys.com" id="Test Suites/TC001_ServiceCreditCardwithdifferentGateway">
      <properties>
         <property name="deviceName" value=""/>
         <property name="devicePlatform" value=""/>
         <property name="logFolder" value="C:\\Users\\agawhande\\Katalon Studio\\FlaglerCreditCard\\Reports\\TC001_ServiceCreditCardwithdifferentGateway\\20171129_163831"/>
         <property name="logFiles" value="C:\\Users\\agawhande\\Katalon Studio\\FlaglerCreditCard\\Reports\\TC001_ServiceCreditCardwithdifferentGateway\\20171129_163831\\execution0.log"/>
         <property name="attachments" value="C:\\Users\\agawhande\\Katalon Studio\\FlaglerCreditCard\\Reports\\TC001_ServiceCreditCardwithdifferentGateway\\20171129_163831\\1511953968390.png"/>
         <property name="hostName" value="agawhande - ANIL110.e-emphasys.com"/>
         <property name="os" value="Windows 7 64bit"/>
         <property name="katalonVersion" value="4.8.0.2"/>
         <property name="browser" value="Firefox 56.0"/>
         <property name="hostAddress" value="192.168.25.228"/>
         <property name="sessionId" value="caab7be7-a672-4733-8284-a9d2cbd9bc7c"/>
         <property name="seleniumVersion" value="unknown"/>
         <property name="proxyInformation" value="ProxyInformation{proxyOption=NO_PROXY, proxyServerType=, password=, proxyServerAddress=, proxyServerPort=0}"/>
         <property name="platform" value="Windows 7"/>
      </properties>
      <testcase name="Test Cases/Service/CreditCardRegression/TC001_Service_CreditCard" classname="Test Cases/Service/CreditCardRegression/TC001_Service_CreditCard" status="FAILED">
         <failure type="FAILED" message="Unable to click on object 'Object Repository/Service/ServiceOrder/ServiceCreditCard/ServiceCreditCard.PrintDevice' (Root cause: com.kms.katalon.core.webui.exception.WebElementNotFoundException: Web element with id: 'Object Repository/Service/ServiceOrder/ServiceCreditCard/ServiceCreditCard.PrintDevice' located by 'By.xpath: //*[@id = 'ttstpsplopen-4-button-form-exec.cont.process-label']' not found)"/>
         <system-out><![CDATA[2017-11-29 16:38:40 - [TEST_CASE][FAILED] - Test Cases/Service/CreditCardRegression/TC001_Service_CreditCard: Test Cases/Service/CreditCardRegression/TC001_Service_CreditCard FAILED because (of) Unable to click on object 'Object Repository/Service/ServiceOrder/ServiceCreditCard/ServiceCreditCard.PrintDevice' (Root cause: com.kms.katalon.core.webui.exception.WebElementNotFoundException: Web element with id: 'Object Repository/Service/ServiceOrder/ServiceCreditCard/ServiceCreditCard.PrintDevice' located by 'By.xpath: //*[@id = 'ttstpsplopen-4-button-form-exec.cont.process-label']' not found)

2017-11-29 16:38:41 - [TEST_STEP][PASSED] - callTestCase: Call Test Case 'Test Cases/Service/BaseTestCases/Base_Service_CreateHeader' successfully

2017-11-29 16:38:41 - [TEST_CASE][PASSED] - Test Cases/Service/BaseTestCases/Base_Service_CreateHeader: Test Cases/Service/BaseTestCases/Base_Service_CreateHeader

2017-11-29 16:38:41 - [TEST_STEP][PASSED] - callTestCase: Call Test Case 'Test Cases/Common/Base_Common_OpenSession' successfully

2017-11-29 16:38:41 - [TEST_CASE][PASSED] - Test Cases/Common/Base_Common_OpenSession: Test Cases/Common/Base_Common_OpenSession

2017-11-29 16:38:41 - [TEST_STEP][PASSED] - openBrowser: Browser is opened with url: 'http://baan:3Xtend27$13@192.168.20.241:8312/webui/servlet/login'

2017-11-29 16:38:52 - [MESSAGE][PASSED] - Browser is opened with url: 'http://baan:3Xtend27$13@192.168.20.241:8312/webui/servlet/login'

2017-11-29 16:38:52 - [TEST_STEP][PASSED] - waitForPageLoad: Wait for page load successfully

2017-11-29 16:38:53 - [MESSAGE][PASSED] - Wait for page load successfully

2017-11-29 16:38:53 - [TEST_STEP][PASSED] - maximizeWindow: Current window maximized

2017-11-29 16:38:53 - [MESSAGE][PASSED] - Current window maximized

2017-11-29 16:38:53 - [TEST_STEP][PASSED] - click: Object: 'Object Repository/Common/HomePage/HomePage_more' is clicked on

2017-11-29 16:38:57 - [MESSAGE][PASSED] - Object: 'Object Repository/Common/HomePage/HomePage_more' is clicked on

2017-11-29 16:38:57 - [TEST_STEP][PASSED] - click: Object: 'Object Repository/Common/HomePage/HomePage_Option' is clicked on

2017-11-29 16:38:57 - [MESSAGE][PASSED] - Object: 'Object Repository/Common/HomePage/HomePage_Option' is clicked on

2017-11-29 16:38:57 - [TEST_STEP][PASSED] - click: Object: 'Object Repository/Common/HomePage/HomePage_RunProgram_' is clicked on

2017-11-29 16:38:57 - [MESSAGE][PASSED] - Object: 'Object Repository/Common/HomePage/HomePage_RunProgram_' is clicked on

2017-11-29 16:38:57 - [TEST_STEP][PASSED] - sendKeys: Keys 'tssoc2100m001' sent to object: 'Object Repository/Common/HomePage/HomePage_Session_ID'

2017-11-29 16:38:58 - [MESSAGE][PASSED] - Keys 'tssoc2100m001' sent to object: 'Object Repository/Common/HomePage/HomePage_Session_ID'

2017-11-29 16:38:58 - [TEST_STEP][PASSED] - click: Object: 'Object Repository/Common/HomePage/HomePage_OkButton' is clicked on

2017-11-29 16:38:58 - [MESSAGE][PASSED] - Object: 'Object Repository/Common/HomePage/HomePage_OkButton' is clicked on

2017-11-29 16:38:58 - [MESSAGE][PASSED] - Call Test Case 'Test Cases/Common/Base_Common_OpenSession' successfully

2017-11-29 16:38:58 - [TEST_STEP][PASSED] - click: Object: 'Object Repository/Service/ServiceOrder/ServiceOrderHeader/ServiceOrderHeader.Newbutton' is clicked on

2017-11-29 16:39:01 - [MESSAGE][PASSED] - Object: 'Object Repository/Service/ServiceOrder/ServiceOrderHeader/ServiceOrderHeader.Newbutton' is clicked on

2017-11-29 16:39:01 - [TEST_STEP][PASSED] - delay: Delayed 8 second(s)

2017-11-29 16:39:09 - [MESSAGE][PASSED] - Delayed 8 second(s)

2017-11-29 16:39:09 - [TEST_STEP][PASSED] - click: Object: 'Object Repository/Service/ServiceOrder/ServiceOrderHeader/ServiceOrderHeader.Customer' is clicked on

2017-11-29 16:39:10 - [MESSAGE][PASSED] - Object: 'Object Repository/Service/ServiceOrder/ServiceOrderHeader/ServiceOrderHeader.Customer' is clicked on

2017-11-29 16:39:10 - [TEST_STEP][PASSED] - delay: Delayed 2 second(s)

2017-11-29 16:39:12 - [MESSAGE][PASSED] - Delayed 2 second(s)

2017-11-29 16:39:12 - [TEST_STEP][PASSED] - sendKeys: Keys 'BP0009610' sent to object: 'Object Repository/Service/ServiceOrder/ServiceOrderHeader/ServiceOrderHeader.Customer'

2017-11-29 16:39:12 - [MESSAGE][PASSED] - Keys 'BP0009610' sent to object: 'Object Repository/Service/ServiceOrder/ServiceOrderHeader/ServiceOrderHeader.Customer'

2017-11-29 16:39:12 - [TEST_STEP][PASSED] - sendKeys: Keys '' sent to object: 'Object Repository/Service/ServiceOrder/ServiceOrderHeader/ServiceOrderHeader.Customer'

2017-11-29 16:39:12 - [MESSAGE][PASSED] - Keys '' sent to object: 'Object Repository/Service/ServiceOrder/ServiceOrderHeader/ServiceOrderHeader.Customer'

2017-11-29 16:39:12 - [TEST_STEP][PASSED] - delay: Delayed 3 second(s)

2017-11-29 16:39:15 - [MESSAGE][PASSED] - Delayed 3 second(s)

2017-11-29 16:39:15 - [TEST_STEP][PASSED] - click: Object: 'Object Repository/Service/ServiceOrder/ServiceOrderHeader/ServiceOrderHeader.Unit' is clicked on

2017-11-29 16:39:15 - [MESSAGE][PASSED] - Object: 'Object Repository/Service/ServiceOrder/ServiceOrderHeader/ServiceOrderHeader.Unit' is clicked on

2017-11-29 16:39:15 - [TEST_STEP][PASSED] - delay: Delayed 2 second(s)

2017-11-29 16:39:17 - [MESSAGE][PASSED] - Delayed 2 second(s)

2017-11-29 16:39:17 - [TEST_STEP][PASSED] - sendKeys: Keys 'EQ0128249' sent to object: 'Object Repository/Service/ServiceOrder/ServiceOrderHeader/ServiceOrderHeader.Unit'

2017-11-29 16:39:17 - [MESSAGE][PASSED] - Keys 'EQ0128249' sent to object: 'Object Repository/Service/ServiceOrder/ServiceOrderHeader/ServiceOrderHeader.Unit'

2017-11-29 16:39:17 - [TEST_STEP][PASSED] - delay: Delayed 5 second(s)

2017-11-29 16:39:22 - [MESSAGE][PASSED] - Delayed 5 second(s)

2017-11-29 16:39:22 - [TEST_STEP][PASSED] - click: Object: 'Object Repository/Service/ServiceOrder/ServiceOrderHeader/ServiceOrderHeader.Save' is clicked on

2017-11-29 16:39:22 - [MESSAGE][PASSED] - Object: 'Object Repository/Service/ServiceOrder/ServiceOrderHeader/ServiceOrderHeader.Save' is clicked on

2017-11-29 16:39:22 - [TEST_STEP][PASSED] - delay: Delayed 2 second(s)

2017-11-29 16:39:24 - [MESSAGE][PASSED] - Delayed 2 second(s)

2017-11-29 16:39:24 - [TEST_STEP][PASSED] - click: Object: 'Object Repository/Service/ServiceOrder/ServiceOrderHeader/ServiceOrderHeader.Warning' is clicked on

2017-11-29 16:39:25 - [MESSAGE][PASSED] - Object: 'Object Repository/Service/ServiceOrder/ServiceOrderHeader/ServiceOrderHeader.Warning' is clicked on

2017-11-29 16:39:25 - [TEST_STEP][PASSED] - delay: Delayed 3 second(s)

2017-11-29 16:39:28 - [MESSAGE][PASSED] - Delayed 3 second(s)

2017-11-29 16:39:28 - [TEST_STEP][PASSED] - click: Object: 'Object Repository/Service/ServiceOrder/ServiceOrderHeader/ServiceOrderHeader.PaymentMode' is clicked on

2017-11-29 16:39:28 - [MESSAGE][PASSED] - Object: 'Object Repository/Service/ServiceOrder/ServiceOrderHeader/ServiceOrderHeader.PaymentMode' is clicked on

2017-11-29 16:39:28 - [TEST_STEP][PASSED] - click: Object: 'Object Repository/Service/ServiceOrder/ServiceOrderHeader/ServiceOrderHeader.CreditCardoption' is clicked on

2017-11-29 16:39:28 - [MESSAGE][PASSED] - Object: 'Object Repository/Service/ServiceOrder/ServiceOrderHeader/ServiceOrderHeader.CreditCardoption' is clicked on

2017-11-29 16:39:28 - [TEST_STEP][PASSED] - delay: Delayed 5 second(s)

2017-11-29 16:39:33 - [MESSAGE][PASSED] - Delayed 5 second(s)

2017-11-29 16:39:33 - [TEST_STEP][NOT_RUN] - setText: NOT_RUN: setText

2017-11-29 16:39:33 - [MESSAGE][NOT_RUN] - NOT_RUN: setText

2017-11-29 16:39:33 - [TEST_STEP][PASSED] - click: Object: 'Object Repository/Service/ServiceOrder/ServiceOrderHeader/ServiceOrderHeader.Save' is clicked on

2017-11-29 16:39:33 - [MESSAGE][PASSED] - Object: 'Object Repository/Service/ServiceOrder/ServiceOrderHeader/ServiceOrderHeader.Save' is clicked on

2017-11-29 16:39:33 - [TEST_STEP][PASSED] - delay: Delayed 5 second(s)

2017-11-29 16:39:38 - [MESSAGE][PASSED] - Delayed 5 second(s)

2017-11-29 16:39:38 - [TEST_STEP][PASSED] - Statement - SWOOrderNo = com.kms.katalon.core.webui.keyword.WebUiBuiltInKeywords.getAttribute(com.kms.katalon.core.testobject.ObjectRepository.findTestObject(Service/ServiceOrder/ServiceOrderHeader/ServiceOrderHeader.OrderNo), "value"): Attribute 'value' of object 'Object Repository/Service/ServiceOrder/ServiceOrderHeader/ServiceOrderHeader.OrderNo' is: 'SWO011861'

2017-11-29 16:39:38 - [MESSAGE][PASSED] - Attribute 'value' of object 'Object Repository/Service/ServiceOrder/ServiceOrderHeader/ServiceOrderHeader.OrderNo' is: 'SWO011861'

2017-11-29 16:39:38 - [TEST_STEP][PASSED] - verifyNotEqual: Actual object 'SWO011861' and expected object '' are not equal

2017-11-29 16:39:38 - [MESSAGE][PASSED] - Actual object 'SWO011861' and expected object '' are not equal

2017-11-29 16:39:38 - [TEST_STEP][PASSED] - delay: Delayed 5 second(s)

2017-11-29 16:39:43 - [MESSAGE][PASSED] - Delayed 5 second(s)

2017-11-29 16:39:43 - [TEST_STEP][PASSED] - click: Object: 'Object Repository/Service/ServiceOrder/ServiceOrderHeader/ServiceOrderHeader.Actions' is clicked on

2017-11-29 16:39:44 - [MESSAGE][PASSED] - Object: 'Object Repository/Service/ServiceOrder/ServiceOrderHeader/ServiceOrderHeader.Actions' is clicked on

2017-11-29 16:39:44 - [TEST_STEP][PASSED] - delay: Delayed 3 second(s)

2017-11-29 16:39:47 - [MESSAGE][PASSED] - Delayed 3 second(s)

2017-11-29 16:39:47 - [TEST_STEP][PASSED] - click: Object: 'Object Repository/Service/ServiceOrder/ServiceOrderHeader/ServiceOrderHeader.Segments' is clicked on

2017-11-29 16:39:47 - [MESSAGE][PASSED] - Object: 'Object Repository/Service/ServiceOrder/ServiceOrderHeader/ServiceOrderHeader.Segments' is clicked on

2017-11-29 16:39:47 - [TEST_STEP][PASSED] - delay: Delayed 3 second(s)

2017-11-29 16:39:50 - [MESSAGE][PASSED] - Delayed 3 second(s)

2017-11-29 16:39:50 - [MESSAGE][PASSED] - Call Test Case 'Test Cases/Service/BaseTestCases/Base_Service_CreateHeader' successfully

2017-11-29 16:39:50 - [TEST_STEP][PASSED] - callTestCase: Call Test Case 'Test Cases/Service/BaseTestCases/Base_Service_AddSegment' successfully

2017-11-29 16:39:50 - [TEST_CASE][PASSED] - Test Cases/Service/BaseTestCases/Base_Service_AddSegment: Test Cases/Service/BaseTestCases/Base_Service_AddSegment

2017-11-29 16:39:50 - [TEST_STEP][PASSED] - click: Object: 'Object Repository/Service/ServiceOrder/ServiceOrderSegment/ServiceOrderSegment.ServiceType' is clicked on

2017-11-29 16:39:53 - [MESSAGE][PASSED] - Object: 'Object Repository/Service/ServiceOrder/ServiceOrderSegment/ServiceOrderSegment.ServiceType' is clicked on

2017-11-29 16:39:53 - [TEST_STEP][PASSED] - delay: Delayed 4 second(s)

2017-11-29 16:39:57 - [MESSAGE][PASSED] - Delayed 4 second(s)

2017-11-29 16:39:57 - [TEST_STEP][PASSED] - setText: Text 'ABC' is set on object 'Object Repository/Service/ServiceOrder/ServiceOrderSegment/ServiceOrderSegment.ServiceType'

2017-11-29 16:39:57 - [MESSAGE][PASSED] - Text 'ABC' is set on object 'Object Repository/Service/ServiceOrder/ServiceOrderSegment/ServiceOrderSegment.ServiceType'

2017-11-29 16:39:57 - [TEST_STEP][NOT_RUN] - sendKeys: NOT_RUN: sendKeys

2017-11-29 16:39:57 - [MESSAGE][NOT_RUN] - NOT_RUN: sendKeys

2017-11-29 16:39:57 - [TEST_STEP][PASSED] - delay: Delayed 3 second(s)

2017-11-29 16:40:00 - [MESSAGE][PASSED] - Delayed 3 second(s)

2017-11-29 16:40:00 - [TEST_STEP][PASSED] - click: Object: 'Object Repository/Service/ServiceOrder/ServiceOrderSegment/ServiceOrderSegment.OthersTab' is clicked on

2017-11-29 16:40:00 - [MESSAGE][PASSED] - Object: 'Object Repository/Service/ServiceOrder/ServiceOrderSegment/ServiceOrderSegment.OthersTab' is clicked on

2017-11-29 16:40:00 - [TEST_STEP][PASSED] - delay: Delayed 3 second(s)

2017-11-29 16:40:03 - [MESSAGE][PASSED] - Delayed 3 second(s)

2017-11-29 16:40:03 - [TEST_STEP][PASSED] - click: Object: 'Object Repository/Service/ServiceOrder/ServiceOrderSegment/ServiceOrderSegment.Priority' is clicked on

2017-11-29 16:40:03 - [MESSAGE][PASSED] - Object: 'Object Repository/Service/ServiceOrder/ServiceOrderSegment/ServiceOrderSegment.Priority' is clicked on

2017-11-29 16:40:03 - [TEST_STEP][PASSED] - delay: Delayed 3 second(s)

2017-11-29 16:40:06 - [MESSAGE][PASSED] - Delayed 3 second(s)

2017-11-29 16:40:06 - [TEST_STEP][PASSED] - sendKeys: Keys '1' sent to object: 'Object Repository/Service/ServiceOrder/ServiceOrderSegment/ServiceOrderSegment.Priority'

2017-11-29 16:40:07 - [MESSAGE][PASSED] - Keys '1' sent to object: 'Object Repository/Service/ServiceOrder/ServiceOrderSegment/ServiceOrderSegment.Priority'

2017-11-29 16:40:07 - [TEST_STEP][PASSED] - delay: Delayed 3 second(s)

2017-11-29 16:40:10 - [MESSAGE][PASSED] - Delayed 3 second(s)

2017-11-29 16:40:10 - [TEST_STEP][PASSED] - click: Object: 'Object Repository/Service/ServiceOrder/ServiceOrderSegment/ServiceOrderSegment.Save' is clicked on

2017-11-29 16:40:10 - [MESSAGE][PASSED] - Object: 'Object Repository/Service/ServiceOrder/ServiceOrderSegment/ServiceOrderSegment.Save' is clicked on

2017-11-29 16:40:10 - [TEST_STEP][PASSED] - delay: Delayed 10 second(s)

2017-11-29 16:40:20 - [MESSAGE][PASSED] - Delayed 10 second(s)

2017-11-29 16:40:20 - [TEST_STEP][PASSED] - click: Object: 'Object Repository/Service/ServiceOrder/ServiceOrderSegment/ServiceOrderSegment.Action' is clicked on

2017-11-29 16:40:20 - [MESSAGE][PASSED] - Object: 'Object Repository/Service/ServiceOrder/ServiceOrderSegment/ServiceOrderSegment.Action' is clicked on

2017-11-29 16:40:20 - [TEST_STEP][PASSED] - delay: Delayed 2 second(s)

2017-11-29 16:40:22 - [MESSAGE][PASSED] - Delayed 2 second(s)

2017-11-29 16:40:22 - [TEST_STEP][PASSED] - click: Object: 'Object Repository/Service/ServiceOrder/ServiceOrderSegment/ServiceOrderSegment.Release' is clicked on

2017-11-29 16:40:22 - [MESSAGE][PASSED] - Object: 'Object Repository/Service/ServiceOrder/ServiceOrderSegment/ServiceOrderSegment.Release' is clicked on

2017-11-29 16:40:22 - [TEST_STEP][PASSED] - delay: Delayed 5 second(s)

2017-11-29 16:40:27 - [MESSAGE][PASSED] - Delayed 5 second(s)

2017-11-29 16:40:27 - [TEST_STEP][NOT_RUN] - click: NOT_RUN: click

2017-11-29 16:40:27 - [MESSAGE][NOT_RUN] - NOT_RUN: click

2017-11-29 16:40:27 - [TEST_STEP][NOT_RUN] - click: NOT_RUN: click

2017-11-29 16:40:27 - [MESSAGE][NOT_RUN] - NOT_RUN: click

2017-11-29 16:40:27 - [TEST_STEP][NOT_RUN] - delay: NOT_RUN: delay

2017-11-29 16:40:27 - [MESSAGE][NOT_RUN] - NOT_RUN: delay

2017-11-29 16:40:27 - [TEST_STEP][NOT_RUN] - setText: NOT_RUN: setText

2017-11-29 16:40:27 - [MESSAGE][NOT_RUN] - NOT_RUN: setText

2017-11-29 16:40:27 - [TEST_STEP][NOT_RUN] - sendKeys: NOT_RUN: sendKeys

2017-11-29 16:40:27 - [MESSAGE][NOT_RUN] - NOT_RUN: sendKeys

2017-11-29 16:40:27 - [TEST_STEP][NOT_RUN] - delay: NOT_RUN: delay

2017-11-29 16:40:27 - [MESSAGE][NOT_RUN] - NOT_RUN: delay

2017-11-29 16:40:27 - [TEST_STEP][NOT_RUN] - click: NOT_RUN: click

2017-11-29 16:40:27 - [MESSAGE][NOT_RUN] - NOT_RUN: click

2017-11-29 16:40:27 - [TEST_STEP][NOT_RUN] - delay: NOT_RUN: delay

2017-11-29 16:40:27 - [MESSAGE][NOT_RUN] - NOT_RUN: delay

2017-11-29 16:40:27 - [TEST_STEP][PASSED] - click: Object: 'Object Repository/Service/ServiceOrder/ServiceOrderSegment/ServiceOrderSegment.Action' is clicked on

2017-11-29 16:40:28 - [MESSAGE][PASSED] - Object: 'Object Repository/Service/ServiceOrder/ServiceOrderSegment/ServiceOrderSegment.Action' is clicked on

2017-11-29 16:40:28 - [TEST_STEP][PASSED] - delay: Delayed 3 second(s)

2017-11-29 16:40:31 - [MESSAGE][PASSED] - Delayed 3 second(s)

2017-11-29 16:40:31 - [MESSAGE][PASSED] - Call Test Case 'Test Cases/Service/BaseTestCases/Base_Service_AddSegment' successfully

2017-11-29 16:40:31 - [TEST_STEP][PASSED] - callTestCase: Call Test Case 'Test Cases/Service/BaseTestCases/Base_Service_Add Others' successfully

2017-11-29 16:40:31 - [TEST_CASE][PASSED] - Test Cases/Service/BaseTestCases/Base_Service_Add Others: Test Cases/Service/BaseTestCases/Base_Service_Add Others

2017-11-29 16:40:31 - [TEST_STEP][PASSED] - click: Object: 'Object Repository/Service/ServiceOrder/ServiceOrderSegment/ServiceOrderSegment.Others' is clicked on

2017-11-29 16:40:31 - [MESSAGE][PASSED] - Object: 'Object Repository/Service/ServiceOrder/ServiceOrderSegment/ServiceOrderSegment.Others' is clicked on

2017-11-29 16:40:31 - [TEST_STEP][PASSED] - delay: Delayed 10 second(s)

2017-11-29 16:40:41 - [MESSAGE][PASSED] - Delayed 10 second(s)

2017-11-29 16:40:41 - [TEST_STEP][PASSED] - click: Object: 'Object Repository/Service/ServiceOrder/ServiceOrderSegment/ServiceOrderSegment.OthersNew' is clicked on

2017-11-29 16:40:41 - [MESSAGE][PASSED] - Object: 'Object Repository/Service/ServiceOrder/ServiceOrderSegment/ServiceOrderSegment.OthersNew' is clicked on

2017-11-29 16:40:41 - [TEST_STEP][PASSED] - delay: Delayed 5 second(s)

2017-11-29 16:40:46 - [MESSAGE][PASSED] - Delayed 5 second(s)

2017-11-29 16:40:46 - [TEST_STEP][PASSED] - click: Object: 'Object Repository/Service/ServiceOrder/ServiceOrderSegment/ServiceOrderSegment.OthersCostComp' is clicked on

2017-11-29 16:40:46 - [MESSAGE][PASSED] - Object: 'Object Repository/Service/ServiceOrder/ServiceOrderSegment/ServiceOrderSegment.OthersCostComp' is clicked on

2017-11-29 16:40:46 - [TEST_STEP][PASSED] - delay: Delayed 2 second(s)

2017-11-29 16:40:48 - [MESSAGE][PASSED] - Delayed 2 second(s)

2017-11-29 16:40:48 - [TEST_STEP][PASSED] - setText: Text 'MIL' is set on object 'Object Repository/Service/ServiceOrder/ServiceOrderSegment/ServiceOrderSegment.OthersCostComp'

2017-11-29 16:40:49 - [MESSAGE][PASSED] - Text 'MIL' is set on object 'Object Repository/Service/ServiceOrder/ServiceOrderSegment/ServiceOrderSegment.OthersCostComp'

2017-11-29 16:40:49 - [TEST_STEP][PASSED] - delay: Delayed 5 second(s)

2017-11-29 16:40:54 - [MESSAGE][PASSED] - Delayed 5 second(s)

2017-11-29 16:40:54 - [TEST_STEP][PASSED] - scrollToElement: Scroll to object 'Object Repository/Service/ServiceOrder/ServiceOrderSegment/ServiceOrderSegment.Actual Qty' successfully

2017-11-29 16:40:54 - [MESSAGE][PASSED] - Scroll to object 'Object Repository/Service/ServiceOrder/ServiceOrderSegment/ServiceOrderSegment.Actual Qty' successfully

2017-11-29 16:40:54 - [TEST_STEP][PASSED] - click: Object: 'Object Repository/Service/ServiceOrder/ServiceOrderSegment/ServiceOrderSegment.Actual Qty' is clicked on

2017-11-29 16:40:54 - [MESSAGE][PASSED] - Object: 'Object Repository/Service/ServiceOrder/ServiceOrderSegment/ServiceOrderSegment.Actual Qty' is clicked on

2017-11-29 16:40:54 - [TEST_STEP][PASSED] - delay: Delayed 2 second(s)

2017-11-29 16:40:56 - [MESSAGE][PASSED] - Delayed 2 second(s)

2017-11-29 16:40:56 - [TEST_STEP][PASSED] - sendKeys: Keys '2' sent to object: 'Object Repository/Service/ServiceOrder/ServiceOrderSegment/ServiceOrderSegment.Actual Qty'

2017-11-29 16:40:56 - [MESSAGE][PASSED] - Keys '2' sent to object: 'Object Repository/Service/ServiceOrder/ServiceOrderSegment/ServiceOrderSegment.Actual Qty'

2017-11-29 16:40:56 - [TEST_STEP][PASSED] - delay: Delayed 5 second(s)

2017-11-29 16:41:01 - [MESSAGE][PASSED] - Delayed 5 second(s)

2017-11-29 16:41:01 - [TEST_STEP][NOT_RUN] - click: NOT_RUN: click

2017-11-29 16:41:01 - [MESSAGE][NOT_RUN] - NOT_RUN: click

2017-11-29 16:41:01 - [TEST_STEP][PASSED] - click: Object: 'Object Repository/Service/ServiceOrder/ServiceOrderSegment/ServiceOrderSegmentOthers.SaveClose' is clicked on

2017-11-29 16:41:01 - [MESSAGE][PASSED] - Object: 'Object Repository/Service/ServiceOrder/ServiceOrderSegment/ServiceOrderSegmentOthers.SaveClose' is clicked on

2017-11-29 16:41:01 - [TEST_STEP][PASSED] - delay: Delayed 5 second(s)

2017-11-29 16:41:06 - [MESSAGE][PASSED] - Delayed 5 second(s)

2017-11-29 16:41:06 - [TEST_STEP][PASSED] - click: Object: 'Object Repository/Service/ServiceOrder/ServiceOrderSegment/ServiceOrderSegment.SaveClose' is clicked on

2017-11-29 16:41:06 - [MESSAGE][PASSED] - Object: 'Object Repository/Service/ServiceOrder/ServiceOrderSegment/ServiceOrderSegment.SaveClose' is clicked on

2017-11-29 16:41:06 - [MESSAGE][PASSED] - Call Test Case 'Test Cases/Service/BaseTestCases/Base_Service_Add Others' successfully

2017-11-29 16:41:06 - [TEST_STEP][FAILED] - callTestCase: Unable to call Test Case with id 'Test Cases/Service/BaseTestCases/Base_Service_HeaderInvoice' (Root cause: Call Test Case 'Test Cases/Service/BaseTestCases/Base_Service_HeaderInvoice' failed)

2017-11-29 16:41:07 - [TEST_CASE][FAILED] - Test Cases/Service/BaseTestCases/Base_Service_HeaderInvoice: Test Cases/Service/BaseTestCases/Base_Service_HeaderInvoice FAILED because (of) Unable to click on object 'Object Repository/Service/ServiceOrder/ServiceCreditCard/ServiceCreditCard.PrintDevice' (Root cause: com.kms.katalon.core.webui.exception.WebElementNotFoundException: Web element with id: 'Object Repository/Service/ServiceOrder/ServiceCreditCard/ServiceCreditCard.PrintDevice' located by 'By.xpath: //*[@id = 'ttstpsplopen-4-button-form-exec.cont.process-label']' not found)

2017-11-29 16:41:07 - [TEST_STEP][PASSED] - delay: Delayed 5 second(s)

2017-11-29 16:41:12 - [MESSAGE][PASSED] - Delayed 5 second(s)

2017-11-29 16:41:12 - [TEST_STEP][PASSED] - click: Object: 'Object Repository/Service/ServiceOrder/ServiceOrderHeader/ServiceOrderHeader.Actions' is clicked on

2017-11-29 16:41:12 - [MESSAGE][PASSED] - Object: 'Object Repository/Service/ServiceOrder/ServiceOrderHeader/ServiceOrderHeader.Actions' is clicked on

2017-11-29 16:41:12 - [TEST_STEP][PASSED] - delay: Delayed 3 second(s)

2017-11-29 16:41:15 - [MESSAGE][PASSED] - Delayed 3 second(s)

2017-11-29 16:41:15 - [TEST_STEP][PASSED] - click: Object: 'Object Repository/Service/ServiceOrder/ServiceOrderHeader/ServiceOrderHeader.Costing' is clicked on

2017-11-29 16:41:15 - [MESSAGE][PASSED] - Object: 'Object Repository/Service/ServiceOrder/ServiceOrderHeader/ServiceOrderHeader.Costing' is clicked on

2017-11-29 16:41:15 - [TEST_STEP][PASSED] - delay: Delayed 5 second(s)

2017-11-29 16:41:20 - [MESSAGE][PASSED] - Delayed 5 second(s)

2017-11-29 16:41:20 - [TEST_STEP][NOT_RUN] - click: NOT_RUN: click

2017-11-29 16:41:20 - [MESSAGE][NOT_RUN] - NOT_RUN: click

2017-11-29 16:41:20 - [TEST_STEP][PASSED] - delay: Delayed 3 second(s)

2017-11-29 16:41:23 - [MESSAGE][PASSED] - Delayed 3 second(s)

2017-11-29 16:41:23 - [TEST_STEP][PASSED] - click: Object: 'Object Repository/Service/ServiceOrder/ServiceOrderHeader/ServiceOrderHeader.CostingProcessCont' is clicked on

2017-11-29 16:41:24 - [MESSAGE][PASSED] - Object: 'Object Repository/Service/ServiceOrder/ServiceOrderHeader/ServiceOrderHeader.CostingProcessCont' is clicked on

2017-11-29 16:41:24 - [TEST_STEP][PASSED] - delay: Delayed 3 second(s)

2017-11-29 16:41:27 - [MESSAGE][PASSED] - Delayed 3 second(s)

2017-11-29 16:41:27 - [TEST_STEP][PASSED] - click: Object: 'Object Repository/Service/ServiceOrder/ServiceOrderHeader/ServiceOrderHeader.InvoiceCont' is clicked on

2017-11-29 16:41:27 - [MESSAGE][PASSED] - Object: 'Object Repository/Service/ServiceOrder/ServiceOrderHeader/ServiceOrderHeader.InvoiceCont' is clicked on

2017-11-29 16:41:27 - [TEST_STEP][PASSED] - delay: Delayed 5 second(s)

2017-11-29 16:41:32 - [MESSAGE][PASSED] - Delayed 5 second(s)

2017-11-29 16:41:32 - [TEST_STEP][NOT_RUN] - waitForElementPresent: NOT_RUN: waitForElementPresent

2017-11-29 16:41:32 - [MESSAGE][NOT_RUN] - NOT_RUN: waitForElementPresent

2017-11-29 16:41:32 - [TEST_STEP][NOT_RUN] - doubleClick: NOT_RUN: doubleClick

2017-11-29 16:41:32 - [MESSAGE][NOT_RUN] - NOT_RUN: doubleClick

2017-11-29 16:41:32 - [TEST_STEP][NOT_RUN] - delay: NOT_RUN: delay

2017-11-29 16:41:32 - [MESSAGE][NOT_RUN] - NOT_RUN: delay

2017-11-29 16:41:32 - [TEST_STEP][NOT_RUN] - click: NOT_RUN: click

2017-11-29 16:41:32 - [MESSAGE][NOT_RUN] - NOT_RUN: click

2017-11-29 16:41:32 - [TEST_STEP][PASSED] - delay: Delayed 2 second(s)

2017-11-29 16:41:34 - [MESSAGE][PASSED] - Delayed 2 second(s)

2017-11-29 16:41:34 - [TEST_STEP][PASSED] - setText: Text 'GLOBAL' is set on object 'Object Repository/Service/ServiceOrder/ServiceCreditCard/ServiceCreditCard.PaymentGateway'

2017-11-29 16:41:34 - [MESSAGE][PASSED] - Text 'GLOBAL' is set on object 'Object Repository/Service/ServiceOrder/ServiceCreditCard/ServiceCreditCard.PaymentGateway'

2017-11-29 16:41:34 - [TEST_STEP][NOT_RUN] - sendKeys: NOT_RUN: sendKeys

2017-11-29 16:41:34 - [MESSAGE][NOT_RUN] - NOT_RUN: sendKeys

2017-11-29 16:41:34 - [TEST_STEP][PASSED] - doubleClick: Object: 'Object Repository/Service/ServiceOrder/ServiceCreditCard/ServiceCreditCard.CardType' is double clicked on

2017-11-29 16:41:34 - [MESSAGE][PASSED] - Object: 'Object Repository/Service/ServiceOrder/ServiceCreditCard/ServiceCreditCard.CardType' is double clicked on

2017-11-29 16:41:34 - [TEST_STEP][PASSED] - setText: Text 'DEBIT MASTERCARD' is set on object 'Object Repository/Service/ServiceOrder/ServiceCreditCard/ServiceCreditCard.CardType'

2017-11-29 16:41:35 - [MESSAGE][PASSED] - Text 'DEBIT MASTERCARD' is set on object 'Object Repository/Service/ServiceOrder/ServiceCreditCard/ServiceCreditCard.CardType'

2017-11-29 16:41:35 - [TEST_STEP][PASSED] - delay: Delayed 2 second(s)

2017-11-29 16:41:37 - [MESSAGE][PASSED] - Delayed 2 second(s)

2017-11-29 16:41:37 - [TEST_STEP][PASSED] - doubleClick: Object: 'Object Repository/Service/ServiceOrder/ServiceCreditCard/ServiceCreditCard.Enter CC No' is double clicked on

2017-11-29 16:41:37 - [MESSAGE][PASSED] - Object: 'Object Repository/Service/ServiceOrder/ServiceCreditCard/ServiceCreditCard.Enter CC No' is double clicked on

2017-11-29 16:41:37 - [TEST_STEP][PASSED] - delay: Delayed 3 second(s)

2017-11-29 16:41:40 - [MESSAGE][PASSED] - Delayed 3 second(s)

2017-11-29 16:41:40 - [TEST_STEP][PASSED] - sendKeys: Keys '5100270000000007' sent to object: 'Object Repository/Service/ServiceOrder/ServiceCreditCard/ServiceCreditCard.Enter CC No'

2017-11-29 16:41:40 - [MESSAGE][PASSED] - Keys '5100270000000007' sent to object: 'Object Repository/Service/ServiceOrder/ServiceCreditCard/ServiceCreditCard.Enter CC No'

2017-11-29 16:41:40 - [TEST_STEP][PASSED] - delay: Delayed 2 second(s)

2017-11-29 16:41:42 - [MESSAGE][PASSED] - Delayed 2 second(s)

2017-11-29 16:41:42 - [TEST_STEP][PASSED] - click: Object: 'Object Repository/Service/ServiceOrder/ServiceCreditCard/ServiceCreditCard.CVV2' is clicked on

2017-11-29 16:41:42 - [MESSAGE][PASSED] - Object: 'Object Repository/Service/ServiceOrder/ServiceCreditCard/ServiceCreditCard.CVV2' is clicked on

2017-11-29 16:41:42 - [TEST_STEP][PASSED] - delay: Delayed 3 second(s)

2017-11-29 16:41:45 - [MESSAGE][PASSED] - Delayed 3 second(s)

2017-11-29 16:41:45 - [TEST_STEP][PASSED] - sendKeys: Keys '865' sent to object: 'Object Repository/Service/ServiceOrder/ServiceCreditCard/ServiceCreditCard.CVV2'

2017-11-29 16:41:46 - [MESSAGE][PASSED] - Keys '865' sent to object: 'Object Repository/Service/ServiceOrder/ServiceCreditCard/ServiceCreditCard.CVV2'

2017-11-29 16:41:46 - [TEST_STEP][NOT_RUN] - sendKeys: NOT_RUN: sendKeys

2017-11-29 16:41:46 - [MESSAGE][NOT_RUN] - NOT_RUN: sendKeys

2017-11-29 16:41:46 - [TEST_STEP][NOT_RUN] - delay: NOT_RUN: delay

2017-11-29 16:41:46 - [MESSAGE][NOT_RUN] - NOT_RUN: delay

2017-11-29 16:41:46 - [TEST_STEP][PASSED] - delay: Delayed 3 second(s)

2017-11-29 16:41:49 - [MESSAGE][PASSED] - Delayed 3 second(s)

2017-11-29 16:41:49 - [TEST_STEP][PASSED] - sendKeys: Keys '09' sent to object: 'Object Repository/Service/ServiceOrder/ServiceCreditCard/ServiceCreditCard.ExpiryMonth'

2017-11-29 16:41:49 - [MESSAGE][PASSED] - Keys '09' sent to object: 'Object Repository/Service/ServiceOrder/ServiceCreditCard/ServiceCreditCard.ExpiryMonth'

2017-11-29 16:41:49 - [TEST_STEP][PASSED] - delay: Delayed 2 second(s)

2017-11-29 16:41:51 - [MESSAGE][PASSED] - Delayed 2 second(s)

2017-11-29 16:41:51 - [TEST_STEP][PASSED] - sendKeys: Keys '99' sent to object: 'Object Repository/Service/ServiceOrder/ServiceCreditCard/ServiceCreditCard.ExpiryYear'

2017-11-29 16:41:51 - [MESSAGE][PASSED] - Keys '99' sent to object: 'Object Repository/Service/ServiceOrder/ServiceCreditCard/ServiceCreditCard.ExpiryYear'

2017-11-29 16:41:51 - [TEST_STEP][PASSED] - click: Object: 'Object Repository/Service/ServiceOrder/ServiceCreditCard/ServiceCreditCard.Process' is clicked on

2017-11-29 16:41:51 - [MESSAGE][PASSED] - Object: 'Object Repository/Service/ServiceOrder/ServiceCreditCard/ServiceCreditCard.Process' is clicked on

2017-11-29 16:41:51 - [TEST_STEP][PASSED] - delay: Delayed 13 second(s)

2017-11-29 16:42:04 - [MESSAGE][PASSED] - Delayed 13 second(s)

2017-11-29 16:42:04 - [TEST_STEP][NOT_RUN] - click: NOT_RUN: click

2017-11-29 16:42:04 - [MESSAGE][NOT_RUN] - NOT_RUN: click

2017-11-29 16:42:04 - [TEST_STEP][PASSED] - delay: Delayed 10 second(s)

2017-11-29 16:42:14 - [MESSAGE][PASSED] - Delayed 10 second(s)

2017-11-29 16:42:14 - [TEST_STEP][FAILED] - click: Unable to click on object 'Object Repository/Service/ServiceOrder/ServiceCreditCard/ServiceCreditCard.PrintDevice' (Root cause: com.kms.katalon.core.webui.exception.WebElementNotFoundException: Web element with id: 'Object Repository/Service/ServiceOrder/ServiceCreditCard/ServiceCreditCard.PrintDevice' located by 'By.xpath: //*[@id = 'ttstpsplopen-4-button-form-exec.cont.process-label']' not found)

2017-11-29 16:42:48 - [MESSAGE][FAILED] - Unable to click on object 'Object Repository/Service/ServiceOrder/ServiceCreditCard/ServiceCreditCard.PrintDevice' (Root cause: com.kms.katalon.core.webui.exception.WebElementNotFoundException: Web element with id: 'Object Repository/Service/ServiceOrder/ServiceCreditCard/ServiceCreditCard.PrintDevice' located by 'By.xpath: //*[@id = 'ttstpsplopen-4-button-form-exec.cont.process-label']' not found)
[[ATTACHMENT|C:\\Users\\agawhande\\Katalon Studio\\FlaglerCreditCard\\Reports\\TC001_ServiceCreditCardwithdifferentGateway\\20171129_163831\\1511953968390.png]]

2017-11-29 16:42:48 - [MESSAGE][FAILED] - Unable to call Test Case with id 'Test Cases/Service/BaseTestCases/Base_Service_HeaderInvoice' (Root cause: Call Test Case 'Test Cases/Service/BaseTestCases/Base_Service_HeaderInvoice' failed)

2017-11-29 16:42:48 - [TEST_STEP][NOT_RUN] - callTestCase: NOT_RUN: callTestCase

2017-11-29 16:42:48 - [MESSAGE][NOT_RUN] - NOT_RUN: callTestCase

2017-11-29 16:42:48 - [TEST_STEP][NOT_RUN] - callTestCase: NOT_RUN: callTestCase

2017-11-29 16:42:48 - [MESSAGE][NOT_RUN] - NOT_RUN: callTestCase]]></system-out>
         <system-err><![CDATA[2017-11-29 16:38:40 - [TEST_CASE][FAILED] - Test Cases/Service/CreditCardRegression/TC001_Service_CreditCard: Test Cases/Service/CreditCardRegression/TC001_Service_CreditCard FAILED because (of) Unable to click on object 'Object Repository/Service/ServiceOrder/ServiceCreditCard/ServiceCreditCard.PrintDevice' (Root cause: com.kms.katalon.core.webui.exception.WebElementNotFoundException: Web element with id: 'Object Repository/Service/ServiceOrder/ServiceCreditCard/ServiceCreditCard.PrintDevice' located by 'By.xpath: //*[@id = 'ttstpsplopen-4-button-form-exec.cont.process-label']' not found)]]></system-err>
      </testcase>
      <system-out><![CDATA[2017-11-29 16:38:39 - [TEST_SUITE][FAILED] - TC001_ServiceCreditCardwithdifferentGateway: Test Cases/Service/CreditCardRegression/TC001_Service_CreditCard FAILED because (of) Unable to click on object 'Object Repository/Service/ServiceOrder/ServiceCreditCard/ServiceCreditCard.PrintDevice' (Root cause: com.kms.katalon.core.webui.exception.WebElementNotFoundException: Web element with id: 'Object Repository/Service/ServiceOrder/ServiceCreditCard/ServiceCreditCard.PrintDevice' located by 'By.xpath: //*[@id = 'ttstpsplopen-4-button-form-exec.cont.process-label']' not found)]]></system-out>
      <system-err><![CDATA[2017-11-29 16:38:39 - [TEST_SUITE][FAILED] - TC001_ServiceCreditCardwithdifferentGateway: Test Cases/Service/CreditCardRegression/TC001_Service_CreditCard FAILED because (of) Unable to click on object 'Object Repository/Service/ServiceOrder/ServiceCreditCard/ServiceCreditCard.PrintDevice' (Root cause: com.kms.katalon.core.webui.exception.WebElementNotFoundException: Web element with id: 'Object Repository/Service/ServiceOrder/ServiceCreditCard/ServiceCreditCard.PrintDevice' located by 'By.xpath: //*[@id = 'ttstpsplopen-4-button-form-exec.cont.process-label']' not found)]]></system-err>
   </testsuite>
</testsuites>
