<?xml version="1.0" encoding="UTF-8"?>
<testsuites name="TC001_ServiceCreditCardwithdifferentGateway" time="206" tests="1" failures="0" errors="0">
   <testsuite name="TC001_ServiceCreditCardwithdifferentGateway" tests="1" failures="0" errors="0" time="206" timestamp="2017-11-29 16:46:55" hostname="agawhande - ANIL110.e-emphasys.com" id="Test Suites/TC001_ServiceCreditCardwithdifferentGateway">
      <properties>
         <property name="deviceName" value=""/>
         <property name="devicePlatform" value=""/>
         <property name="logFolder" value="C:\\Users\\agawhande\\Katalon Studio\\FlaglerCreditCard\\Reports\\TC001_ServiceCreditCardwithdifferentGateway\\20171129_164647"/>
         <property name="logFiles" value="C:\\Users\\agawhande\\Katalon Studio\\FlaglerCreditCard\\Reports\\TC001_ServiceCreditCardwithdifferentGateway\\20171129_164647\\execution0.log"/>
         <property name="attachments" value=""/>
         <property name="hostName" value="agawhande - ANIL110.e-emphasys.com"/>
         <property name="os" value="Windows 7 64bit"/>
         <property name="katalonVersion" value="4.8.0.2"/>
         <property name="browser" value="Firefox 56.0"/>
         <property name="hostAddress" value="192.168.25.228"/>
         <property name="sessionId" value="492f0a2a-3346-4032-874f-43ad43f058d6"/>
         <property name="seleniumVersion" value="unknown"/>
         <property name="proxyInformation" value="ProxyInformation{proxyOption=NO_PROXY, proxyServerType=, password=, proxyServerAddress=, proxyServerPort=0}"/>
         <property name="platform" value="Windows 7"/>
      </properties>
      <testcase name="Test Cases/Service/CreditCardRegression/TC001_Service_CreditCard" classname="Test Cases/Service/CreditCardRegression/TC001_Service_CreditCard" status="PASSED">
         <system-out><![CDATA[2017-11-29 16:46:55 - [TEST_CASE][PASSED] - Test Cases/Service/CreditCardRegression/TC001_Service_CreditCard: Test Cases/Service/CreditCardRegression/TC001_Service_CreditCard

2017-11-29 16:46:56 - [TEST_STEP][PASSED] - callTestCase: Call Test Case 'Test Cases/Service/BaseTestCases/Base_Service_CreateHeader' successfully

2017-11-29 16:46:56 - [TEST_CASE][PASSED] - Test Cases/Service/BaseTestCases/Base_Service_CreateHeader: Test Cases/Service/BaseTestCases/Base_Service_CreateHeader

2017-11-29 16:46:57 - [TEST_STEP][PASSED] - callTestCase: Call Test Case 'Test Cases/Common/Base_Common_OpenSession' successfully

2017-11-29 16:46:57 - [TEST_CASE][PASSED] - Test Cases/Common/Base_Common_OpenSession: Test Cases/Common/Base_Common_OpenSession

2017-11-29 16:46:57 - [TEST_STEP][PASSED] - openBrowser: Browser is opened with url: 'http://baan:3Xtend27$13@192.168.20.241:8312/webui/servlet/login'

2017-11-29 16:47:08 - [MESSAGE][PASSED] - Browser is opened with url: 'http://baan:3Xtend27$13@192.168.20.241:8312/webui/servlet/login'

2017-11-29 16:47:08 - [TEST_STEP][PASSED] - waitForPageLoad: Wait for page load successfully

2017-11-29 16:47:09 - [MESSAGE][PASSED] - Wait for page load successfully

2017-11-29 16:47:09 - [TEST_STEP][PASSED] - maximizeWindow: Current window maximized

2017-11-29 16:47:09 - [MESSAGE][PASSED] - Current window maximized

2017-11-29 16:47:09 - [TEST_STEP][PASSED] - click: Object: 'Object Repository/Common/HomePage/HomePage_more' is clicked on

2017-11-29 16:47:11 - [MESSAGE][PASSED] - Object: 'Object Repository/Common/HomePage/HomePage_more' is clicked on

2017-11-29 16:47:11 - [TEST_STEP][PASSED] - click: Object: 'Object Repository/Common/HomePage/HomePage_Option' is clicked on

2017-11-29 16:47:12 - [MESSAGE][PASSED] - Object: 'Object Repository/Common/HomePage/HomePage_Option' is clicked on

2017-11-29 16:47:12 - [TEST_STEP][PASSED] - click: Object: 'Object Repository/Common/HomePage/HomePage_RunProgram_' is clicked on

2017-11-29 16:47:12 - [MESSAGE][PASSED] - Object: 'Object Repository/Common/HomePage/HomePage_RunProgram_' is clicked on

2017-11-29 16:47:12 - [TEST_STEP][PASSED] - sendKeys: Keys 'tssoc2100m001' sent to object: 'Object Repository/Common/HomePage/HomePage_Session_ID'

2017-11-29 16:47:12 - [MESSAGE][PASSED] - Keys 'tssoc2100m001' sent to object: 'Object Repository/Common/HomePage/HomePage_Session_ID'

2017-11-29 16:47:12 - [TEST_STEP][PASSED] - click: Object: 'Object Repository/Common/HomePage/HomePage_OkButton' is clicked on

2017-11-29 16:47:12 - [MESSAGE][PASSED] - Object: 'Object Repository/Common/HomePage/HomePage_OkButton' is clicked on

2017-11-29 16:47:12 - [MESSAGE][PASSED] - Call Test Case 'Test Cases/Common/Base_Common_OpenSession' successfully

2017-11-29 16:47:12 - [TEST_STEP][PASSED] - click: Object: 'Object Repository/Service/ServiceOrder/ServiceOrderHeader/ServiceOrderHeader.Newbutton' is clicked on

2017-11-29 16:47:16 - [MESSAGE][PASSED] - Object: 'Object Repository/Service/ServiceOrder/ServiceOrderHeader/ServiceOrderHeader.Newbutton' is clicked on

2017-11-29 16:47:16 - [TEST_STEP][PASSED] - delay: Delayed 8 second(s)

2017-11-29 16:47:24 - [MESSAGE][PASSED] - Delayed 8 second(s)

2017-11-29 16:47:24 - [TEST_STEP][PASSED] - click: Object: 'Object Repository/Service/ServiceOrder/ServiceOrderHeader/ServiceOrderHeader.Customer' is clicked on

2017-11-29 16:47:24 - [MESSAGE][PASSED] - Object: 'Object Repository/Service/ServiceOrder/ServiceOrderHeader/ServiceOrderHeader.Customer' is clicked on

2017-11-29 16:47:24 - [TEST_STEP][PASSED] - delay: Delayed 2 second(s)

2017-11-29 16:47:26 - [MESSAGE][PASSED] - Delayed 2 second(s)

2017-11-29 16:47:26 - [TEST_STEP][PASSED] - sendKeys: Keys 'BP0009610' sent to object: 'Object Repository/Service/ServiceOrder/ServiceOrderHeader/ServiceOrderHeader.Customer'

2017-11-29 16:47:26 - [MESSAGE][PASSED] - Keys 'BP0009610' sent to object: 'Object Repository/Service/ServiceOrder/ServiceOrderHeader/ServiceOrderHeader.Customer'

2017-11-29 16:47:26 - [TEST_STEP][PASSED] - sendKeys: Keys '' sent to object: 'Object Repository/Service/ServiceOrder/ServiceOrderHeader/ServiceOrderHeader.Customer'

2017-11-29 16:47:26 - [MESSAGE][PASSED] - Keys '' sent to object: 'Object Repository/Service/ServiceOrder/ServiceOrderHeader/ServiceOrderHeader.Customer'

2017-11-29 16:47:26 - [TEST_STEP][PASSED] - delay: Delayed 3 second(s)

2017-11-29 16:47:29 - [MESSAGE][PASSED] - Delayed 3 second(s)

2017-11-29 16:47:29 - [TEST_STEP][PASSED] - click: Object: 'Object Repository/Service/ServiceOrder/ServiceOrderHeader/ServiceOrderHeader.Unit' is clicked on

2017-11-29 16:47:29 - [MESSAGE][PASSED] - Object: 'Object Repository/Service/ServiceOrder/ServiceOrderHeader/ServiceOrderHeader.Unit' is clicked on

2017-11-29 16:47:29 - [TEST_STEP][PASSED] - delay: Delayed 2 second(s)

2017-11-29 16:47:31 - [MESSAGE][PASSED] - Delayed 2 second(s)

2017-11-29 16:47:31 - [TEST_STEP][PASSED] - sendKeys: Keys 'EQ0128249' sent to object: 'Object Repository/Service/ServiceOrder/ServiceOrderHeader/ServiceOrderHeader.Unit'

2017-11-29 16:47:32 - [MESSAGE][PASSED] - Keys 'EQ0128249' sent to object: 'Object Repository/Service/ServiceOrder/ServiceOrderHeader/ServiceOrderHeader.Unit'

2017-11-29 16:47:32 - [TEST_STEP][PASSED] - delay: Delayed 5 second(s)

2017-11-29 16:47:37 - [MESSAGE][PASSED] - Delayed 5 second(s)

2017-11-29 16:47:37 - [TEST_STEP][PASSED] - click: Object: 'Object Repository/Service/ServiceOrder/ServiceOrderHeader/ServiceOrderHeader.Save' is clicked on

2017-11-29 16:47:37 - [MESSAGE][PASSED] - Object: 'Object Repository/Service/ServiceOrder/ServiceOrderHeader/ServiceOrderHeader.Save' is clicked on

2017-11-29 16:47:37 - [TEST_STEP][PASSED] - delay: Delayed 2 second(s)

2017-11-29 16:47:39 - [MESSAGE][PASSED] - Delayed 2 second(s)

2017-11-29 16:47:39 - [TEST_STEP][PASSED] - click: Object: 'Object Repository/Service/ServiceOrder/ServiceOrderHeader/ServiceOrderHeader.Warning' is clicked on

2017-11-29 16:47:39 - [MESSAGE][PASSED] - Object: 'Object Repository/Service/ServiceOrder/ServiceOrderHeader/ServiceOrderHeader.Warning' is clicked on

2017-11-29 16:47:39 - [TEST_STEP][PASSED] - delay: Delayed 3 second(s)

2017-11-29 16:47:42 - [MESSAGE][PASSED] - Delayed 3 second(s)

2017-11-29 16:47:42 - [TEST_STEP][PASSED] - click: Object: 'Object Repository/Service/ServiceOrder/ServiceOrderHeader/ServiceOrderHeader.PaymentMode' is clicked on

2017-11-29 16:47:42 - [MESSAGE][PASSED] - Object: 'Object Repository/Service/ServiceOrder/ServiceOrderHeader/ServiceOrderHeader.PaymentMode' is clicked on

2017-11-29 16:47:42 - [TEST_STEP][PASSED] - click: Object: 'Object Repository/Service/ServiceOrder/ServiceOrderHeader/ServiceOrderHeader.CreditCardoption' is clicked on

2017-11-29 16:47:42 - [MESSAGE][PASSED] - Object: 'Object Repository/Service/ServiceOrder/ServiceOrderHeader/ServiceOrderHeader.CreditCardoption' is clicked on

2017-11-29 16:47:42 - [TEST_STEP][PASSED] - delay: Delayed 5 second(s)

2017-11-29 16:47:47 - [MESSAGE][PASSED] - Delayed 5 second(s)

2017-11-29 16:47:47 - [TEST_STEP][NOT_RUN] - setText: NOT_RUN: setText

2017-11-29 16:47:47 - [MESSAGE][NOT_RUN] - NOT_RUN: setText

2017-11-29 16:47:47 - [TEST_STEP][PASSED] - click: Object: 'Object Repository/Service/ServiceOrder/ServiceOrderHeader/ServiceOrderHeader.Save' is clicked on

2017-11-29 16:47:48 - [MESSAGE][PASSED] - Object: 'Object Repository/Service/ServiceOrder/ServiceOrderHeader/ServiceOrderHeader.Save' is clicked on

2017-11-29 16:47:48 - [TEST_STEP][PASSED] - delay: Delayed 5 second(s)

2017-11-29 16:47:53 - [MESSAGE][PASSED] - Delayed 5 second(s)

2017-11-29 16:47:53 - [TEST_STEP][PASSED] - Statement - SWOOrderNo = com.kms.katalon.core.webui.keyword.WebUiBuiltInKeywords.getAttribute(com.kms.katalon.core.testobject.ObjectRepository.findTestObject(Service/ServiceOrder/ServiceOrderHeader/ServiceOrderHeader.OrderNo), "value"): Attribute 'value' of object 'Object Repository/Service/ServiceOrder/ServiceOrderHeader/ServiceOrderHeader.OrderNo' is: 'SWO011864'

2017-11-29 16:47:53 - [MESSAGE][PASSED] - Attribute 'value' of object 'Object Repository/Service/ServiceOrder/ServiceOrderHeader/ServiceOrderHeader.OrderNo' is: 'SWO011864'

2017-11-29 16:47:53 - [TEST_STEP][PASSED] - verifyNotEqual: Actual object 'SWO011864' and expected object '' are not equal

2017-11-29 16:47:53 - [MESSAGE][PASSED] - Actual object 'SWO011864' and expected object '' are not equal

2017-11-29 16:47:53 - [TEST_STEP][PASSED] - delay: Delayed 5 second(s)

2017-11-29 16:47:58 - [MESSAGE][PASSED] - Delayed 5 second(s)

2017-11-29 16:47:58 - [TEST_STEP][PASSED] - click: Object: 'Object Repository/Service/ServiceOrder/ServiceOrderHeader/ServiceOrderHeader.Actions' is clicked on

2017-11-29 16:47:58 - [MESSAGE][PASSED] - Object: 'Object Repository/Service/ServiceOrder/ServiceOrderHeader/ServiceOrderHeader.Actions' is clicked on

2017-11-29 16:47:58 - [TEST_STEP][PASSED] - delay: Delayed 3 second(s)

2017-11-29 16:48:01 - [MESSAGE][PASSED] - Delayed 3 second(s)

2017-11-29 16:48:01 - [TEST_STEP][PASSED] - click: Object: 'Object Repository/Service/ServiceOrder/ServiceOrderHeader/ServiceOrderHeader.Segments' is clicked on

2017-11-29 16:48:01 - [MESSAGE][PASSED] - Object: 'Object Repository/Service/ServiceOrder/ServiceOrderHeader/ServiceOrderHeader.Segments' is clicked on

2017-11-29 16:48:01 - [TEST_STEP][PASSED] - delay: Delayed 3 second(s)

2017-11-29 16:48:04 - [MESSAGE][PASSED] - Delayed 3 second(s)

2017-11-29 16:48:04 - [MESSAGE][PASSED] - Call Test Case 'Test Cases/Service/BaseTestCases/Base_Service_CreateHeader' successfully

2017-11-29 16:48:04 - [TEST_STEP][PASSED] - callTestCase: Call Test Case 'Test Cases/Service/BaseTestCases/Base_Service_AddSegment' successfully

2017-11-29 16:48:04 - [TEST_CASE][PASSED] - Test Cases/Service/BaseTestCases/Base_Service_AddSegment: Test Cases/Service/BaseTestCases/Base_Service_AddSegment

2017-11-29 16:48:05 - [TEST_STEP][PASSED] - click: Object: 'Object Repository/Service/ServiceOrder/ServiceOrderSegment/ServiceOrderSegment.ServiceType' is clicked on

2017-11-29 16:48:05 - [MESSAGE][PASSED] - Object: 'Object Repository/Service/ServiceOrder/ServiceOrderSegment/ServiceOrderSegment.ServiceType' is clicked on

2017-11-29 16:48:05 - [TEST_STEP][PASSED] - delay: Delayed 4 second(s)

2017-11-29 16:48:09 - [MESSAGE][PASSED] - Delayed 4 second(s)

2017-11-29 16:48:09 - [TEST_STEP][PASSED] - setText: Text 'ABC' is set on object 'Object Repository/Service/ServiceOrder/ServiceOrderSegment/ServiceOrderSegment.ServiceType'

2017-11-29 16:48:09 - [MESSAGE][PASSED] - Text 'ABC' is set on object 'Object Repository/Service/ServiceOrder/ServiceOrderSegment/ServiceOrderSegment.ServiceType'

2017-11-29 16:48:09 - [TEST_STEP][NOT_RUN] - sendKeys: NOT_RUN: sendKeys

2017-11-29 16:48:09 - [MESSAGE][NOT_RUN] - NOT_RUN: sendKeys

2017-11-29 16:48:09 - [TEST_STEP][PASSED] - delay: Delayed 3 second(s)

2017-11-29 16:48:12 - [MESSAGE][PASSED] - Delayed 3 second(s)

2017-11-29 16:48:12 - [TEST_STEP][PASSED] - click: Object: 'Object Repository/Service/ServiceOrder/ServiceOrderSegment/ServiceOrderSegment.OthersTab' is clicked on

2017-11-29 16:48:13 - [MESSAGE][PASSED] - Object: 'Object Repository/Service/ServiceOrder/ServiceOrderSegment/ServiceOrderSegment.OthersTab' is clicked on

2017-11-29 16:48:13 - [TEST_STEP][PASSED] - delay: Delayed 3 second(s)

2017-11-29 16:48:16 - [MESSAGE][PASSED] - Delayed 3 second(s)

2017-11-29 16:48:16 - [TEST_STEP][PASSED] - click: Object: 'Object Repository/Service/ServiceOrder/ServiceOrderSegment/ServiceOrderSegment.Priority' is clicked on

2017-11-29 16:48:16 - [MESSAGE][PASSED] - Object: 'Object Repository/Service/ServiceOrder/ServiceOrderSegment/ServiceOrderSegment.Priority' is clicked on

2017-11-29 16:48:16 - [TEST_STEP][PASSED] - delay: Delayed 3 second(s)

2017-11-29 16:48:19 - [MESSAGE][PASSED] - Delayed 3 second(s)

2017-11-29 16:48:19 - [TEST_STEP][PASSED] - sendKeys: Keys '1' sent to object: 'Object Repository/Service/ServiceOrder/ServiceOrderSegment/ServiceOrderSegment.Priority'

2017-11-29 16:48:19 - [MESSAGE][PASSED] - Keys '1' sent to object: 'Object Repository/Service/ServiceOrder/ServiceOrderSegment/ServiceOrderSegment.Priority'

2017-11-29 16:48:19 - [TEST_STEP][PASSED] - delay: Delayed 3 second(s)

2017-11-29 16:48:22 - [MESSAGE][PASSED] - Delayed 3 second(s)

2017-11-29 16:48:22 - [TEST_STEP][PASSED] - click: Object: 'Object Repository/Service/ServiceOrder/ServiceOrderSegment/ServiceOrderSegment.Save' is clicked on

2017-11-29 16:48:22 - [MESSAGE][PASSED] - Object: 'Object Repository/Service/ServiceOrder/ServiceOrderSegment/ServiceOrderSegment.Save' is clicked on

2017-11-29 16:48:22 - [TEST_STEP][PASSED] - delay: Delayed 10 second(s)

2017-11-29 16:48:32 - [MESSAGE][PASSED] - Delayed 10 second(s)

2017-11-29 16:48:32 - [TEST_STEP][PASSED] - click: Object: 'Object Repository/Service/ServiceOrder/ServiceOrderSegment/ServiceOrderSegment.Action' is clicked on

2017-11-29 16:48:33 - [MESSAGE][PASSED] - Object: 'Object Repository/Service/ServiceOrder/ServiceOrderSegment/ServiceOrderSegment.Action' is clicked on

2017-11-29 16:48:33 - [TEST_STEP][PASSED] - delay: Delayed 2 second(s)

2017-11-29 16:48:35 - [MESSAGE][PASSED] - Delayed 2 second(s)

2017-11-29 16:48:35 - [TEST_STEP][PASSED] - click: Object: 'Object Repository/Service/ServiceOrder/ServiceOrderSegment/ServiceOrderSegment.Release' is clicked on

2017-11-29 16:48:35 - [MESSAGE][PASSED] - Object: 'Object Repository/Service/ServiceOrder/ServiceOrderSegment/ServiceOrderSegment.Release' is clicked on

2017-11-29 16:48:35 - [TEST_STEP][PASSED] - delay: Delayed 5 second(s)

2017-11-29 16:48:40 - [MESSAGE][PASSED] - Delayed 5 second(s)

2017-11-29 16:48:40 - [TEST_STEP][NOT_RUN] - click: NOT_RUN: click

2017-11-29 16:48:40 - [MESSAGE][NOT_RUN] - NOT_RUN: click

2017-11-29 16:48:40 - [TEST_STEP][NOT_RUN] - click: NOT_RUN: click

2017-11-29 16:48:40 - [MESSAGE][NOT_RUN] - NOT_RUN: click

2017-11-29 16:48:40 - [TEST_STEP][NOT_RUN] - delay: NOT_RUN: delay

2017-11-29 16:48:40 - [MESSAGE][NOT_RUN] - NOT_RUN: delay

2017-11-29 16:48:40 - [TEST_STEP][NOT_RUN] - setText: NOT_RUN: setText

2017-11-29 16:48:40 - [MESSAGE][NOT_RUN] - NOT_RUN: setText

2017-11-29 16:48:40 - [TEST_STEP][NOT_RUN] - sendKeys: NOT_RUN: sendKeys

2017-11-29 16:48:40 - [MESSAGE][NOT_RUN] - NOT_RUN: sendKeys

2017-11-29 16:48:40 - [TEST_STEP][NOT_RUN] - delay: NOT_RUN: delay

2017-11-29 16:48:40 - [MESSAGE][NOT_RUN] - NOT_RUN: delay

2017-11-29 16:48:40 - [TEST_STEP][NOT_RUN] - click: NOT_RUN: click

2017-11-29 16:48:40 - [MESSAGE][NOT_RUN] - NOT_RUN: click

2017-11-29 16:48:40 - [TEST_STEP][NOT_RUN] - delay: NOT_RUN: delay

2017-11-29 16:48:40 - [MESSAGE][NOT_RUN] - NOT_RUN: delay

2017-11-29 16:48:40 - [TEST_STEP][PASSED] - click: Object: 'Object Repository/Service/ServiceOrder/ServiceOrderSegment/ServiceOrderSegment.Action' is clicked on

2017-11-29 16:48:40 - [MESSAGE][PASSED] - Object: 'Object Repository/Service/ServiceOrder/ServiceOrderSegment/ServiceOrderSegment.Action' is clicked on

2017-11-29 16:48:40 - [TEST_STEP][PASSED] - delay: Delayed 3 second(s)

2017-11-29 16:48:43 - [MESSAGE][PASSED] - Delayed 3 second(s)

2017-11-29 16:48:43 - [MESSAGE][PASSED] - Call Test Case 'Test Cases/Service/BaseTestCases/Base_Service_AddSegment' successfully

2017-11-29 16:48:43 - [TEST_STEP][PASSED] - callTestCase: Call Test Case 'Test Cases/Service/BaseTestCases/Base_Service_Add Others' successfully

2017-11-29 16:48:43 - [TEST_CASE][PASSED] - Test Cases/Service/BaseTestCases/Base_Service_Add Others: Test Cases/Service/BaseTestCases/Base_Service_Add Others

2017-11-29 16:48:44 - [TEST_STEP][PASSED] - click: Object: 'Object Repository/Service/ServiceOrder/ServiceOrderSegment/ServiceOrderSegment.Others' is clicked on

2017-11-29 16:48:44 - [MESSAGE][PASSED] - Object: 'Object Repository/Service/ServiceOrder/ServiceOrderSegment/ServiceOrderSegment.Others' is clicked on

2017-11-29 16:48:44 - [TEST_STEP][PASSED] - delay: Delayed 10 second(s)

2017-11-29 16:48:54 - [MESSAGE][PASSED] - Delayed 10 second(s)

2017-11-29 16:48:54 - [TEST_STEP][PASSED] - click: Object: 'Object Repository/Service/ServiceOrder/ServiceOrderSegment/ServiceOrderSegment.OthersNew' is clicked on

2017-11-29 16:48:54 - [MESSAGE][PASSED] - Object: 'Object Repository/Service/ServiceOrder/ServiceOrderSegment/ServiceOrderSegment.OthersNew' is clicked on

2017-11-29 16:48:54 - [TEST_STEP][PASSED] - delay: Delayed 5 second(s)

2017-11-29 16:48:59 - [MESSAGE][PASSED] - Delayed 5 second(s)

2017-11-29 16:48:59 - [TEST_STEP][PASSED] - click: Object: 'Object Repository/Service/ServiceOrder/ServiceOrderSegment/ServiceOrderSegment.OthersCostComp' is clicked on

2017-11-29 16:48:59 - [MESSAGE][PASSED] - Object: 'Object Repository/Service/ServiceOrder/ServiceOrderSegment/ServiceOrderSegment.OthersCostComp' is clicked on

2017-11-29 16:48:59 - [TEST_STEP][PASSED] - delay: Delayed 2 second(s)

2017-11-29 16:49:01 - [MESSAGE][PASSED] - Delayed 2 second(s)

2017-11-29 16:49:01 - [TEST_STEP][PASSED] - setText: Text 'MIL' is set on object 'Object Repository/Service/ServiceOrder/ServiceOrderSegment/ServiceOrderSegment.OthersCostComp'

2017-11-29 16:49:01 - [MESSAGE][PASSED] - Text 'MIL' is set on object 'Object Repository/Service/ServiceOrder/ServiceOrderSegment/ServiceOrderSegment.OthersCostComp'

2017-11-29 16:49:01 - [TEST_STEP][PASSED] - delay: Delayed 5 second(s)

2017-11-29 16:49:06 - [MESSAGE][PASSED] - Delayed 5 second(s)

2017-11-29 16:49:06 - [TEST_STEP][PASSED] - scrollToElement: Scroll to object 'Object Repository/Service/ServiceOrder/ServiceOrderSegment/ServiceOrderSegment.Actual Qty' successfully

2017-11-29 16:49:06 - [MESSAGE][PASSED] - Scroll to object 'Object Repository/Service/ServiceOrder/ServiceOrderSegment/ServiceOrderSegment.Actual Qty' successfully

2017-11-29 16:49:06 - [TEST_STEP][PASSED] - click: Object: 'Object Repository/Service/ServiceOrder/ServiceOrderSegment/ServiceOrderSegment.Actual Qty' is clicked on

2017-11-29 16:49:07 - [MESSAGE][PASSED] - Object: 'Object Repository/Service/ServiceOrder/ServiceOrderSegment/ServiceOrderSegment.Actual Qty' is clicked on

2017-11-29 16:49:07 - [TEST_STEP][PASSED] - delay: Delayed 2 second(s)

2017-11-29 16:49:09 - [MESSAGE][PASSED] - Delayed 2 second(s)

2017-11-29 16:49:09 - [TEST_STEP][PASSED] - sendKeys: Keys '2' sent to object: 'Object Repository/Service/ServiceOrder/ServiceOrderSegment/ServiceOrderSegment.Actual Qty'

2017-11-29 16:49:09 - [MESSAGE][PASSED] - Keys '2' sent to object: 'Object Repository/Service/ServiceOrder/ServiceOrderSegment/ServiceOrderSegment.Actual Qty'

2017-11-29 16:49:09 - [TEST_STEP][PASSED] - delay: Delayed 5 second(s)

2017-11-29 16:49:14 - [MESSAGE][PASSED] - Delayed 5 second(s)

2017-11-29 16:49:14 - [TEST_STEP][NOT_RUN] - click: NOT_RUN: click

2017-11-29 16:49:14 - [MESSAGE][NOT_RUN] - NOT_RUN: click

2017-11-29 16:49:14 - [TEST_STEP][PASSED] - click: Object: 'Object Repository/Service/ServiceOrder/ServiceOrderSegment/ServiceOrderSegmentOthers.SaveClose' is clicked on

2017-11-29 16:49:14 - [MESSAGE][PASSED] - Object: 'Object Repository/Service/ServiceOrder/ServiceOrderSegment/ServiceOrderSegmentOthers.SaveClose' is clicked on

2017-11-29 16:49:14 - [TEST_STEP][PASSED] - delay: Delayed 5 second(s)

2017-11-29 16:49:19 - [MESSAGE][PASSED] - Delayed 5 second(s)

2017-11-29 16:49:19 - [TEST_STEP][PASSED] - click: Object: 'Object Repository/Service/ServiceOrder/ServiceOrderSegment/ServiceOrderSegment.SaveClose' is clicked on

2017-11-29 16:49:19 - [MESSAGE][PASSED] - Object: 'Object Repository/Service/ServiceOrder/ServiceOrderSegment/ServiceOrderSegment.SaveClose' is clicked on

2017-11-29 16:49:19 - [MESSAGE][PASSED] - Call Test Case 'Test Cases/Service/BaseTestCases/Base_Service_Add Others' successfully

2017-11-29 16:49:19 - [TEST_STEP][PASSED] - callTestCase: Call Test Case 'Test Cases/Service/BaseTestCases/Base_Service_HeaderInvoice' successfully

2017-11-29 16:49:19 - [TEST_CASE][PASSED] - Test Cases/Service/BaseTestCases/Base_Service_HeaderInvoice: Test Cases/Service/BaseTestCases/Base_Service_HeaderInvoice

2017-11-29 16:49:20 - [TEST_STEP][PASSED] - delay: Delayed 5 second(s)

2017-11-29 16:49:25 - [MESSAGE][PASSED] - Delayed 5 second(s)

2017-11-29 16:49:25 - [TEST_STEP][PASSED] - click: Object: 'Object Repository/Service/ServiceOrder/ServiceOrderHeader/ServiceOrderHeader.Actions' is clicked on

2017-11-29 16:49:25 - [MESSAGE][PASSED] - Object: 'Object Repository/Service/ServiceOrder/ServiceOrderHeader/ServiceOrderHeader.Actions' is clicked on

2017-11-29 16:49:25 - [TEST_STEP][PASSED] - delay: Delayed 3 second(s)

2017-11-29 16:49:28 - [MESSAGE][PASSED] - Delayed 3 second(s)

2017-11-29 16:49:28 - [TEST_STEP][PASSED] - click: Object: 'Object Repository/Service/ServiceOrder/ServiceOrderHeader/ServiceOrderHeader.Costing' is clicked on

2017-11-29 16:49:28 - [MESSAGE][PASSED] - Object: 'Object Repository/Service/ServiceOrder/ServiceOrderHeader/ServiceOrderHeader.Costing' is clicked on

2017-11-29 16:49:28 - [TEST_STEP][PASSED] - delay: Delayed 5 second(s)

2017-11-29 16:49:33 - [MESSAGE][PASSED] - Delayed 5 second(s)

2017-11-29 16:49:33 - [TEST_STEP][NOT_RUN] - click: NOT_RUN: click

2017-11-29 16:49:33 - [MESSAGE][NOT_RUN] - NOT_RUN: click

2017-11-29 16:49:33 - [TEST_STEP][PASSED] - delay: Delayed 3 second(s)

2017-11-29 16:49:36 - [MESSAGE][PASSED] - Delayed 3 second(s)

2017-11-29 16:49:36 - [TEST_STEP][PASSED] - click: Object: 'Object Repository/Service/ServiceOrder/ServiceOrderHeader/ServiceOrderHeader.CostingProcessCont' is clicked on

2017-11-29 16:49:36 - [MESSAGE][PASSED] - Object: 'Object Repository/Service/ServiceOrder/ServiceOrderHeader/ServiceOrderHeader.CostingProcessCont' is clicked on

2017-11-29 16:49:36 - [TEST_STEP][PASSED] - delay: Delayed 3 second(s)

2017-11-29 16:49:39 - [MESSAGE][PASSED] - Delayed 3 second(s)

2017-11-29 16:49:39 - [TEST_STEP][PASSED] - click: Object: 'Object Repository/Service/ServiceOrder/ServiceOrderHeader/ServiceOrderHeader.InvoiceCont' is clicked on

2017-11-29 16:49:40 - [MESSAGE][PASSED] - Object: 'Object Repository/Service/ServiceOrder/ServiceOrderHeader/ServiceOrderHeader.InvoiceCont' is clicked on

2017-11-29 16:49:40 - [TEST_STEP][PASSED] - delay: Delayed 5 second(s)

2017-11-29 16:49:45 - [MESSAGE][PASSED] - Delayed 5 second(s)

2017-11-29 16:49:45 - [TEST_STEP][NOT_RUN] - waitForElementPresent: NOT_RUN: waitForElementPresent

2017-11-29 16:49:45 - [MESSAGE][NOT_RUN] - NOT_RUN: waitForElementPresent

2017-11-29 16:49:45 - [TEST_STEP][NOT_RUN] - doubleClick: NOT_RUN: doubleClick

2017-11-29 16:49:45 - [MESSAGE][NOT_RUN] - NOT_RUN: doubleClick

2017-11-29 16:49:45 - [TEST_STEP][NOT_RUN] - delay: NOT_RUN: delay

2017-11-29 16:49:45 - [MESSAGE][NOT_RUN] - NOT_RUN: delay

2017-11-29 16:49:45 - [TEST_STEP][NOT_RUN] - click: NOT_RUN: click

2017-11-29 16:49:45 - [MESSAGE][NOT_RUN] - NOT_RUN: click

2017-11-29 16:49:45 - [TEST_STEP][PASSED] - delay: Delayed 2 second(s)

2017-11-29 16:49:47 - [MESSAGE][PASSED] - Delayed 2 second(s)

2017-11-29 16:49:47 - [TEST_STEP][PASSED] - setText: Text 'GLOBAL' is set on object 'Object Repository/Service/ServiceOrder/ServiceCreditCard/ServiceCreditCard.PaymentGateway'

2017-11-29 16:49:47 - [MESSAGE][PASSED] - Text 'GLOBAL' is set on object 'Object Repository/Service/ServiceOrder/ServiceCreditCard/ServiceCreditCard.PaymentGateway'

2017-11-29 16:49:47 - [TEST_STEP][NOT_RUN] - sendKeys: NOT_RUN: sendKeys

2017-11-29 16:49:47 - [MESSAGE][NOT_RUN] - NOT_RUN: sendKeys

2017-11-29 16:49:47 - [TEST_STEP][PASSED] - doubleClick: Object: 'Object Repository/Service/ServiceOrder/ServiceCreditCard/ServiceCreditCard.CardType' is double clicked on

2017-11-29 16:49:47 - [MESSAGE][PASSED] - Object: 'Object Repository/Service/ServiceOrder/ServiceCreditCard/ServiceCreditCard.CardType' is double clicked on

2017-11-29 16:49:47 - [TEST_STEP][PASSED] - setText: Text 'DEBIT MASTERCARD' is set on object 'Object Repository/Service/ServiceOrder/ServiceCreditCard/ServiceCreditCard.CardType'

2017-11-29 16:49:47 - [MESSAGE][PASSED] - Text 'DEBIT MASTERCARD' is set on object 'Object Repository/Service/ServiceOrder/ServiceCreditCard/ServiceCreditCard.CardType'

2017-11-29 16:49:47 - [TEST_STEP][PASSED] - delay: Delayed 2 second(s)

2017-11-29 16:49:49 - [MESSAGE][PASSED] - Delayed 2 second(s)

2017-11-29 16:49:49 - [TEST_STEP][PASSED] - doubleClick: Object: 'Object Repository/Service/ServiceOrder/ServiceCreditCard/ServiceCreditCard.Enter CC No' is double clicked on

2017-11-29 16:49:50 - [MESSAGE][PASSED] - Object: 'Object Repository/Service/ServiceOrder/ServiceCreditCard/ServiceCreditCard.Enter CC No' is double clicked on

2017-11-29 16:49:50 - [TEST_STEP][PASSED] - delay: Delayed 3 second(s)

2017-11-29 16:49:53 - [MESSAGE][PASSED] - Delayed 3 second(s)

2017-11-29 16:49:53 - [TEST_STEP][PASSED] - sendKeys: Keys '5100270000000007' sent to object: 'Object Repository/Service/ServiceOrder/ServiceCreditCard/ServiceCreditCard.Enter CC No'

2017-11-29 16:49:53 - [MESSAGE][PASSED] - Keys '5100270000000007' sent to object: 'Object Repository/Service/ServiceOrder/ServiceCreditCard/ServiceCreditCard.Enter CC No'

2017-11-29 16:49:53 - [TEST_STEP][PASSED] - delay: Delayed 2 second(s)

2017-11-29 16:49:55 - [MESSAGE][PASSED] - Delayed 2 second(s)

2017-11-29 16:49:55 - [TEST_STEP][PASSED] - click: Object: 'Object Repository/Service/ServiceOrder/ServiceCreditCard/ServiceCreditCard.CVV2' is clicked on

2017-11-29 16:49:55 - [MESSAGE][PASSED] - Object: 'Object Repository/Service/ServiceOrder/ServiceCreditCard/ServiceCreditCard.CVV2' is clicked on

2017-11-29 16:49:55 - [TEST_STEP][PASSED] - delay: Delayed 3 second(s)

2017-11-29 16:49:58 - [MESSAGE][PASSED] - Delayed 3 second(s)

2017-11-29 16:49:58 - [TEST_STEP][PASSED] - sendKeys: Keys '865' sent to object: 'Object Repository/Service/ServiceOrder/ServiceCreditCard/ServiceCreditCard.CVV2'

2017-11-29 16:49:58 - [MESSAGE][PASSED] - Keys '865' sent to object: 'Object Repository/Service/ServiceOrder/ServiceCreditCard/ServiceCreditCard.CVV2'

2017-11-29 16:49:58 - [TEST_STEP][NOT_RUN] - sendKeys: NOT_RUN: sendKeys

2017-11-29 16:49:58 - [MESSAGE][NOT_RUN] - NOT_RUN: sendKeys

2017-11-29 16:49:58 - [TEST_STEP][NOT_RUN] - delay: NOT_RUN: delay

2017-11-29 16:49:58 - [MESSAGE][NOT_RUN] - NOT_RUN: delay

2017-11-29 16:49:58 - [TEST_STEP][PASSED] - delay: Delayed 3 second(s)

2017-11-29 16:50:01 - [MESSAGE][PASSED] - Delayed 3 second(s)

2017-11-29 16:50:01 - [TEST_STEP][PASSED] - sendKeys: Keys '09' sent to object: 'Object Repository/Service/ServiceOrder/ServiceCreditCard/ServiceCreditCard.ExpiryMonth'

2017-11-29 16:50:01 - [MESSAGE][PASSED] - Keys '09' sent to object: 'Object Repository/Service/ServiceOrder/ServiceCreditCard/ServiceCreditCard.ExpiryMonth'

2017-11-29 16:50:01 - [TEST_STEP][PASSED] - delay: Delayed 2 second(s)

2017-11-29 16:50:03 - [MESSAGE][PASSED] - Delayed 2 second(s)

2017-11-29 16:50:03 - [TEST_STEP][PASSED] - sendKeys: Keys '99' sent to object: 'Object Repository/Service/ServiceOrder/ServiceCreditCard/ServiceCreditCard.ExpiryYear'

2017-11-29 16:50:03 - [MESSAGE][PASSED] - Keys '99' sent to object: 'Object Repository/Service/ServiceOrder/ServiceCreditCard/ServiceCreditCard.ExpiryYear'

2017-11-29 16:50:03 - [TEST_STEP][PASSED] - delay: Delayed 2 second(s)

2017-11-29 16:50:05 - [MESSAGE][PASSED] - Delayed 2 second(s)

2017-11-29 16:50:05 - [TEST_STEP][PASSED] - click: Object: 'Object Repository/Service/ServiceOrder/ServiceCreditCard/ServiceCreditCard.Process' is clicked on

2017-11-29 16:50:06 - [MESSAGE][PASSED] - Object: 'Object Repository/Service/ServiceOrder/ServiceCreditCard/ServiceCreditCard.Process' is clicked on

2017-11-29 16:50:06 - [TEST_STEP][NOT_RUN] - delay: NOT_RUN: delay

2017-11-29 16:50:06 - [MESSAGE][NOT_RUN] - NOT_RUN: delay

2017-11-29 16:50:06 - [TEST_STEP][NOT_RUN] - click: NOT_RUN: click

2017-11-29 16:50:06 - [MESSAGE][NOT_RUN] - NOT_RUN: click

2017-11-29 16:50:06 - [TEST_STEP][PASSED] - delay: Delayed 10 second(s)

2017-11-29 16:50:16 - [MESSAGE][PASSED] - Delayed 10 second(s)

2017-11-29 16:50:16 - [TEST_STEP][PASSED] - click: Object: 'Object Repository/Service/ServiceOrder/ServiceCreditCard/ServiceCreditCard.PrintDevice' is clicked on

2017-11-29 16:50:16 - [MESSAGE][PASSED] - Object: 'Object Repository/Service/ServiceOrder/ServiceCreditCard/ServiceCreditCard.PrintDevice' is clicked on

2017-11-29 16:50:16 - [TEST_STEP][PASSED] - delay: Delayed 5 second(s)

2017-11-29 16:50:21 - [MESSAGE][PASSED] - Delayed 5 second(s)

2017-11-29 16:50:21 - [MESSAGE][PASSED] - Call Test Case 'Test Cases/Service/BaseTestCases/Base_Service_HeaderInvoice' successfully

2017-11-29 16:50:21 - [TEST_STEP][NOT_RUN] - callTestCase: NOT_RUN: callTestCase

2017-11-29 16:50:21 - [MESSAGE][NOT_RUN] - NOT_RUN: callTestCase

2017-11-29 16:50:21 - [TEST_STEP][NOT_RUN] - callTestCase: NOT_RUN: callTestCase

2017-11-29 16:50:21 - [MESSAGE][NOT_RUN] - NOT_RUN: callTestCase]]></system-out>
         <system-err><![CDATA[]]></system-err>
      </testcase>
      <system-out><![CDATA[2017-11-29 16:46:55 - [TEST_SUITE][PASSED] - TC001_ServiceCreditCardwithdifferentGateway: Test Cases/Service/CreditCardRegression/TC001_Service_CreditCard]]></system-out>
      <system-err><![CDATA[]]></system-err>
   </testsuite>
</testsuites>
