<?xml version="1.0" encoding="UTF-8"?>
<testsuites name="TC001_ServiceCreditCardwithdifferentGateway" time="150" tests="1" failures="0" errors="0">
   <testsuite name="TC001_ServiceCreditCardwithdifferentGateway" tests="1" failures="0" errors="0" time="150" timestamp="2017-11-29 14:49:40" hostname="agawhande - ANIL110.e-emphasys.com" id="Test Suites/TC001_ServiceCreditCardwithdifferentGateway">
      <properties>
         <property name="deviceName" value=""/>
         <property name="devicePlatform" value=""/>
         <property name="logFolder" value="C:\\Users\\agawhande\\Katalon Studio\\FlaglerCreditCard\\Reports\\TC001_ServiceCreditCardwithdifferentGateway\\20171129_144932"/>
         <property name="logFiles" value="C:\\Users\\agawhande\\Katalon Studio\\FlaglerCreditCard\\Reports\\TC001_ServiceCreditCardwithdifferentGateway\\20171129_144932\\execution0.log"/>
         <property name="attachments" value=""/>
         <property name="hostName" value="agawhande - ANIL110.e-emphasys.com"/>
         <property name="os" value="Windows 7 64bit"/>
         <property name="katalonVersion" value="4.8.0.2"/>
         <property name="browser" value="Firefox 56.0"/>
         <property name="hostAddress" value="192.168.25.228"/>
         <property name="sessionId" value="2fdee758-11bc-4072-8ca9-246cbf8dbfdd"/>
         <property name="seleniumVersion" value="unknown"/>
         <property name="proxyInformation" value="ProxyInformation{proxyOption=NO_PROXY, proxyServerType=, password=, proxyServerAddress=, proxyServerPort=0}"/>
         <property name="platform" value="Windows 7"/>
      </properties>
      <testcase name="Test Cases/Service/CreditCardRegression/TC001_Service_CreditCard" classname="Test Cases/Service/CreditCardRegression/TC001_Service_CreditCard" status="PASSED">
         <system-out><![CDATA[2017-11-29 14:49:40 - [TEST_CASE][PASSED] - Test Cases/Service/CreditCardRegression/TC001_Service_CreditCard: Test Cases/Service/CreditCardRegression/TC001_Service_CreditCard

2017-11-29 14:49:41 - [TEST_STEP][PASSED] - callTestCase: Call Test Case 'Test Cases/Service/BaseTestCases/Base_Service_CreateHeader' successfully

2017-11-29 14:49:41 - [TEST_CASE][PASSED] - Test Cases/Service/BaseTestCases/Base_Service_CreateHeader: Test Cases/Service/BaseTestCases/Base_Service_CreateHeader

2017-11-29 14:49:41 - [TEST_STEP][PASSED] - callTestCase: Call Test Case 'Test Cases/Common/Base_Common_OpenSession' successfully

2017-11-29 14:49:41 - [TEST_CASE][PASSED] - Test Cases/Common/Base_Common_OpenSession: Test Cases/Common/Base_Common_OpenSession

2017-11-29 14:49:42 - [TEST_STEP][PASSED] - openBrowser: Browser is opened with url: 'http://baan:3Xtend27$13@192.168.20.241:8312/webui/servlet/login'

2017-11-29 14:49:59 - [MESSAGE][PASSED] - Browser is opened with url: 'http://baan:3Xtend27$13@192.168.20.241:8312/webui/servlet/login'

2017-11-29 14:49:59 - [TEST_STEP][PASSED] - waitForPageLoad: Wait for page load successfully

2017-11-29 14:49:59 - [MESSAGE][PASSED] - Wait for page load successfully

2017-11-29 14:49:59 - [TEST_STEP][PASSED] - maximizeWindow: Current window maximized

2017-11-29 14:49:59 - [MESSAGE][PASSED] - Current window maximized

2017-11-29 14:49:59 - [TEST_STEP][PASSED] - click: Object: 'Object Repository/Common/HomePage/HomePage_more' is clicked on

2017-11-29 14:50:02 - [MESSAGE][PASSED] - Object: 'Object Repository/Common/HomePage/HomePage_more' is clicked on

2017-11-29 14:50:02 - [TEST_STEP][PASSED] - click: Object: 'Object Repository/Common/HomePage/HomePage_Option' is clicked on

2017-11-29 14:50:02 - [MESSAGE][PASSED] - Object: 'Object Repository/Common/HomePage/HomePage_Option' is clicked on

2017-11-29 14:50:02 - [TEST_STEP][PASSED] - click: Object: 'Object Repository/Common/HomePage/HomePage_RunProgram_' is clicked on

2017-11-29 14:50:02 - [MESSAGE][PASSED] - Object: 'Object Repository/Common/HomePage/HomePage_RunProgram_' is clicked on

2017-11-29 14:50:02 - [TEST_STEP][PASSED] - sendKeys: Keys 'tssoc2100m001' sent to object: 'Object Repository/Common/HomePage/HomePage_Session_ID'

2017-11-29 14:50:03 - [MESSAGE][PASSED] - Keys 'tssoc2100m001' sent to object: 'Object Repository/Common/HomePage/HomePage_Session_ID'

2017-11-29 14:50:03 - [TEST_STEP][PASSED] - click: Object: 'Object Repository/Common/HomePage/HomePage_OkButton' is clicked on

2017-11-29 14:50:03 - [MESSAGE][PASSED] - Object: 'Object Repository/Common/HomePage/HomePage_OkButton' is clicked on

2017-11-29 14:50:03 - [MESSAGE][PASSED] - Call Test Case 'Test Cases/Common/Base_Common_OpenSession' successfully

2017-11-29 14:50:03 - [TEST_STEP][PASSED] - click: Object: 'Object Repository/Service/ServiceOrder/ServiceOrderHeader/ServiceOrderHeader.Newbutton' is clicked on

2017-11-29 14:50:07 - [MESSAGE][PASSED] - Object: 'Object Repository/Service/ServiceOrder/ServiceOrderHeader/ServiceOrderHeader.Newbutton' is clicked on

2017-11-29 14:50:07 - [TEST_STEP][PASSED] - delay: Delayed 8 second(s)

2017-11-29 14:50:15 - [MESSAGE][PASSED] - Delayed 8 second(s)

2017-11-29 14:50:15 - [TEST_STEP][PASSED] - click: Object: 'Object Repository/Service/ServiceOrder/ServiceOrderHeader/ServiceOrderHeader.Customer' is clicked on

2017-11-29 14:50:15 - [MESSAGE][PASSED] - Object: 'Object Repository/Service/ServiceOrder/ServiceOrderHeader/ServiceOrderHeader.Customer' is clicked on

2017-11-29 14:50:15 - [TEST_STEP][PASSED] - delay: Delayed 2 second(s)

2017-11-29 14:50:17 - [MESSAGE][PASSED] - Delayed 2 second(s)

2017-11-29 14:50:17 - [TEST_STEP][PASSED] - sendKeys: Keys 'BP0009610' sent to object: 'Object Repository/Service/ServiceOrder/ServiceOrderHeader/ServiceOrderHeader.Customer'

2017-11-29 14:50:17 - [MESSAGE][PASSED] - Keys 'BP0009610' sent to object: 'Object Repository/Service/ServiceOrder/ServiceOrderHeader/ServiceOrderHeader.Customer'

2017-11-29 14:50:17 - [TEST_STEP][PASSED] - sendKeys: Keys '' sent to object: 'Object Repository/Service/ServiceOrder/ServiceOrderHeader/ServiceOrderHeader.Customer'

2017-11-29 14:50:18 - [MESSAGE][PASSED] - Keys '' sent to object: 'Object Repository/Service/ServiceOrder/ServiceOrderHeader/ServiceOrderHeader.Customer'

2017-11-29 14:50:18 - [TEST_STEP][PASSED] - delay: Delayed 3 second(s)

2017-11-29 14:50:21 - [MESSAGE][PASSED] - Delayed 3 second(s)

2017-11-29 14:50:21 - [TEST_STEP][PASSED] - click: Object: 'Object Repository/Service/ServiceOrder/ServiceOrderHeader/ServiceOrderHeader.Unit' is clicked on

2017-11-29 14:50:21 - [MESSAGE][PASSED] - Object: 'Object Repository/Service/ServiceOrder/ServiceOrderHeader/ServiceOrderHeader.Unit' is clicked on

2017-11-29 14:50:21 - [TEST_STEP][PASSED] - delay: Delayed 2 second(s)

2017-11-29 14:50:23 - [MESSAGE][PASSED] - Delayed 2 second(s)

2017-11-29 14:50:23 - [TEST_STEP][PASSED] - sendKeys: Keys 'EQ0128249' sent to object: 'Object Repository/Service/ServiceOrder/ServiceOrderHeader/ServiceOrderHeader.Unit'

2017-11-29 14:50:23 - [MESSAGE][PASSED] - Keys 'EQ0128249' sent to object: 'Object Repository/Service/ServiceOrder/ServiceOrderHeader/ServiceOrderHeader.Unit'

2017-11-29 14:50:23 - [TEST_STEP][PASSED] - delay: Delayed 5 second(s)

2017-11-29 14:50:28 - [MESSAGE][PASSED] - Delayed 5 second(s)

2017-11-29 14:50:28 - [TEST_STEP][PASSED] - click: Object: 'Object Repository/Service/ServiceOrder/ServiceOrderHeader/ServiceOrderHeader.Save' is clicked on

2017-11-29 14:50:28 - [MESSAGE][PASSED] - Object: 'Object Repository/Service/ServiceOrder/ServiceOrderHeader/ServiceOrderHeader.Save' is clicked on

2017-11-29 14:50:28 - [TEST_STEP][PASSED] - delay: Delayed 2 second(s)

2017-11-29 14:50:30 - [MESSAGE][PASSED] - Delayed 2 second(s)

2017-11-29 14:50:30 - [TEST_STEP][PASSED] - click: Object: 'Object Repository/Service/ServiceOrder/ServiceOrderHeader/ServiceOrderHeader.Warning' is clicked on

2017-11-29 14:50:30 - [MESSAGE][PASSED] - Object: 'Object Repository/Service/ServiceOrder/ServiceOrderHeader/ServiceOrderHeader.Warning' is clicked on

2017-11-29 14:50:30 - [TEST_STEP][PASSED] - delay: Delayed 3 second(s)

2017-11-29 14:50:33 - [MESSAGE][PASSED] - Delayed 3 second(s)

2017-11-29 14:50:33 - [TEST_STEP][PASSED] - click: Object: 'Object Repository/Service/ServiceOrder/ServiceOrderHeader/ServiceOrderHeader.PaymentMode' is clicked on

2017-11-29 14:50:34 - [MESSAGE][PASSED] - Object: 'Object Repository/Service/ServiceOrder/ServiceOrderHeader/ServiceOrderHeader.PaymentMode' is clicked on

2017-11-29 14:50:34 - [TEST_STEP][PASSED] - click: Object: 'Object Repository/Service/ServiceOrder/ServiceOrderHeader/ServiceOrderHeader.CreditCardoption' is clicked on

2017-11-29 14:50:34 - [MESSAGE][PASSED] - Object: 'Object Repository/Service/ServiceOrder/ServiceOrderHeader/ServiceOrderHeader.CreditCardoption' is clicked on

2017-11-29 14:50:34 - [TEST_STEP][PASSED] - delay: Delayed 5 second(s)

2017-11-29 14:50:39 - [MESSAGE][PASSED] - Delayed 5 second(s)

2017-11-29 14:50:39 - [TEST_STEP][NOT_RUN] - setText: NOT_RUN: setText

2017-11-29 14:50:39 - [MESSAGE][NOT_RUN] - NOT_RUN: setText

2017-11-29 14:50:39 - [TEST_STEP][PASSED] - click: Object: 'Object Repository/Service/ServiceOrder/ServiceOrderHeader/ServiceOrderHeader.Save' is clicked on

2017-11-29 14:50:39 - [MESSAGE][PASSED] - Object: 'Object Repository/Service/ServiceOrder/ServiceOrderHeader/ServiceOrderHeader.Save' is clicked on

2017-11-29 14:50:39 - [TEST_STEP][PASSED] - delay: Delayed 5 second(s)

2017-11-29 14:50:44 - [MESSAGE][PASSED] - Delayed 5 second(s)

2017-11-29 14:50:44 - [TEST_STEP][PASSED] - Statement - SWOOrderNo = com.kms.katalon.core.webui.keyword.WebUiBuiltInKeywords.getAttribute(com.kms.katalon.core.testobject.ObjectRepository.findTestObject(Service/ServiceOrder/ServiceOrderHeader/ServiceOrderHeader.OrderNo), "value"): Attribute 'value' of object 'Object Repository/Service/ServiceOrder/ServiceOrderHeader/ServiceOrderHeader.OrderNo' is: 'SWO011843'

2017-11-29 14:50:44 - [MESSAGE][PASSED] - Attribute 'value' of object 'Object Repository/Service/ServiceOrder/ServiceOrderHeader/ServiceOrderHeader.OrderNo' is: 'SWO011843'

2017-11-29 14:50:44 - [TEST_STEP][PASSED] - verifyNotEqual: Actual object 'SWO011843' and expected object '' are not equal

2017-11-29 14:50:44 - [MESSAGE][PASSED] - Actual object 'SWO011843' and expected object '' are not equal

2017-11-29 14:50:44 - [TEST_STEP][PASSED] - delay: Delayed 5 second(s)

2017-11-29 14:50:49 - [MESSAGE][PASSED] - Delayed 5 second(s)

2017-11-29 14:50:49 - [TEST_STEP][PASSED] - click: Object: 'Object Repository/Service/ServiceOrder/ServiceOrderHeader/ServiceOrderHeader.Actions' is clicked on

2017-11-29 14:50:49 - [MESSAGE][PASSED] - Object: 'Object Repository/Service/ServiceOrder/ServiceOrderHeader/ServiceOrderHeader.Actions' is clicked on

2017-11-29 14:50:49 - [TEST_STEP][PASSED] - delay: Delayed 3 second(s)

2017-11-29 14:50:52 - [MESSAGE][PASSED] - Delayed 3 second(s)

2017-11-29 14:50:52 - [TEST_STEP][PASSED] - click: Object: 'Object Repository/Service/ServiceOrder/ServiceOrderHeader/ServiceOrderHeader.Segments' is clicked on

2017-11-29 14:50:52 - [MESSAGE][PASSED] - Object: 'Object Repository/Service/ServiceOrder/ServiceOrderHeader/ServiceOrderHeader.Segments' is clicked on

2017-11-29 14:50:52 - [TEST_STEP][PASSED] - delay: Delayed 3 second(s)

2017-11-29 14:50:55 - [MESSAGE][PASSED] - Delayed 3 second(s)

2017-11-29 14:50:55 - [MESSAGE][PASSED] - Call Test Case 'Test Cases/Service/BaseTestCases/Base_Service_CreateHeader' successfully

2017-11-29 14:50:55 - [TEST_STEP][PASSED] - callTestCase: Call Test Case 'Test Cases/Service/BaseTestCases/Base_Service_AddSegment' successfully

2017-11-29 14:50:56 - [TEST_CASE][PASSED] - Test Cases/Service/BaseTestCases/Base_Service_AddSegment: Test Cases/Service/BaseTestCases/Base_Service_AddSegment

2017-11-29 14:50:56 - [TEST_STEP][PASSED] - click: Object: 'Object Repository/Service/ServiceOrder/ServiceOrderSegment/ServiceOrderSegment.ServiceType' is clicked on

2017-11-29 14:50:56 - [MESSAGE][PASSED] - Object: 'Object Repository/Service/ServiceOrder/ServiceOrderSegment/ServiceOrderSegment.ServiceType' is clicked on

2017-11-29 14:50:56 - [TEST_STEP][PASSED] - delay: Delayed 4 second(s)

2017-11-29 14:51:00 - [MESSAGE][PASSED] - Delayed 4 second(s)

2017-11-29 14:51:00 - [TEST_STEP][PASSED] - setText: Text 'ABC' is set on object 'Object Repository/Service/ServiceOrder/ServiceOrderSegment/ServiceOrderSegment.ServiceType'

2017-11-29 14:51:00 - [MESSAGE][PASSED] - Text 'ABC' is set on object 'Object Repository/Service/ServiceOrder/ServiceOrderSegment/ServiceOrderSegment.ServiceType'

2017-11-29 14:51:00 - [TEST_STEP][NOT_RUN] - sendKeys: NOT_RUN: sendKeys

2017-11-29 14:51:00 - [MESSAGE][NOT_RUN] - NOT_RUN: sendKeys

2017-11-29 14:51:00 - [TEST_STEP][PASSED] - delay: Delayed 3 second(s)

2017-11-29 14:51:03 - [MESSAGE][PASSED] - Delayed 3 second(s)

2017-11-29 14:51:03 - [TEST_STEP][PASSED] - click: Object: 'Object Repository/Service/ServiceOrder/ServiceOrderSegment/ServiceOrderSegment.OthersTab' is clicked on

2017-11-29 14:51:04 - [MESSAGE][PASSED] - Object: 'Object Repository/Service/ServiceOrder/ServiceOrderSegment/ServiceOrderSegment.OthersTab' is clicked on

2017-11-29 14:51:04 - [TEST_STEP][PASSED] - delay: Delayed 3 second(s)

2017-11-29 14:51:07 - [MESSAGE][PASSED] - Delayed 3 second(s)

2017-11-29 14:51:07 - [TEST_STEP][PASSED] - click: Object: 'Object Repository/Service/ServiceOrder/ServiceOrderSegment/ServiceOrderSegment.Priority' is clicked on

2017-11-29 14:51:07 - [MESSAGE][PASSED] - Object: 'Object Repository/Service/ServiceOrder/ServiceOrderSegment/ServiceOrderSegment.Priority' is clicked on

2017-11-29 14:51:07 - [TEST_STEP][PASSED] - delay: Delayed 3 second(s)

2017-11-29 14:51:10 - [MESSAGE][PASSED] - Delayed 3 second(s)

2017-11-29 14:51:10 - [TEST_STEP][PASSED] - sendKeys: Keys '1' sent to object: 'Object Repository/Service/ServiceOrder/ServiceOrderSegment/ServiceOrderSegment.Priority'

2017-11-29 14:51:10 - [MESSAGE][PASSED] - Keys '1' sent to object: 'Object Repository/Service/ServiceOrder/ServiceOrderSegment/ServiceOrderSegment.Priority'

2017-11-29 14:51:10 - [TEST_STEP][PASSED] - delay: Delayed 3 second(s)

2017-11-29 14:51:13 - [MESSAGE][PASSED] - Delayed 3 second(s)

2017-11-29 14:51:13 - [TEST_STEP][PASSED] - click: Object: 'Object Repository/Service/ServiceOrder/ServiceOrderSegment/ServiceOrderSegment.Save' is clicked on

2017-11-29 14:51:13 - [MESSAGE][PASSED] - Object: 'Object Repository/Service/ServiceOrder/ServiceOrderSegment/ServiceOrderSegment.Save' is clicked on

2017-11-29 14:51:13 - [TEST_STEP][PASSED] - delay: Delayed 10 second(s)

2017-11-29 14:51:23 - [MESSAGE][PASSED] - Delayed 10 second(s)

2017-11-29 14:51:23 - [TEST_STEP][PASSED] - click: Object: 'Object Repository/Service/ServiceOrder/ServiceOrderSegment/ServiceOrderSegment.Action' is clicked on

2017-11-29 14:51:23 - [MESSAGE][PASSED] - Object: 'Object Repository/Service/ServiceOrder/ServiceOrderSegment/ServiceOrderSegment.Action' is clicked on

2017-11-29 14:51:23 - [TEST_STEP][PASSED] - delay: Delayed 2 second(s)

2017-11-29 14:51:25 - [MESSAGE][PASSED] - Delayed 2 second(s)

2017-11-29 14:51:25 - [TEST_STEP][PASSED] - click: Object: 'Object Repository/Service/ServiceOrder/ServiceOrderSegment/ServiceOrderSegment.Release' is clicked on

2017-11-29 14:51:25 - [MESSAGE][PASSED] - Object: 'Object Repository/Service/ServiceOrder/ServiceOrderSegment/ServiceOrderSegment.Release' is clicked on

2017-11-29 14:51:25 - [TEST_STEP][PASSED] - delay: Delayed 5 second(s)

2017-11-29 14:51:30 - [MESSAGE][PASSED] - Delayed 5 second(s)

2017-11-29 14:51:30 - [TEST_STEP][NOT_RUN] - click: NOT_RUN: click

2017-11-29 14:51:30 - [MESSAGE][NOT_RUN] - NOT_RUN: click

2017-11-29 14:51:30 - [TEST_STEP][NOT_RUN] - click: NOT_RUN: click

2017-11-29 14:51:30 - [MESSAGE][NOT_RUN] - NOT_RUN: click

2017-11-29 14:51:30 - [TEST_STEP][NOT_RUN] - delay: NOT_RUN: delay

2017-11-29 14:51:30 - [MESSAGE][NOT_RUN] - NOT_RUN: delay

2017-11-29 14:51:30 - [TEST_STEP][NOT_RUN] - setText: NOT_RUN: setText

2017-11-29 14:51:30 - [MESSAGE][NOT_RUN] - NOT_RUN: setText

2017-11-29 14:51:30 - [TEST_STEP][NOT_RUN] - sendKeys: NOT_RUN: sendKeys

2017-11-29 14:51:30 - [MESSAGE][NOT_RUN] - NOT_RUN: sendKeys

2017-11-29 14:51:30 - [TEST_STEP][NOT_RUN] - delay: NOT_RUN: delay

2017-11-29 14:51:30 - [MESSAGE][NOT_RUN] - NOT_RUN: delay

2017-11-29 14:51:30 - [TEST_STEP][NOT_RUN] - click: NOT_RUN: click

2017-11-29 14:51:30 - [MESSAGE][NOT_RUN] - NOT_RUN: click

2017-11-29 14:51:30 - [TEST_STEP][NOT_RUN] - delay: NOT_RUN: delay

2017-11-29 14:51:30 - [MESSAGE][NOT_RUN] - NOT_RUN: delay

2017-11-29 14:51:30 - [TEST_STEP][PASSED] - click: Object: 'Object Repository/Service/ServiceOrder/ServiceOrderSegment/ServiceOrderSegment.Action' is clicked on

2017-11-29 14:51:31 - [MESSAGE][PASSED] - Object: 'Object Repository/Service/ServiceOrder/ServiceOrderSegment/ServiceOrderSegment.Action' is clicked on

2017-11-29 14:51:31 - [TEST_STEP][PASSED] - delay: Delayed 3 second(s)

2017-11-29 14:51:34 - [MESSAGE][PASSED] - Delayed 3 second(s)

2017-11-29 14:51:34 - [MESSAGE][PASSED] - Call Test Case 'Test Cases/Service/BaseTestCases/Base_Service_AddSegment' successfully

2017-11-29 14:51:34 - [TEST_STEP][PASSED] - callTestCase: Call Test Case 'Test Cases/Service/BaseTestCases/Base_Service_Add Others' successfully

2017-11-29 14:51:34 - [TEST_CASE][PASSED] - Test Cases/Service/BaseTestCases/Base_Service_Add Others: Test Cases/Service/BaseTestCases/Base_Service_Add Others

2017-11-29 14:51:34 - [TEST_STEP][PASSED] - click: Object: 'Object Repository/Service/ServiceOrder/ServiceOrderSegment/ServiceOrderSegment.Others' is clicked on

2017-11-29 14:51:34 - [MESSAGE][PASSED] - Object: 'Object Repository/Service/ServiceOrder/ServiceOrderSegment/ServiceOrderSegment.Others' is clicked on

2017-11-29 14:51:34 - [TEST_STEP][PASSED] - delay: Delayed 10 second(s)

2017-11-29 14:51:44 - [MESSAGE][PASSED] - Delayed 10 second(s)

2017-11-29 14:51:44 - [TEST_STEP][PASSED] - click: Object: 'Object Repository/Service/ServiceOrder/ServiceOrderSegment/ServiceOrderSegment.OthersNew' is clicked on

2017-11-29 14:51:45 - [MESSAGE][PASSED] - Object: 'Object Repository/Service/ServiceOrder/ServiceOrderSegment/ServiceOrderSegment.OthersNew' is clicked on

2017-11-29 14:51:45 - [TEST_STEP][PASSED] - delay: Delayed 5 second(s)

2017-11-29 14:51:50 - [MESSAGE][PASSED] - Delayed 5 second(s)

2017-11-29 14:51:50 - [TEST_STEP][PASSED] - click: Object: 'Object Repository/Service/ServiceOrder/ServiceOrderSegment/ServiceOrderSegment.OthersCostComp' is clicked on

2017-11-29 14:51:50 - [MESSAGE][PASSED] - Object: 'Object Repository/Service/ServiceOrder/ServiceOrderSegment/ServiceOrderSegment.OthersCostComp' is clicked on

2017-11-29 14:51:50 - [TEST_STEP][PASSED] - delay: Delayed 2 second(s)

2017-11-29 14:51:52 - [MESSAGE][PASSED] - Delayed 2 second(s)

2017-11-29 14:51:52 - [TEST_STEP][PASSED] - setText: Text 'MIL' is set on object 'Object Repository/Service/ServiceOrder/ServiceOrderSegment/ServiceOrderSegment.OthersCostComp'

2017-11-29 14:51:52 - [MESSAGE][PASSED] - Text 'MIL' is set on object 'Object Repository/Service/ServiceOrder/ServiceOrderSegment/ServiceOrderSegment.OthersCostComp'

2017-11-29 14:51:52 - [TEST_STEP][PASSED] - delay: Delayed 5 second(s)

2017-11-29 14:51:57 - [MESSAGE][PASSED] - Delayed 5 second(s)

2017-11-29 14:51:57 - [TEST_STEP][PASSED] - scrollToElement: Scroll to object 'Object Repository/Service/ServiceOrder/ServiceOrderSegment/ServiceOrderSegment.Actual Qty' successfully

2017-11-29 14:51:57 - [MESSAGE][PASSED] - Scroll to object 'Object Repository/Service/ServiceOrder/ServiceOrderSegment/ServiceOrderSegment.Actual Qty' successfully

2017-11-29 14:51:57 - [TEST_STEP][PASSED] - click: Object: 'Object Repository/Service/ServiceOrder/ServiceOrderSegment/ServiceOrderSegment.Actual Qty' is clicked on

2017-11-29 14:51:57 - [MESSAGE][PASSED] - Object: 'Object Repository/Service/ServiceOrder/ServiceOrderSegment/ServiceOrderSegment.Actual Qty' is clicked on

2017-11-29 14:51:57 - [TEST_STEP][PASSED] - delay: Delayed 2 second(s)

2017-11-29 14:51:59 - [MESSAGE][PASSED] - Delayed 2 second(s)

2017-11-29 14:51:59 - [TEST_STEP][PASSED] - sendKeys: Keys '2' sent to object: 'Object Repository/Service/ServiceOrder/ServiceOrderSegment/ServiceOrderSegment.Actual Qty'

2017-11-29 14:51:59 - [MESSAGE][PASSED] - Keys '2' sent to object: 'Object Repository/Service/ServiceOrder/ServiceOrderSegment/ServiceOrderSegment.Actual Qty'

2017-11-29 14:51:59 - [TEST_STEP][PASSED] - delay: Delayed 5 second(s)

2017-11-29 14:52:04 - [MESSAGE][PASSED] - Delayed 5 second(s)

2017-11-29 14:52:04 - [TEST_STEP][NOT_RUN] - click: NOT_RUN: click

2017-11-29 14:52:04 - [MESSAGE][NOT_RUN] - NOT_RUN: click

2017-11-29 14:52:04 - [TEST_STEP][PASSED] - click: Object: 'Object Repository/Service/ServiceOrder/ServiceOrderSegment/ServiceOrderSegmentOthers.SaveClose' is clicked on

2017-11-29 14:52:05 - [MESSAGE][PASSED] - Object: 'Object Repository/Service/ServiceOrder/ServiceOrderSegment/ServiceOrderSegmentOthers.SaveClose' is clicked on

2017-11-29 14:52:05 - [TEST_STEP][PASSED] - delay: Delayed 5 second(s)

2017-11-29 14:52:10 - [MESSAGE][PASSED] - Delayed 5 second(s)

2017-11-29 14:52:10 - [TEST_STEP][PASSED] - click: Object: 'Object Repository/Service/ServiceOrder/ServiceOrderSegment/ServiceOrderSegment.SaveClose' is clicked on

2017-11-29 14:52:10 - [MESSAGE][PASSED] - Object: 'Object Repository/Service/ServiceOrder/ServiceOrderSegment/ServiceOrderSegment.SaveClose' is clicked on

2017-11-29 14:52:10 - [MESSAGE][PASSED] - Call Test Case 'Test Cases/Service/BaseTestCases/Base_Service_Add Others' successfully

2017-11-29 14:52:10 - [TEST_STEP][NOT_RUN] - callTestCase: NOT_RUN: callTestCase

2017-11-29 14:52:10 - [MESSAGE][NOT_RUN] - NOT_RUN: callTestCase

2017-11-29 14:52:10 - [TEST_STEP][NOT_RUN] - callTestCase: NOT_RUN: callTestCase

2017-11-29 14:52:10 - [MESSAGE][NOT_RUN] - NOT_RUN: callTestCase

2017-11-29 14:52:10 - [TEST_STEP][NOT_RUN] - callTestCase: NOT_RUN: callTestCase

2017-11-29 14:52:10 - [MESSAGE][NOT_RUN] - NOT_RUN: callTestCase]]></system-out>
         <system-err><![CDATA[]]></system-err>
      </testcase>
      <system-out><![CDATA[2017-11-29 14:49:40 - [TEST_SUITE][PASSED] - TC001_ServiceCreditCardwithdifferentGateway: Test Cases/Service/CreditCardRegression/TC001_Service_CreditCard]]></system-out>
      <system-err><![CDATA[]]></system-err>
   </testsuite>
</testsuites>
