<?xml version="1.0" encoding="UTF-8"?>
<testsuites name="Flagler_RentalTestSuite" time="283" tests="0" failures="0" errors="0">
   <testsuite name="Flagler_RentalTestSuite" tests="0" failures="0" errors="0" time="283" timestamp="2017-12-01 18:21:13" hostname="agawhande - ANIL110.e-emphasys.com" id="Test Suites/Flagler_RentalTestSuite">
      <properties>
         <property name="deviceName" value=""/>
         <property name="devicePlatform" value=""/>
         <property name="logFolder" value="C:\\Users\\agawhande\\git\\FlaglerCC\\Reports\\Flagler_RentalTestSuite\\20171201_182105"/>
         <property name="logFiles" value="C:\\Users\\agawhande\\git\\FlaglerCC\\Reports\\Flagler_RentalTestSuite\\20171201_182105\\execution0.log"/>
         <property name="attachments" value="C:\\Users\\agawhande\\git\\FlaglerCC\\Reports\\Flagler_RentalTestSuite\\20171201_182105\\1512132956140.png"/>
         <property name="hostName" value="agawhande - ANIL110.e-emphasys.com"/>
         <property name="os" value="Windows 7 64bit"/>
         <property name="katalonVersion" value="4.8.0.2"/>
         <property name="browser" value="Firefox 56.0"/>
         <property name="hostAddress" value="192.168.25.228"/>
         <property name="sessionId" value="aef2da38-0589-40ce-a714-9788d6212247"/>
         <property name="seleniumVersion" value="unknown"/>
         <property name="proxyInformation" value="ProxyInformation{proxyOption=NO_PROXY, proxyServerType=, password=, proxyServerAddress=, proxyServerPort=0}"/>
         <property name="platform" value="Windows 7"/>
      </properties>
      <testcase name="Test Cases/Rental/Base_RentalContract/CreditCardRegression/TC003_RentalContractInvoice_CC" classname="Test Cases/Rental/Base_RentalContract/CreditCardRegression/TC003_RentalContractInvoice_CC" status="INCOMPLETE">
         <system-out><![CDATA[2017-12-01 18:21:13 - [TEST_CASE][INCOMPLETE] - Test Cases/Rental/Base_RentalContract/CreditCardRegression/TC003_RentalContractInvoice_CC: null

2017-12-01 18:21:14 - [TEST_STEP][PASSED] - callTestCase: Call Test Case 'Test Cases/Equipment/Base_EquipmentPurchase/EPO_CreateNrecieve' successfully

2017-12-01 18:21:14 - [TEST_CASE][PASSED] - Test Cases/Equipment/Base_EquipmentPurchase/EPO_CreateNrecieve: Test Cases/Equipment/Base_EquipmentPurchase/EPO_CreateNrecieve

2017-12-01 18:21:14 - [TEST_STEP][PASSED] - callTestCase: Call Test Case 'Test Cases/Equipment/Base_EquipmentPurchase/Base_EPO_CreateHeaderNline' successfully

2017-12-01 18:21:14 - [TEST_CASE][PASSED] - Test Cases/Equipment/Base_EquipmentPurchase/Base_EPO_CreateHeaderNline: Test Cases/Equipment/Base_EquipmentPurchase/Base_EPO_CreateHeaderNline

2017-12-01 18:21:15 - [TEST_STEP][PASSED] - callTestCase: Call Test Case 'Test Cases/Common/Base_Common_OpenSession' successfully

2017-12-01 18:21:15 - [TEST_CASE][PASSED] - Test Cases/Common/Base_Common_OpenSession: Test Cases/Common/Base_Common_OpenSession

2017-12-01 18:21:15 - [TEST_STEP][PASSED] - openBrowser: Browser is opened with url: 'http://baan:3Xtend27$13@192.168.20.241:8312/webui/servlet/login'

2017-12-01 18:21:27 - [MESSAGE][PASSED] - Browser is opened with url: 'http://baan:3Xtend27$13@192.168.20.241:8312/webui/servlet/login'

2017-12-01 18:21:27 - [TEST_STEP][PASSED] - waitForPageLoad: Wait for page load successfully

2017-12-01 18:21:27 - [MESSAGE][PASSED] - Wait for page load successfully

2017-12-01 18:21:27 - [TEST_STEP][PASSED] - maximizeWindow: Current window maximized

2017-12-01 18:21:27 - [MESSAGE][PASSED] - Current window maximized

2017-12-01 18:21:27 - [TEST_STEP][PASSED] - click: Object: 'Object Repository/Common/HomePage/HomePage_more' is clicked on

2017-12-01 18:21:32 - [MESSAGE][PASSED] - Object: 'Object Repository/Common/HomePage/HomePage_more' is clicked on

2017-12-01 18:21:32 - [TEST_STEP][PASSED] - click: Object: 'Object Repository/Common/HomePage/HomePage_Option' is clicked on

2017-12-01 18:21:32 - [MESSAGE][PASSED] - Object: 'Object Repository/Common/HomePage/HomePage_Option' is clicked on

2017-12-01 18:21:32 - [TEST_STEP][PASSED] - click: Object: 'Object Repository/Common/HomePage/HomePage_RunProgram_' is clicked on

2017-12-01 18:21:32 - [MESSAGE][PASSED] - Object: 'Object Repository/Common/HomePage/HomePage_RunProgram_' is clicked on

2017-12-01 18:21:32 - [TEST_STEP][PASSED] - sendKeys: Keys 'tdext8150s000' sent to object: 'Object Repository/Common/HomePage/HomePage_Session_ID'

2017-12-01 18:21:33 - [MESSAGE][PASSED] - Keys 'tdext8150s000' sent to object: 'Object Repository/Common/HomePage/HomePage_Session_ID'

2017-12-01 18:21:33 - [TEST_STEP][PASSED] - click: Object: 'Object Repository/Common/HomePage/HomePage_OkButton' is clicked on

2017-12-01 18:21:33 - [MESSAGE][PASSED] - Object: 'Object Repository/Common/HomePage/HomePage_OkButton' is clicked on

2017-12-01 18:21:33 - [MESSAGE][PASSED] - Call Test Case 'Test Cases/Common/Base_Common_OpenSession' successfully

2017-12-01 18:21:33 - [TEST_STEP][PASSED] - waitForElementPresent: Object 'Object Repository/Equipment/EquipmentPurchase/EPO_Header/EPO_Header_New' is present

2017-12-01 18:21:36 - [MESSAGE][PASSED] - Object 'Object Repository/Equipment/EquipmentPurchase/EPO_Header/EPO_Header_New' is present

2017-12-01 18:21:36 - [TEST_STEP][PASSED] - click: Object: 'Object Repository/Equipment/EquipmentPurchase/EPO_Header/EPO_Header_New' is clicked on

2017-12-01 18:21:36 - [MESSAGE][PASSED] - Object: 'Object Repository/Equipment/EquipmentPurchase/EPO_Header/EPO_Header_New' is clicked on

2017-12-01 18:21:36 - [TEST_STEP][PASSED] - delay: Delayed 3 second(s)

2017-12-01 18:21:39 - [MESSAGE][PASSED] - Delayed 3 second(s)

2017-12-01 18:21:39 - [TEST_STEP][PASSED] - click: Object: 'Object Repository/Equipment/EquipmentPurchase/EPO_Header/EPO_Header_Customer' is clicked on

2017-12-01 18:21:39 - [MESSAGE][PASSED] - Object: 'Object Repository/Equipment/EquipmentPurchase/EPO_Header/EPO_Header_Customer' is clicked on

2017-12-01 18:21:39 - [TEST_STEP][PASSED] - setText: Text 'BP0009523' is set on object 'Object Repository/Equipment/EquipmentPurchase/EPO_Header/EPO_Header_Customer'

2017-12-01 18:21:39 - [MESSAGE][PASSED] - Text 'BP0009523' is set on object 'Object Repository/Equipment/EquipmentPurchase/EPO_Header/EPO_Header_Customer'

2017-12-01 18:21:39 - [TEST_STEP][PASSED] - click: Object: 'Object Repository/Equipment/EquipmentPurchase/EPO_Header/EPO_Header_Save' is clicked on

2017-12-01 18:21:40 - [MESSAGE][PASSED] - Object: 'Object Repository/Equipment/EquipmentPurchase/EPO_Header/EPO_Header_Save' is clicked on

2017-12-01 18:21:40 - [TEST_STEP][PASSED] - delay: Delayed 5 second(s)

2017-12-01 18:21:45 - [MESSAGE][PASSED] - Delayed 5 second(s)

2017-12-01 18:21:45 - [TEST_STEP][PASSED] - click: Object: 'Object Repository/Equipment/EquipmentPurchase/EPO_Header/EPO_Header_Action' is clicked on

2017-12-01 18:21:45 - [MESSAGE][PASSED] - Object: 'Object Repository/Equipment/EquipmentPurchase/EPO_Header/EPO_Header_Action' is clicked on

2017-12-01 18:21:45 - [TEST_STEP][PASSED] - click: Object: 'Object Repository/Equipment/EquipmentPurchase/EPO_Header/EPO_Header_Action_OrderLines' is clicked on

2017-12-01 18:21:45 - [MESSAGE][PASSED] - Object: 'Object Repository/Equipment/EquipmentPurchase/EPO_Header/EPO_Header_Action_OrderLines' is clicked on

2017-12-01 18:21:45 - [TEST_STEP][PASSED] - waitForElementPresent: Object 'Object Repository/Equipment/EquipmentPurchase/EPO_Line/EPO_MultiLine_New' is present

2017-12-01 18:21:47 - [MESSAGE][PASSED] - Object 'Object Repository/Equipment/EquipmentPurchase/EPO_Line/EPO_MultiLine_New' is present

2017-12-01 18:21:47 - [TEST_STEP][PASSED] - click: Object: 'Object Repository/Equipment/EquipmentPurchase/EPO_Line/EPO_MultiLine_New' is clicked on

2017-12-01 18:21:47 - [MESSAGE][PASSED] - Object: 'Object Repository/Equipment/EquipmentPurchase/EPO_Line/EPO_MultiLine_New' is clicked on

2017-12-01 18:21:47 - [TEST_STEP][PASSED] - waitForElementPresent: Object 'Object Repository/Equipment/EquipmentPurchase/EPO_Line/EPO_Line_Model' is present

2017-12-01 18:21:48 - [MESSAGE][PASSED] - Object 'Object Repository/Equipment/EquipmentPurchase/EPO_Line/EPO_Line_Model' is present

2017-12-01 18:21:48 - [TEST_STEP][PASSED] - doubleClick: Object: 'Object Repository/Equipment/EquipmentPurchase/EPO_Line/EPO_Line_Model' is double clicked on

2017-12-01 18:21:49 - [MESSAGE][PASSED] - Object: 'Object Repository/Equipment/EquipmentPurchase/EPO_Line/EPO_Line_Model' is double clicked on

2017-12-01 18:21:49 - [TEST_STEP][PASSED] - delay: Delayed 2 second(s)

2017-12-01 18:21:51 - [MESSAGE][PASSED] - Delayed 2 second(s)

2017-12-01 18:21:51 - [TEST_STEP][PASSED] - sendKeys: Keys '1042' sent to object: 'Object Repository/Equipment/EquipmentPurchase/EPO_Line/EPO_Line_Model'

2017-12-01 18:21:51 - [MESSAGE][PASSED] - Keys '1042' sent to object: 'Object Repository/Equipment/EquipmentPurchase/EPO_Line/EPO_Line_Model'

2017-12-01 18:21:51 - [TEST_STEP][PASSED] - delay: Delayed 2 second(s)

2017-12-01 18:21:53 - [MESSAGE][PASSED] - Delayed 2 second(s)

2017-12-01 18:21:53 - [TEST_STEP][PASSED] - click: Object: 'Object Repository/Equipment/EquipmentPurchase/EPO_Line/EPO_Line_NeworUsed' is clicked on

2017-12-01 18:21:53 - [MESSAGE][PASSED] - Object: 'Object Repository/Equipment/EquipmentPurchase/EPO_Line/EPO_Line_NeworUsed' is clicked on

2017-12-01 18:21:53 - [TEST_STEP][PASSED] - click: Object: 'Object Repository/Equipment/EquipmentPurchase/EPO_Line/EPO_Line_NewEquipOption' is clicked on

2017-12-01 18:21:53 - [MESSAGE][PASSED] - Object: 'Object Repository/Equipment/EquipmentPurchase/EPO_Line/EPO_Line_NewEquipOption' is clicked on

2017-12-01 18:21:53 - [TEST_STEP][PASSED] - click: Object: 'Object Repository/Equipment/EquipmentPurchase/EPO_Line/EPO_Line_PlannedDate' is clicked on

2017-12-01 18:21:53 - [MESSAGE][PASSED] - Object: 'Object Repository/Equipment/EquipmentPurchase/EPO_Line/EPO_Line_PlannedDate' is clicked on

2017-12-01 18:21:53 - [TEST_STEP][PASSED] - delay: Delayed 2 second(s)

2017-12-01 18:21:55 - [MESSAGE][PASSED] - Delayed 2 second(s)

2017-12-01 18:21:55 - [TEST_STEP][PASSED] - setText: Text '+10' is set on object 'Object Repository/Equipment/EquipmentPurchase/EPO_Line/EPO_Line_PlannedDate'

2017-12-01 18:21:55 - [MESSAGE][PASSED] - Text '+10' is set on object 'Object Repository/Equipment/EquipmentPurchase/EPO_Line/EPO_Line_PlannedDate'

2017-12-01 18:21:55 - [TEST_STEP][PASSED] - delay: Delayed 2 second(s)

2017-12-01 18:21:57 - [MESSAGE][PASSED] - Delayed 2 second(s)

2017-12-01 18:21:57 - [TEST_STEP][PASSED] - click: Object: 'Object Repository/Equipment/EquipmentPurchase/EPO_Line/EPO_Line_Price' is clicked on

2017-12-01 18:21:58 - [MESSAGE][PASSED] - Object: 'Object Repository/Equipment/EquipmentPurchase/EPO_Line/EPO_Line_Price' is clicked on

2017-12-01 18:21:58 - [TEST_STEP][PASSED] - delay: Delayed 2 second(s)

2017-12-01 18:22:00 - [MESSAGE][PASSED] - Delayed 2 second(s)

2017-12-01 18:22:00 - [TEST_STEP][PASSED] - sendKeys: Keys '100' sent to object: 'Object Repository/Equipment/EquipmentPurchase/EPO_Line/EPO_Line_Price'

2017-12-01 18:22:00 - [MESSAGE][PASSED] - Keys '100' sent to object: 'Object Repository/Equipment/EquipmentPurchase/EPO_Line/EPO_Line_Price'

2017-12-01 18:22:00 - [TEST_STEP][PASSED] - delay: Delayed 2 second(s)

2017-12-01 18:22:02 - [MESSAGE][PASSED] - Delayed 2 second(s)

2017-12-01 18:22:02 - [TEST_STEP][PASSED] - click: Object: 'Object Repository/Equipment/EquipmentPurchase/EPO_Line/EPO_Line_Save' is clicked on

2017-12-01 18:22:02 - [MESSAGE][PASSED] - Object: 'Object Repository/Equipment/EquipmentPurchase/EPO_Line/EPO_Line_Save' is clicked on

2017-12-01 18:22:02 - [TEST_STEP][NOT_RUN] - click: NOT_RUN: click

2017-12-01 18:22:02 - [MESSAGE][NOT_RUN] - NOT_RUN: click

2017-12-01 18:22:02 - [TEST_STEP][PASSED] - click: Object: 'Object Repository/Equipment/EquipmentPurchase/EPO_Line/EPO_Line_SaveNclose' is clicked on

2017-12-01 18:22:02 - [MESSAGE][PASSED] - Object: 'Object Repository/Equipment/EquipmentPurchase/EPO_Line/EPO_Line_SaveNclose' is clicked on

2017-12-01 18:22:02 - [TEST_STEP][PASSED] - delay: Delayed 2 second(s)

2017-12-01 18:22:04 - [MESSAGE][PASSED] - Delayed 2 second(s)

2017-12-01 18:22:04 - [TEST_STEP][PASSED] - click: Object: 'Object Repository/Equipment/EquipmentPurchase/EPO_Line/EPO_MultiLine_SavenClose' is clicked on

2017-12-01 18:22:04 - [MESSAGE][PASSED] - Object: 'Object Repository/Equipment/EquipmentPurchase/EPO_Line/EPO_MultiLine_SavenClose' is clicked on

2017-12-01 18:22:04 - [MESSAGE][PASSED] - Call Test Case 'Test Cases/Equipment/Base_EquipmentPurchase/Base_EPO_CreateHeaderNline' successfully

2017-12-01 18:22:04 - [TEST_STEP][PASSED] - callTestCase: Call Test Case 'Test Cases/Equipment/Base_EquipmentPurchase/Base_EPO_Reciept' successfully

2017-12-01 18:22:04 - [TEST_CASE][PASSED] - Test Cases/Equipment/Base_EquipmentPurchase/Base_EPO_Reciept: Test Cases/Equipment/Base_EquipmentPurchase/Base_EPO_Reciept

2017-12-01 18:22:05 - [TEST_STEP][PASSED] - delay: Delayed 2 second(s)

2017-12-01 18:22:07 - [MESSAGE][PASSED] - Delayed 2 second(s)

2017-12-01 18:22:07 - [TEST_STEP][PASSED] - click: Object: 'Object Repository/Equipment/EquipmentPurchase/EPO_Header/EPO_Header_Action' is clicked on

2017-12-01 18:22:07 - [MESSAGE][PASSED] - Object: 'Object Repository/Equipment/EquipmentPurchase/EPO_Header/EPO_Header_Action' is clicked on

2017-12-01 18:22:07 - [TEST_STEP][PASSED] - click: Object: 'Object Repository/Equipment/EquipmentPurchase/EPO_Header/EPO_Header_Action_SendForApproval' is clicked on

2017-12-01 18:22:07 - [MESSAGE][PASSED] - Object: 'Object Repository/Equipment/EquipmentPurchase/EPO_Header/EPO_Header_Action_SendForApproval' is clicked on

2017-12-01 18:22:07 - [TEST_STEP][PASSED] - delay: Delayed 5 second(s)

2017-12-01 18:22:12 - [MESSAGE][PASSED] - Delayed 5 second(s)

2017-12-01 18:22:12 - [TEST_STEP][PASSED] - click: Object: 'Object Repository/Equipment/EquipmentPurchase/EPO_Header/EPO_Header_Action' is clicked on

2017-12-01 18:22:12 - [MESSAGE][PASSED] - Object: 'Object Repository/Equipment/EquipmentPurchase/EPO_Header/EPO_Header_Action' is clicked on

2017-12-01 18:22:12 - [TEST_STEP][PASSED] - click: Object: 'Object Repository/Equipment/EquipmentPurchase/EPO_Header/EPO_Header_Apporve' is clicked on

2017-12-01 18:22:13 - [MESSAGE][PASSED] - Object: 'Object Repository/Equipment/EquipmentPurchase/EPO_Header/EPO_Header_Apporve' is clicked on

2017-12-01 18:22:13 - [TEST_STEP][PASSED] - delay: Delayed 5 second(s)

2017-12-01 18:22:18 - [MESSAGE][PASSED] - Delayed 5 second(s)

2017-12-01 18:22:18 - [TEST_STEP][PASSED] - click: Object: 'Object Repository/Equipment/EquipmentPurchase/EPO_Header/EPO_Header_Print' is clicked on

2017-12-01 18:22:18 - [MESSAGE][PASSED] - Object: 'Object Repository/Equipment/EquipmentPurchase/EPO_Header/EPO_Header_Print' is clicked on

2017-12-01 18:22:18 - [TEST_STEP][PASSED] - click: Object: 'Object Repository/Equipment/EquipmentPurchase/EPO_Header/EPO_Print_FinalPrint' is clicked on

2017-12-01 18:22:19 - [MESSAGE][PASSED] - Object: 'Object Repository/Equipment/EquipmentPurchase/EPO_Header/EPO_Print_FinalPrint' is clicked on

2017-12-01 18:22:19 - [TEST_STEP][PASSED] - click: Object: 'Object Repository/Equipment/EquipmentPurchase/EPO_Header/EPO_Print_PrintOption' is clicked on

2017-12-01 18:22:19 - [MESSAGE][PASSED] - Object: 'Object Repository/Equipment/EquipmentPurchase/EPO_Header/EPO_Print_PrintOption' is clicked on

2017-12-01 18:22:19 - [TEST_STEP][PASSED] - delay: Delayed 10 second(s)

2017-12-01 18:22:29 - [MESSAGE][PASSED] - Delayed 10 second(s)

2017-12-01 18:22:29 - [TEST_STEP][PASSED] - waitForElementVisible: Object 'Object Repository/Equipment/EquipmentPurchase/EPO_Header/EPO_Print_Device' is visible

2017-12-01 18:22:29 - [MESSAGE][PASSED] - Object 'Object Repository/Equipment/EquipmentPurchase/EPO_Header/EPO_Print_Device' is visible

2017-12-01 18:22:29 - [TEST_STEP][PASSED] - doubleClick: Object: 'Object Repository/Equipment/EquipmentPurchase/EPO_Header/EPO_Print_Device' is double clicked on

2017-12-01 18:22:29 - [MESSAGE][PASSED] - Object: 'Object Repository/Equipment/EquipmentPurchase/EPO_Header/EPO_Print_Device' is double clicked on

2017-12-01 18:22:29 - [TEST_STEP][PASSED] - delay: Delayed 2 second(s)

2017-12-01 18:22:31 - [MESSAGE][PASSED] - Delayed 2 second(s)

2017-12-01 18:22:31 - [TEST_STEP][PASSED] - sendKeys: Keys 'D' sent to object: 'Object Repository/Equipment/EquipmentPurchase/EPO_Header/EPO_Print_Device'

2017-12-01 18:22:31 - [MESSAGE][PASSED] - Keys 'D' sent to object: 'Object Repository/Equipment/EquipmentPurchase/EPO_Header/EPO_Print_Device'

2017-12-01 18:22:31 - [TEST_STEP][PASSED] - click: Object: 'Object Repository/Equipment/EquipmentPurchase/EPO_Header/EPO_Print_Continue' is clicked on

2017-12-01 18:22:31 - [MESSAGE][PASSED] - Object: 'Object Repository/Equipment/EquipmentPurchase/EPO_Header/EPO_Print_Continue' is clicked on

2017-12-01 18:22:31 - [TEST_STEP][PASSED] - delay: Delayed 5 second(s)

2017-12-01 18:22:36 - [MESSAGE][PASSED] - Delayed 5 second(s)

2017-12-01 18:22:36 - [TEST_STEP][PASSED] - click: Object: 'Object Repository/Equipment/EquipmentPurchase/EPO_Header/EPO_Header_EPOtab' is clicked on

2017-12-01 18:22:37 - [MESSAGE][PASSED] - Object: 'Object Repository/Equipment/EquipmentPurchase/EPO_Header/EPO_Header_EPOtab' is clicked on

2017-12-01 18:22:37 - [TEST_STEP][PASSED] - delay: Delayed 2 second(s)

2017-12-01 18:22:39 - [MESSAGE][PASSED] - Delayed 2 second(s)

2017-12-01 18:22:39 - [TEST_STEP][PASSED] - click: Object: 'Object Repository/Equipment/EquipmentPurchase/EPO_Header/EPO_Print_Close' is clicked on

2017-12-01 18:22:39 - [MESSAGE][PASSED] - Object: 'Object Repository/Equipment/EquipmentPurchase/EPO_Header/EPO_Print_Close' is clicked on

2017-12-01 18:22:39 - [TEST_STEP][PASSED] - delay: Delayed 3 second(s)

2017-12-01 18:22:42 - [MESSAGE][PASSED] - Delayed 3 second(s)

2017-12-01 18:22:42 - [TEST_STEP][PASSED] - click: Object: 'Object Repository/Equipment/EquipmentPurchase/EPO_Header/EPO_Header_Action' is clicked on

2017-12-01 18:22:42 - [MESSAGE][PASSED] - Object: 'Object Repository/Equipment/EquipmentPurchase/EPO_Header/EPO_Header_Action' is clicked on

2017-12-01 18:22:42 - [TEST_STEP][PASSED] - click: Object: 'Object Repository/Equipment/EquipmentPurchase/EPO_Header/EPO_Action_Reciept' is clicked on

2017-12-01 18:22:42 - [MESSAGE][PASSED] - Object: 'Object Repository/Equipment/EquipmentPurchase/EPO_Header/EPO_Action_Reciept' is clicked on

2017-12-01 18:22:42 - [TEST_STEP][PASSED] - waitForElementPresent: Object 'Object Repository/Equipment/EquipmentPurchase/EPO_Receipt/EPO_Reciept_Save' is present

2017-12-01 18:22:44 - [MESSAGE][PASSED] - Object 'Object Repository/Equipment/EquipmentPurchase/EPO_Receipt/EPO_Reciept_Save' is present

2017-12-01 18:22:44 - [TEST_STEP][PASSED] - click: Object: 'Object Repository/Equipment/EquipmentPurchase/EPO_Receipt/EPO_Reciept_Save' is clicked on

2017-12-01 18:22:44 - [MESSAGE][PASSED] - Object: 'Object Repository/Equipment/EquipmentPurchase/EPO_Receipt/EPO_Reciept_Save' is clicked on

2017-12-01 18:22:44 - [TEST_STEP][PASSED] - delay: Delayed 3 second(s)

2017-12-01 18:22:47 - [MESSAGE][PASSED] - Delayed 3 second(s)

2017-12-01 18:22:47 - [TEST_STEP][PASSED] - click: Object: 'Object Repository/Equipment/EquipmentPurchase/EPO_Receipt/EPO_Receipt_Action' is clicked on

2017-12-01 18:22:47 - [MESSAGE][PASSED] - Object: 'Object Repository/Equipment/EquipmentPurchase/EPO_Receipt/EPO_Receipt_Action' is clicked on

2017-12-01 18:22:47 - [TEST_STEP][PASSED] - click: Object: 'Object Repository/Equipment/EquipmentPurchase/EPO_Receipt/EPO_Receipt_Action_ReceiptLine' is clicked on

2017-12-01 18:22:48 - [MESSAGE][PASSED] - Object: 'Object Repository/Equipment/EquipmentPurchase/EPO_Receipt/EPO_Receipt_Action_ReceiptLine' is clicked on

2017-12-01 18:22:48 - [TEST_STEP][PASSED] - waitForElementPresent: Object 'Object Repository/Equipment/EquipmentPurchase/EPO_Receipt_Line/EPO_ReceiptLine_New' is present

2017-12-01 18:22:49 - [MESSAGE][PASSED] - Object 'Object Repository/Equipment/EquipmentPurchase/EPO_Receipt_Line/EPO_ReceiptLine_New' is present

2017-12-01 18:22:49 - [TEST_STEP][PASSED] - click: Object: 'Object Repository/Equipment/EquipmentPurchase/EPO_Receipt_Line/EPO_ReceiptLine_New' is clicked on

2017-12-01 18:22:49 - [MESSAGE][PASSED] - Object: 'Object Repository/Equipment/EquipmentPurchase/EPO_Receipt_Line/EPO_ReceiptLine_New' is clicked on

2017-12-01 18:22:49 - [TEST_STEP][PASSED] - waitForElementPresent: Object 'Object Repository/Equipment/EquipmentPurchase/EPO_Receipt_Line/EPO_RecieptLine_Select' is present

2017-12-01 18:22:50 - [MESSAGE][PASSED] - Object 'Object Repository/Equipment/EquipmentPurchase/EPO_Receipt_Line/EPO_RecieptLine_Select' is present

2017-12-01 18:22:50 - [TEST_STEP][PASSED] - click: Object: 'Object Repository/Equipment/EquipmentPurchase/EPO_Receipt_Line/EPO_RecieptLine_Select' is clicked on

2017-12-01 18:22:51 - [MESSAGE][PASSED] - Object: 'Object Repository/Equipment/EquipmentPurchase/EPO_Receipt_Line/EPO_RecieptLine_Select' is clicked on

2017-12-01 18:22:51 - [TEST_STEP][PASSED] - delay: Delayed 3 second(s)

2017-12-01 18:22:54 - [MESSAGE][PASSED] - Delayed 3 second(s)

2017-12-01 18:22:54 - [TEST_STEP][PASSED] - click: Object: 'Object Repository/Equipment/EquipmentPurchase/EPO_Receipt_Line/EPO_ReceiptLine_SavenClose' is clicked on

2017-12-01 18:22:54 - [MESSAGE][PASSED] - Object: 'Object Repository/Equipment/EquipmentPurchase/EPO_Receipt_Line/EPO_ReceiptLine_SavenClose' is clicked on

2017-12-01 18:22:54 - [TEST_STEP][PASSED] - waitForElementPresent: Object 'Object Repository/Equipment/EquipmentPurchase/EPO_Receipt_Line/EPO_RecieptLineAction' is present

2017-12-01 18:22:54 - [MESSAGE][PASSED] - Object 'Object Repository/Equipment/EquipmentPurchase/EPO_Receipt_Line/EPO_RecieptLineAction' is present

2017-12-01 18:22:54 - [TEST_STEP][PASSED] - Statement - G_Unit = com.kms.katalon.core.webui.keyword.WebUiBuiltInKeywords.getText(com.kms.katalon.core.testobject.ObjectRepository.findTestObject(Equipment/EquipmentPurchase/EPO_Receipt/EPO_Reciept_Unit), CONTINUE_ON_FAILURE): Text of object 'Object Repository/Equipment/EquipmentPurchase/EPO_Receipt/EPO_Reciept_Unit' is: 'EQ1402813'

2017-12-01 18:22:55 - [MESSAGE][PASSED] - Text of object 'Object Repository/Equipment/EquipmentPurchase/EPO_Receipt/EPO_Reciept_Unit' is: 'EQ1402813'

2017-12-01 18:22:55 - [TEST_STEP][PASSED] - click: Object: 'Object Repository/Equipment/EquipmentPurchase/EPO_Receipt_Line/EPO_RecieptLineAction' is clicked on

2017-12-01 18:22:55 - [MESSAGE][PASSED] - Object: 'Object Repository/Equipment/EquipmentPurchase/EPO_Receipt_Line/EPO_RecieptLineAction' is clicked on

2017-12-01 18:22:55 - [TEST_STEP][PASSED] - click: Object: 'Object Repository/Equipment/EquipmentPurchase/EPO_Receipt/EPO_Action_Confirm' is clicked on

2017-12-01 18:22:55 - [MESSAGE][PASSED] - Object: 'Object Repository/Equipment/EquipmentPurchase/EPO_Receipt/EPO_Action_Confirm' is clicked on

2017-12-01 18:22:55 - [TEST_STEP][PASSED] - click: Object: 'Object Repository/Equipment/EquipmentPurchase/EPO_Receipt/EPO_Reciept_MeterOK' is clicked on

2017-12-01 18:22:56 - [MESSAGE][PASSED] - Object: 'Object Repository/Equipment/EquipmentPurchase/EPO_Receipt/EPO_Reciept_MeterOK' is clicked on

2017-12-01 18:22:56 - [TEST_STEP][NOT_RUN] - waitForElementPresent: NOT_RUN: waitForElementPresent

2017-12-01 18:22:56 - [MESSAGE][NOT_RUN] - NOT_RUN: waitForElementPresent

2017-12-01 18:22:56 - [TEST_STEP][NOT_RUN] - click: NOT_RUN: click

2017-12-01 18:22:56 - [MESSAGE][NOT_RUN] - NOT_RUN: click

2017-12-01 18:22:56 - [TEST_STEP][NOT_RUN] - setText: NOT_RUN: setText

2017-12-01 18:22:56 - [MESSAGE][NOT_RUN] - NOT_RUN: setText

2017-12-01 18:22:56 - [TEST_STEP][NOT_RUN] - click: NOT_RUN: click

2017-12-01 18:22:56 - [MESSAGE][NOT_RUN] - NOT_RUN: click

2017-12-01 18:22:56 - [TEST_STEP][PASSED] - delay: Delayed 3 second(s)

2017-12-01 18:22:59 - [MESSAGE][PASSED] - Delayed 3 second(s)

2017-12-01 18:22:59 - [TEST_STEP][PASSED] - click: Object: 'Object Repository/Equipment/EquipmentPurchase/EPO_Receipt/EPO_RecieptPrint_ProcessCompleted' is clicked on

2017-12-01 18:22:59 - [MESSAGE][PASSED] - Object: 'Object Repository/Equipment/EquipmentPurchase/EPO_Receipt/EPO_RecieptPrint_ProcessCompleted' is clicked on

2017-12-01 18:22:59 - [TEST_STEP][PASSED] - delay: Delayed 10 second(s)

2017-12-01 18:23:09 - [MESSAGE][PASSED] - Delayed 10 second(s)

2017-12-01 18:23:09 - [MESSAGE][PASSED] - Call Test Case 'Test Cases/Equipment/Base_EquipmentPurchase/Base_EPO_Reciept' successfully

2017-12-01 18:23:09 - [MESSAGE][PASSED] - Call Test Case 'Test Cases/Equipment/Base_EquipmentPurchase/EPO_CreateNrecieve' successfully

2017-12-01 18:23:09 - [TEST_STEP][INCOMPLETE] - callTestCase: null

2017-12-01 18:23:09 - [TEST_CASE][INCOMPLETE] - Test Cases/Rental/Base_RentalContract/Base_CreateRentalHeader: null

2017-12-01 18:23:09 - [TEST_STEP][PASSED] - callTestCase: Call Test Case 'Test Cases/Common/Base_Common_OpenSession' successfully

2017-12-01 18:23:09 - [TEST_CASE][PASSED] - Test Cases/Common/Base_Common_OpenSession: Test Cases/Common/Base_Common_OpenSession

2017-12-01 18:23:10 - [TEST_STEP][PASSED] - openBrowser: Browser is opened with url: 'http://baan:3Xtend27$13@192.168.20.241:8312/webui/servlet/login'

2017-12-01 18:23:10 - [MESSAGE][WARNING] - A browser is already opened. Closing browser and opening a new one

2017-12-01 18:23:20 - [MESSAGE][PASSED] - Browser is opened with url: 'http://baan:3Xtend27$13@192.168.20.241:8312/webui/servlet/login'

2017-12-01 18:23:20 - [TEST_STEP][PASSED] - waitForPageLoad: Wait for page load successfully

2017-12-01 18:23:20 - [MESSAGE][PASSED] - Wait for page load successfully

2017-12-01 18:23:20 - [TEST_STEP][PASSED] - maximizeWindow: Current window maximized

2017-12-01 18:23:20 - [MESSAGE][PASSED] - Current window maximized

2017-12-01 18:23:20 - [TEST_STEP][PASSED] - click: Object: 'Object Repository/Common/HomePage/HomePage_more' is clicked on

2017-12-01 18:23:25 - [MESSAGE][PASSED] - Object: 'Object Repository/Common/HomePage/HomePage_more' is clicked on

2017-12-01 18:23:25 - [TEST_STEP][PASSED] - click: Object: 'Object Repository/Common/HomePage/HomePage_Option' is clicked on

2017-12-01 18:23:25 - [MESSAGE][PASSED] - Object: 'Object Repository/Common/HomePage/HomePage_Option' is clicked on

2017-12-01 18:23:25 - [TEST_STEP][PASSED] - click: Object: 'Object Repository/Common/HomePage/HomePage_RunProgram_' is clicked on

2017-12-01 18:23:25 - [MESSAGE][PASSED] - Object: 'Object Repository/Common/HomePage/HomePage_RunProgram_' is clicked on

2017-12-01 18:23:25 - [TEST_STEP][PASSED] - sendKeys: Keys 'erext4100s004' sent to object: 'Object Repository/Common/HomePage/HomePage_Session_ID'

2017-12-01 18:23:25 - [MESSAGE][PASSED] - Keys 'erext4100s004' sent to object: 'Object Repository/Common/HomePage/HomePage_Session_ID'

2017-12-01 18:23:25 - [TEST_STEP][PASSED] - click: Object: 'Object Repository/Common/HomePage/HomePage_OkButton' is clicked on

2017-12-01 18:23:26 - [MESSAGE][PASSED] - Object: 'Object Repository/Common/HomePage/HomePage_OkButton' is clicked on

2017-12-01 18:23:26 - [MESSAGE][PASSED] - Call Test Case 'Test Cases/Common/Base_Common_OpenSession' successfully

2017-12-01 18:23:26 - [TEST_STEP][PASSED] - click: Object: 'Object Repository/Rental/RentalHeader/RentalContract.Customer' is clicked on

2017-12-01 18:23:31 - [MESSAGE][PASSED] - Object: 'Object Repository/Rental/RentalHeader/RentalContract.Customer' is clicked on

2017-12-01 18:23:31 - [TEST_STEP][PASSED] - setText: Text 'BP0004776' is set on object 'Object Repository/Rental/RentalHeader/RentalContract.Customer'

2017-12-01 18:23:31 - [MESSAGE][PASSED] - Text 'BP0004776' is set on object 'Object Repository/Rental/RentalHeader/RentalContract.Customer'

2017-12-01 18:23:31 - [TEST_STEP][PASSED] - delay: Delayed 2 second(s)

2017-12-01 18:23:33 - [MESSAGE][PASSED] - Delayed 2 second(s)

2017-12-01 18:23:33 - [TEST_STEP][PASSED] - click: Object: 'Object Repository/Rental/RentalHeader/RentalContract.CustPO' is clicked on

2017-12-01 18:23:33 - [MESSAGE][PASSED] - Object: 'Object Repository/Rental/RentalHeader/RentalContract.CustPO' is clicked on

2017-12-01 18:23:33 - [TEST_STEP][PASSED] - delay: Delayed 3 second(s)

2017-12-01 18:23:36 - [MESSAGE][PASSED] - Delayed 3 second(s)

2017-12-01 18:23:36 - [TEST_STEP][PASSED] - click: Object: 'Object Repository/Rental/RentalHeader/RentalContract.OtherDetailsTab' is clicked on

2017-12-01 18:23:36 - [MESSAGE][PASSED] - Object: 'Object Repository/Rental/RentalHeader/RentalContract.OtherDetailsTab' is clicked on

2017-12-01 18:23:36 - [TEST_STEP][PASSED] - delay: Delayed 2 second(s)

2017-12-01 18:23:38 - [MESSAGE][PASSED] - Delayed 2 second(s)

2017-12-01 18:23:38 - [TEST_STEP][PASSED] - click: Object: 'Object Repository/Rental/RentalHeader/Rental Contract.ModeOfPayment' is clicked on

2017-12-01 18:23:38 - [MESSAGE][PASSED] - Object: 'Object Repository/Rental/RentalHeader/Rental Contract.ModeOfPayment' is clicked on

2017-12-01 18:23:38 - [TEST_STEP][PASSED] - delay: Delayed 2 second(s)

2017-12-01 18:23:40 - [MESSAGE][PASSED] - Delayed 2 second(s)

2017-12-01 18:23:40 - [TEST_STEP][PASSED] - click: Object: 'Object Repository/Rental/RentalHeader/RentalContract.CreditCardoption' is clicked on

2017-12-01 18:23:41 - [MESSAGE][PASSED] - Object: 'Object Repository/Rental/RentalHeader/RentalContract.CreditCardoption' is clicked on

2017-12-01 18:23:41 - [TEST_STEP][PASSED] - delay: Delayed 3 second(s)

2017-12-01 18:23:44 - [MESSAGE][PASSED] - Delayed 3 second(s)

2017-12-01 18:23:44 - [TEST_STEP][PASSED] - click: Object: 'Object Repository/Rental/RentalHeader/RentalContract.GeneralTab' is clicked on

2017-12-01 18:23:44 - [MESSAGE][PASSED] - Object: 'Object Repository/Rental/RentalHeader/RentalContract.GeneralTab' is clicked on

2017-12-01 18:23:44 - [TEST_STEP][PASSED] - delay: Delayed 2 second(s)

2017-12-01 18:23:46 - [MESSAGE][PASSED] - Delayed 2 second(s)

2017-12-01 18:23:46 - [TEST_STEP][PASSED] - click: Object: 'Object Repository/Rental/RentalHeader/RentalContract.Newbuttonline' is clicked on

2017-12-01 18:23:46 - [MESSAGE][PASSED] - Object: 'Object Repository/Rental/RentalHeader/RentalContract.Newbuttonline' is clicked on

2017-12-01 18:23:46 - [TEST_STEP][PASSED] - delay: Delayed 2 second(s)

2017-12-01 18:23:48 - [MESSAGE][PASSED] - Delayed 2 second(s)

2017-12-01 18:23:48 - [TEST_STEP][PASSED] - click: Object: 'Object Repository/Rental/RentalHeader/RentalContract.SetLine' is clicked on

2017-12-01 18:23:48 - [MESSAGE][PASSED] - Object: 'Object Repository/Rental/RentalHeader/RentalContract.SetLine' is clicked on

2017-12-01 18:23:48 - [TEST_STEP][PASSED] - delay: Delayed 2 second(s)

2017-12-01 18:23:50 - [MESSAGE][PASSED] - Delayed 2 second(s)

2017-12-01 18:23:50 - [TEST_STEP][PASSED] - scrollToElement: Scroll to object 'Object Repository/Rental/RentalHeader/RentalContract.Unit' successfully

2017-12-01 18:23:50 - [MESSAGE][PASSED] - Scroll to object 'Object Repository/Rental/RentalHeader/RentalContract.Unit' successfully

2017-12-01 18:23:50 - [TEST_STEP][PASSED] - delay: Delayed 2 second(s)

2017-12-01 18:23:52 - [MESSAGE][PASSED] - Delayed 2 second(s)

2017-12-01 18:23:52 - [TEST_STEP][NOT_RUN] - getText: NOT_RUN: getText

2017-12-01 18:23:52 - [MESSAGE][NOT_RUN] - NOT_RUN: getText

2017-12-01 18:23:52 - [TEST_STEP][PASSED] - click: Object: 'Object Repository/Rental/RentalHeader/RentalContract.Unit' is clicked on

2017-12-01 18:23:53 - [MESSAGE][PASSED] - Object: 'Object Repository/Rental/RentalHeader/RentalContract.Unit' is clicked on

2017-12-01 18:23:53 - [TEST_STEP][PASSED] - delay: Delayed 5 second(s)

2017-12-01 18:23:58 - [MESSAGE][PASSED] - Delayed 5 second(s)

2017-12-01 18:23:58 - [TEST_STEP][PASSED] - setText: Text 'EQ1402813' is set on object 'Object Repository/Rental/RentalHeader/RentalContract.Unit'

2017-12-01 18:23:58 - [MESSAGE][PASSED] - Text 'EQ1402813' is set on object 'Object Repository/Rental/RentalHeader/RentalContract.Unit'

2017-12-01 18:23:58 - [TEST_STEP][PASSED] - delay: Delayed 5 second(s)

2017-12-01 18:24:03 - [MESSAGE][PASSED] - Delayed 5 second(s)

2017-12-01 18:24:03 - [TEST_STEP][PASSED] - scrollToElement: Scroll to object 'Object Repository/Rental/RentalHeader/RentalContract.MultipleInsurence' successfully

2017-12-01 18:24:03 - [MESSAGE][PASSED] - Scroll to object 'Object Repository/Rental/RentalHeader/RentalContract.MultipleInsurence' successfully

2017-12-01 18:24:03 - [TEST_STEP][PASSED] - delay: Delayed 5 second(s)

2017-12-01 18:24:08 - [MESSAGE][PASSED] - Delayed 5 second(s)

2017-12-01 18:24:08 - [TEST_STEP][PASSED] - doubleClick: Object: 'Object Repository/Rental/RentalHeader/RentalContract.MultipleInsurence' is double clicked on

2017-12-01 18:24:08 - [MESSAGE][PASSED] - Object: 'Object Repository/Rental/RentalHeader/RentalContract.MultipleInsurence' is double clicked on

2017-12-01 18:24:08 - [TEST_STEP][PASSED] - delay: Delayed 5 second(s)

2017-12-01 18:24:13 - [MESSAGE][PASSED] - Delayed 5 second(s)

2017-12-01 18:24:13 - [TEST_STEP][PASSED] - click: Object: 'Object Repository/Rental/RentalHeader/RentalContract.MultipleInsurence' is clicked on

2017-12-01 18:24:14 - [MESSAGE][PASSED] - Object: 'Object Repository/Rental/RentalHeader/RentalContract.MultipleInsurence' is clicked on

2017-12-01 18:24:14 - [TEST_STEP][NOT_RUN] - doubleClick: NOT_RUN: doubleClick

2017-12-01 18:24:14 - [MESSAGE][NOT_RUN] - NOT_RUN: doubleClick

2017-12-01 18:24:14 - [TEST_STEP][NOT_RUN] - delay: NOT_RUN: delay

2017-12-01 18:24:14 - [MESSAGE][NOT_RUN] - NOT_RUN: delay

2017-12-01 18:24:14 - [TEST_STEP][PASSED] - click: Object: 'Object Repository/Rental/RentalHeader/RentalContract.MultiInsNO' is clicked on

2017-12-01 18:24:14 - [MESSAGE][PASSED] - Object: 'Object Repository/Rental/RentalHeader/RentalContract.MultiInsNO' is clicked on

2017-12-01 18:24:14 - [TEST_STEP][PASSED] - delay: Delayed 2 second(s)

2017-12-01 18:24:16 - [MESSAGE][PASSED] - Delayed 2 second(s)

2017-12-01 18:24:16 - [TEST_STEP][PASSED] - scrollToElement: Scroll to object 'Object Repository/Rental/RentalHeader/RentalContract.GrossRateline' successfully

2017-12-01 18:24:16 - [MESSAGE][PASSED] - Scroll to object 'Object Repository/Rental/RentalHeader/RentalContract.GrossRateline' successfully

2017-12-01 18:24:16 - [TEST_STEP][NOT_RUN] - delay: NOT_RUN: delay

2017-12-01 18:24:16 - [MESSAGE][NOT_RUN] - NOT_RUN: delay

2017-12-01 18:24:16 - [TEST_STEP][PASSED] - doubleClick: Object: 'Object Repository/Rental/RentalHeader/RentalContract.GrossRateline' is double clicked on

2017-12-01 18:24:16 - [MESSAGE][PASSED] - Object: 'Object Repository/Rental/RentalHeader/RentalContract.GrossRateline' is double clicked on

2017-12-01 18:24:16 - [TEST_STEP][NOT_RUN] - delay: NOT_RUN: delay

2017-12-01 18:24:16 - [MESSAGE][NOT_RUN] - NOT_RUN: delay

2017-12-01 18:24:16 - [TEST_STEP][NOT_RUN] - click: NOT_RUN: click

2017-12-01 18:24:16 - [MESSAGE][NOT_RUN] - NOT_RUN: click

2017-12-01 18:24:16 - [TEST_STEP][PASSED] - delay: Delayed 2 second(s)

2017-12-01 18:24:18 - [MESSAGE][PASSED] - Delayed 2 second(s)

2017-12-01 18:24:18 - [TEST_STEP][PASSED] - sendKeys: Keys '100' sent to object: 'Object Repository/Rental/RentalHeader/RentalContract.GrossRateline'

2017-12-01 18:24:18 - [MESSAGE][PASSED] - Keys '100' sent to object: 'Object Repository/Rental/RentalHeader/RentalContract.GrossRateline'

2017-12-01 18:24:18 - [TEST_STEP][PASSED] - delay: Delayed 2 second(s)

2017-12-01 18:24:20 - [MESSAGE][PASSED] - Delayed 2 second(s)

2017-12-01 18:24:20 - [TEST_STEP][PASSED] - click: Object: 'Object Repository/Rental/RentalHeader/RentalContract.SaveHeader' is clicked on

2017-12-01 18:24:20 - [MESSAGE][PASSED] - Object: 'Object Repository/Rental/RentalHeader/RentalContract.SaveHeader' is clicked on

2017-12-01 18:24:20 - [TEST_STEP][PASSED] - delay: Delayed 5 second(s)

2017-12-01 18:24:25 - [MESSAGE][PASSED] - Delayed 5 second(s)

2017-12-01 18:24:25 - [TEST_STEP][NOT_RUN] - click: NOT_RUN: click

2017-12-01 18:24:25 - [MESSAGE][NOT_RUN] - NOT_RUN: click

2017-12-01 18:24:25 - [TEST_STEP][NOT_RUN] - delay: NOT_RUN: delay

2017-12-01 18:24:25 - [MESSAGE][NOT_RUN] - NOT_RUN: delay

2017-12-01 18:24:25 - [TEST_STEP][NOT_RUN] - click: NOT_RUN: click

2017-12-01 18:24:25 - [MESSAGE][NOT_RUN] - NOT_RUN: click

2017-12-01 18:24:25 - [TEST_STEP][NOT_RUN] - delay: NOT_RUN: delay

2017-12-01 18:24:25 - [MESSAGE][NOT_RUN] - NOT_RUN: delay

2017-12-01 18:24:25 - [TEST_STEP][PASSED] - click: Object: 'Object Repository/Rental/RentalHeader/RentalContract.Action' is clicked on

2017-12-01 18:24:26 - [MESSAGE][PASSED] - Object: 'Object Repository/Rental/RentalHeader/RentalContract.Action' is clicked on

2017-12-01 18:24:26 - [TEST_STEP][PASSED] - delay: Delayed 2 second(s)

2017-12-01 18:24:28 - [MESSAGE][PASSED] - Delayed 2 second(s)

2017-12-01 18:24:28 - [TEST_STEP][PASSED] - click: Object: 'Object Repository/Rental/RentalHeader/RentalContract.Release' is clicked on

2017-12-01 18:24:28 - [MESSAGE][PASSED] - Object: 'Object Repository/Rental/RentalHeader/RentalContract.Release' is clicked on

2017-12-01 18:24:28 - [TEST_STEP][PASSED] - delay: Delayed 10 second(s)

2017-12-01 18:24:38 - [MESSAGE][PASSED] - Delayed 10 second(s)

2017-12-01 18:24:38 - [TEST_STEP][PASSED] - click: Object: 'Object Repository/Rental/RentalHeader/RentalContract.ActionDelivery' is clicked on

2017-12-01 18:24:38 - [MESSAGE][PASSED] - Object: 'Object Repository/Rental/RentalHeader/RentalContract.ActionDelivery' is clicked on

2017-12-01 18:24:38 - [TEST_STEP][PASSED] - delay: Delayed 6 second(s)

2017-12-01 18:24:44 - [MESSAGE][PASSED] - Delayed 6 second(s)

2017-12-01 18:24:44 - [TEST_STEP][PASSED] - click: Object: 'Object Repository/Rental/RentalHeader/RentalContract.ConfirmDelivery' is clicked on

2017-12-01 18:24:45 - [MESSAGE][PASSED] - Object: 'Object Repository/Rental/RentalHeader/RentalContract.ConfirmDelivery' is clicked on

2017-12-01 18:24:45 - [TEST_STEP][PASSED] - delay: Delayed 8 second(s)

2017-12-01 18:24:53 - [MESSAGE][PASSED] - Delayed 8 second(s)

2017-12-01 18:24:53 - [TEST_STEP][NOT_RUN] - waitForElementPresent: NOT_RUN: waitForElementPresent

2017-12-01 18:24:53 - [MESSAGE][NOT_RUN] - NOT_RUN: waitForElementPresent

2017-12-01 18:24:53 - [TEST_STEP][NOT_RUN] - delay: NOT_RUN: delay

2017-12-01 18:24:53 - [MESSAGE][NOT_RUN] - NOT_RUN: delay

2017-12-01 18:24:53 - [TEST_STEP][PASSED] - click: Object: 'Object Repository/Rental/RentalHeader/RentalContract.DeliveryProceed' is clicked on

2017-12-01 18:24:53 - [MESSAGE][PASSED] - Object: 'Object Repository/Rental/RentalHeader/RentalContract.DeliveryProceed' is clicked on

2017-12-01 18:24:53 - [TEST_STEP][PASSED] - delay: Delayed 12 second(s)

2017-12-01 18:25:05 - [MESSAGE][PASSED] - Delayed 12 second(s)

2017-12-01 18:25:05 - [TEST_STEP][NOT_RUN] - waitForElementPresent: NOT_RUN: waitForElementPresent

2017-12-01 18:25:05 - [MESSAGE][NOT_RUN] - NOT_RUN: waitForElementPresent

2017-12-01 18:25:05 - [TEST_STEP][NOT_RUN] - delay: NOT_RUN: delay

2017-12-01 18:25:05 - [MESSAGE][NOT_RUN] - NOT_RUN: delay

2017-12-01 18:25:05 - [TEST_STEP][NOT_RUN] - click: NOT_RUN: click

2017-12-01 18:25:05 - [MESSAGE][NOT_RUN] - NOT_RUN: click

2017-12-01 18:25:05 - [TEST_STEP][PASSED] - delay: Delayed 8 second(s)

2017-12-01 18:25:13 - [MESSAGE][PASSED] - Delayed 8 second(s)

2017-12-01 18:25:13 - [TEST_STEP][PASSED] - click: Object: 'Object Repository/Rental/RentalHeader/RentalContract.InspetionReportClose' is clicked on

2017-12-01 18:25:13 - [MESSAGE][PASSED] - Object: 'Object Repository/Rental/RentalHeader/RentalContract.InspetionReportClose' is clicked on

2017-12-01 18:25:13 - [TEST_STEP][PASSED] - delay: Delayed 5 second(s)

2017-12-01 18:25:18 - [MESSAGE][PASSED] - Delayed 5 second(s)

2017-12-01 18:25:18 - [TEST_STEP][PASSED] - click: Object: 'Object Repository/Rental/RentalHeader/RentalContract.BillofLaddingClosed' is clicked on

2017-12-01 18:25:18 - [MESSAGE][PASSED] - Object: 'Object Repository/Rental/RentalHeader/RentalContract.BillofLaddingClosed' is clicked on

2017-12-01 18:25:18 - [TEST_STEP][PASSED] - delay: Delayed 5 second(s)

2017-12-01 18:25:23 - [MESSAGE][PASSED] - Delayed 5 second(s)

2017-12-01 18:25:23 - [TEST_STEP][FAILED] - click: Unable to click on object 'Object Repository/Rental/RentalHeader/RentalContract.EqipRentalMemoclosed' (Root cause: com.kms.katalon.core.webui.exception.WebElementNotFoundException: Web element with id: 'Object Repository/Rental/RentalHeader/RentalContract.EqipRentalMemoclosed' located by 'By.xpath: //*[@id = 'ttstpsplopen-8-button-std-file.close-label']' not found)

2017-12-01 18:25:56 - [MESSAGE][FAILED] - Unable to click on object 'Object Repository/Rental/RentalHeader/RentalContract.EqipRentalMemoclosed' (Root cause: com.kms.katalon.core.webui.exception.WebElementNotFoundException: Web element with id: 'Object Repository/Rental/RentalHeader/RentalContract.EqipRentalMemoclosed' located by 'By.xpath: //*[@id = 'ttstpsplopen-8-button-std-file.close-label']' not found)
[[ATTACHMENT|C:\\Users\\agawhande\\git\\FlaglerCC\\Reports\\Flagler_RentalTestSuite\\20171201_182105\\1512132956140.png]]

2017-12-01 18:25:56 - [TEST_STEP][INCOMPLETE] - delay: Delaying browser in 5 second(s)]]></system-out>
         <system-err><![CDATA[2017-12-01 18:21:13 - [TEST_CASE][INCOMPLETE] - Test Cases/Rental/Base_RentalContract/CreditCardRegression/TC003_RentalContractInvoice_CC: null]]></system-err>
      </testcase>
      <system-out><![CDATA[2017-12-01 18:21:13 - [TEST_SUITE][INCOMPLETE] - Flagler_RentalTestSuite: null]]></system-out>
      <system-err><![CDATA[2017-12-01 18:21:13 - [TEST_SUITE][INCOMPLETE] - Flagler_RentalTestSuite: null]]></system-err>
   </testsuite>
</testsuites>
