<?xml version="1.0" encoding="UTF-8"?>
<testsuites name="TC001_ServiceCreditCardwithdifferentGateway" time="153" tests="1" failures="0" errors="0">
   <testsuite name="TC001_ServiceCreditCardwithdifferentGateway" tests="1" failures="0" errors="0" time="153" timestamp="2017-11-29 14:52:29" hostname="agawhande - ANIL110.e-emphasys.com" id="Test Suites/TC001_ServiceCreditCardwithdifferentGateway">
      <properties>
         <property name="deviceName" value=""/>
         <property name="devicePlatform" value=""/>
         <property name="logFolder" value="C:\\Users\\agawhande\\Katalon Studio\\FlaglerCreditCard\\Reports\\TC001_ServiceCreditCardwithdifferentGateway\\20171129_145221"/>
         <property name="logFiles" value="C:\\Users\\agawhande\\Katalon Studio\\FlaglerCreditCard\\Reports\\TC001_ServiceCreditCardwithdifferentGateway\\20171129_145221\\execution0.log"/>
         <property name="attachments" value=""/>
         <property name="hostName" value="agawhande - ANIL110.e-emphasys.com"/>
         <property name="os" value="Windows 7 64bit"/>
         <property name="katalonVersion" value="4.8.0.2"/>
         <property name="browser" value="Firefox 56.0"/>
         <property name="hostAddress" value="192.168.25.228"/>
         <property name="sessionId" value="6c6527f4-b964-4a1c-8e30-03f34b4a2e56"/>
         <property name="seleniumVersion" value="unknown"/>
         <property name="proxyInformation" value="ProxyInformation{proxyOption=NO_PROXY, proxyServerType=, password=, proxyServerAddress=, proxyServerPort=0}"/>
         <property name="platform" value="Windows 7"/>
      </properties>
      <testcase name="Test Cases/Service/CreditCardRegression/TC001_Service_CreditCard" classname="Test Cases/Service/CreditCardRegression/TC001_Service_CreditCard" status="PASSED">
         <system-out><![CDATA[2017-11-29 14:52:29 - [TEST_CASE][PASSED] - Test Cases/Service/CreditCardRegression/TC001_Service_CreditCard: Test Cases/Service/CreditCardRegression/TC001_Service_CreditCard

2017-11-29 14:52:30 - [TEST_STEP][PASSED] - callTestCase: Call Test Case 'Test Cases/Service/BaseTestCases/Base_Service_CreateHeader' successfully

2017-11-29 14:52:30 - [TEST_CASE][PASSED] - Test Cases/Service/BaseTestCases/Base_Service_CreateHeader: Test Cases/Service/BaseTestCases/Base_Service_CreateHeader

2017-11-29 14:52:31 - [TEST_STEP][PASSED] - callTestCase: Call Test Case 'Test Cases/Common/Base_Common_OpenSession' successfully

2017-11-29 14:52:31 - [TEST_CASE][PASSED] - Test Cases/Common/Base_Common_OpenSession: Test Cases/Common/Base_Common_OpenSession

2017-11-29 14:52:31 - [TEST_STEP][PASSED] - openBrowser: Browser is opened with url: 'http://baan:3Xtend27$13@192.168.20.241:8312/webui/servlet/login'

2017-11-29 14:52:51 - [MESSAGE][PASSED] - Browser is opened with url: 'http://baan:3Xtend27$13@192.168.20.241:8312/webui/servlet/login'

2017-11-29 14:52:51 - [TEST_STEP][PASSED] - waitForPageLoad: Wait for page load successfully

2017-11-29 14:52:51 - [MESSAGE][PASSED] - Wait for page load successfully

2017-11-29 14:52:51 - [TEST_STEP][PASSED] - maximizeWindow: Current window maximized

2017-11-29 14:52:51 - [MESSAGE][PASSED] - Current window maximized

2017-11-29 14:52:51 - [TEST_STEP][PASSED] - click: Object: 'Object Repository/Common/HomePage/HomePage_more' is clicked on

2017-11-29 14:52:54 - [MESSAGE][PASSED] - Object: 'Object Repository/Common/HomePage/HomePage_more' is clicked on

2017-11-29 14:52:54 - [TEST_STEP][PASSED] - click: Object: 'Object Repository/Common/HomePage/HomePage_Option' is clicked on

2017-11-29 14:52:54 - [MESSAGE][PASSED] - Object: 'Object Repository/Common/HomePage/HomePage_Option' is clicked on

2017-11-29 14:52:54 - [TEST_STEP][PASSED] - click: Object: 'Object Repository/Common/HomePage/HomePage_RunProgram_' is clicked on

2017-11-29 14:52:54 - [MESSAGE][PASSED] - Object: 'Object Repository/Common/HomePage/HomePage_RunProgram_' is clicked on

2017-11-29 14:52:54 - [TEST_STEP][PASSED] - sendKeys: Keys 'tssoc2100m001' sent to object: 'Object Repository/Common/HomePage/HomePage_Session_ID'

2017-11-29 14:52:54 - [MESSAGE][PASSED] - Keys 'tssoc2100m001' sent to object: 'Object Repository/Common/HomePage/HomePage_Session_ID'

2017-11-29 14:52:54 - [TEST_STEP][PASSED] - click: Object: 'Object Repository/Common/HomePage/HomePage_OkButton' is clicked on

2017-11-29 14:52:55 - [MESSAGE][PASSED] - Object: 'Object Repository/Common/HomePage/HomePage_OkButton' is clicked on

2017-11-29 14:52:55 - [MESSAGE][PASSED] - Call Test Case 'Test Cases/Common/Base_Common_OpenSession' successfully

2017-11-29 14:52:55 - [TEST_STEP][PASSED] - click: Object: 'Object Repository/Service/ServiceOrder/ServiceOrderHeader/ServiceOrderHeader.Newbutton' is clicked on

2017-11-29 14:52:59 - [MESSAGE][PASSED] - Object: 'Object Repository/Service/ServiceOrder/ServiceOrderHeader/ServiceOrderHeader.Newbutton' is clicked on

2017-11-29 14:52:59 - [TEST_STEP][PASSED] - delay: Delayed 8 second(s)

2017-11-29 14:53:07 - [MESSAGE][PASSED] - Delayed 8 second(s)

2017-11-29 14:53:07 - [TEST_STEP][PASSED] - click: Object: 'Object Repository/Service/ServiceOrder/ServiceOrderHeader/ServiceOrderHeader.Customer' is clicked on

2017-11-29 14:53:07 - [MESSAGE][PASSED] - Object: 'Object Repository/Service/ServiceOrder/ServiceOrderHeader/ServiceOrderHeader.Customer' is clicked on

2017-11-29 14:53:07 - [TEST_STEP][PASSED] - delay: Delayed 2 second(s)

2017-11-29 14:53:09 - [MESSAGE][PASSED] - Delayed 2 second(s)

2017-11-29 14:53:09 - [TEST_STEP][PASSED] - sendKeys: Keys 'BP0009610' sent to object: 'Object Repository/Service/ServiceOrder/ServiceOrderHeader/ServiceOrderHeader.Customer'

2017-11-29 14:53:09 - [MESSAGE][PASSED] - Keys 'BP0009610' sent to object: 'Object Repository/Service/ServiceOrder/ServiceOrderHeader/ServiceOrderHeader.Customer'

2017-11-29 14:53:09 - [TEST_STEP][PASSED] - sendKeys: Keys '' sent to object: 'Object Repository/Service/ServiceOrder/ServiceOrderHeader/ServiceOrderHeader.Customer'

2017-11-29 14:53:09 - [MESSAGE][PASSED] - Keys '' sent to object: 'Object Repository/Service/ServiceOrder/ServiceOrderHeader/ServiceOrderHeader.Customer'

2017-11-29 14:53:09 - [TEST_STEP][PASSED] - delay: Delayed 3 second(s)

2017-11-29 14:53:12 - [MESSAGE][PASSED] - Delayed 3 second(s)

2017-11-29 14:53:12 - [TEST_STEP][PASSED] - click: Object: 'Object Repository/Service/ServiceOrder/ServiceOrderHeader/ServiceOrderHeader.Unit' is clicked on

2017-11-29 14:53:12 - [MESSAGE][PASSED] - Object: 'Object Repository/Service/ServiceOrder/ServiceOrderHeader/ServiceOrderHeader.Unit' is clicked on

2017-11-29 14:53:12 - [TEST_STEP][PASSED] - delay: Delayed 2 second(s)

2017-11-29 14:53:14 - [MESSAGE][PASSED] - Delayed 2 second(s)

2017-11-29 14:53:14 - [TEST_STEP][PASSED] - sendKeys: Keys 'EQ0128249' sent to object: 'Object Repository/Service/ServiceOrder/ServiceOrderHeader/ServiceOrderHeader.Unit'

2017-11-29 14:53:14 - [MESSAGE][PASSED] - Keys 'EQ0128249' sent to object: 'Object Repository/Service/ServiceOrder/ServiceOrderHeader/ServiceOrderHeader.Unit'

2017-11-29 14:53:14 - [TEST_STEP][PASSED] - delay: Delayed 5 second(s)

2017-11-29 14:53:19 - [MESSAGE][PASSED] - Delayed 5 second(s)

2017-11-29 14:53:19 - [TEST_STEP][PASSED] - click: Object: 'Object Repository/Service/ServiceOrder/ServiceOrderHeader/ServiceOrderHeader.Save' is clicked on

2017-11-29 14:53:20 - [MESSAGE][PASSED] - Object: 'Object Repository/Service/ServiceOrder/ServiceOrderHeader/ServiceOrderHeader.Save' is clicked on

2017-11-29 14:53:20 - [TEST_STEP][PASSED] - delay: Delayed 2 second(s)

2017-11-29 14:53:22 - [MESSAGE][PASSED] - Delayed 2 second(s)

2017-11-29 14:53:22 - [TEST_STEP][PASSED] - click: Object: 'Object Repository/Service/ServiceOrder/ServiceOrderHeader/ServiceOrderHeader.Warning' is clicked on

2017-11-29 14:53:22 - [MESSAGE][PASSED] - Object: 'Object Repository/Service/ServiceOrder/ServiceOrderHeader/ServiceOrderHeader.Warning' is clicked on

2017-11-29 14:53:22 - [TEST_STEP][PASSED] - delay: Delayed 3 second(s)

2017-11-29 14:53:25 - [MESSAGE][PASSED] - Delayed 3 second(s)

2017-11-29 14:53:25 - [TEST_STEP][PASSED] - click: Object: 'Object Repository/Service/ServiceOrder/ServiceOrderHeader/ServiceOrderHeader.PaymentMode' is clicked on

2017-11-29 14:53:25 - [MESSAGE][PASSED] - Object: 'Object Repository/Service/ServiceOrder/ServiceOrderHeader/ServiceOrderHeader.PaymentMode' is clicked on

2017-11-29 14:53:25 - [TEST_STEP][PASSED] - click: Object: 'Object Repository/Service/ServiceOrder/ServiceOrderHeader/ServiceOrderHeader.CreditCardoption' is clicked on

2017-11-29 14:53:25 - [MESSAGE][PASSED] - Object: 'Object Repository/Service/ServiceOrder/ServiceOrderHeader/ServiceOrderHeader.CreditCardoption' is clicked on

2017-11-29 14:53:25 - [TEST_STEP][PASSED] - delay: Delayed 5 second(s)

2017-11-29 14:53:30 - [MESSAGE][PASSED] - Delayed 5 second(s)

2017-11-29 14:53:30 - [TEST_STEP][NOT_RUN] - setText: NOT_RUN: setText

2017-11-29 14:53:30 - [MESSAGE][NOT_RUN] - NOT_RUN: setText

2017-11-29 14:53:30 - [TEST_STEP][PASSED] - click: Object: 'Object Repository/Service/ServiceOrder/ServiceOrderHeader/ServiceOrderHeader.Save' is clicked on

2017-11-29 14:53:30 - [MESSAGE][PASSED] - Object: 'Object Repository/Service/ServiceOrder/ServiceOrderHeader/ServiceOrderHeader.Save' is clicked on

2017-11-29 14:53:30 - [TEST_STEP][PASSED] - delay: Delayed 5 second(s)

2017-11-29 14:53:35 - [MESSAGE][PASSED] - Delayed 5 second(s)

2017-11-29 14:53:35 - [TEST_STEP][PASSED] - Statement - SWOOrderNo = com.kms.katalon.core.webui.keyword.WebUiBuiltInKeywords.getAttribute(com.kms.katalon.core.testobject.ObjectRepository.findTestObject(Service/ServiceOrder/ServiceOrderHeader/ServiceOrderHeader.OrderNo), "value"): Attribute 'value' of object 'Object Repository/Service/ServiceOrder/ServiceOrderHeader/ServiceOrderHeader.OrderNo' is: 'SWO011844'

2017-11-29 14:53:35 - [MESSAGE][PASSED] - Attribute 'value' of object 'Object Repository/Service/ServiceOrder/ServiceOrderHeader/ServiceOrderHeader.OrderNo' is: 'SWO011844'

2017-11-29 14:53:35 - [TEST_STEP][PASSED] - verifyNotEqual: Actual object 'SWO011844' and expected object '' are not equal

2017-11-29 14:53:35 - [MESSAGE][PASSED] - Actual object 'SWO011844' and expected object '' are not equal

2017-11-29 14:53:35 - [TEST_STEP][PASSED] - delay: Delayed 5 second(s)

2017-11-29 14:53:40 - [MESSAGE][PASSED] - Delayed 5 second(s)

2017-11-29 14:53:40 - [TEST_STEP][PASSED] - click: Object: 'Object Repository/Service/ServiceOrder/ServiceOrderHeader/ServiceOrderHeader.Actions' is clicked on

2017-11-29 14:53:41 - [MESSAGE][PASSED] - Object: 'Object Repository/Service/ServiceOrder/ServiceOrderHeader/ServiceOrderHeader.Actions' is clicked on

2017-11-29 14:53:41 - [TEST_STEP][PASSED] - delay: Delayed 3 second(s)

2017-11-29 14:53:44 - [MESSAGE][PASSED] - Delayed 3 second(s)

2017-11-29 14:53:44 - [TEST_STEP][PASSED] - click: Object: 'Object Repository/Service/ServiceOrder/ServiceOrderHeader/ServiceOrderHeader.Segments' is clicked on

2017-11-29 14:53:44 - [MESSAGE][PASSED] - Object: 'Object Repository/Service/ServiceOrder/ServiceOrderHeader/ServiceOrderHeader.Segments' is clicked on

2017-11-29 14:53:44 - [TEST_STEP][PASSED] - delay: Delayed 3 second(s)

2017-11-29 14:53:47 - [MESSAGE][PASSED] - Delayed 3 second(s)

2017-11-29 14:53:47 - [MESSAGE][PASSED] - Call Test Case 'Test Cases/Service/BaseTestCases/Base_Service_CreateHeader' successfully

2017-11-29 14:53:47 - [TEST_STEP][PASSED] - callTestCase: Call Test Case 'Test Cases/Service/BaseTestCases/Base_Service_AddSegment' successfully

2017-11-29 14:53:47 - [TEST_CASE][PASSED] - Test Cases/Service/BaseTestCases/Base_Service_AddSegment: Test Cases/Service/BaseTestCases/Base_Service_AddSegment

2017-11-29 14:53:47 - [TEST_STEP][PASSED] - click: Object: 'Object Repository/Service/ServiceOrder/ServiceOrderSegment/ServiceOrderSegment.ServiceType' is clicked on

2017-11-29 14:53:48 - [MESSAGE][PASSED] - Object: 'Object Repository/Service/ServiceOrder/ServiceOrderSegment/ServiceOrderSegment.ServiceType' is clicked on

2017-11-29 14:53:48 - [TEST_STEP][PASSED] - delay: Delayed 4 second(s)

2017-11-29 14:53:52 - [MESSAGE][PASSED] - Delayed 4 second(s)

2017-11-29 14:53:52 - [TEST_STEP][PASSED] - setText: Text 'ABC' is set on object 'Object Repository/Service/ServiceOrder/ServiceOrderSegment/ServiceOrderSegment.ServiceType'

2017-11-29 14:53:52 - [MESSAGE][PASSED] - Text 'ABC' is set on object 'Object Repository/Service/ServiceOrder/ServiceOrderSegment/ServiceOrderSegment.ServiceType'

2017-11-29 14:53:52 - [TEST_STEP][NOT_RUN] - sendKeys: NOT_RUN: sendKeys

2017-11-29 14:53:52 - [MESSAGE][NOT_RUN] - NOT_RUN: sendKeys

2017-11-29 14:53:52 - [TEST_STEP][PASSED] - delay: Delayed 3 second(s)

2017-11-29 14:53:55 - [MESSAGE][PASSED] - Delayed 3 second(s)

2017-11-29 14:53:55 - [TEST_STEP][PASSED] - click: Object: 'Object Repository/Service/ServiceOrder/ServiceOrderSegment/ServiceOrderSegment.OthersTab' is clicked on

2017-11-29 14:53:55 - [MESSAGE][PASSED] - Object: 'Object Repository/Service/ServiceOrder/ServiceOrderSegment/ServiceOrderSegment.OthersTab' is clicked on

2017-11-29 14:53:55 - [TEST_STEP][PASSED] - delay: Delayed 3 second(s)

2017-11-29 14:53:58 - [MESSAGE][PASSED] - Delayed 3 second(s)

2017-11-29 14:53:58 - [TEST_STEP][PASSED] - click: Object: 'Object Repository/Service/ServiceOrder/ServiceOrderSegment/ServiceOrderSegment.Priority' is clicked on

2017-11-29 14:53:59 - [MESSAGE][PASSED] - Object: 'Object Repository/Service/ServiceOrder/ServiceOrderSegment/ServiceOrderSegment.Priority' is clicked on

2017-11-29 14:53:59 - [TEST_STEP][PASSED] - delay: Delayed 3 second(s)

2017-11-29 14:54:02 - [MESSAGE][PASSED] - Delayed 3 second(s)

2017-11-29 14:54:02 - [TEST_STEP][PASSED] - sendKeys: Keys '1' sent to object: 'Object Repository/Service/ServiceOrder/ServiceOrderSegment/ServiceOrderSegment.Priority'

2017-11-29 14:54:02 - [MESSAGE][PASSED] - Keys '1' sent to object: 'Object Repository/Service/ServiceOrder/ServiceOrderSegment/ServiceOrderSegment.Priority'

2017-11-29 14:54:02 - [TEST_STEP][PASSED] - delay: Delayed 3 second(s)

2017-11-29 14:54:05 - [MESSAGE][PASSED] - Delayed 3 second(s)

2017-11-29 14:54:05 - [TEST_STEP][PASSED] - click: Object: 'Object Repository/Service/ServiceOrder/ServiceOrderSegment/ServiceOrderSegment.Save' is clicked on

2017-11-29 14:54:05 - [MESSAGE][PASSED] - Object: 'Object Repository/Service/ServiceOrder/ServiceOrderSegment/ServiceOrderSegment.Save' is clicked on

2017-11-29 14:54:05 - [TEST_STEP][PASSED] - delay: Delayed 10 second(s)

2017-11-29 14:54:15 - [MESSAGE][PASSED] - Delayed 10 second(s)

2017-11-29 14:54:15 - [TEST_STEP][PASSED] - click: Object: 'Object Repository/Service/ServiceOrder/ServiceOrderSegment/ServiceOrderSegment.Action' is clicked on

2017-11-29 14:54:15 - [MESSAGE][PASSED] - Object: 'Object Repository/Service/ServiceOrder/ServiceOrderSegment/ServiceOrderSegment.Action' is clicked on

2017-11-29 14:54:15 - [TEST_STEP][PASSED] - delay: Delayed 2 second(s)

2017-11-29 14:54:17 - [MESSAGE][PASSED] - Delayed 2 second(s)

2017-11-29 14:54:17 - [TEST_STEP][PASSED] - click: Object: 'Object Repository/Service/ServiceOrder/ServiceOrderSegment/ServiceOrderSegment.Release' is clicked on

2017-11-29 14:54:18 - [MESSAGE][PASSED] - Object: 'Object Repository/Service/ServiceOrder/ServiceOrderSegment/ServiceOrderSegment.Release' is clicked on

2017-11-29 14:54:18 - [TEST_STEP][PASSED] - delay: Delayed 5 second(s)

2017-11-29 14:54:23 - [MESSAGE][PASSED] - Delayed 5 second(s)

2017-11-29 14:54:23 - [TEST_STEP][NOT_RUN] - click: NOT_RUN: click

2017-11-29 14:54:23 - [MESSAGE][NOT_RUN] - NOT_RUN: click

2017-11-29 14:54:23 - [TEST_STEP][NOT_RUN] - click: NOT_RUN: click

2017-11-29 14:54:23 - [MESSAGE][NOT_RUN] - NOT_RUN: click

2017-11-29 14:54:23 - [TEST_STEP][NOT_RUN] - delay: NOT_RUN: delay

2017-11-29 14:54:23 - [MESSAGE][NOT_RUN] - NOT_RUN: delay

2017-11-29 14:54:23 - [TEST_STEP][NOT_RUN] - setText: NOT_RUN: setText

2017-11-29 14:54:23 - [MESSAGE][NOT_RUN] - NOT_RUN: setText

2017-11-29 14:54:23 - [TEST_STEP][NOT_RUN] - sendKeys: NOT_RUN: sendKeys

2017-11-29 14:54:23 - [MESSAGE][NOT_RUN] - NOT_RUN: sendKeys

2017-11-29 14:54:23 - [TEST_STEP][NOT_RUN] - delay: NOT_RUN: delay

2017-11-29 14:54:23 - [MESSAGE][NOT_RUN] - NOT_RUN: delay

2017-11-29 14:54:23 - [TEST_STEP][NOT_RUN] - click: NOT_RUN: click

2017-11-29 14:54:23 - [MESSAGE][NOT_RUN] - NOT_RUN: click

2017-11-29 14:54:23 - [TEST_STEP][NOT_RUN] - delay: NOT_RUN: delay

2017-11-29 14:54:23 - [MESSAGE][NOT_RUN] - NOT_RUN: delay

2017-11-29 14:54:23 - [TEST_STEP][PASSED] - click: Object: 'Object Repository/Service/ServiceOrder/ServiceOrderSegment/ServiceOrderSegment.Action' is clicked on

2017-11-29 14:54:23 - [MESSAGE][PASSED] - Object: 'Object Repository/Service/ServiceOrder/ServiceOrderSegment/ServiceOrderSegment.Action' is clicked on

2017-11-29 14:54:23 - [TEST_STEP][PASSED] - delay: Delayed 3 second(s)

2017-11-29 14:54:26 - [MESSAGE][PASSED] - Delayed 3 second(s)

2017-11-29 14:54:26 - [MESSAGE][PASSED] - Call Test Case 'Test Cases/Service/BaseTestCases/Base_Service_AddSegment' successfully

2017-11-29 14:54:26 - [TEST_STEP][PASSED] - callTestCase: Call Test Case 'Test Cases/Service/BaseTestCases/Base_Service_Add Others' successfully

2017-11-29 14:54:26 - [TEST_CASE][PASSED] - Test Cases/Service/BaseTestCases/Base_Service_Add Others: Test Cases/Service/BaseTestCases/Base_Service_Add Others

2017-11-29 14:54:26 - [TEST_STEP][PASSED] - click: Object: 'Object Repository/Service/ServiceOrder/ServiceOrderSegment/ServiceOrderSegment.Others' is clicked on

2017-11-29 14:54:26 - [MESSAGE][PASSED] - Object: 'Object Repository/Service/ServiceOrder/ServiceOrderSegment/ServiceOrderSegment.Others' is clicked on

2017-11-29 14:54:26 - [TEST_STEP][PASSED] - delay: Delayed 10 second(s)

2017-11-29 14:54:36 - [MESSAGE][PASSED] - Delayed 10 second(s)

2017-11-29 14:54:36 - [TEST_STEP][PASSED] - click: Object: 'Object Repository/Service/ServiceOrder/ServiceOrderSegment/ServiceOrderSegment.OthersNew' is clicked on

2017-11-29 14:54:37 - [MESSAGE][PASSED] - Object: 'Object Repository/Service/ServiceOrder/ServiceOrderSegment/ServiceOrderSegment.OthersNew' is clicked on

2017-11-29 14:54:37 - [TEST_STEP][PASSED] - delay: Delayed 5 second(s)

2017-11-29 14:54:42 - [MESSAGE][PASSED] - Delayed 5 second(s)

2017-11-29 14:54:42 - [TEST_STEP][PASSED] - click: Object: 'Object Repository/Service/ServiceOrder/ServiceOrderSegment/ServiceOrderSegment.OthersCostComp' is clicked on

2017-11-29 14:54:42 - [MESSAGE][PASSED] - Object: 'Object Repository/Service/ServiceOrder/ServiceOrderSegment/ServiceOrderSegment.OthersCostComp' is clicked on

2017-11-29 14:54:42 - [TEST_STEP][PASSED] - delay: Delayed 2 second(s)

2017-11-29 14:54:44 - [MESSAGE][PASSED] - Delayed 2 second(s)

2017-11-29 14:54:44 - [TEST_STEP][PASSED] - setText: Text 'MIL' is set on object 'Object Repository/Service/ServiceOrder/ServiceOrderSegment/ServiceOrderSegment.OthersCostComp'

2017-11-29 14:54:44 - [MESSAGE][PASSED] - Text 'MIL' is set on object 'Object Repository/Service/ServiceOrder/ServiceOrderSegment/ServiceOrderSegment.OthersCostComp'

2017-11-29 14:54:44 - [TEST_STEP][PASSED] - delay: Delayed 5 second(s)

2017-11-29 14:54:49 - [MESSAGE][PASSED] - Delayed 5 second(s)

2017-11-29 14:54:49 - [TEST_STEP][PASSED] - scrollToElement: Scroll to object 'Object Repository/Service/ServiceOrder/ServiceOrderSegment/ServiceOrderSegment.Actual Qty' successfully

2017-11-29 14:54:49 - [MESSAGE][PASSED] - Scroll to object 'Object Repository/Service/ServiceOrder/ServiceOrderSegment/ServiceOrderSegment.Actual Qty' successfully

2017-11-29 14:54:49 - [TEST_STEP][PASSED] - click: Object: 'Object Repository/Service/ServiceOrder/ServiceOrderSegment/ServiceOrderSegment.Actual Qty' is clicked on

2017-11-29 14:54:49 - [MESSAGE][PASSED] - Object: 'Object Repository/Service/ServiceOrder/ServiceOrderSegment/ServiceOrderSegment.Actual Qty' is clicked on

2017-11-29 14:54:49 - [TEST_STEP][PASSED] - delay: Delayed 2 second(s)

2017-11-29 14:54:51 - [MESSAGE][PASSED] - Delayed 2 second(s)

2017-11-29 14:54:51 - [TEST_STEP][PASSED] - sendKeys: Keys '2' sent to object: 'Object Repository/Service/ServiceOrder/ServiceOrderSegment/ServiceOrderSegment.Actual Qty'

2017-11-29 14:54:51 - [MESSAGE][PASSED] - Keys '2' sent to object: 'Object Repository/Service/ServiceOrder/ServiceOrderSegment/ServiceOrderSegment.Actual Qty'

2017-11-29 14:54:51 - [TEST_STEP][PASSED] - delay: Delayed 5 second(s)

2017-11-29 14:54:56 - [MESSAGE][PASSED] - Delayed 5 second(s)

2017-11-29 14:54:56 - [TEST_STEP][NOT_RUN] - click: NOT_RUN: click

2017-11-29 14:54:56 - [MESSAGE][NOT_RUN] - NOT_RUN: click

2017-11-29 14:54:56 - [TEST_STEP][PASSED] - click: Object: 'Object Repository/Service/ServiceOrder/ServiceOrderSegment/ServiceOrderSegmentOthers.SaveClose' is clicked on

2017-11-29 14:54:57 - [MESSAGE][PASSED] - Object: 'Object Repository/Service/ServiceOrder/ServiceOrderSegment/ServiceOrderSegmentOthers.SaveClose' is clicked on

2017-11-29 14:54:57 - [TEST_STEP][PASSED] - delay: Delayed 5 second(s)

2017-11-29 14:55:02 - [MESSAGE][PASSED] - Delayed 5 second(s)

2017-11-29 14:55:02 - [TEST_STEP][PASSED] - click: Object: 'Object Repository/Service/ServiceOrder/ServiceOrderSegment/ServiceOrderSegment.SaveClose' is clicked on

2017-11-29 14:55:02 - [MESSAGE][PASSED] - Object: 'Object Repository/Service/ServiceOrder/ServiceOrderSegment/ServiceOrderSegment.SaveClose' is clicked on

2017-11-29 14:55:02 - [MESSAGE][PASSED] - Call Test Case 'Test Cases/Service/BaseTestCases/Base_Service_Add Others' successfully

2017-11-29 14:55:02 - [TEST_STEP][NOT_RUN] - callTestCase: NOT_RUN: callTestCase

2017-11-29 14:55:02 - [MESSAGE][NOT_RUN] - NOT_RUN: callTestCase

2017-11-29 14:55:02 - [TEST_STEP][NOT_RUN] - callTestCase: NOT_RUN: callTestCase

2017-11-29 14:55:02 - [MESSAGE][NOT_RUN] - NOT_RUN: callTestCase

2017-11-29 14:55:02 - [TEST_STEP][NOT_RUN] - callTestCase: NOT_RUN: callTestCase

2017-11-29 14:55:02 - [MESSAGE][NOT_RUN] - NOT_RUN: callTestCase]]></system-out>
         <system-err><![CDATA[]]></system-err>
      </testcase>
      <system-out><![CDATA[2017-11-29 14:52:29 - [TEST_SUITE][PASSED] - TC001_ServiceCreditCardwithdifferentGateway: Test Cases/Service/CreditCardRegression/TC001_Service_CreditCard]]></system-out>
      <system-err><![CDATA[]]></system-err>
   </testsuite>
</testsuites>
