<?xml version="1.0" encoding="UTF-8"?>
<testsuites name="Flagler_RentalTestSuite" time="315" tests="0" failures="0" errors="0">
   <testsuite name="Flagler_RentalTestSuite" tests="0" failures="0" errors="0" time="315" timestamp="2017-12-06 18:11:44" hostname="agawhande - ANIL110.e-emphasys.com" id="Test Suites/Flagler_RentalTestSuite">
      <properties>
         <property name="deviceName" value=""/>
         <property name="devicePlatform" value=""/>
         <property name="logFolder" value="C:\\Users\\agawhande\\git\\FlaglerCC\\Reports\\Flagler_RentalTestSuite\\20171206_181136"/>
         <property name="logFiles" value="C:\\Users\\agawhande\\git\\FlaglerCC\\Reports\\Flagler_RentalTestSuite\\20171206_181136\\execution0.log"/>
         <property name="attachments" value="C:\\Users\\agawhande\\git\\FlaglerCC\\Reports\\Flagler_RentalTestSuite\\20171206_181136\\1512564419404.png"/>
         <property name="hostName" value="agawhande - ANIL110.e-emphasys.com"/>
         <property name="os" value="Windows 7 64bit"/>
         <property name="katalonVersion" value="4.8.0.2"/>
         <property name="browser" value="Firefox 56.0"/>
         <property name="hostAddress" value="192.168.25.228"/>
         <property name="sessionId" value="6b058dc4-7ba7-49d1-9634-0ed14071640c"/>
         <property name="seleniumVersion" value="unknown"/>
         <property name="proxyInformation" value="ProxyInformation{proxyOption=NO_PROXY, proxyServerType=, password=, proxyServerAddress=, proxyServerPort=0}"/>
         <property name="platform" value="Windows 7"/>
      </properties>
      <testcase name="Test Cases/Rental/Base_RentalContract/CreditCardRegression/TC003_RentalContractInvoice_CC" classname="Test Cases/Rental/Base_RentalContract/CreditCardRegression/TC003_RentalContractInvoice_CC" status="INCOMPLETE">
         <system-out><![CDATA[2017-12-06 18:11:44 - [TEST_CASE][INCOMPLETE] - Test Cases/Rental/Base_RentalContract/CreditCardRegression/TC003_RentalContractInvoice_CC: null

2017-12-06 18:11:45 - [TEST_STEP][PASSED] - callTestCase: Call Test Case 'Test Cases/Equipment/Base_EquipmentPurchase/EPO_CreateNrecieve' successfully

2017-12-06 18:11:45 - [TEST_CASE][PASSED] - Test Cases/Equipment/Base_EquipmentPurchase/EPO_CreateNrecieve: Test Cases/Equipment/Base_EquipmentPurchase/EPO_CreateNrecieve

2017-12-06 18:11:45 - [TEST_STEP][PASSED] - callTestCase: Call Test Case 'Test Cases/Equipment/Base_EquipmentPurchase/Base_EPO_CreateHeaderNline' successfully

2017-12-06 18:11:45 - [TEST_CASE][PASSED] - Test Cases/Equipment/Base_EquipmentPurchase/Base_EPO_CreateHeaderNline: Test Cases/Equipment/Base_EquipmentPurchase/Base_EPO_CreateHeaderNline

2017-12-06 18:11:46 - [TEST_STEP][PASSED] - callTestCase: Call Test Case 'Test Cases/Common/Base_Common_OpenSession' successfully

2017-12-06 18:11:46 - [TEST_CASE][PASSED] - Test Cases/Common/Base_Common_OpenSession: Test Cases/Common/Base_Common_OpenSession

2017-12-06 18:11:46 - [TEST_STEP][PASSED] - openBrowser: Browser is opened with url: 'http://baan:3Xtend27$13@192.168.20.241:8312/webui/servlet/login'

2017-12-06 18:12:07 - [MESSAGE][PASSED] - Browser is opened with url: 'http://baan:3Xtend27$13@192.168.20.241:8312/webui/servlet/login'

2017-12-06 18:12:07 - [TEST_STEP][PASSED] - waitForPageLoad: Wait for page load successfully

2017-12-06 18:12:07 - [MESSAGE][PASSED] - Wait for page load successfully

2017-12-06 18:12:07 - [TEST_STEP][PASSED] - maximizeWindow: Current window maximized

2017-12-06 18:12:07 - [MESSAGE][PASSED] - Current window maximized

2017-12-06 18:12:07 - [TEST_STEP][PASSED] - click: Object: 'Object Repository/Common/HomePage/HomePage_more' is clicked on

2017-12-06 18:12:09 - [MESSAGE][PASSED] - Object: 'Object Repository/Common/HomePage/HomePage_more' is clicked on

2017-12-06 18:12:09 - [TEST_STEP][PASSED] - click: Object: 'Object Repository/Common/HomePage/HomePage_Option' is clicked on

2017-12-06 18:12:09 - [MESSAGE][PASSED] - Object: 'Object Repository/Common/HomePage/HomePage_Option' is clicked on

2017-12-06 18:12:09 - [TEST_STEP][PASSED] - click: Object: 'Object Repository/Common/HomePage/HomePage_RunProgram_' is clicked on

2017-12-06 18:12:09 - [MESSAGE][PASSED] - Object: 'Object Repository/Common/HomePage/HomePage_RunProgram_' is clicked on

2017-12-06 18:12:09 - [TEST_STEP][PASSED] - sendKeys: Keys 'tdext8150s000' sent to object: 'Object Repository/Common/HomePage/HomePage_Session_ID'

2017-12-06 18:12:10 - [MESSAGE][PASSED] - Keys 'tdext8150s000' sent to object: 'Object Repository/Common/HomePage/HomePage_Session_ID'

2017-12-06 18:12:10 - [TEST_STEP][PASSED] - click: Object: 'Object Repository/Common/HomePage/HomePage_OkButton' is clicked on

2017-12-06 18:12:10 - [MESSAGE][PASSED] - Object: 'Object Repository/Common/HomePage/HomePage_OkButton' is clicked on

2017-12-06 18:12:10 - [MESSAGE][PASSED] - Call Test Case 'Test Cases/Common/Base_Common_OpenSession' successfully

2017-12-06 18:12:10 - [TEST_STEP][PASSED] - waitForElementPresent: Object 'Object Repository/Equipment/EquipmentPurchase/EPO_Header/EPO_Header_New' is present

2017-12-06 18:12:13 - [MESSAGE][PASSED] - Object 'Object Repository/Equipment/EquipmentPurchase/EPO_Header/EPO_Header_New' is present

2017-12-06 18:12:13 - [TEST_STEP][PASSED] - click: Object: 'Object Repository/Equipment/EquipmentPurchase/EPO_Header/EPO_Header_New' is clicked on

2017-12-06 18:12:13 - [MESSAGE][PASSED] - Object: 'Object Repository/Equipment/EquipmentPurchase/EPO_Header/EPO_Header_New' is clicked on

2017-12-06 18:12:13 - [TEST_STEP][PASSED] - delay: Delayed 3 second(s)

2017-12-06 18:12:16 - [MESSAGE][PASSED] - Delayed 3 second(s)

2017-12-06 18:12:16 - [TEST_STEP][PASSED] - click: Object: 'Object Repository/Equipment/EquipmentPurchase/EPO_Header/EPO_Header_Customer' is clicked on

2017-12-06 18:12:16 - [MESSAGE][PASSED] - Object: 'Object Repository/Equipment/EquipmentPurchase/EPO_Header/EPO_Header_Customer' is clicked on

2017-12-06 18:12:16 - [TEST_STEP][PASSED] - setText: Text 'BP0009523' is set on object 'Object Repository/Equipment/EquipmentPurchase/EPO_Header/EPO_Header_Customer'

2017-12-06 18:12:16 - [MESSAGE][PASSED] - Text 'BP0009523' is set on object 'Object Repository/Equipment/EquipmentPurchase/EPO_Header/EPO_Header_Customer'

2017-12-06 18:12:16 - [TEST_STEP][PASSED] - click: Object: 'Object Repository/Equipment/EquipmentPurchase/EPO_Header/EPO_Header_Save' is clicked on

2017-12-06 18:12:16 - [MESSAGE][PASSED] - Object: 'Object Repository/Equipment/EquipmentPurchase/EPO_Header/EPO_Header_Save' is clicked on

2017-12-06 18:12:16 - [TEST_STEP][PASSED] - delay: Delayed 5 second(s)

2017-12-06 18:12:21 - [MESSAGE][PASSED] - Delayed 5 second(s)

2017-12-06 18:12:21 - [TEST_STEP][PASSED] - click: Object: 'Object Repository/Equipment/EquipmentPurchase/EPO_Header/EPO_Header_Action' is clicked on

2017-12-06 18:12:22 - [MESSAGE][PASSED] - Object: 'Object Repository/Equipment/EquipmentPurchase/EPO_Header/EPO_Header_Action' is clicked on

2017-12-06 18:12:22 - [TEST_STEP][PASSED] - click: Object: 'Object Repository/Equipment/EquipmentPurchase/EPO_Header/EPO_Header_Action_OrderLines' is clicked on

2017-12-06 18:12:22 - [MESSAGE][PASSED] - Object: 'Object Repository/Equipment/EquipmentPurchase/EPO_Header/EPO_Header_Action_OrderLines' is clicked on

2017-12-06 18:12:22 - [TEST_STEP][PASSED] - waitForElementPresent: Object 'Object Repository/Equipment/EquipmentPurchase/EPO_Line/EPO_MultiLine_New' is present

2017-12-06 18:12:23 - [MESSAGE][PASSED] - Object 'Object Repository/Equipment/EquipmentPurchase/EPO_Line/EPO_MultiLine_New' is present

2017-12-06 18:12:23 - [TEST_STEP][PASSED] - click: Object: 'Object Repository/Equipment/EquipmentPurchase/EPO_Line/EPO_MultiLine_New' is clicked on

2017-12-06 18:12:23 - [MESSAGE][PASSED] - Object: 'Object Repository/Equipment/EquipmentPurchase/EPO_Line/EPO_MultiLine_New' is clicked on

2017-12-06 18:12:23 - [TEST_STEP][PASSED] - waitForElementPresent: Object 'Object Repository/Equipment/EquipmentPurchase/EPO_Line/EPO_Line_Model' is present

2017-12-06 18:12:25 - [MESSAGE][PASSED] - Object 'Object Repository/Equipment/EquipmentPurchase/EPO_Line/EPO_Line_Model' is present

2017-12-06 18:12:25 - [TEST_STEP][PASSED] - doubleClick: Object: 'Object Repository/Equipment/EquipmentPurchase/EPO_Line/EPO_Line_Model' is double clicked on

2017-12-06 18:12:25 - [MESSAGE][PASSED] - Object: 'Object Repository/Equipment/EquipmentPurchase/EPO_Line/EPO_Line_Model' is double clicked on

2017-12-06 18:12:25 - [TEST_STEP][PASSED] - delay: Delayed 2 second(s)

2017-12-06 18:12:27 - [MESSAGE][PASSED] - Delayed 2 second(s)

2017-12-06 18:12:27 - [TEST_STEP][PASSED] - sendKeys: Keys '1042' sent to object: 'Object Repository/Equipment/EquipmentPurchase/EPO_Line/EPO_Line_Model'

2017-12-06 18:12:27 - [MESSAGE][PASSED] - Keys '1042' sent to object: 'Object Repository/Equipment/EquipmentPurchase/EPO_Line/EPO_Line_Model'

2017-12-06 18:12:27 - [TEST_STEP][PASSED] - delay: Delayed 2 second(s)

2017-12-06 18:12:29 - [MESSAGE][PASSED] - Delayed 2 second(s)

2017-12-06 18:12:29 - [TEST_STEP][PASSED] - click: Object: 'Object Repository/Equipment/EquipmentPurchase/EPO_Line/EPO_Line_NeworUsed' is clicked on

2017-12-06 18:12:29 - [MESSAGE][PASSED] - Object: 'Object Repository/Equipment/EquipmentPurchase/EPO_Line/EPO_Line_NeworUsed' is clicked on

2017-12-06 18:12:29 - [TEST_STEP][PASSED] - click: Object: 'Object Repository/Equipment/EquipmentPurchase/EPO_Line/EPO_Line_NewEquipOption' is clicked on

2017-12-06 18:12:30 - [MESSAGE][PASSED] - Object: 'Object Repository/Equipment/EquipmentPurchase/EPO_Line/EPO_Line_NewEquipOption' is clicked on

2017-12-06 18:12:30 - [TEST_STEP][PASSED] - click: Object: 'Object Repository/Equipment/EquipmentPurchase/EPO_Line/EPO_Line_PlannedDate' is clicked on

2017-12-06 18:12:30 - [MESSAGE][PASSED] - Object: 'Object Repository/Equipment/EquipmentPurchase/EPO_Line/EPO_Line_PlannedDate' is clicked on

2017-12-06 18:12:30 - [TEST_STEP][PASSED] - delay: Delayed 2 second(s)

2017-12-06 18:12:32 - [MESSAGE][PASSED] - Delayed 2 second(s)

2017-12-06 18:12:32 - [TEST_STEP][PASSED] - setText: Text '+10' is set on object 'Object Repository/Equipment/EquipmentPurchase/EPO_Line/EPO_Line_PlannedDate'

2017-12-06 18:12:32 - [MESSAGE][PASSED] - Text '+10' is set on object 'Object Repository/Equipment/EquipmentPurchase/EPO_Line/EPO_Line_PlannedDate'

2017-12-06 18:12:32 - [TEST_STEP][PASSED] - delay: Delayed 2 second(s)

2017-12-06 18:12:34 - [MESSAGE][PASSED] - Delayed 2 second(s)

2017-12-06 18:12:34 - [TEST_STEP][PASSED] - click: Object: 'Object Repository/Equipment/EquipmentPurchase/EPO_Line/EPO_Line_Price' is clicked on

2017-12-06 18:12:34 - [MESSAGE][PASSED] - Object: 'Object Repository/Equipment/EquipmentPurchase/EPO_Line/EPO_Line_Price' is clicked on

2017-12-06 18:12:34 - [TEST_STEP][PASSED] - delay: Delayed 2 second(s)

2017-12-06 18:12:36 - [MESSAGE][PASSED] - Delayed 2 second(s)

2017-12-06 18:12:36 - [TEST_STEP][PASSED] - sendKeys: Keys '100' sent to object: 'Object Repository/Equipment/EquipmentPurchase/EPO_Line/EPO_Line_Price'

2017-12-06 18:12:36 - [MESSAGE][PASSED] - Keys '100' sent to object: 'Object Repository/Equipment/EquipmentPurchase/EPO_Line/EPO_Line_Price'

2017-12-06 18:12:36 - [TEST_STEP][PASSED] - delay: Delayed 2 second(s)

2017-12-06 18:12:38 - [MESSAGE][PASSED] - Delayed 2 second(s)

2017-12-06 18:12:38 - [TEST_STEP][PASSED] - click: Object: 'Object Repository/Equipment/EquipmentPurchase/EPO_Line/EPO_Line_Save' is clicked on

2017-12-06 18:12:39 - [MESSAGE][PASSED] - Object: 'Object Repository/Equipment/EquipmentPurchase/EPO_Line/EPO_Line_Save' is clicked on

2017-12-06 18:12:39 - [TEST_STEP][NOT_RUN] - click: NOT_RUN: click

2017-12-06 18:12:39 - [MESSAGE][NOT_RUN] - NOT_RUN: click

2017-12-06 18:12:39 - [TEST_STEP][PASSED] - click: Object: 'Object Repository/Equipment/EquipmentPurchase/EPO_Line/EPO_Line_SaveNclose' is clicked on

2017-12-06 18:12:39 - [MESSAGE][PASSED] - Object: 'Object Repository/Equipment/EquipmentPurchase/EPO_Line/EPO_Line_SaveNclose' is clicked on

2017-12-06 18:12:39 - [TEST_STEP][PASSED] - delay: Delayed 2 second(s)

2017-12-06 18:12:41 - [MESSAGE][PASSED] - Delayed 2 second(s)

2017-12-06 18:12:41 - [TEST_STEP][PASSED] - click: Object: 'Object Repository/Equipment/EquipmentPurchase/EPO_Line/EPO_MultiLine_SavenClose' is clicked on

2017-12-06 18:12:41 - [MESSAGE][PASSED] - Object: 'Object Repository/Equipment/EquipmentPurchase/EPO_Line/EPO_MultiLine_SavenClose' is clicked on

2017-12-06 18:12:41 - [MESSAGE][PASSED] - Call Test Case 'Test Cases/Equipment/Base_EquipmentPurchase/Base_EPO_CreateHeaderNline' successfully

2017-12-06 18:12:41 - [TEST_STEP][PASSED] - callTestCase: Call Test Case 'Test Cases/Equipment/Base_EquipmentPurchase/Base_EPO_Reciept' successfully

2017-12-06 18:12:41 - [TEST_CASE][PASSED] - Test Cases/Equipment/Base_EquipmentPurchase/Base_EPO_Reciept: Test Cases/Equipment/Base_EquipmentPurchase/Base_EPO_Reciept

2017-12-06 18:12:41 - [TEST_STEP][PASSED] - delay: Delayed 2 second(s)

2017-12-06 18:12:43 - [MESSAGE][PASSED] - Delayed 2 second(s)

2017-12-06 18:12:43 - [TEST_STEP][PASSED] - click: Object: 'Object Repository/Equipment/EquipmentPurchase/EPO_Header/EPO_Header_Action' is clicked on

2017-12-06 18:12:44 - [MESSAGE][PASSED] - Object: 'Object Repository/Equipment/EquipmentPurchase/EPO_Header/EPO_Header_Action' is clicked on

2017-12-06 18:12:44 - [TEST_STEP][PASSED] - click: Object: 'Object Repository/Equipment/EquipmentPurchase/EPO_Header/EPO_Header_Action_SendForApproval' is clicked on

2017-12-06 18:12:44 - [MESSAGE][PASSED] - Object: 'Object Repository/Equipment/EquipmentPurchase/EPO_Header/EPO_Header_Action_SendForApproval' is clicked on

2017-12-06 18:12:44 - [TEST_STEP][PASSED] - delay: Delayed 5 second(s)

2017-12-06 18:12:49 - [MESSAGE][PASSED] - Delayed 5 second(s)

2017-12-06 18:12:49 - [TEST_STEP][PASSED] - click: Object: 'Object Repository/Equipment/EquipmentPurchase/EPO_Header/EPO_Header_Action' is clicked on

2017-12-06 18:12:49 - [MESSAGE][PASSED] - Object: 'Object Repository/Equipment/EquipmentPurchase/EPO_Header/EPO_Header_Action' is clicked on

2017-12-06 18:12:49 - [TEST_STEP][PASSED] - click: Object: 'Object Repository/Equipment/EquipmentPurchase/EPO_Header/EPO_Header_Apporve' is clicked on

2017-12-06 18:12:49 - [MESSAGE][PASSED] - Object: 'Object Repository/Equipment/EquipmentPurchase/EPO_Header/EPO_Header_Apporve' is clicked on

2017-12-06 18:12:49 - [TEST_STEP][PASSED] - delay: Delayed 5 second(s)

2017-12-06 18:12:54 - [MESSAGE][PASSED] - Delayed 5 second(s)

2017-12-06 18:12:54 - [TEST_STEP][PASSED] - click: Object: 'Object Repository/Equipment/EquipmentPurchase/EPO_Header/EPO_Header_Print' is clicked on

2017-12-06 18:12:54 - [MESSAGE][PASSED] - Object: 'Object Repository/Equipment/EquipmentPurchase/EPO_Header/EPO_Header_Print' is clicked on

2017-12-06 18:12:54 - [TEST_STEP][PASSED] - click: Object: 'Object Repository/Equipment/EquipmentPurchase/EPO_Header/EPO_Print_FinalPrint' is clicked on

2017-12-06 18:12:55 - [MESSAGE][PASSED] - Object: 'Object Repository/Equipment/EquipmentPurchase/EPO_Header/EPO_Print_FinalPrint' is clicked on

2017-12-06 18:12:55 - [TEST_STEP][PASSED] - click: Object: 'Object Repository/Equipment/EquipmentPurchase/EPO_Header/EPO_Print_PrintOption' is clicked on

2017-12-06 18:12:55 - [MESSAGE][PASSED] - Object: 'Object Repository/Equipment/EquipmentPurchase/EPO_Header/EPO_Print_PrintOption' is clicked on

2017-12-06 18:12:55 - [TEST_STEP][PASSED] - delay: Delayed 10 second(s)

2017-12-06 18:13:05 - [MESSAGE][PASSED] - Delayed 10 second(s)

2017-12-06 18:13:05 - [TEST_STEP][PASSED] - waitForElementVisible: Object 'Object Repository/Equipment/EquipmentPurchase/EPO_Header/EPO_Print_Device' is visible

2017-12-06 18:13:05 - [MESSAGE][PASSED] - Object 'Object Repository/Equipment/EquipmentPurchase/EPO_Header/EPO_Print_Device' is visible

2017-12-06 18:13:05 - [TEST_STEP][PASSED] - doubleClick: Object: 'Object Repository/Equipment/EquipmentPurchase/EPO_Header/EPO_Print_Device' is double clicked on

2017-12-06 18:13:06 - [MESSAGE][PASSED] - Object: 'Object Repository/Equipment/EquipmentPurchase/EPO_Header/EPO_Print_Device' is double clicked on

2017-12-06 18:13:06 - [TEST_STEP][PASSED] - delay: Delayed 2 second(s)

2017-12-06 18:13:08 - [MESSAGE][PASSED] - Delayed 2 second(s)

2017-12-06 18:13:08 - [TEST_STEP][PASSED] - sendKeys: Keys 'D' sent to object: 'Object Repository/Equipment/EquipmentPurchase/EPO_Header/EPO_Print_Device'

2017-12-06 18:13:08 - [MESSAGE][PASSED] - Keys 'D' sent to object: 'Object Repository/Equipment/EquipmentPurchase/EPO_Header/EPO_Print_Device'

2017-12-06 18:13:08 - [TEST_STEP][PASSED] - click: Object: 'Object Repository/Equipment/EquipmentPurchase/EPO_Header/EPO_Print_Continue' is clicked on

2017-12-06 18:13:08 - [MESSAGE][PASSED] - Object: 'Object Repository/Equipment/EquipmentPurchase/EPO_Header/EPO_Print_Continue' is clicked on

2017-12-06 18:13:08 - [TEST_STEP][PASSED] - delay: Delayed 5 second(s)

2017-12-06 18:13:13 - [MESSAGE][PASSED] - Delayed 5 second(s)

2017-12-06 18:13:13 - [TEST_STEP][PASSED] - click: Object: 'Object Repository/Equipment/EquipmentPurchase/EPO_Header/EPO_Header_EPOtab' is clicked on

2017-12-06 18:13:13 - [MESSAGE][PASSED] - Object: 'Object Repository/Equipment/EquipmentPurchase/EPO_Header/EPO_Header_EPOtab' is clicked on

2017-12-06 18:13:13 - [TEST_STEP][PASSED] - delay: Delayed 2 second(s)

2017-12-06 18:13:15 - [MESSAGE][PASSED] - Delayed 2 second(s)

2017-12-06 18:13:15 - [TEST_STEP][PASSED] - click: Object: 'Object Repository/Equipment/EquipmentPurchase/EPO_Header/EPO_Print_Close' is clicked on

2017-12-06 18:13:15 - [MESSAGE][PASSED] - Object: 'Object Repository/Equipment/EquipmentPurchase/EPO_Header/EPO_Print_Close' is clicked on

2017-12-06 18:13:15 - [TEST_STEP][PASSED] - delay: Delayed 3 second(s)

2017-12-06 18:13:18 - [MESSAGE][PASSED] - Delayed 3 second(s)

2017-12-06 18:13:18 - [TEST_STEP][PASSED] - click: Object: 'Object Repository/Equipment/EquipmentPurchase/EPO_Header/EPO_Header_Action' is clicked on

2017-12-06 18:13:19 - [MESSAGE][PASSED] - Object: 'Object Repository/Equipment/EquipmentPurchase/EPO_Header/EPO_Header_Action' is clicked on

2017-12-06 18:13:19 - [TEST_STEP][PASSED] - click: Object: 'Object Repository/Equipment/EquipmentPurchase/EPO_Header/EPO_Action_Reciept' is clicked on

2017-12-06 18:13:19 - [MESSAGE][PASSED] - Object: 'Object Repository/Equipment/EquipmentPurchase/EPO_Header/EPO_Action_Reciept' is clicked on

2017-12-06 18:13:19 - [TEST_STEP][PASSED] - waitForElementPresent: Object 'Object Repository/Equipment/EquipmentPurchase/EPO_Receipt/EPO_Reciept_Save' is present

2017-12-06 18:13:21 - [MESSAGE][PASSED] - Object 'Object Repository/Equipment/EquipmentPurchase/EPO_Receipt/EPO_Reciept_Save' is present

2017-12-06 18:13:21 - [TEST_STEP][PASSED] - click: Object: 'Object Repository/Equipment/EquipmentPurchase/EPO_Receipt/EPO_Reciept_Save' is clicked on

2017-12-06 18:13:21 - [MESSAGE][PASSED] - Object: 'Object Repository/Equipment/EquipmentPurchase/EPO_Receipt/EPO_Reciept_Save' is clicked on

2017-12-06 18:13:21 - [TEST_STEP][PASSED] - delay: Delayed 3 second(s)

2017-12-06 18:13:24 - [MESSAGE][PASSED] - Delayed 3 second(s)

2017-12-06 18:13:24 - [TEST_STEP][PASSED] - click: Object: 'Object Repository/Equipment/EquipmentPurchase/EPO_Receipt/EPO_Receipt_Action' is clicked on

2017-12-06 18:13:24 - [MESSAGE][PASSED] - Object: 'Object Repository/Equipment/EquipmentPurchase/EPO_Receipt/EPO_Receipt_Action' is clicked on

2017-12-06 18:13:24 - [TEST_STEP][PASSED] - click: Object: 'Object Repository/Equipment/EquipmentPurchase/EPO_Receipt/EPO_Receipt_Action_ReceiptLine' is clicked on

2017-12-06 18:13:24 - [MESSAGE][PASSED] - Object: 'Object Repository/Equipment/EquipmentPurchase/EPO_Receipt/EPO_Receipt_Action_ReceiptLine' is clicked on

2017-12-06 18:13:24 - [TEST_STEP][PASSED] - waitForElementPresent: Object 'Object Repository/Equipment/EquipmentPurchase/EPO_Receipt_Line/EPO_ReceiptLine_New' is present

2017-12-06 18:13:25 - [MESSAGE][PASSED] - Object 'Object Repository/Equipment/EquipmentPurchase/EPO_Receipt_Line/EPO_ReceiptLine_New' is present

2017-12-06 18:13:25 - [TEST_STEP][PASSED] - click: Object: 'Object Repository/Equipment/EquipmentPurchase/EPO_Receipt_Line/EPO_ReceiptLine_New' is clicked on

2017-12-06 18:13:26 - [MESSAGE][PASSED] - Object: 'Object Repository/Equipment/EquipmentPurchase/EPO_Receipt_Line/EPO_ReceiptLine_New' is clicked on

2017-12-06 18:13:26 - [TEST_STEP][PASSED] - waitForElementPresent: Object 'Object Repository/Equipment/EquipmentPurchase/EPO_Receipt_Line/EPO_RecieptLine_Select' is present

2017-12-06 18:13:27 - [MESSAGE][PASSED] - Object 'Object Repository/Equipment/EquipmentPurchase/EPO_Receipt_Line/EPO_RecieptLine_Select' is present

2017-12-06 18:13:27 - [TEST_STEP][PASSED] - click: Object: 'Object Repository/Equipment/EquipmentPurchase/EPO_Receipt_Line/EPO_RecieptLine_Select' is clicked on

2017-12-06 18:13:27 - [MESSAGE][PASSED] - Object: 'Object Repository/Equipment/EquipmentPurchase/EPO_Receipt_Line/EPO_RecieptLine_Select' is clicked on

2017-12-06 18:13:27 - [TEST_STEP][PASSED] - delay: Delayed 3 second(s)

2017-12-06 18:13:30 - [MESSAGE][PASSED] - Delayed 3 second(s)

2017-12-06 18:13:30 - [TEST_STEP][PASSED] - click: Object: 'Object Repository/Equipment/EquipmentPurchase/EPO_Receipt_Line/EPO_ReceiptLine_SavenClose' is clicked on

2017-12-06 18:13:30 - [MESSAGE][PASSED] - Object: 'Object Repository/Equipment/EquipmentPurchase/EPO_Receipt_Line/EPO_ReceiptLine_SavenClose' is clicked on

2017-12-06 18:13:30 - [TEST_STEP][PASSED] - waitForElementPresent: Object 'Object Repository/Equipment/EquipmentPurchase/EPO_Receipt_Line/EPO_RecieptLineAction' is present

2017-12-06 18:13:30 - [MESSAGE][PASSED] - Object 'Object Repository/Equipment/EquipmentPurchase/EPO_Receipt_Line/EPO_RecieptLineAction' is present

2017-12-06 18:13:30 - [TEST_STEP][PASSED] - Statement - G_Unit = com.kms.katalon.core.webui.keyword.WebUiBuiltInKeywords.getText(com.kms.katalon.core.testobject.ObjectRepository.findTestObject(Equipment/EquipmentPurchase/EPO_Receipt/EPO_Reciept_Unit), CONTINUE_ON_FAILURE): Text of object 'Object Repository/Equipment/EquipmentPurchase/EPO_Receipt/EPO_Reciept_Unit' is: 'EQ1402824'

2017-12-06 18:13:31 - [MESSAGE][PASSED] - Text of object 'Object Repository/Equipment/EquipmentPurchase/EPO_Receipt/EPO_Reciept_Unit' is: 'EQ1402824'

2017-12-06 18:13:31 - [TEST_STEP][PASSED] - click: Object: 'Object Repository/Equipment/EquipmentPurchase/EPO_Receipt_Line/EPO_RecieptLineAction' is clicked on

2017-12-06 18:13:31 - [MESSAGE][PASSED] - Object: 'Object Repository/Equipment/EquipmentPurchase/EPO_Receipt_Line/EPO_RecieptLineAction' is clicked on

2017-12-06 18:13:31 - [TEST_STEP][PASSED] - click: Object: 'Object Repository/Equipment/EquipmentPurchase/EPO_Receipt/EPO_Action_Confirm' is clicked on

2017-12-06 18:13:31 - [MESSAGE][PASSED] - Object: 'Object Repository/Equipment/EquipmentPurchase/EPO_Receipt/EPO_Action_Confirm' is clicked on

2017-12-06 18:13:31 - [TEST_STEP][PASSED] - click: Object: 'Object Repository/Equipment/EquipmentPurchase/EPO_Receipt/EPO_Reciept_MeterOK' is clicked on

2017-12-06 18:13:32 - [MESSAGE][PASSED] - Object: 'Object Repository/Equipment/EquipmentPurchase/EPO_Receipt/EPO_Reciept_MeterOK' is clicked on

2017-12-06 18:13:32 - [TEST_STEP][NOT_RUN] - waitForElementPresent: NOT_RUN: waitForElementPresent

2017-12-06 18:13:32 - [MESSAGE][NOT_RUN] - NOT_RUN: waitForElementPresent

2017-12-06 18:13:32 - [TEST_STEP][NOT_RUN] - click: NOT_RUN: click

2017-12-06 18:13:32 - [MESSAGE][NOT_RUN] - NOT_RUN: click

2017-12-06 18:13:32 - [TEST_STEP][NOT_RUN] - setText: NOT_RUN: setText

2017-12-06 18:13:32 - [MESSAGE][NOT_RUN] - NOT_RUN: setText

2017-12-06 18:13:32 - [TEST_STEP][NOT_RUN] - click: NOT_RUN: click

2017-12-06 18:13:32 - [MESSAGE][NOT_RUN] - NOT_RUN: click

2017-12-06 18:13:32 - [TEST_STEP][PASSED] - delay: Delayed 3 second(s)

2017-12-06 18:13:35 - [MESSAGE][PASSED] - Delayed 3 second(s)

2017-12-06 18:13:35 - [TEST_STEP][PASSED] - click: Object: 'Object Repository/Equipment/EquipmentPurchase/EPO_Receipt/EPO_RecieptPrint_ProcessCompleted' is clicked on

2017-12-06 18:13:35 - [MESSAGE][PASSED] - Object: 'Object Repository/Equipment/EquipmentPurchase/EPO_Receipt/EPO_RecieptPrint_ProcessCompleted' is clicked on

2017-12-06 18:13:35 - [TEST_STEP][PASSED] - delay: Delayed 10 second(s)

2017-12-06 18:13:45 - [MESSAGE][PASSED] - Delayed 10 second(s)

2017-12-06 18:13:45 - [MESSAGE][PASSED] - Call Test Case 'Test Cases/Equipment/Base_EquipmentPurchase/Base_EPO_Reciept' successfully

2017-12-06 18:13:45 - [MESSAGE][PASSED] - Call Test Case 'Test Cases/Equipment/Base_EquipmentPurchase/EPO_CreateNrecieve' successfully

2017-12-06 18:13:45 - [TEST_STEP][PASSED] - callTestCase: Call Test Case 'Test Cases/Rental/Base_RentalContract/Base_CreateRentalHeader' successfully

2017-12-06 18:13:46 - [TEST_CASE][PASSED] - Test Cases/Rental/Base_RentalContract/Base_CreateRentalHeader: Test Cases/Rental/Base_RentalContract/Base_CreateRentalHeader

2017-12-06 18:13:46 - [TEST_STEP][PASSED] - callTestCase: Call Test Case 'Test Cases/Common/Base_Common_OpenSession' successfully

2017-12-06 18:13:46 - [TEST_CASE][PASSED] - Test Cases/Common/Base_Common_OpenSession: Test Cases/Common/Base_Common_OpenSession

2017-12-06 18:13:46 - [TEST_STEP][PASSED] - openBrowser: Browser is opened with url: 'http://baan:3Xtend27$13@192.168.20.241:8312/webui/servlet/login'

2017-12-06 18:13:46 - [MESSAGE][WARNING] - A browser is already opened. Closing browser and opening a new one

2017-12-06 18:14:03 - [MESSAGE][PASSED] - Browser is opened with url: 'http://baan:3Xtend27$13@192.168.20.241:8312/webui/servlet/login'

2017-12-06 18:14:03 - [TEST_STEP][PASSED] - waitForPageLoad: Wait for page load successfully

2017-12-06 18:14:03 - [MESSAGE][PASSED] - Wait for page load successfully

2017-12-06 18:14:03 - [TEST_STEP][PASSED] - maximizeWindow: Current window maximized

2017-12-06 18:14:03 - [MESSAGE][PASSED] - Current window maximized

2017-12-06 18:14:03 - [TEST_STEP][PASSED] - click: Object: 'Object Repository/Common/HomePage/HomePage_more' is clicked on

2017-12-06 18:14:06 - [MESSAGE][PASSED] - Object: 'Object Repository/Common/HomePage/HomePage_more' is clicked on

2017-12-06 18:14:06 - [TEST_STEP][PASSED] - click: Object: 'Object Repository/Common/HomePage/HomePage_Option' is clicked on

2017-12-06 18:14:06 - [MESSAGE][PASSED] - Object: 'Object Repository/Common/HomePage/HomePage_Option' is clicked on

2017-12-06 18:14:06 - [TEST_STEP][PASSED] - click: Object: 'Object Repository/Common/HomePage/HomePage_RunProgram_' is clicked on

2017-12-06 18:14:07 - [MESSAGE][PASSED] - Object: 'Object Repository/Common/HomePage/HomePage_RunProgram_' is clicked on

2017-12-06 18:14:07 - [TEST_STEP][PASSED] - sendKeys: Keys 'erext4100s004' sent to object: 'Object Repository/Common/HomePage/HomePage_Session_ID'

2017-12-06 18:14:07 - [MESSAGE][PASSED] - Keys 'erext4100s004' sent to object: 'Object Repository/Common/HomePage/HomePage_Session_ID'

2017-12-06 18:14:07 - [TEST_STEP][PASSED] - click: Object: 'Object Repository/Common/HomePage/HomePage_OkButton' is clicked on

2017-12-06 18:14:07 - [MESSAGE][PASSED] - Object: 'Object Repository/Common/HomePage/HomePage_OkButton' is clicked on

2017-12-06 18:14:07 - [MESSAGE][PASSED] - Call Test Case 'Test Cases/Common/Base_Common_OpenSession' successfully

2017-12-06 18:14:07 - [TEST_STEP][PASSED] - click: Object: 'Object Repository/Rental/RentalHeader/RentalContract.Customer' is clicked on

2017-12-06 18:14:12 - [MESSAGE][PASSED] - Object: 'Object Repository/Rental/RentalHeader/RentalContract.Customer' is clicked on

2017-12-06 18:14:12 - [TEST_STEP][PASSED] - setText: Text 'BP0004776' is set on object 'Object Repository/Rental/RentalHeader/RentalContract.Customer'

2017-12-06 18:14:12 - [MESSAGE][PASSED] - Text 'BP0004776' is set on object 'Object Repository/Rental/RentalHeader/RentalContract.Customer'

2017-12-06 18:14:12 - [TEST_STEP][PASSED] - delay: Delayed 2 second(s)

2017-12-06 18:14:14 - [MESSAGE][PASSED] - Delayed 2 second(s)

2017-12-06 18:14:14 - [TEST_STEP][PASSED] - click: Object: 'Object Repository/Rental/RentalHeader/RentalContract.CustPO' is clicked on

2017-12-06 18:14:15 - [MESSAGE][PASSED] - Object: 'Object Repository/Rental/RentalHeader/RentalContract.CustPO' is clicked on

2017-12-06 18:14:15 - [TEST_STEP][PASSED] - delay: Delayed 3 second(s)

2017-12-06 18:14:18 - [MESSAGE][PASSED] - Delayed 3 second(s)

2017-12-06 18:14:18 - [TEST_STEP][PASSED] - click: Object: 'Object Repository/Rental/RentalHeader/RentalContract.OtherDetailsTab' is clicked on

2017-12-06 18:14:18 - [MESSAGE][PASSED] - Object: 'Object Repository/Rental/RentalHeader/RentalContract.OtherDetailsTab' is clicked on

2017-12-06 18:14:18 - [TEST_STEP][PASSED] - delay: Delayed 2 second(s)

2017-12-06 18:14:20 - [MESSAGE][PASSED] - Delayed 2 second(s)

2017-12-06 18:14:20 - [TEST_STEP][PASSED] - click: Object: 'Object Repository/Rental/RentalHeader/Rental Contract.ModeOfPayment' is clicked on

2017-12-06 18:14:20 - [MESSAGE][PASSED] - Object: 'Object Repository/Rental/RentalHeader/Rental Contract.ModeOfPayment' is clicked on

2017-12-06 18:14:20 - [TEST_STEP][PASSED] - delay: Delayed 2 second(s)

2017-12-06 18:14:22 - [MESSAGE][PASSED] - Delayed 2 second(s)

2017-12-06 18:14:22 - [TEST_STEP][PASSED] - click: Object: 'Object Repository/Rental/RentalHeader/RentalContract.CreditCardoption' is clicked on

2017-12-06 18:14:22 - [MESSAGE][PASSED] - Object: 'Object Repository/Rental/RentalHeader/RentalContract.CreditCardoption' is clicked on

2017-12-06 18:14:22 - [TEST_STEP][PASSED] - delay: Delayed 3 second(s)

2017-12-06 18:14:25 - [MESSAGE][PASSED] - Delayed 3 second(s)

2017-12-06 18:14:25 - [TEST_STEP][PASSED] - click: Object: 'Object Repository/Rental/RentalHeader/RentalContract.GeneralTab' is clicked on

2017-12-06 18:14:26 - [MESSAGE][PASSED] - Object: 'Object Repository/Rental/RentalHeader/RentalContract.GeneralTab' is clicked on

2017-12-06 18:14:26 - [TEST_STEP][PASSED] - delay: Delayed 2 second(s)

2017-12-06 18:14:28 - [MESSAGE][PASSED] - Delayed 2 second(s)

2017-12-06 18:14:28 - [TEST_STEP][PASSED] - click: Object: 'Object Repository/Rental/RentalHeader/RentalContract.Newbuttonline' is clicked on

2017-12-06 18:14:28 - [MESSAGE][PASSED] - Object: 'Object Repository/Rental/RentalHeader/RentalContract.Newbuttonline' is clicked on

2017-12-06 18:14:28 - [TEST_STEP][PASSED] - delay: Delayed 2 second(s)

2017-12-06 18:14:30 - [MESSAGE][PASSED] - Delayed 2 second(s)

2017-12-06 18:14:30 - [TEST_STEP][PASSED] - click: Object: 'Object Repository/Rental/RentalHeader/RentalContract.SetLine' is clicked on

2017-12-06 18:14:30 - [MESSAGE][PASSED] - Object: 'Object Repository/Rental/RentalHeader/RentalContract.SetLine' is clicked on

2017-12-06 18:14:30 - [TEST_STEP][PASSED] - delay: Delayed 2 second(s)

2017-12-06 18:14:32 - [MESSAGE][PASSED] - Delayed 2 second(s)

2017-12-06 18:14:32 - [TEST_STEP][PASSED] - scrollToElement: Scroll to object 'Object Repository/Rental/RentalHeader/RentalContract.Unit' successfully

2017-12-06 18:14:32 - [MESSAGE][PASSED] - Scroll to object 'Object Repository/Rental/RentalHeader/RentalContract.Unit' successfully

2017-12-06 18:14:32 - [TEST_STEP][PASSED] - delay: Delayed 2 second(s)

2017-12-06 18:14:34 - [MESSAGE][PASSED] - Delayed 2 second(s)

2017-12-06 18:14:34 - [TEST_STEP][NOT_RUN] - getText: NOT_RUN: getText

2017-12-06 18:14:34 - [MESSAGE][NOT_RUN] - NOT_RUN: getText

2017-12-06 18:14:34 - [TEST_STEP][PASSED] - click: Object: 'Object Repository/Rental/RentalHeader/RentalContract.Unit' is clicked on

2017-12-06 18:14:35 - [MESSAGE][PASSED] - Object: 'Object Repository/Rental/RentalHeader/RentalContract.Unit' is clicked on

2017-12-06 18:14:35 - [TEST_STEP][PASSED] - delay: Delayed 5 second(s)

2017-12-06 18:14:40 - [MESSAGE][PASSED] - Delayed 5 second(s)

2017-12-06 18:14:40 - [TEST_STEP][PASSED] - setText: Text 'EQ1402824' is set on object 'Object Repository/Rental/RentalHeader/RentalContract.Unit'

2017-12-06 18:14:40 - [MESSAGE][PASSED] - Text 'EQ1402824' is set on object 'Object Repository/Rental/RentalHeader/RentalContract.Unit'

2017-12-06 18:14:40 - [TEST_STEP][PASSED] - delay: Delayed 5 second(s)

2017-12-06 18:14:45 - [MESSAGE][PASSED] - Delayed 5 second(s)

2017-12-06 18:14:45 - [TEST_STEP][PASSED] - scrollToElement: Scroll to object 'Object Repository/Rental/RentalHeader/RentalContract.MultipleInsurence' successfully

2017-12-06 18:14:45 - [MESSAGE][PASSED] - Scroll to object 'Object Repository/Rental/RentalHeader/RentalContract.MultipleInsurence' successfully

2017-12-06 18:14:45 - [TEST_STEP][PASSED] - delay: Delayed 5 second(s)

2017-12-06 18:14:50 - [MESSAGE][PASSED] - Delayed 5 second(s)

2017-12-06 18:14:50 - [TEST_STEP][PASSED] - doubleClick: Object: 'Object Repository/Rental/RentalHeader/RentalContract.MultipleInsurence' is double clicked on

2017-12-06 18:14:50 - [MESSAGE][PASSED] - Object: 'Object Repository/Rental/RentalHeader/RentalContract.MultipleInsurence' is double clicked on

2017-12-06 18:14:50 - [TEST_STEP][PASSED] - delay: Delayed 7 second(s)

2017-12-06 18:14:57 - [MESSAGE][PASSED] - Delayed 7 second(s)

2017-12-06 18:14:57 - [TEST_STEP][PASSED] - click: Object: 'Object Repository/Rental/RentalHeader/RentalContract.MultipleInsurence' is clicked on

2017-12-06 18:14:57 - [MESSAGE][PASSED] - Object: 'Object Repository/Rental/RentalHeader/RentalContract.MultipleInsurence' is clicked on

2017-12-06 18:14:57 - [TEST_STEP][NOT_RUN] - doubleClick: NOT_RUN: doubleClick

2017-12-06 18:14:57 - [MESSAGE][NOT_RUN] - NOT_RUN: doubleClick

2017-12-06 18:14:57 - [TEST_STEP][NOT_RUN] - delay: NOT_RUN: delay

2017-12-06 18:14:57 - [MESSAGE][NOT_RUN] - NOT_RUN: delay

2017-12-06 18:14:57 - [TEST_STEP][PASSED] - click: Object: 'Object Repository/Rental/RentalHeader/RentalContract.MultiInsNO' is clicked on

2017-12-06 18:14:57 - [MESSAGE][PASSED] - Object: 'Object Repository/Rental/RentalHeader/RentalContract.MultiInsNO' is clicked on

2017-12-06 18:14:57 - [TEST_STEP][PASSED] - delay: Delayed 2 second(s)

2017-12-06 18:14:59 - [MESSAGE][PASSED] - Delayed 2 second(s)

2017-12-06 18:14:59 - [TEST_STEP][PASSED] - scrollToElement: Scroll to object 'Object Repository/Rental/RentalHeader/RentalContract.GrossRateline' successfully

2017-12-06 18:15:00 - [MESSAGE][PASSED] - Scroll to object 'Object Repository/Rental/RentalHeader/RentalContract.GrossRateline' successfully

2017-12-06 18:15:00 - [TEST_STEP][NOT_RUN] - delay: NOT_RUN: delay

2017-12-06 18:15:00 - [MESSAGE][NOT_RUN] - NOT_RUN: delay

2017-12-06 18:15:00 - [TEST_STEP][PASSED] - doubleClick: Object: 'Object Repository/Rental/RentalHeader/RentalContract.GrossRateline' is double clicked on

2017-12-06 18:15:00 - [MESSAGE][PASSED] - Object: 'Object Repository/Rental/RentalHeader/RentalContract.GrossRateline' is double clicked on

2017-12-06 18:15:00 - [TEST_STEP][NOT_RUN] - delay: NOT_RUN: delay

2017-12-06 18:15:00 - [MESSAGE][NOT_RUN] - NOT_RUN: delay

2017-12-06 18:15:00 - [TEST_STEP][NOT_RUN] - click: NOT_RUN: click

2017-12-06 18:15:00 - [MESSAGE][NOT_RUN] - NOT_RUN: click

2017-12-06 18:15:00 - [TEST_STEP][PASSED] - delay: Delayed 2 second(s)

2017-12-06 18:15:02 - [MESSAGE][PASSED] - Delayed 2 second(s)

2017-12-06 18:15:02 - [TEST_STEP][PASSED] - sendKeys: Keys '100' sent to object: 'Object Repository/Rental/RentalHeader/RentalContract.GrossRateline'

2017-12-06 18:15:02 - [MESSAGE][PASSED] - Keys '100' sent to object: 'Object Repository/Rental/RentalHeader/RentalContract.GrossRateline'

2017-12-06 18:15:02 - [TEST_STEP][PASSED] - delay: Delayed 2 second(s)

2017-12-06 18:15:04 - [MESSAGE][PASSED] - Delayed 2 second(s)

2017-12-06 18:15:04 - [TEST_STEP][PASSED] - click: Object: 'Object Repository/Rental/RentalHeader/RentalContract.SaveHeader' is clicked on

2017-12-06 18:15:04 - [MESSAGE][PASSED] - Object: 'Object Repository/Rental/RentalHeader/RentalContract.SaveHeader' is clicked on

2017-12-06 18:15:04 - [TEST_STEP][PASSED] - delay: Delayed 5 second(s)

2017-12-06 18:15:09 - [MESSAGE][PASSED] - Delayed 5 second(s)

2017-12-06 18:15:09 - [TEST_STEP][NOT_RUN] - click: NOT_RUN: click

2017-12-06 18:15:09 - [MESSAGE][NOT_RUN] - NOT_RUN: click

2017-12-06 18:15:09 - [TEST_STEP][NOT_RUN] - delay: NOT_RUN: delay

2017-12-06 18:15:09 - [MESSAGE][NOT_RUN] - NOT_RUN: delay

2017-12-06 18:15:09 - [TEST_STEP][NOT_RUN] - click: NOT_RUN: click

2017-12-06 18:15:09 - [MESSAGE][NOT_RUN] - NOT_RUN: click

2017-12-06 18:15:09 - [TEST_STEP][NOT_RUN] - delay: NOT_RUN: delay

2017-12-06 18:15:09 - [MESSAGE][NOT_RUN] - NOT_RUN: delay

2017-12-06 18:15:09 - [TEST_STEP][PASSED] - click: Object: 'Object Repository/Rental/RentalHeader/RentalContract.Action' is clicked on

2017-12-06 18:15:10 - [MESSAGE][PASSED] - Object: 'Object Repository/Rental/RentalHeader/RentalContract.Action' is clicked on

2017-12-06 18:15:10 - [TEST_STEP][PASSED] - delay: Delayed 2 second(s)

2017-12-06 18:15:12 - [MESSAGE][PASSED] - Delayed 2 second(s)

2017-12-06 18:15:12 - [TEST_STEP][PASSED] - click: Object: 'Object Repository/Rental/RentalHeader/RentalContract.Release' is clicked on

2017-12-06 18:15:12 - [MESSAGE][PASSED] - Object: 'Object Repository/Rental/RentalHeader/RentalContract.Release' is clicked on

2017-12-06 18:15:12 - [TEST_STEP][PASSED] - delay: Delayed 10 second(s)

2017-12-06 18:15:22 - [MESSAGE][PASSED] - Delayed 10 second(s)

2017-12-06 18:15:22 - [TEST_STEP][PASSED] - click: Object: 'Object Repository/Rental/RentalHeader/RentalContract.ActionDelivery' is clicked on

2017-12-06 18:15:22 - [MESSAGE][PASSED] - Object: 'Object Repository/Rental/RentalHeader/RentalContract.ActionDelivery' is clicked on

2017-12-06 18:15:22 - [TEST_STEP][PASSED] - delay: Delayed 6 second(s)

2017-12-06 18:15:28 - [MESSAGE][PASSED] - Delayed 6 second(s)

2017-12-06 18:15:28 - [TEST_STEP][PASSED] - click: Object: 'Object Repository/Rental/RentalHeader/RentalContract.ConfirmDelivery' is clicked on

2017-12-06 18:15:28 - [MESSAGE][PASSED] - Object: 'Object Repository/Rental/RentalHeader/RentalContract.ConfirmDelivery' is clicked on

2017-12-06 18:15:28 - [TEST_STEP][PASSED] - delay: Delayed 8 second(s)

2017-12-06 18:15:36 - [MESSAGE][PASSED] - Delayed 8 second(s)

2017-12-06 18:15:36 - [TEST_STEP][NOT_RUN] - waitForElementPresent: NOT_RUN: waitForElementPresent

2017-12-06 18:15:36 - [MESSAGE][NOT_RUN] - NOT_RUN: waitForElementPresent

2017-12-06 18:15:36 - [TEST_STEP][NOT_RUN] - delay: NOT_RUN: delay

2017-12-06 18:15:36 - [MESSAGE][NOT_RUN] - NOT_RUN: delay

2017-12-06 18:15:36 - [TEST_STEP][PASSED] - click: Object: 'Object Repository/Rental/RentalHeader/RentalContract.DeliveryProceed' is clicked on

2017-12-06 18:15:36 - [MESSAGE][PASSED] - Object: 'Object Repository/Rental/RentalHeader/RentalContract.DeliveryProceed' is clicked on

2017-12-06 18:15:36 - [TEST_STEP][PASSED] - delay: Delayed 12 second(s)

2017-12-06 18:15:48 - [MESSAGE][PASSED] - Delayed 12 second(s)

2017-12-06 18:15:48 - [TEST_STEP][NOT_RUN] - waitForElementPresent: NOT_RUN: waitForElementPresent

2017-12-06 18:15:48 - [MESSAGE][NOT_RUN] - NOT_RUN: waitForElementPresent

2017-12-06 18:15:48 - [TEST_STEP][NOT_RUN] - delay: NOT_RUN: delay

2017-12-06 18:15:48 - [MESSAGE][NOT_RUN] - NOT_RUN: delay

2017-12-06 18:15:48 - [TEST_STEP][NOT_RUN] - click: NOT_RUN: click

2017-12-06 18:15:49 - [MESSAGE][NOT_RUN] - NOT_RUN: click

2017-12-06 18:15:49 - [TEST_STEP][NOT_RUN] - delay: NOT_RUN: delay

2017-12-06 18:15:49 - [MESSAGE][NOT_RUN] - NOT_RUN: delay

2017-12-06 18:15:49 - [TEST_STEP][NOT_RUN] - click: NOT_RUN: click

2017-12-06 18:15:49 - [MESSAGE][NOT_RUN] - NOT_RUN: click

2017-12-06 18:15:49 - [TEST_STEP][NOT_RUN] - delay: NOT_RUN: delay

2017-12-06 18:15:49 - [MESSAGE][NOT_RUN] - NOT_RUN: delay

2017-12-06 18:15:49 - [TEST_STEP][NOT_RUN] - click: NOT_RUN: click

2017-12-06 18:15:49 - [MESSAGE][NOT_RUN] - NOT_RUN: click

2017-12-06 18:15:49 - [TEST_STEP][NOT_RUN] - delay: NOT_RUN: delay

2017-12-06 18:15:49 - [MESSAGE][NOT_RUN] - NOT_RUN: delay

2017-12-06 18:15:49 - [TEST_STEP][NOT_RUN] - click: NOT_RUN: click

2017-12-06 18:15:49 - [MESSAGE][NOT_RUN] - NOT_RUN: click

2017-12-06 18:15:49 - [TEST_STEP][NOT_RUN] - delay: NOT_RUN: delay

2017-12-06 18:15:49 - [MESSAGE][NOT_RUN] - NOT_RUN: delay

2017-12-06 18:15:49 - [TEST_STEP][NOT_RUN] - click: NOT_RUN: click

2017-12-06 18:15:49 - [MESSAGE][NOT_RUN] - NOT_RUN: click

2017-12-06 18:15:49 - [MESSAGE][PASSED] - Call Test Case 'Test Cases/Rental/Base_RentalContract/Base_CreateRentalHeader' successfully

2017-12-06 18:15:49 - [TEST_STEP][INCOMPLETE] - callTestCase: null

2017-12-06 18:15:49 - [TEST_CASE][INCOMPLETE] - Test Cases/Rental/Base_RentalContract/Base_CreateRentalInvoice_CC: null

2017-12-06 18:15:49 - [TEST_STEP][NOT_RUN] - callTestCase: NOT_RUN: callTestCase

2017-12-06 18:15:49 - [MESSAGE][NOT_RUN] - NOT_RUN: callTestCase

2017-12-06 18:15:49 - [TEST_STEP][PASSED] - delay: Delayed 4 second(s)

2017-12-06 18:15:53 - [MESSAGE][PASSED] - Delayed 4 second(s)

2017-12-06 18:15:53 - [TEST_STEP][PASSED] - click: Object: 'Object Repository/Rental/RentalHeader/RentalInvoice/RentalInvoice.InvoicingscheduleTab' is clicked on

2017-12-06 18:15:53 - [MESSAGE][PASSED] - Object: 'Object Repository/Rental/RentalHeader/RentalInvoice/RentalInvoice.InvoicingscheduleTab' is clicked on

2017-12-06 18:15:53 - [TEST_STEP][PASSED] - delay: Delayed 4 second(s)

2017-12-06 18:15:57 - [MESSAGE][PASSED] - Delayed 4 second(s)

2017-12-06 18:15:57 - [TEST_STEP][PASSED] - click: Object: 'Object Repository/Rental/RentalHeader/RentalInvoice/RentalInvoice.Action' is clicked on

2017-12-06 18:15:58 - [MESSAGE][PASSED] - Object: 'Object Repository/Rental/RentalHeader/RentalInvoice/RentalInvoice.Action' is clicked on

2017-12-06 18:15:58 - [TEST_STEP][PASSED] - delay: Delayed 4 second(s)

2017-12-06 18:16:02 - [MESSAGE][PASSED] - Delayed 4 second(s)

2017-12-06 18:16:02 - [TEST_STEP][PASSED] - click: Object: 'Object Repository/Rental/RentalHeader/RentalInvoice/RentalInvoice.ProcessInvoice' is clicked on

2017-12-06 18:16:02 - [MESSAGE][PASSED] - Object: 'Object Repository/Rental/RentalHeader/RentalInvoice/RentalInvoice.ProcessInvoice' is clicked on

2017-12-06 18:16:02 - [TEST_STEP][PASSED] - delay: Delayed 4 second(s)

2017-12-06 18:16:06 - [MESSAGE][PASSED] - Delayed 4 second(s)

2017-12-06 18:16:06 - [TEST_STEP][PASSED] - click: Object: 'Object Repository/Rental/RentalHeader/RentalInvoice/RentalInvoice.ProcessInvoice2' is clicked on

2017-12-06 18:16:06 - [MESSAGE][PASSED] - Object: 'Object Repository/Rental/RentalHeader/RentalInvoice/RentalInvoice.ProcessInvoice2' is clicked on

2017-12-06 18:16:06 - [TEST_STEP][PASSED] - delay: Delayed 3 second(s)

2017-12-06 18:16:09 - [MESSAGE][PASSED] - Delayed 3 second(s)

2017-12-06 18:16:09 - [TEST_STEP][PASSED] - click: Object: 'Object Repository/Rental/RentalHeader/RentalInvoice/RentalInvoice.InvoiceProcessYES' is clicked on

2017-12-06 18:16:09 - [MESSAGE][PASSED] - Object: 'Object Repository/Rental/RentalHeader/RentalInvoice/RentalInvoice.InvoiceProcessYES' is clicked on

2017-12-06 18:16:09 - [TEST_STEP][PASSED] - delay: Delayed 4 second(s)

2017-12-06 18:16:13 - [MESSAGE][PASSED] - Delayed 4 second(s)

2017-12-06 18:16:13 - [TEST_STEP][PASSED] - sendKeys: Keys 'GLOBAL' sent to object: 'Object Repository/Rental/RentalHeader/RentalInvoice/ServiceCreditCard.PaymentGateway'

2017-12-06 18:16:13 - [MESSAGE][PASSED] - Keys 'GLOBAL' sent to object: 'Object Repository/Rental/RentalHeader/RentalInvoice/ServiceCreditCard.PaymentGateway'

2017-12-06 18:16:13 - [TEST_STEP][NOT_RUN] - sendKeys: NOT_RUN: sendKeys

2017-12-06 18:16:13 - [MESSAGE][NOT_RUN] - NOT_RUN: sendKeys

2017-12-06 18:16:13 - [TEST_STEP][PASSED] - doubleClick: Object: 'Object Repository/Rental/RentalHeader/RentalInvoice/ServiceCreditCard.CardType' is double clicked on

2017-12-06 18:16:13 - [MESSAGE][PASSED] - Object: 'Object Repository/Rental/RentalHeader/RentalInvoice/ServiceCreditCard.CardType' is double clicked on

2017-12-06 18:16:13 - [TEST_STEP][PASSED] - delay: Delayed 4 second(s)

2017-12-06 18:16:17 - [MESSAGE][PASSED] - Delayed 4 second(s)

2017-12-06 18:16:17 - [TEST_STEP][PASSED] - setText: Text 'DEBIT MASTERCARD' is set on object 'Object Repository/Rental/RentalHeader/RentalInvoice/ServiceCreditCard.CardType'

2017-12-06 18:16:18 - [MESSAGE][PASSED] - Text 'DEBIT MASTERCARD' is set on object 'Object Repository/Rental/RentalHeader/RentalInvoice/ServiceCreditCard.CardType'

2017-12-06 18:16:18 - [TEST_STEP][PASSED] - delay: Delayed 2 second(s)

2017-12-06 18:16:20 - [MESSAGE][PASSED] - Delayed 2 second(s)

2017-12-06 18:16:20 - [TEST_STEP][PASSED] - doubleClick: Object: 'Object Repository/Rental/RentalHeader/RentalInvoice/ServiceCreditCard.Enter CC No' is double clicked on

2017-12-06 18:16:20 - [MESSAGE][PASSED] - Object: 'Object Repository/Rental/RentalHeader/RentalInvoice/ServiceCreditCard.Enter CC No' is double clicked on

2017-12-06 18:16:20 - [TEST_STEP][PASSED] - delay: Delayed 4 second(s)

2017-12-06 18:16:24 - [MESSAGE][PASSED] - Delayed 4 second(s)

2017-12-06 18:16:24 - [TEST_STEP][PASSED] - sendKeys: Keys '5100270000000007' sent to object: 'Object Repository/Rental/RentalHeader/RentalInvoice/ServiceCreditCard.Enter CC No'

2017-12-06 18:16:24 - [MESSAGE][PASSED] - Keys '5100270000000007' sent to object: 'Object Repository/Rental/RentalHeader/RentalInvoice/ServiceCreditCard.Enter CC No'

2017-12-06 18:16:24 - [TEST_STEP][PASSED] - delay: Delayed 2 second(s)

2017-12-06 18:16:26 - [MESSAGE][PASSED] - Delayed 2 second(s)

2017-12-06 18:16:26 - [TEST_STEP][FAILED] - click: Unable to click on object 'Object Repository/Rental/RentalHeader/RentalInvoice/ServiceCreditCard.CVV2' (Root cause: com.kms.katalon.core.webui.exception.WebElementNotFoundException: Web element with id: 'Object Repository/Rental/RentalHeader/RentalInvoice/ServiceCreditCard.CVV2' located by 'By.xpath: //*[@id = 'xiext6102m000-6-cvv.no-8-decorator']' not found)

2017-12-06 18:16:59 - [MESSAGE][FAILED] - Unable to click on object 'Object Repository/Rental/RentalHeader/RentalInvoice/ServiceCreditCard.CVV2' (Root cause: com.kms.katalon.core.webui.exception.WebElementNotFoundException: Web element with id: 'Object Repository/Rental/RentalHeader/RentalInvoice/ServiceCreditCard.CVV2' located by 'By.xpath: //*[@id = 'xiext6102m000-6-cvv.no-8-decorator']' not found)
[[ATTACHMENT|C:\\Users\\agawhande\\git\\FlaglerCC\\Reports\\Flagler_RentalTestSuite\\20171206_181136\\1512564419404.png]]

2017-12-06 18:16:59 - [TEST_STEP][INCOMPLETE] - sendKeys: Finding web element with id: 'Object Repository/Rental/RentalHeader/RentalInvoice/ServiceCreditCard.CVV2' located by 'By.xpath: //*[@id = 'xiext6102m000-6-cvv.no-8-decorator']' in '30' second(s)]]></system-out>
         <system-err><![CDATA[2017-12-06 18:11:44 - [TEST_CASE][INCOMPLETE] - Test Cases/Rental/Base_RentalContract/CreditCardRegression/TC003_RentalContractInvoice_CC: null]]></system-err>
      </testcase>
      <system-out><![CDATA[2017-12-06 18:11:44 - [TEST_SUITE][INCOMPLETE] - Flagler_RentalTestSuite: null]]></system-out>
      <system-err><![CDATA[2017-12-06 18:11:44 - [TEST_SUITE][INCOMPLETE] - Flagler_RentalTestSuite: null]]></system-err>
   </testsuite>
</testsuites>
