<?xml version="1.0" encoding="UTF-8"?>
<testsuites name="Flagler_RentalTestSuite" time="356" tests="0" failures="1" errors="0">
   <testsuite name="Flagler_RentalTestSuite" tests="0" failures="1" errors="0" time="356" timestamp="2017-12-01 15:05:17" hostname="agawhande - ANIL110.e-emphasys.com" id="Test Suites/Flagler_RentalTestSuite">
      <properties>
         <property name="deviceName" value=""/>
         <property name="devicePlatform" value=""/>
         <property name="logFolder" value="C:\\Users\\agawhande\\git\\FlaglerCC\\Reports\\Flagler_RentalTestSuite\\20171201_150508"/>
         <property name="logFiles" value="C:\\Users\\agawhande\\git\\FlaglerCC\\Reports\\Flagler_RentalTestSuite\\20171201_150508\\execution0.log"/>
         <property name="attachments" value="C:\\Users\\agawhande\\git\\FlaglerCC\\Reports\\Flagler_RentalTestSuite\\20171201_150508\\1512121025464.png, C:\\Users\\agawhande\\git\\FlaglerCC\\Reports\\Flagler_RentalTestSuite\\20171201_150508\\1512121032363.png, C:\\Users\\agawhande\\git\\FlaglerCC\\Reports\\Flagler_RentalTestSuite\\20171201_150508\\1512121119282.png, C:\\Users\\agawhande\\git\\FlaglerCC\\Reports\\Flagler_RentalTestSuite\\20171201_150508\\1512121156802.png, C:\\Users\\agawhande\\git\\FlaglerCC\\Reports\\Flagler_RentalTestSuite\\20171201_150508\\1512121194184.png, C:\\Users\\agawhande\\git\\FlaglerCC\\Reports\\Flagler_RentalTestSuite\\20171201_150508\\1512121231784.png, C:\\Users\\agawhande\\git\\FlaglerCC\\Reports\\Flagler_RentalTestSuite\\20171201_150508\\1512121272949.png"/>
         <property name="hostName" value="agawhande - ANIL110.e-emphasys.com"/>
         <property name="os" value="Windows 7 64bit"/>
         <property name="katalonVersion" value="4.8.0.2"/>
         <property name="browser" value="Firefox 56.0"/>
         <property name="hostAddress" value="192.168.25.228"/>
         <property name="sessionId" value="6a9fbb61-6187-441b-968a-74e9a7a574e6"/>
         <property name="seleniumVersion" value="unknown"/>
         <property name="proxyInformation" value="ProxyInformation{proxyOption=NO_PROXY, proxyServerType=, password=, proxyServerAddress=, proxyServerPort=0}"/>
         <property name="platform" value="Windows 7"/>
      </properties>
      <testcase name="Test Cases/Rental/Base_RentalContract/CreditCardRegression/TC003_RentalContractInvoice_CC" classname="Test Cases/Rental/Base_RentalContract/CreditCardRegression/TC003_RentalContractInvoice_CC" status="FAILED">
         <failure type="FAILED" message="Unable to click on object 'Object Repository/Rental/RentalHeader/RentalContract.MultiInsNO' (Root cause: com.kms.katalon.core.webui.exception.WebElementNotFoundException: Web element with id: 'Object Repository/Rental/RentalHeader/RentalContract.MultiInsNO' located by 'By.xpath: //*[@id = 'item_1-label']' not found)"/>
         <system-out><![CDATA[2017-12-01 15:05:18 - [TEST_CASE][FAILED] - Test Cases/Rental/Base_RentalContract/CreditCardRegression/TC003_RentalContractInvoice_CC: Test Cases/Rental/Base_RentalContract/CreditCardRegression/TC003_RentalContractInvoice_CC FAILED because (of) Unable to click on object 'Object Repository/Rental/RentalHeader/RentalContract.MultiInsNO' (Root cause: com.kms.katalon.core.webui.exception.WebElementNotFoundException: Web element with id: 'Object Repository/Rental/RentalHeader/RentalContract.MultiInsNO' located by 'By.xpath: //*[@id = 'item_1-label']' not found)

2017-12-01 15:05:18 - [TEST_STEP][NOT_RUN] - callTestCase: NOT_RUN: callTestCase

2017-12-01 15:05:18 - [MESSAGE][NOT_RUN] - NOT_RUN: callTestCase

2017-12-01 15:05:18 - [TEST_STEP][FAILED] - callTestCase: Unable to call Test Case with id 'Test Cases/Rental/Base_RentalContract/Base_CreateRentalHeader' (Root cause: Call Test Case 'Test Cases/Rental/Base_RentalContract/Base_CreateRentalHeader' failed)

2017-12-01 15:05:18 - [TEST_CASE][FAILED] - Test Cases/Rental/Base_RentalContract/Base_CreateRentalHeader: Test Cases/Rental/Base_RentalContract/Base_CreateRentalHeader FAILED because (of) Unable to click on object 'Object Repository/Rental/RentalHeader/RentalContract.MultiInsNO' (Root cause: com.kms.katalon.core.webui.exception.WebElementNotFoundException: Web element with id: 'Object Repository/Rental/RentalHeader/RentalContract.MultiInsNO' located by 'By.xpath: //*[@id = 'item_1-label']' not found)

2017-12-01 15:05:19 - [TEST_STEP][PASSED] - callTestCase: Call Test Case 'Test Cases/Common/Base_Common_OpenSession' successfully

2017-12-01 15:05:19 - [TEST_CASE][PASSED] - Test Cases/Common/Base_Common_OpenSession: Test Cases/Common/Base_Common_OpenSession

2017-12-01 15:05:19 - [TEST_STEP][PASSED] - openBrowser: Browser is opened with url: 'http://baan:3Xtend27$13@192.168.20.241:8312/webui/servlet/login'

2017-12-01 15:05:36 - [MESSAGE][PASSED] - Browser is opened with url: 'http://baan:3Xtend27$13@192.168.20.241:8312/webui/servlet/login'

2017-12-01 15:05:36 - [TEST_STEP][PASSED] - waitForPageLoad: Wait for page load successfully

2017-12-01 15:05:36 - [MESSAGE][PASSED] - Wait for page load successfully

2017-12-01 15:05:36 - [TEST_STEP][PASSED] - maximizeWindow: Current window maximized

2017-12-01 15:05:36 - [MESSAGE][PASSED] - Current window maximized

2017-12-01 15:05:36 - [TEST_STEP][PASSED] - click: Object: 'Object Repository/Common/HomePage/HomePage_more' is clicked on

2017-12-01 15:05:39 - [MESSAGE][PASSED] - Object: 'Object Repository/Common/HomePage/HomePage_more' is clicked on

2017-12-01 15:05:39 - [TEST_STEP][PASSED] - click: Object: 'Object Repository/Common/HomePage/HomePage_Option' is clicked on

2017-12-01 15:05:39 - [MESSAGE][PASSED] - Object: 'Object Repository/Common/HomePage/HomePage_Option' is clicked on

2017-12-01 15:05:39 - [TEST_STEP][PASSED] - click: Object: 'Object Repository/Common/HomePage/HomePage_RunProgram_' is clicked on

2017-12-01 15:05:39 - [MESSAGE][PASSED] - Object: 'Object Repository/Common/HomePage/HomePage_RunProgram_' is clicked on

2017-12-01 15:05:39 - [TEST_STEP][PASSED] - sendKeys: Keys 'erext4100s004' sent to object: 'Object Repository/Common/HomePage/HomePage_Session_ID'

2017-12-01 15:05:39 - [MESSAGE][PASSED] - Keys 'erext4100s004' sent to object: 'Object Repository/Common/HomePage/HomePage_Session_ID'

2017-12-01 15:05:39 - [TEST_STEP][PASSED] - click: Object: 'Object Repository/Common/HomePage/HomePage_OkButton' is clicked on

2017-12-01 15:05:40 - [MESSAGE][PASSED] - Object: 'Object Repository/Common/HomePage/HomePage_OkButton' is clicked on

2017-12-01 15:05:40 - [MESSAGE][PASSED] - Call Test Case 'Test Cases/Common/Base_Common_OpenSession' successfully

2017-12-01 15:05:40 - [TEST_STEP][PASSED] - click: Object: 'Object Repository/Rental/RentalHeader/RentalContract.Customer' is clicked on

2017-12-01 15:05:44 - [MESSAGE][PASSED] - Object: 'Object Repository/Rental/RentalHeader/RentalContract.Customer' is clicked on

2017-12-01 15:05:44 - [TEST_STEP][PASSED] - setText: Text 'BP0004776' is set on object 'Object Repository/Rental/RentalHeader/RentalContract.Customer'

2017-12-01 15:05:45 - [MESSAGE][PASSED] - Text 'BP0004776' is set on object 'Object Repository/Rental/RentalHeader/RentalContract.Customer'

2017-12-01 15:05:45 - [TEST_STEP][PASSED] - delay: Delayed 2 second(s)

2017-12-01 15:05:47 - [MESSAGE][PASSED] - Delayed 2 second(s)

2017-12-01 15:05:47 - [TEST_STEP][PASSED] - click: Object: 'Object Repository/Rental/RentalHeader/RentalContract.CustPO' is clicked on

2017-12-01 15:05:47 - [MESSAGE][PASSED] - Object: 'Object Repository/Rental/RentalHeader/RentalContract.CustPO' is clicked on

2017-12-01 15:05:47 - [TEST_STEP][PASSED] - delay: Delayed 3 second(s)

2017-12-01 15:05:50 - [MESSAGE][PASSED] - Delayed 3 second(s)

2017-12-01 15:05:50 - [TEST_STEP][PASSED] - click: Object: 'Object Repository/Rental/RentalHeader/RentalContract.OtherDetailsTab' is clicked on

2017-12-01 15:05:50 - [MESSAGE][PASSED] - Object: 'Object Repository/Rental/RentalHeader/RentalContract.OtherDetailsTab' is clicked on

2017-12-01 15:05:50 - [TEST_STEP][PASSED] - delay: Delayed 2 second(s)

2017-12-01 15:05:52 - [MESSAGE][PASSED] - Delayed 2 second(s)

2017-12-01 15:05:52 - [TEST_STEP][PASSED] - click: Object: 'Object Repository/Rental/RentalHeader/Rental Contract.ModeOfPayment' is clicked on

2017-12-01 15:05:52 - [MESSAGE][PASSED] - Object: 'Object Repository/Rental/RentalHeader/Rental Contract.ModeOfPayment' is clicked on

2017-12-01 15:05:52 - [TEST_STEP][PASSED] - delay: Delayed 2 second(s)

2017-12-01 15:05:54 - [MESSAGE][PASSED] - Delayed 2 second(s)

2017-12-01 15:05:54 - [TEST_STEP][PASSED] - click: Object: 'Object Repository/Rental/RentalHeader/RentalContract.CreditCardoption' is clicked on

2017-12-01 15:05:55 - [MESSAGE][PASSED] - Object: 'Object Repository/Rental/RentalHeader/RentalContract.CreditCardoption' is clicked on

2017-12-01 15:05:55 - [TEST_STEP][PASSED] - delay: Delayed 3 second(s)

2017-12-01 15:05:58 - [MESSAGE][PASSED] - Delayed 3 second(s)

2017-12-01 15:05:58 - [TEST_STEP][PASSED] - click: Object: 'Object Repository/Rental/RentalHeader/RentalContract.GeneralTab' is clicked on

2017-12-01 15:05:58 - [MESSAGE][PASSED] - Object: 'Object Repository/Rental/RentalHeader/RentalContract.GeneralTab' is clicked on

2017-12-01 15:05:58 - [TEST_STEP][PASSED] - delay: Delayed 2 second(s)

2017-12-01 15:06:00 - [MESSAGE][PASSED] - Delayed 2 second(s)

2017-12-01 15:06:00 - [TEST_STEP][PASSED] - click: Object: 'Object Repository/Rental/RentalHeader/RentalContract.Newbuttonline' is clicked on

2017-12-01 15:06:00 - [MESSAGE][PASSED] - Object: 'Object Repository/Rental/RentalHeader/RentalContract.Newbuttonline' is clicked on

2017-12-01 15:06:00 - [TEST_STEP][PASSED] - delay: Delayed 2 second(s)

2017-12-01 15:06:02 - [MESSAGE][PASSED] - Delayed 2 second(s)

2017-12-01 15:06:02 - [TEST_STEP][PASSED] - click: Object: 'Object Repository/Rental/RentalHeader/RentalContract.SetLine' is clicked on

2017-12-01 15:06:02 - [MESSAGE][PASSED] - Object: 'Object Repository/Rental/RentalHeader/RentalContract.SetLine' is clicked on

2017-12-01 15:06:02 - [TEST_STEP][PASSED] - delay: Delayed 2 second(s)

2017-12-01 15:06:04 - [MESSAGE][PASSED] - Delayed 2 second(s)

2017-12-01 15:06:04 - [TEST_STEP][PASSED] - scrollToElement: Scroll to object 'Object Repository/Rental/RentalHeader/RentalContract.Unit' successfully

2017-12-01 15:06:04 - [MESSAGE][PASSED] - Scroll to object 'Object Repository/Rental/RentalHeader/RentalContract.Unit' successfully

2017-12-01 15:06:04 - [TEST_STEP][PASSED] - delay: Delayed 2 second(s)

2017-12-01 15:06:06 - [MESSAGE][PASSED] - Delayed 2 second(s)

2017-12-01 15:06:06 - [TEST_STEP][NOT_RUN] - getText: NOT_RUN: getText

2017-12-01 15:06:06 - [MESSAGE][NOT_RUN] - NOT_RUN: getText

2017-12-01 15:06:06 - [TEST_STEP][PASSED] - click: Object: 'Object Repository/Rental/RentalHeader/RentalContract.Unit' is clicked on

2017-12-01 15:06:07 - [MESSAGE][PASSED] - Object: 'Object Repository/Rental/RentalHeader/RentalContract.Unit' is clicked on

2017-12-01 15:06:07 - [TEST_STEP][PASSED] - delay: Delayed 5 second(s)

2017-12-01 15:06:12 - [MESSAGE][PASSED] - Delayed 5 second(s)

2017-12-01 15:06:12 - [TEST_STEP][PASSED] - setText: Text 'EQ1402809' is set on object 'Object Repository/Rental/RentalHeader/RentalContract.Unit'

2017-12-01 15:06:12 - [MESSAGE][PASSED] - Text 'EQ1402809' is set on object 'Object Repository/Rental/RentalHeader/RentalContract.Unit'

2017-12-01 15:06:12 - [TEST_STEP][PASSED] - delay: Delayed 5 second(s)

2017-12-01 15:06:17 - [MESSAGE][PASSED] - Delayed 5 second(s)

2017-12-01 15:06:17 - [TEST_STEP][PASSED] - scrollToElement: Scroll to object 'Object Repository/Rental/RentalHeader/RentalContract.MultipleInsurence' successfully

2017-12-01 15:06:17 - [MESSAGE][PASSED] - Scroll to object 'Object Repository/Rental/RentalHeader/RentalContract.MultipleInsurence' successfully

2017-12-01 15:06:17 - [TEST_STEP][PASSED] - delay: Delayed 5 second(s)

2017-12-01 15:06:22 - [MESSAGE][PASSED] - Delayed 5 second(s)

2017-12-01 15:06:22 - [TEST_STEP][PASSED] - doubleClick: Object: 'Object Repository/Rental/RentalHeader/RentalContract.MultipleInsurence' is double clicked on

2017-12-01 15:06:22 - [MESSAGE][PASSED] - Object: 'Object Repository/Rental/RentalHeader/RentalContract.MultipleInsurence' is double clicked on

2017-12-01 15:06:22 - [TEST_STEP][PASSED] - delay: Delayed 5 second(s)

2017-12-01 15:06:27 - [MESSAGE][PASSED] - Delayed 5 second(s)

2017-12-01 15:06:27 - [TEST_STEP][PASSED] - click: Object: 'Object Repository/Rental/RentalHeader/RentalContract.MultipleInsurence' is clicked on

2017-12-01 15:06:28 - [MESSAGE][PASSED] - Object: 'Object Repository/Rental/RentalHeader/RentalContract.MultipleInsurence' is clicked on

2017-12-01 15:06:28 - [TEST_STEP][PASSED] - doubleClick: Object: 'Object Repository/Rental/RentalHeader/RentalContract.MultiInsNO' is double clicked on

2017-12-01 15:06:28 - [MESSAGE][PASSED] - Object: 'Object Repository/Rental/RentalHeader/RentalContract.MultiInsNO' is double clicked on

2017-12-01 15:06:28 - [TEST_STEP][PASSED] - delay: Delayed 5 second(s)

2017-12-01 15:06:33 - [MESSAGE][PASSED] - Delayed 5 second(s)

2017-12-01 15:06:33 - [TEST_STEP][FAILED] - click: Unable to click on object 'Object Repository/Rental/RentalHeader/RentalContract.MultiInsNO' (Root cause: com.kms.katalon.core.webui.exception.WebElementNotFoundException: Web element with id: 'Object Repository/Rental/RentalHeader/RentalContract.MultiInsNO' located by 'By.xpath: //*[@id = 'item_1-label']' not found)

2017-12-01 15:07:05 - [MESSAGE][FAILED] - Unable to click on object 'Object Repository/Rental/RentalHeader/RentalContract.MultiInsNO' (Root cause: com.kms.katalon.core.webui.exception.WebElementNotFoundException: Web element with id: 'Object Repository/Rental/RentalHeader/RentalContract.MultiInsNO' located by 'By.xpath: //*[@id = 'item_1-label']' not found)
[[ATTACHMENT|C:\\Users\\agawhande\\git\\FlaglerCC\\Reports\\Flagler_RentalTestSuite\\20171201_150508\\1512121025464.png]]

2017-12-01 15:07:05 - [TEST_STEP][PASSED] - delay: Delayed 2 second(s)

2017-12-01 15:07:07 - [MESSAGE][PASSED] - Delayed 2 second(s)

2017-12-01 15:07:07 - [TEST_STEP][PASSED] - scrollToElement: Scroll to object 'Object Repository/Rental/RentalHeader/RentalContract.GrossRateline' successfully

2017-12-01 15:07:07 - [MESSAGE][PASSED] - Scroll to object 'Object Repository/Rental/RentalHeader/RentalContract.GrossRateline' successfully

2017-12-01 15:07:07 - [TEST_STEP][NOT_RUN] - delay: NOT_RUN: delay

2017-12-01 15:07:07 - [MESSAGE][NOT_RUN] - NOT_RUN: delay

2017-12-01 15:07:07 - [TEST_STEP][PASSED] - doubleClick: Object: 'Object Repository/Rental/RentalHeader/RentalContract.GrossRateline' is double clicked on

2017-12-01 15:07:08 - [MESSAGE][PASSED] - Object: 'Object Repository/Rental/RentalHeader/RentalContract.GrossRateline' is double clicked on

2017-12-01 15:07:08 - [TEST_STEP][PASSED] - delay: Delayed 2 second(s)

2017-12-01 15:07:10 - [MESSAGE][PASSED] - Delayed 2 second(s)

2017-12-01 15:07:10 - [TEST_STEP][PASSED] - click: Object: 'Object Repository/Rental/RentalHeader/RentalContract.GrossRateline' is clicked on

2017-12-01 15:07:10 - [MESSAGE][PASSED] - Object: 'Object Repository/Rental/RentalHeader/RentalContract.GrossRateline' is clicked on

2017-12-01 15:07:10 - [TEST_STEP][PASSED] - delay: Delayed 2 second(s)

2017-12-01 15:07:12 - [MESSAGE][PASSED] - Delayed 2 second(s)

2017-12-01 15:07:12 - [TEST_STEP][FAILED] - setText: Unable to set text '100' of object 'Object Repository/Rental/RentalHeader/RentalContract.GrossRateline' (Root cause: org.openqa.selenium.InvalidElementStateException: Element must be user-editable in order to clear it.
Command duration or timeout: 37 milliseconds
Build info: version: 'unknown', revision: 'unknown', time: 'unknown'
System info: host: 'ANIL110', ip: '192.168.25.228', os.name: 'Windows 7', os.arch: 'amd64', os.version: '6.1', java.version: '1.8.0_102'
Driver info: com.kms.katalon.core.webui.driver.firefox.CFirefoxDriver47
Capabilities [{applicationCacheEnabled=true, rotatable=false, handlesAlerts=true, databaseEnabled=true, version=56.0, platform=WINDOWS, nativeEvents=false, acceptSslCerts=true, webStorageEnabled=true, locationContextEnabled=true, browserName=firefox, takesScreenshot=true, javascriptEnabled=true, cssSelectorsEnabled=true}]
Session ID: 6a9fbb61-6187-441b-968a-74e9a7a574e6)

2017-12-01 15:07:12 - [MESSAGE][FAILED] - Unable to set text '100' of object 'Object Repository/Rental/RentalHeader/RentalContract.GrossRateline' (Root cause: org.openqa.selenium.InvalidElementStateException: Element must be user-editable in order to clear it.
Command duration or timeout: 37 milliseconds
Build info: version: 'unknown', revision: 'unknown', time: 'unknown'
System info: host: 'ANIL110', ip: '192.168.25.228', os.name: 'Windows 7', os.arch: 'amd64', os.version: '6.1', java.version: '1.8.0_102'
Driver info: com.kms.katalon.core.webui.driver.firefox.CFirefoxDriver47
Capabilities [{applicationCacheEnabled=true, rotatable=false, handlesAlerts=true, databaseEnabled=true, version=56.0, platform=WINDOWS, nativeEvents=false, acceptSslCerts=true, webStorageEnabled=true, locationContextEnabled=true, browserName=firefox, takesScreenshot=true, javascriptEnabled=true, cssSelectorsEnabled=true}]
Session ID: 6a9fbb61-6187-441b-968a-74e9a7a574e6)
[[ATTACHMENT|C:\\Users\\agawhande\\git\\FlaglerCC\\Reports\\Flagler_RentalTestSuite\\20171201_150508\\1512121032363.png]]

2017-12-01 15:07:12 - [TEST_STEP][PASSED] - delay: Delayed 2 second(s)

2017-12-01 15:07:14 - [MESSAGE][PASSED] - Delayed 2 second(s)

2017-12-01 15:07:14 - [TEST_STEP][PASSED] - click: Object: 'Object Repository/Rental/RentalHeader/RentalContract.SaveHeader' is clicked on

2017-12-01 15:07:14 - [MESSAGE][PASSED] - Object: 'Object Repository/Rental/RentalHeader/RentalContract.SaveHeader' is clicked on

2017-12-01 15:07:14 - [TEST_STEP][PASSED] - delay: Delayed 5 second(s)

2017-12-01 15:07:19 - [MESSAGE][PASSED] - Delayed 5 second(s)

2017-12-01 15:07:19 - [TEST_STEP][NOT_RUN] - click: NOT_RUN: click

2017-12-01 15:07:19 - [MESSAGE][NOT_RUN] - NOT_RUN: click

2017-12-01 15:07:19 - [TEST_STEP][NOT_RUN] - delay: NOT_RUN: delay

2017-12-01 15:07:19 - [MESSAGE][NOT_RUN] - NOT_RUN: delay

2017-12-01 15:07:19 - [TEST_STEP][NOT_RUN] - click: NOT_RUN: click

2017-12-01 15:07:19 - [MESSAGE][NOT_RUN] - NOT_RUN: click

2017-12-01 15:07:19 - [TEST_STEP][NOT_RUN] - delay: NOT_RUN: delay

2017-12-01 15:07:19 - [MESSAGE][NOT_RUN] - NOT_RUN: delay

2017-12-01 15:07:19 - [TEST_STEP][PASSED] - click: Object: 'Object Repository/Rental/RentalHeader/RentalContract.Action' is clicked on

2017-12-01 15:07:19 - [MESSAGE][PASSED] - Object: 'Object Repository/Rental/RentalHeader/RentalContract.Action' is clicked on

2017-12-01 15:07:19 - [TEST_STEP][PASSED] - delay: Delayed 2 second(s)

2017-12-01 15:07:21 - [MESSAGE][PASSED] - Delayed 2 second(s)

2017-12-01 15:07:21 - [TEST_STEP][PASSED] - click: Object: 'Object Repository/Rental/RentalHeader/RentalContract.Release' is clicked on

2017-12-01 15:07:22 - [MESSAGE][PASSED] - Object: 'Object Repository/Rental/RentalHeader/RentalContract.Release' is clicked on

2017-12-01 15:07:22 - [TEST_STEP][PASSED] - delay: Delayed 10 second(s)

2017-12-01 15:07:32 - [MESSAGE][PASSED] - Delayed 10 second(s)

2017-12-01 15:07:32 - [TEST_STEP][PASSED] - click: Object: 'Object Repository/Rental/RentalHeader/RentalContract.ActionDelivery' is clicked on

2017-12-01 15:07:32 - [MESSAGE][PASSED] - Object: 'Object Repository/Rental/RentalHeader/RentalContract.ActionDelivery' is clicked on

2017-12-01 15:07:32 - [TEST_STEP][PASSED] - delay: Delayed 6 second(s)

2017-12-01 15:07:38 - [MESSAGE][PASSED] - Delayed 6 second(s)

2017-12-01 15:07:38 - [TEST_STEP][PASSED] - click: Object: 'Object Repository/Rental/RentalHeader/RentalContract.ConfirmDelivery' is clicked on

2017-12-01 15:07:38 - [MESSAGE][PASSED] - Object: 'Object Repository/Rental/RentalHeader/RentalContract.ConfirmDelivery' is clicked on

2017-12-01 15:07:38 - [TEST_STEP][PASSED] - delay: Delayed 8 second(s)

2017-12-01 15:07:46 - [MESSAGE][PASSED] - Delayed 8 second(s)

2017-12-01 15:07:46 - [TEST_STEP][NOT_RUN] - waitForElementPresent: NOT_RUN: waitForElementPresent

2017-12-01 15:07:46 - [MESSAGE][NOT_RUN] - NOT_RUN: waitForElementPresent

2017-12-01 15:07:46 - [TEST_STEP][NOT_RUN] - delay: NOT_RUN: delay

2017-12-01 15:07:46 - [MESSAGE][NOT_RUN] - NOT_RUN: delay

2017-12-01 15:07:46 - [TEST_STEP][PASSED] - click: Object: 'Object Repository/Rental/RentalHeader/RentalContract.DeliveryProceed' is clicked on

2017-12-01 15:07:46 - [MESSAGE][PASSED] - Object: 'Object Repository/Rental/RentalHeader/RentalContract.DeliveryProceed' is clicked on

2017-12-01 15:07:46 - [TEST_STEP][PASSED] - delay: Delayed 12 second(s)

2017-12-01 15:07:58 - [MESSAGE][PASSED] - Delayed 12 second(s)

2017-12-01 15:07:58 - [TEST_STEP][NOT_RUN] - waitForElementPresent: NOT_RUN: waitForElementPresent

2017-12-01 15:07:58 - [MESSAGE][NOT_RUN] - NOT_RUN: waitForElementPresent

2017-12-01 15:07:58 - [TEST_STEP][NOT_RUN] - delay: NOT_RUN: delay

2017-12-01 15:07:58 - [MESSAGE][NOT_RUN] - NOT_RUN: delay

2017-12-01 15:07:58 - [TEST_STEP][NOT_RUN] - click: NOT_RUN: click

2017-12-01 15:07:58 - [MESSAGE][NOT_RUN] - NOT_RUN: click

2017-12-01 15:07:58 - [TEST_STEP][PASSED] - delay: Delayed 8 second(s)

2017-12-01 15:08:06 - [MESSAGE][PASSED] - Delayed 8 second(s)

2017-12-01 15:08:06 - [TEST_STEP][FAILED] - click: Unable to click on object 'Object Repository/Rental/RentalHeader/RentalContract.InspetionReportClose' (Root cause: com.kms.katalon.core.webui.exception.WebElementNotFoundException: Web element with id: 'Object Repository/Rental/RentalHeader/RentalContract.InspetionReportClose' located by 'By.xpath: //*[@id = 'ttstpsplopen-5-button-std-file.close-label']' not found)

2017-12-01 15:08:39 - [MESSAGE][FAILED] - Unable to click on object 'Object Repository/Rental/RentalHeader/RentalContract.InspetionReportClose' (Root cause: com.kms.katalon.core.webui.exception.WebElementNotFoundException: Web element with id: 'Object Repository/Rental/RentalHeader/RentalContract.InspetionReportClose' located by 'By.xpath: //*[@id = 'ttstpsplopen-5-button-std-file.close-label']' not found)
[[ATTACHMENT|C:\\Users\\agawhande\\git\\FlaglerCC\\Reports\\Flagler_RentalTestSuite\\20171201_150508\\1512121119282.png]]

2017-12-01 15:08:39 - [TEST_STEP][PASSED] - delay: Delayed 5 second(s)

2017-12-01 15:08:44 - [MESSAGE][PASSED] - Delayed 5 second(s)

2017-12-01 15:08:44 - [TEST_STEP][FAILED] - click: Unable to click on object 'Object Repository/Rental/RentalHeader/RentalContract.BillofLaddingClosed' (Root cause: com.kms.katalon.core.webui.exception.WebElementNotFoundException: Web element with id: 'Object Repository/Rental/RentalHeader/RentalContract.BillofLaddingClosed' located by 'By.xpath: //*[@id = 'ttstpsplopen-6-button-std-file.close-label']' not found)

2017-12-01 15:09:16 - [MESSAGE][FAILED] - Unable to click on object 'Object Repository/Rental/RentalHeader/RentalContract.BillofLaddingClosed' (Root cause: com.kms.katalon.core.webui.exception.WebElementNotFoundException: Web element with id: 'Object Repository/Rental/RentalHeader/RentalContract.BillofLaddingClosed' located by 'By.xpath: //*[@id = 'ttstpsplopen-6-button-std-file.close-label']' not found)
[[ATTACHMENT|C:\\Users\\agawhande\\git\\FlaglerCC\\Reports\\Flagler_RentalTestSuite\\20171201_150508\\1512121156802.png]]

2017-12-01 15:09:16 - [TEST_STEP][PASSED] - delay: Delayed 5 second(s)

2017-12-01 15:09:21 - [MESSAGE][PASSED] - Delayed 5 second(s)

2017-12-01 15:09:21 - [TEST_STEP][FAILED] - click: Unable to click on object 'Object Repository/Rental/RentalHeader/RentalContract.EqipRentalMemoclosed' (Root cause: com.kms.katalon.core.webui.exception.WebElementNotFoundException: Web element with id: 'Object Repository/Rental/RentalHeader/RentalContract.EqipRentalMemoclosed' located by 'By.xpath: //*[@id = 'ttstpsplopen-8-button-std-file.close-label']' not found)

2017-12-01 15:09:54 - [MESSAGE][FAILED] - Unable to click on object 'Object Repository/Rental/RentalHeader/RentalContract.EqipRentalMemoclosed' (Root cause: com.kms.katalon.core.webui.exception.WebElementNotFoundException: Web element with id: 'Object Repository/Rental/RentalHeader/RentalContract.EqipRentalMemoclosed' located by 'By.xpath: //*[@id = 'ttstpsplopen-8-button-std-file.close-label']' not found)
[[ATTACHMENT|C:\\Users\\agawhande\\git\\FlaglerCC\\Reports\\Flagler_RentalTestSuite\\20171201_150508\\1512121194184.png]]

2017-12-01 15:09:54 - [TEST_STEP][PASSED] - delay: Delayed 5 second(s)

2017-12-01 15:09:59 - [MESSAGE][PASSED] - Delayed 5 second(s)

2017-12-01 15:09:59 - [TEST_STEP][FAILED] - click: Unable to click on object 'Object Repository/Rental/RentalHeader/RentalContract.InspectionOrdergnerated' (Root cause: com.kms.katalon.core.webui.exception.WebElementNotFoundException: Web element with id: 'Object Repository/Rental/RentalHeader/RentalContract.InspectionOrdergnerated' located by 'By.xpath: //*[@id = 'dlg-erext4205m000-3-input-button-0-label']' not found)

2017-12-01 15:10:31 - [MESSAGE][FAILED] - Unable to click on object 'Object Repository/Rental/RentalHeader/RentalContract.InspectionOrdergnerated' (Root cause: com.kms.katalon.core.webui.exception.WebElementNotFoundException: Web element with id: 'Object Repository/Rental/RentalHeader/RentalContract.InspectionOrdergnerated' located by 'By.xpath: //*[@id = 'dlg-erext4205m000-3-input-button-0-label']' not found)
[[ATTACHMENT|C:\\Users\\agawhande\\git\\FlaglerCC\\Reports\\Flagler_RentalTestSuite\\20171201_150508\\1512121231784.png]]

2017-12-01 15:10:31 - [MESSAGE][FAILED] - Unable to call Test Case with id 'Test Cases/Rental/Base_RentalContract/Base_CreateRentalHeader' (Root cause: Call Test Case 'Test Cases/Rental/Base_RentalContract/Base_CreateRentalHeader' failed)

2017-12-01 15:10:31 - [TEST_STEP][FAILED] - callTestCase: Unable to call Test Case with id 'Test Cases/Rental/Base_RentalContract/Base_CreateRentalInvoice_CC' (Root cause: Call Test Case 'Test Cases/Rental/Base_RentalContract/Base_CreateRentalInvoice_CC' failed)

2017-12-01 15:10:32 - [TEST_CASE][FAILED] - Test Cases/Rental/Base_RentalContract/Base_CreateRentalInvoice_CC: Test Cases/Rental/Base_RentalContract/Base_CreateRentalInvoice_CC FAILED because (of) Unable to click on object 'Object Repository/Rental/RentalHeader/RentalInvoice/RentalInvoice.Action' (Root cause: com.kms.katalon.core.webui.exception.WebElementNotFoundException: Web element with id: 'Object Repository/Rental/RentalHeader/RentalInvoice/RentalInvoice.Action' located by 'By.xpath: //*[@id = 'erext4505m002-9-button-std:action']' not found)

2017-12-01 15:10:32 - [TEST_STEP][NOT_RUN] - callTestCase: NOT_RUN: callTestCase

2017-12-01 15:10:32 - [MESSAGE][NOT_RUN] - NOT_RUN: callTestCase

2017-12-01 15:10:32 - [TEST_STEP][PASSED] - delay: Delayed 4 second(s)

2017-12-01 15:10:36 - [MESSAGE][PASSED] - Delayed 4 second(s)

2017-12-01 15:10:36 - [TEST_STEP][PASSED] - click: Object: 'Object Repository/Rental/RentalHeader/RentalInvoice/RentalInvoice.InvoicingscheduleTab' is clicked on

2017-12-01 15:10:36 - [MESSAGE][PASSED] - Object: 'Object Repository/Rental/RentalHeader/RentalInvoice/RentalInvoice.InvoicingscheduleTab' is clicked on

2017-12-01 15:10:36 - [TEST_STEP][PASSED] - delay: Delayed 4 second(s)

2017-12-01 15:10:40 - [MESSAGE][PASSED] - Delayed 4 second(s)

2017-12-01 15:10:40 - [TEST_STEP][FAILED] - click: Unable to click on object 'Object Repository/Rental/RentalHeader/RentalInvoice/RentalInvoice.Action' (Root cause: com.kms.katalon.core.webui.exception.WebElementNotFoundException: Web element with id: 'Object Repository/Rental/RentalHeader/RentalInvoice/RentalInvoice.Action' located by 'By.xpath: //*[@id = 'erext4505m002-9-button-std:action']' not found)

2017-12-01 15:11:13 - [MESSAGE][FAILED] - Unable to click on object 'Object Repository/Rental/RentalHeader/RentalInvoice/RentalInvoice.Action' (Root cause: com.kms.katalon.core.webui.exception.WebElementNotFoundException: Web element with id: 'Object Repository/Rental/RentalHeader/RentalInvoice/RentalInvoice.Action' located by 'By.xpath: //*[@id = 'erext4505m002-9-button-std:action']' not found)
[[ATTACHMENT|C:\\Users\\agawhande\\git\\FlaglerCC\\Reports\\Flagler_RentalTestSuite\\20171201_150508\\1512121272949.png]]

2017-12-01 15:11:13 - [MESSAGE][FAILED] - Unable to call Test Case with id 'Test Cases/Rental/Base_RentalContract/Base_CreateRentalInvoice_CC' (Root cause: Call Test Case 'Test Cases/Rental/Base_RentalContract/Base_CreateRentalInvoice_CC' failed)]]></system-out>
         <system-err><![CDATA[2017-12-01 15:05:18 - [TEST_CASE][FAILED] - Test Cases/Rental/Base_RentalContract/CreditCardRegression/TC003_RentalContractInvoice_CC: Test Cases/Rental/Base_RentalContract/CreditCardRegression/TC003_RentalContractInvoice_CC FAILED because (of) Unable to click on object 'Object Repository/Rental/RentalHeader/RentalContract.MultiInsNO' (Root cause: com.kms.katalon.core.webui.exception.WebElementNotFoundException: Web element with id: 'Object Repository/Rental/RentalHeader/RentalContract.MultiInsNO' located by 'By.xpath: //*[@id = 'item_1-label']' not found)]]></system-err>
      </testcase>
      <system-out><![CDATA[2017-12-01 15:05:17 - [TEST_SUITE][FAILED] - Flagler_RentalTestSuite: Test Cases/Rental/Base_RentalContract/CreditCardRegression/TC003_RentalContractInvoice_CC FAILED because (of) Unable to click on object 'Object Repository/Rental/RentalHeader/RentalContract.MultiInsNO' (Root cause: com.kms.katalon.core.webui.exception.WebElementNotFoundException: Web element with id: 'Object Repository/Rental/RentalHeader/RentalContract.MultiInsNO' located by 'By.xpath: //*[@id = 'item_1-label']' not found)]]></system-out>
      <system-err><![CDATA[2017-12-01 15:05:17 - [TEST_SUITE][FAILED] - Flagler_RentalTestSuite: Test Cases/Rental/Base_RentalContract/CreditCardRegression/TC003_RentalContractInvoice_CC FAILED because (of) Unable to click on object 'Object Repository/Rental/RentalHeader/RentalContract.MultiInsNO' (Root cause: com.kms.katalon.core.webui.exception.WebElementNotFoundException: Web element with id: 'Object Repository/Rental/RentalHeader/RentalContract.MultiInsNO' located by 'By.xpath: //*[@id = 'item_1-label']' not found)]]></system-err>
   </testsuite>
</testsuites>
