<?xml version="1.0" encoding="UTF-8"?>
<testsuites name="Flagler_EquipmentTestSuite" time="121" tests="0" failures="1" errors="0">
   <testsuite name="Flagler_EquipmentTestSuite" tests="0" failures="1" errors="0" time="121" timestamp="2017-11-30 15:33:10" hostname="rgajbhiye - EET-RG.e-emphasys.com" id="Test Suites/Flagler_EquipmentTestSuite">
      <properties>
         <property name="deviceName" value=""/>
         <property name="devicePlatform" value=""/>
         <property name="logFolder" value="C:\\Users\\rgajbhiye\\git\\FlaglerCC\\Reports\\Flagler_EquipmentTestSuite\\20171130_153256"/>
         <property name="logFiles" value="C:\\Users\\rgajbhiye\\git\\FlaglerCC\\Reports\\Flagler_EquipmentTestSuite\\20171130_153256\\execution0.log"/>
         <property name="attachments" value="C:\\Users\\rgajbhiye\\git\\FlaglerCC\\Reports\\Flagler_EquipmentTestSuite\\20171130_153256\\1512036302538.png"/>
         <property name="hostName" value="rgajbhiye - EET-RG.e-emphasys.com"/>
         <property name="os" value="Windows 7 64bit"/>
         <property name="katalonVersion" value="5.0.0.1"/>
         <property name="browser" value="Firefox 43.0"/>
         <property name="hostAddress" value="192.168.25.107"/>
         <property name="sessionId" value="ccbaeffd-dce0-4b99-97f5-e5d1e34c6b0c"/>
         <property name="seleniumVersion" value="2.53.0"/>
         <property name="proxyInformation" value="ProxyInformation{proxyOption=NO_PROXY, proxyServerType=, password=, proxyServerAddress=, proxyServerPort=0}"/>
         <property name="platform" value="Windows 7"/>
      </properties>
      <testcase name="Test Cases/Equipment/CreditCardRegression/TC001_EquipmentSalesAgreement_DiffGateway" classname="Test Cases/Equipment/CreditCardRegression/TC001_EquipmentSalesAgreement_DiffGateway" status="FAILED">
         <failure type="FAILED" message="Unable to click on object 'Object Repository/Equipment/EquipmentSales/EquipSalesOrderLines/EquipSalesOrder_taxok' (Root cause: com.kms.katalon.core.webui.exception.WebElementNotFoundException: Web element with id: 'Object Repository/Equipment/EquipmentSales/EquipSalesOrderLines/EquipSalesOrder_taxok' located by 'By.xpath: //*[@id = 'dlg-tdext8171s000-3-input-button-0']' not found)"/>
         <system-out><![CDATA[2017-11-30 15:33:11 - [TEST_CASE][FAILED] - Test Cases/Equipment/CreditCardRegression/TC001_EquipmentSalesAgreement_DiffGateway: Test Cases/Equipment/CreditCardRegression/TC001_EquipmentSalesAgreement_DiffGateway FAILED because (of) Unable to click on object 'Object Repository/Equipment/EquipmentSales/EquipSalesOrderLines/EquipSalesOrder_taxok' (Root cause: com.kms.katalon.core.webui.exception.WebElementNotFoundException: Web element with id: 'Object Repository/Equipment/EquipmentSales/EquipSalesOrderLines/EquipSalesOrder_taxok' located by 'By.xpath: //*[@id = 'dlg-tdext8171s000-3-input-button-0']' not found)

2017-11-30 15:33:12 - [TEST_STEP][NOT_RUN] - callTestCase: NOT_RUN: callTestCase

2017-11-30 15:33:12 - [MESSAGE][NOT_RUN] - NOT_RUN: callTestCase

2017-11-30 15:33:12 - [TEST_STEP][PASSED] - callTestCase: Call Test Case 'Test Cases/Equipment/Base_EquipmentSales/Base_Equipement_CreateHeader' successfully

2017-11-30 15:33:12 - [TEST_CASE][PASSED] - Test Cases/Equipment/Base_EquipmentSales/Base_Equipement_CreateHeader: Test Cases/Equipment/Base_EquipmentSales/Base_Equipement_CreateHeader

2017-11-30 15:33:13 - [TEST_STEP][PASSED] - callTestCase: Call Test Case 'Test Cases/Common/Base_Common_OpenSession' successfully

2017-11-30 15:33:13 - [TEST_CASE][PASSED] - Test Cases/Common/Base_Common_OpenSession: Test Cases/Common/Base_Common_OpenSession

2017-11-30 15:33:13 - [TEST_STEP][PASSED] - openBrowser: Browser is opened with url: 'http://baan:3Xtend27$13@192.168.20.241:8312/webui/servlet/login'

2017-11-30 15:33:27 - [MESSAGE][PASSED] - Browser is opened with url: 'http://baan:3Xtend27$13@192.168.20.241:8312/webui/servlet/login'

2017-11-30 15:33:27 - [TEST_STEP][PASSED] - waitForPageLoad: Wait for page load successfully

2017-11-30 15:33:27 - [MESSAGE][PASSED] - Wait for page load successfully

2017-11-30 15:33:27 - [TEST_STEP][PASSED] - maximizeWindow: Current window maximized

2017-11-30 15:33:27 - [MESSAGE][PASSED] - Current window maximized

2017-11-30 15:33:27 - [TEST_STEP][PASSED] - click: Object: 'Object Repository/Common/HomePage/HomePage_more' is clicked on

2017-11-30 15:33:30 - [MESSAGE][PASSED] - Object: 'Object Repository/Common/HomePage/HomePage_more' is clicked on

2017-11-30 15:33:30 - [TEST_STEP][PASSED] - click: Object: 'Object Repository/Common/HomePage/HomePage_Option' is clicked on

2017-11-30 15:33:30 - [MESSAGE][PASSED] - Object: 'Object Repository/Common/HomePage/HomePage_Option' is clicked on

2017-11-30 15:33:30 - [TEST_STEP][PASSED] - click: Object: 'Object Repository/Common/HomePage/HomePage_RunProgram_' is clicked on

2017-11-30 15:33:30 - [MESSAGE][PASSED] - Object: 'Object Repository/Common/HomePage/HomePage_RunProgram_' is clicked on

2017-11-30 15:33:30 - [TEST_STEP][PASSED] - sendKeys: Keys 'tdext8570m000' sent to object: 'Object Repository/Common/HomePage/HomePage_Session_ID'

2017-11-30 15:33:31 - [MESSAGE][PASSED] - Keys 'tdext8570m000' sent to object: 'Object Repository/Common/HomePage/HomePage_Session_ID'

2017-11-30 15:33:31 - [TEST_STEP][PASSED] - click: Object: 'Object Repository/Common/HomePage/HomePage_OkButton' is clicked on

2017-11-30 15:33:31 - [MESSAGE][PASSED] - Object: 'Object Repository/Common/HomePage/HomePage_OkButton' is clicked on

2017-11-30 15:33:31 - [MESSAGE][PASSED] - Call Test Case 'Test Cases/Common/Base_Common_OpenSession' successfully

2017-11-30 15:33:31 - [TEST_STEP][PASSED] - waitForElementPresent: Object 'Object Repository/Equipment/EquipmentSales/EquipmentSalesAgreementHeader/EquipmentSalesOrder_MMT_New' is present

2017-11-30 15:33:34 - [MESSAGE][PASSED] - Object 'Object Repository/Equipment/EquipmentSales/EquipmentSalesAgreementHeader/EquipmentSalesOrder_MMT_New' is present

2017-11-30 15:33:34 - [TEST_STEP][PASSED] - click: Object: 'Object Repository/Equipment/EquipmentSales/EquipmentSalesAgreementHeader/EquipmentSalesOrder_MMT_New' is clicked on

2017-11-30 15:33:36 - [MESSAGE][PASSED] - Object: 'Object Repository/Equipment/EquipmentSales/EquipmentSalesAgreementHeader/EquipmentSalesOrder_MMT_New' is clicked on

2017-11-30 15:33:36 - [TEST_STEP][PASSED] - setText: Text 'BP0004776' is set on object 'Object Repository/Equipment/EquipmentSales/EquipmentSalesAgreementHeader/EquipmentSalesOrder_Customer'

2017-11-30 15:33:38 - [MESSAGE][PASSED] - Text 'BP0004776' is set on object 'Object Repository/Equipment/EquipmentSales/EquipmentSalesAgreementHeader/EquipmentSalesOrder_Customer'

2017-11-30 15:33:38 - [TEST_STEP][PASSED] - doubleClick: Object: 'Object Repository/Equipment/EquipmentSales/EquipmentSalesAgreementHeader/EquipmentSalesOrder_DeliveryDate' is double clicked on

2017-11-30 15:33:38 - [MESSAGE][PASSED] - Object: 'Object Repository/Equipment/EquipmentSales/EquipmentSalesAgreementHeader/EquipmentSalesOrder_DeliveryDate' is double clicked on

2017-11-30 15:33:38 - [TEST_STEP][PASSED] - delay: Delayed 2 second(s)

2017-11-30 15:33:40 - [MESSAGE][PASSED] - Delayed 2 second(s)

2017-11-30 15:33:40 - [TEST_STEP][PASSED] - sendKeys: Keys '+10' sent to object: 'Object Repository/Equipment/EquipmentSales/EquipmentSalesAgreementHeader/EquipmentSalesOrder_DeliveryDate'

2017-11-30 15:33:41 - [MESSAGE][PASSED] - Keys '+10' sent to object: 'Object Repository/Equipment/EquipmentSales/EquipmentSalesAgreementHeader/EquipmentSalesOrder_DeliveryDate'

2017-11-30 15:33:41 - [TEST_STEP][PASSED] - click: Object: 'Object Repository/Equipment/EquipmentSales/EquipmentSalesAgreementHeader/ESO_Header_Tax' is clicked on

2017-11-30 15:33:41 - [MESSAGE][PASSED] - Object: 'Object Repository/Equipment/EquipmentSales/EquipmentSalesAgreementHeader/ESO_Header_Tax' is clicked on

2017-11-30 15:33:41 - [TEST_STEP][PASSED] - click: Object: 'Object Repository/Equipment/EquipmentSales/EquipmentSalesAgreementHeader/EquipmentSalesOrder_OtherDetailsTab' is clicked on

2017-11-30 15:33:41 - [MESSAGE][PASSED] - Object: 'Object Repository/Equipment/EquipmentSales/EquipmentSalesAgreementHeader/EquipmentSalesOrder_OtherDetailsTab' is clicked on

2017-11-30 15:33:41 - [TEST_STEP][PASSED] - delay: Delayed 3 second(s)

2017-11-30 15:33:44 - [MESSAGE][PASSED] - Delayed 3 second(s)

2017-11-30 15:33:44 - [TEST_STEP][PASSED] - click: Object: 'Object Repository/Equipment/EquipmentSales/EquipmentSalesAgreementHeader/EquipmentSalesOrder_PaymentMethod' is clicked on

2017-11-30 15:33:46 - [MESSAGE][PASSED] - Object: 'Object Repository/Equipment/EquipmentSales/EquipmentSalesAgreementHeader/EquipmentSalesOrder_PaymentMethod' is clicked on

2017-11-30 15:33:46 - [TEST_STEP][PASSED] - click: Object: 'Object Repository/Equipment/EquipmentSales/EquipmentSalesAgreementHeader/EquimentSalesOrder_CreditCardOption' is clicked on

2017-11-30 15:33:48 - [MESSAGE][PASSED] - Object: 'Object Repository/Equipment/EquipmentSales/EquipmentSalesAgreementHeader/EquimentSalesOrder_CreditCardOption' is clicked on

2017-11-30 15:33:48 - [TEST_STEP][PASSED] - click: Object: 'Object Repository/Equipment/EquipmentSales/EquipmentSalesAgreementHeader/EquipmentSaleOrder_Save' is clicked on

2017-11-30 15:33:49 - [MESSAGE][PASSED] - Object: 'Object Repository/Equipment/EquipmentSales/EquipmentSalesAgreementHeader/EquipmentSaleOrder_Save' is clicked on

2017-11-30 15:33:49 - [TEST_STEP][PASSED] - click: Object: 'Object Repository/Equipment/EquipmentSales/EquipmentSalesAgreementHeader/EquipmentSalesOrder_DetailsTab' is clicked on

2017-11-30 15:33:50 - [MESSAGE][PASSED] - Object: 'Object Repository/Equipment/EquipmentSales/EquipmentSalesAgreementHeader/EquipmentSalesOrder_DetailsTab' is clicked on

2017-11-30 15:33:50 - [TEST_STEP][PASSED] - delay: Delayed 5 second(s)

2017-11-30 15:33:55 - [MESSAGE][PASSED] - Delayed 5 second(s)

2017-11-30 15:33:55 - [TEST_STEP][PASSED] - Statement - G_Part_PSO = com.kms.katalon.core.webui.keyword.WebUiBuiltInKeywords.getAttribute(com.kms.katalon.core.testobject.ObjectRepository.findTestObject(Equipment/EquipmentSales/EquipmentSalesAgreementHeader/EquipmentSaleOrder_OrderNo), "value"): Attribute 'value' of object 'Object Repository/Equipment/EquipmentSales/EquipmentSalesAgreementHeader/EquipmentSaleOrder_OrderNo' is: 'ESA000739'

2017-11-30 15:33:55 - [MESSAGE][PASSED] - Attribute 'value' of object 'Object Repository/Equipment/EquipmentSales/EquipmentSalesAgreementHeader/EquipmentSaleOrder_OrderNo' is: 'ESA000739'

2017-11-30 15:33:55 - [MESSAGE][PASSED] - Call Test Case 'Test Cases/Equipment/Base_EquipmentSales/Base_Equipement_CreateHeader' successfully

2017-11-30 15:33:55 - [TEST_STEP][FAILED] - callTestCase: Unable to call Test Case with id 'Test Cases/Equipment/Base_EquipmentSales/Base_EquipmentSalesAddLine' (Root cause: Call Test Case 'Test Cases/Equipment/Base_EquipmentSales/Base_EquipmentSalesAddLine' failed)

2017-11-30 15:33:55 - [TEST_CASE][FAILED] - Test Cases/Equipment/Base_EquipmentSales/Base_EquipmentSalesAddLine: Test Cases/Equipment/Base_EquipmentSales/Base_EquipmentSalesAddLine FAILED because (of) Unable to click on object 'Object Repository/Equipment/EquipmentSales/EquipSalesOrderLines/EquipSalesOrder_taxok' (Root cause: com.kms.katalon.core.webui.exception.WebElementNotFoundException: Web element with id: 'Object Repository/Equipment/EquipmentSales/EquipSalesOrderLines/EquipSalesOrder_taxok' located by 'By.xpath: //*[@id = 'dlg-tdext8171s000-3-input-button-0']' not found)

2017-11-30 15:33:55 - [TEST_STEP][PASSED] - click: Object: 'Object Repository/Equipment/EquipmentSales/EquipmentSalesAgreementHeader/EquipSalesOrder_Action' is clicked on

2017-11-30 15:33:56 - [MESSAGE][PASSED] - Object: 'Object Repository/Equipment/EquipmentSales/EquipmentSalesAgreementHeader/EquipSalesOrder_Action' is clicked on

2017-11-30 15:33:56 - [TEST_STEP][PASSED] - click: Object: 'Object Repository/Equipment/EquipmentSales/EquipmentSalesAgreementHeader/EquipSalesOrder_SalesOrderLine' is clicked on

2017-11-30 15:33:56 - [MESSAGE][PASSED] - Object: 'Object Repository/Equipment/EquipmentSales/EquipmentSalesAgreementHeader/EquipSalesOrder_SalesOrderLine' is clicked on

2017-11-30 15:33:56 - [TEST_STEP][PASSED] - waitForElementPresent: Object 'Object Repository/Equipment/EquipmentSales/EquipSalesOrderLines/EquipSaleOrderLine_New' is present

2017-11-30 15:33:58 - [MESSAGE][PASSED] - Object 'Object Repository/Equipment/EquipmentSales/EquipSalesOrderLines/EquipSaleOrderLine_New' is present

2017-11-30 15:33:58 - [TEST_STEP][PASSED] - click: Object: 'Object Repository/Equipment/EquipmentSales/EquipSalesOrderLines/EquipSaleOrderLine_New' is clicked on

2017-11-30 15:33:58 - [MESSAGE][PASSED] - Object: 'Object Repository/Equipment/EquipmentSales/EquipSalesOrderLines/EquipSaleOrderLine_New' is clicked on

2017-11-30 15:33:58 - [TEST_STEP][PASSED] - waitForElementPresent: Object 'Object Repository/Equipment/EquipmentSales/EquipSalesOrderLines/EquipSalesOrder_Model' is present

2017-11-30 15:34:00 - [MESSAGE][PASSED] - Object 'Object Repository/Equipment/EquipmentSales/EquipSalesOrderLines/EquipSalesOrder_Model' is present

2017-11-30 15:34:00 - [TEST_STEP][PASSED] - doubleClick: Object: 'Object Repository/Equipment/EquipmentSales/EquipSalesOrderLines/EquipSalesOrder_Model' is double clicked on

2017-11-30 15:34:00 - [MESSAGE][PASSED] - Object: 'Object Repository/Equipment/EquipmentSales/EquipSalesOrderLines/EquipSalesOrder_Model' is double clicked on

2017-11-30 15:34:00 - [TEST_STEP][PASSED] - delay: Delayed 2 second(s)

2017-11-30 15:34:02 - [MESSAGE][PASSED] - Delayed 2 second(s)

2017-11-30 15:34:02 - [TEST_STEP][PASSED] - sendKeys: Keys '1042' sent to object: 'Object Repository/Equipment/EquipmentSales/EquipSalesOrderLines/EquipSalesOrder_Model'

2017-11-30 15:34:02 - [MESSAGE][PASSED] - Keys '1042' sent to object: 'Object Repository/Equipment/EquipmentSales/EquipSalesOrderLines/EquipSalesOrder_Model'

2017-11-30 15:34:02 - [TEST_STEP][PASSED] - doubleClick: Object: 'Object Repository/Equipment/EquipmentSales/EquipSalesOrderLines/ESO_Line_Unit' is double clicked on

2017-11-30 15:34:02 - [MESSAGE][PASSED] - Object: 'Object Repository/Equipment/EquipmentSales/EquipSalesOrderLines/ESO_Line_Unit' is double clicked on

2017-11-30 15:34:02 - [TEST_STEP][PASSED] - delay: Delayed 2 second(s)

2017-11-30 15:34:04 - [MESSAGE][PASSED] - Delayed 2 second(s)

2017-11-30 15:34:04 - [TEST_STEP][PASSED] - sendKeys: Keys 'EQ1402780' sent to object: 'Object Repository/Equipment/EquipmentSales/EquipSalesOrderLines/ESO_Line_Unit'

2017-11-30 15:34:04 - [MESSAGE][PASSED] - Keys 'EQ1402780' sent to object: 'Object Repository/Equipment/EquipmentSales/EquipSalesOrderLines/ESO_Line_Unit'

2017-11-30 15:34:04 - [TEST_STEP][PASSED] - doubleClick: Object: 'Object Repository/Equipment/EquipmentSales/EquipSalesOrderLines/EquipSalesOrder_Price' is double clicked on

2017-11-30 15:34:05 - [MESSAGE][PASSED] - Object: 'Object Repository/Equipment/EquipmentSales/EquipSalesOrderLines/EquipSalesOrder_Price' is double clicked on

2017-11-30 15:34:05 - [TEST_STEP][PASSED] - delay: Delayed 2 second(s)

2017-11-30 15:34:07 - [MESSAGE][PASSED] - Delayed 2 second(s)

2017-11-30 15:34:07 - [TEST_STEP][PASSED] - setText: Text '10' is set on object 'Object Repository/Equipment/EquipmentSales/EquipSalesOrderLines/EquipSalesOrder_Price'

2017-11-30 15:34:07 - [MESSAGE][PASSED] - Text '10' is set on object 'Object Repository/Equipment/EquipmentSales/EquipSalesOrderLines/EquipSalesOrder_Price'

2017-11-30 15:34:07 - [TEST_STEP][PASSED] - click: Object: 'Object Repository/Equipment/EquipmentSales/EquipSalesOrderLines/EquipSaleOrder_Save' is clicked on

2017-11-30 15:34:07 - [MESSAGE][PASSED] - Object: 'Object Repository/Equipment/EquipmentSales/EquipSalesOrderLines/EquipSaleOrder_Save' is clicked on

2017-11-30 15:34:07 - [TEST_STEP][PASSED] - waitForElementPresent: Object 'Object Repository/Equipment/EquipmentSales/EquipSalesOrderLines/EquipSalesOrder_taxok' is not present after 20 second(s)

2017-11-30 15:34:30 - [MESSAGE][WARNING] - Object 'Object Repository/Equipment/EquipmentSales/EquipSalesOrderLines/EquipSalesOrder_taxok' is not present after 20 second(s)

2017-11-30 15:34:30 - [TEST_STEP][FAILED] - click: Unable to click on object 'Object Repository/Equipment/EquipmentSales/EquipSalesOrderLines/EquipSalesOrder_taxok' (Root cause: com.kms.katalon.core.webui.exception.WebElementNotFoundException: Web element with id: 'Object Repository/Equipment/EquipmentSales/EquipSalesOrderLines/EquipSalesOrder_taxok' located by 'By.xpath: //*[@id = 'dlg-tdext8171s000-3-input-button-0']' not found)

2017-11-30 15:35:02 - [MESSAGE][FAILED] - Unable to click on object 'Object Repository/Equipment/EquipmentSales/EquipSalesOrderLines/EquipSalesOrder_taxok' (Root cause: com.kms.katalon.core.webui.exception.WebElementNotFoundException: Web element with id: 'Object Repository/Equipment/EquipmentSales/EquipSalesOrderLines/EquipSalesOrder_taxok' located by 'By.xpath: //*[@id = 'dlg-tdext8171s000-3-input-button-0']' not found)
[[ATTACHMENT|C:\\Users\\rgajbhiye\\git\\FlaglerCC\\Reports\\Flagler_EquipmentTestSuite\\20171130_153256\\1512036302538.png]]

2017-11-30 15:35:02 - [TEST_STEP][NOT_RUN] - click: NOT_RUN: click

2017-11-30 15:35:02 - [MESSAGE][NOT_RUN] - NOT_RUN: click

2017-11-30 15:35:02 - [TEST_STEP][PASSED] - delay: Delayed 2 second(s)

2017-11-30 15:35:04 - [MESSAGE][PASSED] - Delayed 2 second(s)

2017-11-30 15:35:04 - [TEST_STEP][PASSED] - click: Object: 'Object Repository/Equipment/EquipmentSales/EquipSalesOrderLines/EquipSaleOrder_SavenClose' is clicked on

2017-11-30 15:35:04 - [MESSAGE][PASSED] - Object: 'Object Repository/Equipment/EquipmentSales/EquipSalesOrderLines/EquipSaleOrder_SavenClose' is clicked on

2017-11-30 15:35:04 - [TEST_STEP][PASSED] - delay: Delayed 2 second(s)

2017-11-30 15:35:06 - [MESSAGE][PASSED] - Delayed 2 second(s)

2017-11-30 15:35:06 - [TEST_STEP][PASSED] - click: Object: 'Object Repository/Equipment/EquipmentSales/EquipmentSalesAgreementHeader/EquipSalesOrder_MMTsavenClose' is clicked on

2017-11-30 15:35:07 - [MESSAGE][PASSED] - Object: 'Object Repository/Equipment/EquipmentSales/EquipmentSalesAgreementHeader/EquipSalesOrder_MMTsavenClose' is clicked on

2017-11-30 15:35:07 - [MESSAGE][FAILED] - Unable to call Test Case with id 'Test Cases/Equipment/Base_EquipmentSales/Base_EquipmentSalesAddLine' (Root cause: Call Test Case 'Test Cases/Equipment/Base_EquipmentSales/Base_EquipmentSalesAddLine' failed)]]></system-out>
         <system-err><![CDATA[2017-11-30 15:33:11 - [TEST_CASE][FAILED] - Test Cases/Equipment/CreditCardRegression/TC001_EquipmentSalesAgreement_DiffGateway: Test Cases/Equipment/CreditCardRegression/TC001_EquipmentSalesAgreement_DiffGateway FAILED because (of) Unable to click on object 'Object Repository/Equipment/EquipmentSales/EquipSalesOrderLines/EquipSalesOrder_taxok' (Root cause: com.kms.katalon.core.webui.exception.WebElementNotFoundException: Web element with id: 'Object Repository/Equipment/EquipmentSales/EquipSalesOrderLines/EquipSalesOrder_taxok' located by 'By.xpath: //*[@id = 'dlg-tdext8171s000-3-input-button-0']' not found)]]></system-err>
      </testcase>
      <system-out><![CDATA[2017-11-30 15:33:10 - [TEST_SUITE][FAILED] - Flagler_EquipmentTestSuite: Test Cases/Equipment/CreditCardRegression/TC001_EquipmentSalesAgreement_DiffGateway FAILED because (of) Unable to click on object 'Object Repository/Equipment/EquipmentSales/EquipSalesOrderLines/EquipSalesOrder_taxok' (Root cause: com.kms.katalon.core.webui.exception.WebElementNotFoundException: Web element with id: 'Object Repository/Equipment/EquipmentSales/EquipSalesOrderLines/EquipSalesOrder_taxok' located by 'By.xpath: //*[@id = 'dlg-tdext8171s000-3-input-button-0']' not found)]]></system-out>
      <system-err><![CDATA[2017-11-30 15:33:10 - [TEST_SUITE][FAILED] - Flagler_EquipmentTestSuite: Test Cases/Equipment/CreditCardRegression/TC001_EquipmentSalesAgreement_DiffGateway FAILED because (of) Unable to click on object 'Object Repository/Equipment/EquipmentSales/EquipSalesOrderLines/EquipSalesOrder_taxok' (Root cause: com.kms.katalon.core.webui.exception.WebElementNotFoundException: Web element with id: 'Object Repository/Equipment/EquipmentSales/EquipSalesOrderLines/EquipSalesOrder_taxok' located by 'By.xpath: //*[@id = 'dlg-tdext8171s000-3-input-button-0']' not found)]]></system-err>
   </testsuite>
</testsuites>
