<?xml version="1.0" encoding="UTF-8"?>
<testsuites name="Flagler_EquipmentTestSuite" time="390" tests="0" failures="1" errors="0">
   <testsuite name="Flagler_EquipmentTestSuite" tests="0" failures="1" errors="0" time="390" timestamp="2017-12-01 11:41:29" hostname="rgajbhiye - EET-RG.e-emphasys.com" id="Test Suites/Flagler_EquipmentTestSuite">
      <properties>
         <property name="deviceName" value=""/>
         <property name="devicePlatform" value=""/>
         <property name="logFolder" value="C:\\Users\\rgajbhiye\\git\\FlaglerCC\\Reports\\Flagler_EquipmentTestSuite\\20171201_114121"/>
         <property name="logFiles" value="C:\\Users\\rgajbhiye\\git\\FlaglerCC\\Reports\\Flagler_EquipmentTestSuite\\20171201_114121\\execution0.log"/>
         <property name="attachments" value="C:\\Users\\rgajbhiye\\git\\FlaglerCC\\Reports\\Flagler_EquipmentTestSuite\\20171201_114121\\1512109062260.png"/>
         <property name="hostName" value="rgajbhiye - EET-RG.e-emphasys.com"/>
         <property name="os" value="Windows 7 64bit"/>
         <property name="katalonVersion" value="5.0.0.1"/>
         <property name="browser" value="Firefox 43.0"/>
         <property name="hostAddress" value="192.168.25.107"/>
         <property name="sessionId" value="a735cfcf-4923-4131-846e-88911d1fe6b9"/>
         <property name="seleniumVersion" value="2.53.0"/>
         <property name="proxyInformation" value="ProxyInformation{proxyOption=NO_PROXY, proxyServerType=, password=, proxyServerAddress=, proxyServerPort=0}"/>
         <property name="platform" value="Windows 7"/>
      </properties>
      <testcase name="Test Cases/Equipment/CreditCardRegression/TC001_EquipmentSalesAgreement_DiffGateway" classname="Test Cases/Equipment/CreditCardRegression/TC001_EquipmentSalesAgreement_DiffGateway" status="FAILED">
         <failure type="FAILED" message="Unable to set text 'D' of object 'Object Repository/Equipment/EquipmentSales/EquipmentSalesInvoiceCC/EPO_Invoice_Device' (Root cause: org.openqa.selenium.ElementNotVisibleException: Element is not currently visible and so may not be interacted with
Command duration or timeout: 26 milliseconds
Build info: version: '2.53.0', revision: '35ae25b', time: '2016-03-15 17:00:58'
System info: host: 'EET-RG', ip: '192.168.25.107', os.name: 'Windows 7', os.arch: 'amd64', os.version: '6.1', java.version: '1.8.0_102'
Driver info: com.kms.katalon.selenium.driver.CFirefoxDriver
Capabilities [{applicationCacheEnabled=true, rotatable=false, handlesAlerts=true, databaseEnabled=true, version=43.0.1, platform=WINDOWS, nativeEvents=false, acceptSslCerts=true, webStorageEnabled=true, locationContextEnabled=true, browserName=firefox, takesScreenshot=true, javascriptEnabled=true, cssSelectorsEnabled=true}]
Session ID: a735cfcf-4923-4131-846e-88911d1fe6b9)"/>
         <system-out><![CDATA[2017-12-01 11:41:29 - [TEST_CASE][FAILED] - Test Cases/Equipment/CreditCardRegression/TC001_EquipmentSalesAgreement_DiffGateway: Test Cases/Equipment/CreditCardRegression/TC001_EquipmentSalesAgreement_DiffGateway FAILED because (of) Unable to set text 'D' of object 'Object Repository/Equipment/EquipmentSales/EquipmentSalesInvoiceCC/EPO_Invoice_Device' (Root cause: org.openqa.selenium.ElementNotVisibleException: Element is not currently visible and so may not be interacted with
Command duration or timeout: 26 milliseconds
Build info: version: '2.53.0', revision: '35ae25b', time: '2016-03-15 17:00:58'
System info: host: 'EET-RG', ip: '192.168.25.107', os.name: 'Windows 7', os.arch: 'amd64', os.version: '6.1', java.version: '1.8.0_102'
Driver info: com.kms.katalon.selenium.driver.CFirefoxDriver
Capabilities [{applicationCacheEnabled=true, rotatable=false, handlesAlerts=true, databaseEnabled=true, version=43.0.1, platform=WINDOWS, nativeEvents=false, acceptSslCerts=true, webStorageEnabled=true, locationContextEnabled=true, browserName=firefox, takesScreenshot=true, javascriptEnabled=true, cssSelectorsEnabled=true}]
Session ID: a735cfcf-4923-4131-846e-88911d1fe6b9)

2017-12-01 11:41:30 - [TEST_STEP][PASSED] - callTestCase: Call Test Case 'Test Cases/Equipment/Base_EquipmentPurchase/EPO_CreateNrecieve' successfully

2017-12-01 11:41:30 - [TEST_CASE][PASSED] - Test Cases/Equipment/Base_EquipmentPurchase/EPO_CreateNrecieve: Test Cases/Equipment/Base_EquipmentPurchase/EPO_CreateNrecieve

2017-12-01 11:41:30 - [TEST_STEP][PASSED] - callTestCase: Call Test Case 'Test Cases/Equipment/Base_EquipmentPurchase/Base_EPO_CreateHeaderNline' successfully

2017-12-01 11:41:30 - [TEST_CASE][PASSED] - Test Cases/Equipment/Base_EquipmentPurchase/Base_EPO_CreateHeaderNline: Test Cases/Equipment/Base_EquipmentPurchase/Base_EPO_CreateHeaderNline

2017-12-01 11:41:31 - [TEST_STEP][PASSED] - callTestCase: Call Test Case 'Test Cases/Common/Base_Common_OpenSession' successfully

2017-12-01 11:41:31 - [TEST_CASE][PASSED] - Test Cases/Common/Base_Common_OpenSession: Test Cases/Common/Base_Common_OpenSession

2017-12-01 11:41:31 - [TEST_STEP][PASSED] - openBrowser: Browser is opened with url: 'http://baan:3Xtend27$13@192.168.20.241:8312/webui/servlet/login'

2017-12-01 11:41:47 - [MESSAGE][PASSED] - Browser is opened with url: 'http://baan:3Xtend27$13@192.168.20.241:8312/webui/servlet/login'

2017-12-01 11:41:47 - [TEST_STEP][PASSED] - waitForPageLoad: Wait for page load successfully

2017-12-01 11:41:47 - [MESSAGE][PASSED] - Wait for page load successfully

2017-12-01 11:41:47 - [TEST_STEP][PASSED] - maximizeWindow: Current window maximized

2017-12-01 11:41:47 - [MESSAGE][PASSED] - Current window maximized

2017-12-01 11:41:47 - [TEST_STEP][PASSED] - click: Object: 'Object Repository/Common/HomePage/HomePage_more' is clicked on

2017-12-01 11:41:50 - [MESSAGE][PASSED] - Object: 'Object Repository/Common/HomePage/HomePage_more' is clicked on

2017-12-01 11:41:50 - [TEST_STEP][PASSED] - click: Object: 'Object Repository/Common/HomePage/HomePage_Option' is clicked on

2017-12-01 11:41:50 - [MESSAGE][PASSED] - Object: 'Object Repository/Common/HomePage/HomePage_Option' is clicked on

2017-12-01 11:41:50 - [TEST_STEP][PASSED] - click: Object: 'Object Repository/Common/HomePage/HomePage_RunProgram_' is clicked on

2017-12-01 11:41:50 - [MESSAGE][PASSED] - Object: 'Object Repository/Common/HomePage/HomePage_RunProgram_' is clicked on

2017-12-01 11:41:50 - [TEST_STEP][PASSED] - sendKeys: Keys 'tdext8150s000' sent to object: 'Object Repository/Common/HomePage/HomePage_Session_ID'

2017-12-01 11:41:51 - [MESSAGE][PASSED] - Keys 'tdext8150s000' sent to object: 'Object Repository/Common/HomePage/HomePage_Session_ID'

2017-12-01 11:41:51 - [TEST_STEP][PASSED] - click: Object: 'Object Repository/Common/HomePage/HomePage_OkButton' is clicked on

2017-12-01 11:41:51 - [MESSAGE][PASSED] - Object: 'Object Repository/Common/HomePage/HomePage_OkButton' is clicked on

2017-12-01 11:41:51 - [MESSAGE][PASSED] - Call Test Case 'Test Cases/Common/Base_Common_OpenSession' successfully

2017-12-01 11:41:51 - [TEST_STEP][PASSED] - waitForElementPresent: Object 'Object Repository/Equipment/EquipmentPurchase/EPO_Header/EPO_Header_New' is present

2017-12-01 11:41:53 - [MESSAGE][PASSED] - Object 'Object Repository/Equipment/EquipmentPurchase/EPO_Header/EPO_Header_New' is present

2017-12-01 11:41:53 - [TEST_STEP][PASSED] - click: Object: 'Object Repository/Equipment/EquipmentPurchase/EPO_Header/EPO_Header_New' is clicked on

2017-12-01 11:41:53 - [MESSAGE][PASSED] - Object: 'Object Repository/Equipment/EquipmentPurchase/EPO_Header/EPO_Header_New' is clicked on

2017-12-01 11:41:53 - [TEST_STEP][PASSED] - delay: Delayed 3 second(s)

2017-12-01 11:41:56 - [MESSAGE][PASSED] - Delayed 3 second(s)

2017-12-01 11:41:56 - [TEST_STEP][PASSED] - click: Object: 'Object Repository/Equipment/EquipmentPurchase/EPO_Header/EPO_Header_Customer' is clicked on

2017-12-01 11:41:56 - [MESSAGE][PASSED] - Object: 'Object Repository/Equipment/EquipmentPurchase/EPO_Header/EPO_Header_Customer' is clicked on

2017-12-01 11:41:56 - [TEST_STEP][PASSED] - setText: Text 'BP0009523' is set on object 'Object Repository/Equipment/EquipmentPurchase/EPO_Header/EPO_Header_Customer'

2017-12-01 11:41:57 - [MESSAGE][PASSED] - Text 'BP0009523' is set on object 'Object Repository/Equipment/EquipmentPurchase/EPO_Header/EPO_Header_Customer'

2017-12-01 11:41:57 - [TEST_STEP][PASSED] - click: Object: 'Object Repository/Equipment/EquipmentPurchase/EPO_Header/EPO_Header_Save' is clicked on

2017-12-01 11:41:57 - [MESSAGE][PASSED] - Object: 'Object Repository/Equipment/EquipmentPurchase/EPO_Header/EPO_Header_Save' is clicked on

2017-12-01 11:41:57 - [TEST_STEP][PASSED] - delay: Delayed 5 second(s)

2017-12-01 11:42:02 - [MESSAGE][PASSED] - Delayed 5 second(s)

2017-12-01 11:42:02 - [TEST_STEP][PASSED] - click: Object: 'Object Repository/Equipment/EquipmentPurchase/EPO_Header/EPO_Header_Action' is clicked on

2017-12-01 11:42:02 - [MESSAGE][PASSED] - Object: 'Object Repository/Equipment/EquipmentPurchase/EPO_Header/EPO_Header_Action' is clicked on

2017-12-01 11:42:02 - [TEST_STEP][PASSED] - click: Object: 'Object Repository/Equipment/EquipmentPurchase/EPO_Header/EPO_Header_Action_OrderLines' is clicked on

2017-12-01 11:42:02 - [MESSAGE][PASSED] - Object: 'Object Repository/Equipment/EquipmentPurchase/EPO_Header/EPO_Header_Action_OrderLines' is clicked on

2017-12-01 11:42:02 - [TEST_STEP][PASSED] - waitForElementPresent: Object 'Object Repository/Equipment/EquipmentPurchase/EPO_Line/EPO_MultiLine_New' is present

2017-12-01 11:42:04 - [MESSAGE][PASSED] - Object 'Object Repository/Equipment/EquipmentPurchase/EPO_Line/EPO_MultiLine_New' is present

2017-12-01 11:42:04 - [TEST_STEP][PASSED] - click: Object: 'Object Repository/Equipment/EquipmentPurchase/EPO_Line/EPO_MultiLine_New' is clicked on

2017-12-01 11:42:05 - [MESSAGE][PASSED] - Object: 'Object Repository/Equipment/EquipmentPurchase/EPO_Line/EPO_MultiLine_New' is clicked on

2017-12-01 11:42:05 - [TEST_STEP][PASSED] - waitForElementPresent: Object 'Object Repository/Equipment/EquipmentPurchase/EPO_Line/EPO_Line_Model' is present

2017-12-01 11:42:06 - [MESSAGE][PASSED] - Object 'Object Repository/Equipment/EquipmentPurchase/EPO_Line/EPO_Line_Model' is present

2017-12-01 11:42:06 - [TEST_STEP][PASSED] - doubleClick: Object: 'Object Repository/Equipment/EquipmentPurchase/EPO_Line/EPO_Line_Model' is double clicked on

2017-12-01 11:42:06 - [MESSAGE][PASSED] - Object: 'Object Repository/Equipment/EquipmentPurchase/EPO_Line/EPO_Line_Model' is double clicked on

2017-12-01 11:42:06 - [TEST_STEP][PASSED] - delay: Delayed 2 second(s)

2017-12-01 11:42:08 - [MESSAGE][PASSED] - Delayed 2 second(s)

2017-12-01 11:42:08 - [TEST_STEP][PASSED] - sendKeys: Keys '1042' sent to object: 'Object Repository/Equipment/EquipmentPurchase/EPO_Line/EPO_Line_Model'

2017-12-01 11:42:08 - [MESSAGE][PASSED] - Keys '1042' sent to object: 'Object Repository/Equipment/EquipmentPurchase/EPO_Line/EPO_Line_Model'

2017-12-01 11:42:08 - [TEST_STEP][PASSED] - click: Object: 'Object Repository/Equipment/EquipmentPurchase/EPO_Line/EPO_Line_NeworUsed' is clicked on

2017-12-01 11:42:09 - [MESSAGE][PASSED] - Object: 'Object Repository/Equipment/EquipmentPurchase/EPO_Line/EPO_Line_NeworUsed' is clicked on

2017-12-01 11:42:09 - [TEST_STEP][PASSED] - click: Object: 'Object Repository/Equipment/EquipmentPurchase/EPO_Line/EPO_Line_NewEquipOption' is clicked on

2017-12-01 11:42:09 - [MESSAGE][PASSED] - Object: 'Object Repository/Equipment/EquipmentPurchase/EPO_Line/EPO_Line_NewEquipOption' is clicked on

2017-12-01 11:42:09 - [TEST_STEP][PASSED] - click: Object: 'Object Repository/Equipment/EquipmentPurchase/EPO_Line/EPO_Line_PlannedDate' is clicked on

2017-12-01 11:42:09 - [MESSAGE][PASSED] - Object: 'Object Repository/Equipment/EquipmentPurchase/EPO_Line/EPO_Line_PlannedDate' is clicked on

2017-12-01 11:42:09 - [TEST_STEP][PASSED] - delay: Delayed 2 second(s)

2017-12-01 11:42:11 - [MESSAGE][PASSED] - Delayed 2 second(s)

2017-12-01 11:42:11 - [TEST_STEP][PASSED] - setText: Text '+10' is set on object 'Object Repository/Equipment/EquipmentPurchase/EPO_Line/EPO_Line_PlannedDate'

2017-12-01 11:42:11 - [MESSAGE][PASSED] - Text '+10' is set on object 'Object Repository/Equipment/EquipmentPurchase/EPO_Line/EPO_Line_PlannedDate'

2017-12-01 11:42:11 - [TEST_STEP][PASSED] - delay: Delayed 2 second(s)

2017-12-01 11:42:13 - [MESSAGE][PASSED] - Delayed 2 second(s)

2017-12-01 11:42:13 - [TEST_STEP][PASSED] - click: Object: 'Object Repository/Equipment/EquipmentPurchase/EPO_Line/EPO_Line_Price' is clicked on

2017-12-01 11:42:13 - [MESSAGE][PASSED] - Object: 'Object Repository/Equipment/EquipmentPurchase/EPO_Line/EPO_Line_Price' is clicked on

2017-12-01 11:42:13 - [TEST_STEP][PASSED] - delay: Delayed 2 second(s)

2017-12-01 11:42:15 - [MESSAGE][PASSED] - Delayed 2 second(s)

2017-12-01 11:42:15 - [TEST_STEP][PASSED] - sendKeys: Keys '100' sent to object: 'Object Repository/Equipment/EquipmentPurchase/EPO_Line/EPO_Line_Price'

2017-12-01 11:42:16 - [MESSAGE][PASSED] - Keys '100' sent to object: 'Object Repository/Equipment/EquipmentPurchase/EPO_Line/EPO_Line_Price'

2017-12-01 11:42:16 - [TEST_STEP][PASSED] - delay: Delayed 2 second(s)

2017-12-01 11:42:18 - [MESSAGE][PASSED] - Delayed 2 second(s)

2017-12-01 11:42:18 - [TEST_STEP][PASSED] - click: Object: 'Object Repository/Equipment/EquipmentPurchase/EPO_Line/EPO_Line_Save' is clicked on

2017-12-01 11:42:18 - [MESSAGE][PASSED] - Object: 'Object Repository/Equipment/EquipmentPurchase/EPO_Line/EPO_Line_Save' is clicked on

2017-12-01 11:42:18 - [TEST_STEP][NOT_RUN] - click: NOT_RUN: click

2017-12-01 11:42:18 - [MESSAGE][NOT_RUN] - NOT_RUN: click

2017-12-01 11:42:18 - [TEST_STEP][PASSED] - click: Object: 'Object Repository/Equipment/EquipmentPurchase/EPO_Line/EPO_Line_SaveNclose' is clicked on

2017-12-01 11:42:18 - [MESSAGE][PASSED] - Object: 'Object Repository/Equipment/EquipmentPurchase/EPO_Line/EPO_Line_SaveNclose' is clicked on

2017-12-01 11:42:18 - [TEST_STEP][PASSED] - delay: Delayed 2 second(s)

2017-12-01 11:42:20 - [MESSAGE][PASSED] - Delayed 2 second(s)

2017-12-01 11:42:20 - [TEST_STEP][PASSED] - click: Object: 'Object Repository/Equipment/EquipmentPurchase/EPO_Line/EPO_MultiLine_SavenClose' is clicked on

2017-12-01 11:42:20 - [MESSAGE][PASSED] - Object: 'Object Repository/Equipment/EquipmentPurchase/EPO_Line/EPO_MultiLine_SavenClose' is clicked on

2017-12-01 11:42:20 - [MESSAGE][PASSED] - Call Test Case 'Test Cases/Equipment/Base_EquipmentPurchase/Base_EPO_CreateHeaderNline' successfully

2017-12-01 11:42:20 - [TEST_STEP][PASSED] - callTestCase: Call Test Case 'Test Cases/Equipment/Base_EquipmentPurchase/Base_EPO_Reciept' successfully

2017-12-01 11:42:20 - [TEST_CASE][PASSED] - Test Cases/Equipment/Base_EquipmentPurchase/Base_EPO_Reciept: Test Cases/Equipment/Base_EquipmentPurchase/Base_EPO_Reciept

2017-12-01 11:42:21 - [TEST_STEP][PASSED] - click: Object: 'Object Repository/Equipment/EquipmentPurchase/EPO_Header/EPO_Header_Action' is clicked on

2017-12-01 11:42:21 - [MESSAGE][PASSED] - Object: 'Object Repository/Equipment/EquipmentPurchase/EPO_Header/EPO_Header_Action' is clicked on

2017-12-01 11:42:21 - [TEST_STEP][PASSED] - click: Object: 'Object Repository/Equipment/EquipmentPurchase/EPO_Header/EPO_Header_Action_SendForApproval' is clicked on

2017-12-01 11:42:21 - [MESSAGE][PASSED] - Object: 'Object Repository/Equipment/EquipmentPurchase/EPO_Header/EPO_Header_Action_SendForApproval' is clicked on

2017-12-01 11:42:21 - [TEST_STEP][PASSED] - delay: Delayed 5 second(s)

2017-12-01 11:42:26 - [MESSAGE][PASSED] - Delayed 5 second(s)

2017-12-01 11:42:26 - [TEST_STEP][PASSED] - click: Object: 'Object Repository/Equipment/EquipmentPurchase/EPO_Header/EPO_Header_Action' is clicked on

2017-12-01 11:42:27 - [MESSAGE][PASSED] - Object: 'Object Repository/Equipment/EquipmentPurchase/EPO_Header/EPO_Header_Action' is clicked on

2017-12-01 11:42:27 - [TEST_STEP][PASSED] - click: Object: 'Object Repository/Equipment/EquipmentPurchase/EPO_Header/EPO_Header_Apporve' is clicked on

2017-12-01 11:42:27 - [MESSAGE][PASSED] - Object: 'Object Repository/Equipment/EquipmentPurchase/EPO_Header/EPO_Header_Apporve' is clicked on

2017-12-01 11:42:27 - [TEST_STEP][PASSED] - delay: Delayed 5 second(s)

2017-12-01 11:42:32 - [MESSAGE][PASSED] - Delayed 5 second(s)

2017-12-01 11:42:32 - [TEST_STEP][PASSED] - click: Object: 'Object Repository/Equipment/EquipmentPurchase/EPO_Header/EPO_Header_Print' is clicked on

2017-12-01 11:42:32 - [MESSAGE][PASSED] - Object: 'Object Repository/Equipment/EquipmentPurchase/EPO_Header/EPO_Header_Print' is clicked on

2017-12-01 11:42:32 - [TEST_STEP][PASSED] - click: Object: 'Object Repository/Equipment/EquipmentPurchase/EPO_Header/EPO_Print_FinalPrint' is clicked on

2017-12-01 11:42:33 - [MESSAGE][PASSED] - Object: 'Object Repository/Equipment/EquipmentPurchase/EPO_Header/EPO_Print_FinalPrint' is clicked on

2017-12-01 11:42:33 - [TEST_STEP][PASSED] - click: Object: 'Object Repository/Equipment/EquipmentPurchase/EPO_Header/EPO_Print_PrintOption' is clicked on

2017-12-01 11:42:33 - [MESSAGE][PASSED] - Object: 'Object Repository/Equipment/EquipmentPurchase/EPO_Header/EPO_Print_PrintOption' is clicked on

2017-12-01 11:42:33 - [TEST_STEP][PASSED] - delay: Delayed 10 second(s)

2017-12-01 11:42:43 - [MESSAGE][PASSED] - Delayed 10 second(s)

2017-12-01 11:42:43 - [TEST_STEP][PASSED] - waitForElementVisible: Object 'Object Repository/Equipment/EquipmentPurchase/EPO_Header/EPO_Print_Device' is visible

2017-12-01 11:42:43 - [MESSAGE][PASSED] - Object 'Object Repository/Equipment/EquipmentPurchase/EPO_Header/EPO_Print_Device' is visible

2017-12-01 11:42:43 - [TEST_STEP][PASSED] - doubleClick: Object: 'Object Repository/Equipment/EquipmentPurchase/EPO_Header/EPO_Print_Device' is double clicked on

2017-12-01 11:42:44 - [MESSAGE][PASSED] - Object: 'Object Repository/Equipment/EquipmentPurchase/EPO_Header/EPO_Print_Device' is double clicked on

2017-12-01 11:42:44 - [TEST_STEP][PASSED] - delay: Delayed 2 second(s)

2017-12-01 11:42:46 - [MESSAGE][PASSED] - Delayed 2 second(s)

2017-12-01 11:42:46 - [TEST_STEP][PASSED] - sendKeys: Keys 'D' sent to object: 'Object Repository/Equipment/EquipmentPurchase/EPO_Header/EPO_Print_Device'

2017-12-01 11:42:46 - [MESSAGE][PASSED] - Keys 'D' sent to object: 'Object Repository/Equipment/EquipmentPurchase/EPO_Header/EPO_Print_Device'

2017-12-01 11:42:46 - [TEST_STEP][PASSED] - click: Object: 'Object Repository/Equipment/EquipmentPurchase/EPO_Header/EPO_Print_Continue' is clicked on

2017-12-01 11:42:46 - [MESSAGE][PASSED] - Object: 'Object Repository/Equipment/EquipmentPurchase/EPO_Header/EPO_Print_Continue' is clicked on

2017-12-01 11:42:46 - [TEST_STEP][PASSED] - delay: Delayed 5 second(s)

2017-12-01 11:42:51 - [MESSAGE][PASSED] - Delayed 5 second(s)

2017-12-01 11:42:51 - [TEST_STEP][PASSED] - click: Object: 'Object Repository/Equipment/EquipmentPurchase/EPO_Header/EPO_Header_EPOtab' is clicked on

2017-12-01 11:42:51 - [MESSAGE][PASSED] - Object: 'Object Repository/Equipment/EquipmentPurchase/EPO_Header/EPO_Header_EPOtab' is clicked on

2017-12-01 11:42:51 - [TEST_STEP][PASSED] - delay: Delayed 2 second(s)

2017-12-01 11:42:53 - [MESSAGE][PASSED] - Delayed 2 second(s)

2017-12-01 11:42:53 - [TEST_STEP][PASSED] - click: Object: 'Object Repository/Equipment/EquipmentPurchase/EPO_Header/EPO_Print_Close' is clicked on

2017-12-01 11:42:53 - [MESSAGE][PASSED] - Object: 'Object Repository/Equipment/EquipmentPurchase/EPO_Header/EPO_Print_Close' is clicked on

2017-12-01 11:42:53 - [TEST_STEP][PASSED] - delay: Delayed 3 second(s)

2017-12-01 11:42:56 - [MESSAGE][PASSED] - Delayed 3 second(s)

2017-12-01 11:42:56 - [TEST_STEP][PASSED] - click: Object: 'Object Repository/Equipment/EquipmentPurchase/EPO_Header/EPO_Header_Action' is clicked on

2017-12-01 11:42:57 - [MESSAGE][PASSED] - Object: 'Object Repository/Equipment/EquipmentPurchase/EPO_Header/EPO_Header_Action' is clicked on

2017-12-01 11:42:57 - [TEST_STEP][PASSED] - click: Object: 'Object Repository/Equipment/EquipmentPurchase/EPO_Header/EPO_Action_Reciept' is clicked on

2017-12-01 11:42:57 - [MESSAGE][PASSED] - Object: 'Object Repository/Equipment/EquipmentPurchase/EPO_Header/EPO_Action_Reciept' is clicked on

2017-12-01 11:42:57 - [TEST_STEP][PASSED] - waitForElementPresent: Object 'Object Repository/Equipment/EquipmentPurchase/EPO_Receipt/EPO_Reciept_Save' is present

2017-12-01 11:42:59 - [MESSAGE][PASSED] - Object 'Object Repository/Equipment/EquipmentPurchase/EPO_Receipt/EPO_Reciept_Save' is present

2017-12-01 11:42:59 - [TEST_STEP][PASSED] - click: Object: 'Object Repository/Equipment/EquipmentPurchase/EPO_Receipt/EPO_Reciept_Save' is clicked on

2017-12-01 11:42:59 - [MESSAGE][PASSED] - Object: 'Object Repository/Equipment/EquipmentPurchase/EPO_Receipt/EPO_Reciept_Save' is clicked on

2017-12-01 11:42:59 - [TEST_STEP][PASSED] - delay: Delayed 3 second(s)

2017-12-01 11:43:02 - [MESSAGE][PASSED] - Delayed 3 second(s)

2017-12-01 11:43:02 - [TEST_STEP][PASSED] - click: Object: 'Object Repository/Equipment/EquipmentPurchase/EPO_Receipt/EPO_Receipt_Action' is clicked on

2017-12-01 11:43:02 - [MESSAGE][PASSED] - Object: 'Object Repository/Equipment/EquipmentPurchase/EPO_Receipt/EPO_Receipt_Action' is clicked on

2017-12-01 11:43:02 - [TEST_STEP][PASSED] - click: Object: 'Object Repository/Equipment/EquipmentPurchase/EPO_Receipt/EPO_Receipt_Action_ReceiptLine' is clicked on

2017-12-01 11:43:02 - [MESSAGE][PASSED] - Object: 'Object Repository/Equipment/EquipmentPurchase/EPO_Receipt/EPO_Receipt_Action_ReceiptLine' is clicked on

2017-12-01 11:43:02 - [TEST_STEP][PASSED] - waitForElementPresent: Object 'Object Repository/Equipment/EquipmentPurchase/EPO_Receipt_Line/EPO_ReceiptLine_New' is present

2017-12-01 11:43:04 - [MESSAGE][PASSED] - Object 'Object Repository/Equipment/EquipmentPurchase/EPO_Receipt_Line/EPO_ReceiptLine_New' is present

2017-12-01 11:43:04 - [TEST_STEP][PASSED] - click: Object: 'Object Repository/Equipment/EquipmentPurchase/EPO_Receipt_Line/EPO_ReceiptLine_New' is clicked on

2017-12-01 11:43:04 - [MESSAGE][PASSED] - Object: 'Object Repository/Equipment/EquipmentPurchase/EPO_Receipt_Line/EPO_ReceiptLine_New' is clicked on

2017-12-01 11:43:04 - [TEST_STEP][PASSED] - waitForElementPresent: Object 'Object Repository/Equipment/EquipmentPurchase/EPO_Receipt_Line/EPO_RecieptLine_Select' is present

2017-12-01 11:43:06 - [MESSAGE][PASSED] - Object 'Object Repository/Equipment/EquipmentPurchase/EPO_Receipt_Line/EPO_RecieptLine_Select' is present

2017-12-01 11:43:06 - [TEST_STEP][PASSED] - click: Object: 'Object Repository/Equipment/EquipmentPurchase/EPO_Receipt_Line/EPO_RecieptLine_Select' is clicked on

2017-12-01 11:43:07 - [MESSAGE][PASSED] - Object: 'Object Repository/Equipment/EquipmentPurchase/EPO_Receipt_Line/EPO_RecieptLine_Select' is clicked on

2017-12-01 11:43:07 - [TEST_STEP][PASSED] - delay: Delayed 3 second(s)

2017-12-01 11:43:10 - [MESSAGE][PASSED] - Delayed 3 second(s)

2017-12-01 11:43:10 - [TEST_STEP][PASSED] - click: Object: 'Object Repository/Equipment/EquipmentPurchase/EPO_Receipt_Line/EPO_ReceiptLine_SavenClose' is clicked on

2017-12-01 11:43:10 - [MESSAGE][PASSED] - Object: 'Object Repository/Equipment/EquipmentPurchase/EPO_Receipt_Line/EPO_ReceiptLine_SavenClose' is clicked on

2017-12-01 11:43:10 - [TEST_STEP][PASSED] - waitForElementPresent: Object 'Object Repository/Equipment/EquipmentPurchase/EPO_Receipt_Line/EPO_RecieptLineAction' is present

2017-12-01 11:43:10 - [MESSAGE][PASSED] - Object 'Object Repository/Equipment/EquipmentPurchase/EPO_Receipt_Line/EPO_RecieptLineAction' is present

2017-12-01 11:43:10 - [TEST_STEP][PASSED] - Statement - G_Unit = com.kms.katalon.core.webui.keyword.WebUiBuiltInKeywords.getText(com.kms.katalon.core.testobject.ObjectRepository.findTestObject(Equipment/EquipmentPurchase/EPO_Receipt/EPO_Reciept_Unit), CONTINUE_ON_FAILURE): Text of object 'Object Repository/Equipment/EquipmentPurchase/EPO_Receipt/EPO_Reciept_Unit' is: 'EQ1402801'

2017-12-01 11:43:11 - [MESSAGE][PASSED] - Text of object 'Object Repository/Equipment/EquipmentPurchase/EPO_Receipt/EPO_Reciept_Unit' is: 'EQ1402801'

2017-12-01 11:43:11 - [TEST_STEP][PASSED] - click: Object: 'Object Repository/Equipment/EquipmentPurchase/EPO_Receipt_Line/EPO_RecieptLineAction' is clicked on

2017-12-01 11:43:11 - [MESSAGE][PASSED] - Object: 'Object Repository/Equipment/EquipmentPurchase/EPO_Receipt_Line/EPO_RecieptLineAction' is clicked on

2017-12-01 11:43:11 - [TEST_STEP][PASSED] - click: Object: 'Object Repository/Equipment/EquipmentPurchase/EPO_Receipt/EPO_Action_Confirm' is clicked on

2017-12-01 11:43:11 - [MESSAGE][PASSED] - Object: 'Object Repository/Equipment/EquipmentPurchase/EPO_Receipt/EPO_Action_Confirm' is clicked on

2017-12-01 11:43:11 - [TEST_STEP][PASSED] - click: Object: 'Object Repository/Equipment/EquipmentPurchase/EPO_Receipt/EPO_Reciept_MeterOK' is clicked on

2017-12-01 11:43:12 - [MESSAGE][PASSED] - Object: 'Object Repository/Equipment/EquipmentPurchase/EPO_Receipt/EPO_Reciept_MeterOK' is clicked on

2017-12-01 11:43:12 - [TEST_STEP][NOT_RUN] - waitForElementPresent: NOT_RUN: waitForElementPresent

2017-12-01 11:43:12 - [MESSAGE][NOT_RUN] - NOT_RUN: waitForElementPresent

2017-12-01 11:43:12 - [TEST_STEP][NOT_RUN] - click: NOT_RUN: click

2017-12-01 11:43:12 - [MESSAGE][NOT_RUN] - NOT_RUN: click

2017-12-01 11:43:12 - [TEST_STEP][NOT_RUN] - setText: NOT_RUN: setText

2017-12-01 11:43:12 - [MESSAGE][NOT_RUN] - NOT_RUN: setText

2017-12-01 11:43:12 - [TEST_STEP][NOT_RUN] - click: NOT_RUN: click

2017-12-01 11:43:12 - [MESSAGE][NOT_RUN] - NOT_RUN: click

2017-12-01 11:43:12 - [TEST_STEP][PASSED] - delay: Delayed 3 second(s)

2017-12-01 11:43:15 - [MESSAGE][PASSED] - Delayed 3 second(s)

2017-12-01 11:43:15 - [TEST_STEP][PASSED] - click: Object: 'Object Repository/Equipment/EquipmentPurchase/EPO_Receipt/EPO_RecieptPrint_ProcessCompleted' is clicked on

2017-12-01 11:43:16 - [MESSAGE][PASSED] - Object: 'Object Repository/Equipment/EquipmentPurchase/EPO_Receipt/EPO_RecieptPrint_ProcessCompleted' is clicked on

2017-12-01 11:43:16 - [TEST_STEP][PASSED] - delay: Delayed 10 second(s)

2017-12-01 11:43:26 - [MESSAGE][PASSED] - Delayed 10 second(s)

2017-12-01 11:43:26 - [MESSAGE][PASSED] - Call Test Case 'Test Cases/Equipment/Base_EquipmentPurchase/Base_EPO_Reciept' successfully

2017-12-01 11:43:26 - [MESSAGE][PASSED] - Call Test Case 'Test Cases/Equipment/Base_EquipmentPurchase/EPO_CreateNrecieve' successfully

2017-12-01 11:43:26 - [TEST_STEP][PASSED] - callTestCase: Call Test Case 'Test Cases/Equipment/Base_EquipmentSales/Base_Equipement_CreateHeader' successfully

2017-12-01 11:43:26 - [TEST_CASE][PASSED] - Test Cases/Equipment/Base_EquipmentSales/Base_Equipement_CreateHeader: Test Cases/Equipment/Base_EquipmentSales/Base_Equipement_CreateHeader

2017-12-01 11:43:26 - [TEST_STEP][PASSED] - callTestCase: Call Test Case 'Test Cases/Common/Base_Common_OpenSession' successfully

2017-12-01 11:43:26 - [TEST_CASE][PASSED] - Test Cases/Common/Base_Common_OpenSession: Test Cases/Common/Base_Common_OpenSession

2017-12-01 11:43:26 - [TEST_STEP][PASSED] - openBrowser: Browser is opened with url: 'http://baan:3Xtend27$13@192.168.20.241:8312/webui/servlet/login'

2017-12-01 11:43:26 - [MESSAGE][WARNING] - A browser is already opened. Closing browser and opening a new one

2017-12-01 11:43:47 - [MESSAGE][PASSED] - Browser is opened with url: 'http://baan:3Xtend27$13@192.168.20.241:8312/webui/servlet/login'

2017-12-01 11:43:47 - [TEST_STEP][PASSED] - waitForPageLoad: Wait for page load successfully

2017-12-01 11:43:47 - [MESSAGE][PASSED] - Wait for page load successfully

2017-12-01 11:43:47 - [TEST_STEP][PASSED] - maximizeWindow: Current window maximized

2017-12-01 11:43:47 - [MESSAGE][PASSED] - Current window maximized

2017-12-01 11:43:47 - [TEST_STEP][PASSED] - click: Object: 'Object Repository/Common/HomePage/HomePage_more' is clicked on

2017-12-01 11:43:50 - [MESSAGE][PASSED] - Object: 'Object Repository/Common/HomePage/HomePage_more' is clicked on

2017-12-01 11:43:50 - [TEST_STEP][PASSED] - click: Object: 'Object Repository/Common/HomePage/HomePage_Option' is clicked on

2017-12-01 11:43:50 - [MESSAGE][PASSED] - Object: 'Object Repository/Common/HomePage/HomePage_Option' is clicked on

2017-12-01 11:43:50 - [TEST_STEP][PASSED] - click: Object: 'Object Repository/Common/HomePage/HomePage_RunProgram_' is clicked on

2017-12-01 11:43:50 - [MESSAGE][PASSED] - Object: 'Object Repository/Common/HomePage/HomePage_RunProgram_' is clicked on

2017-12-01 11:43:50 - [TEST_STEP][PASSED] - sendKeys: Keys 'tdext8570m000' sent to object: 'Object Repository/Common/HomePage/HomePage_Session_ID'

2017-12-01 11:43:51 - [MESSAGE][PASSED] - Keys 'tdext8570m000' sent to object: 'Object Repository/Common/HomePage/HomePage_Session_ID'

2017-12-01 11:43:51 - [TEST_STEP][PASSED] - click: Object: 'Object Repository/Common/HomePage/HomePage_OkButton' is clicked on

2017-12-01 11:43:51 - [MESSAGE][PASSED] - Object: 'Object Repository/Common/HomePage/HomePage_OkButton' is clicked on

2017-12-01 11:43:51 - [MESSAGE][PASSED] - Call Test Case 'Test Cases/Common/Base_Common_OpenSession' successfully

2017-12-01 11:43:51 - [TEST_STEP][PASSED] - waitForElementPresent: Object 'Object Repository/Equipment/EquipmentSales/EquipmentSalesAgreementHeader/EquipmentSalesOrder_MMT_New' is present

2017-12-01 11:43:55 - [MESSAGE][PASSED] - Object 'Object Repository/Equipment/EquipmentSales/EquipmentSalesAgreementHeader/EquipmentSalesOrder_MMT_New' is present

2017-12-01 11:43:55 - [TEST_STEP][PASSED] - click: Object: 'Object Repository/Equipment/EquipmentSales/EquipmentSalesAgreementHeader/EquipmentSalesOrder_MMT_New' is clicked on

2017-12-01 11:43:56 - [MESSAGE][PASSED] - Object: 'Object Repository/Equipment/EquipmentSales/EquipmentSalesAgreementHeader/EquipmentSalesOrder_MMT_New' is clicked on

2017-12-01 11:43:56 - [TEST_STEP][PASSED] - setText: Text 'BP0004776' is set on object 'Object Repository/Equipment/EquipmentSales/EquipmentSalesAgreementHeader/EquipmentSalesOrder_Customer'

2017-12-01 11:43:58 - [MESSAGE][PASSED] - Text 'BP0004776' is set on object 'Object Repository/Equipment/EquipmentSales/EquipmentSalesAgreementHeader/EquipmentSalesOrder_Customer'

2017-12-01 11:43:58 - [TEST_STEP][PASSED] - doubleClick: Object: 'Object Repository/Equipment/EquipmentSales/EquipmentSalesAgreementHeader/EquipmentSalesOrder_DeliveryDate' is double clicked on

2017-12-01 11:43:59 - [MESSAGE][PASSED] - Object: 'Object Repository/Equipment/EquipmentSales/EquipmentSalesAgreementHeader/EquipmentSalesOrder_DeliveryDate' is double clicked on

2017-12-01 11:43:59 - [TEST_STEP][PASSED] - delay: Delayed 2 second(s)

2017-12-01 11:44:01 - [MESSAGE][PASSED] - Delayed 2 second(s)

2017-12-01 11:44:01 - [TEST_STEP][PASSED] - sendKeys: Keys '+10' sent to object: 'Object Repository/Equipment/EquipmentSales/EquipmentSalesAgreementHeader/EquipmentSalesOrder_DeliveryDate'

2017-12-01 11:44:01 - [MESSAGE][PASSED] - Keys '+10' sent to object: 'Object Repository/Equipment/EquipmentSales/EquipmentSalesAgreementHeader/EquipmentSalesOrder_DeliveryDate'

2017-12-01 11:44:01 - [TEST_STEP][PASSED] - click: Object: 'Object Repository/Equipment/EquipmentSales/EquipmentSalesAgreementHeader/ESO_Header_Tax' is clicked on

2017-12-01 11:44:01 - [MESSAGE][PASSED] - Object: 'Object Repository/Equipment/EquipmentSales/EquipmentSalesAgreementHeader/ESO_Header_Tax' is clicked on

2017-12-01 11:44:01 - [TEST_STEP][PASSED] - click: Object: 'Object Repository/Equipment/EquipmentSales/EquipmentSalesAgreementHeader/EquipmentSalesOrder_OtherDetailsTab' is clicked on

2017-12-01 11:44:01 - [MESSAGE][PASSED] - Object: 'Object Repository/Equipment/EquipmentSales/EquipmentSalesAgreementHeader/EquipmentSalesOrder_OtherDetailsTab' is clicked on

2017-12-01 11:44:01 - [TEST_STEP][PASSED] - delay: Delayed 3 second(s)

2017-12-01 11:44:04 - [MESSAGE][PASSED] - Delayed 3 second(s)

2017-12-01 11:44:04 - [TEST_STEP][PASSED] - click: Object: 'Object Repository/Equipment/EquipmentSales/EquipmentSalesAgreementHeader/EquipmentSalesOrder_PaymentMethod' is clicked on

2017-12-01 11:44:06 - [MESSAGE][PASSED] - Object: 'Object Repository/Equipment/EquipmentSales/EquipmentSalesAgreementHeader/EquipmentSalesOrder_PaymentMethod' is clicked on

2017-12-01 11:44:06 - [TEST_STEP][PASSED] - click: Object: 'Object Repository/Equipment/EquipmentSales/EquipmentSalesAgreementHeader/EquimentSalesOrder_CreditCardOption' is clicked on

2017-12-01 11:44:07 - [MESSAGE][PASSED] - Object: 'Object Repository/Equipment/EquipmentSales/EquipmentSalesAgreementHeader/EquimentSalesOrder_CreditCardOption' is clicked on

2017-12-01 11:44:07 - [TEST_STEP][PASSED] - click: Object: 'Object Repository/Equipment/EquipmentSales/EquipmentSalesAgreementHeader/EquipmentSaleOrder_Save' is clicked on

2017-12-01 11:44:09 - [MESSAGE][PASSED] - Object: 'Object Repository/Equipment/EquipmentSales/EquipmentSalesAgreementHeader/EquipmentSaleOrder_Save' is clicked on

2017-12-01 11:44:09 - [TEST_STEP][PASSED] - click: Object: 'Object Repository/Equipment/EquipmentSales/EquipmentSalesAgreementHeader/EquipmentSalesOrder_DetailsTab' is clicked on

2017-12-01 11:44:09 - [MESSAGE][PASSED] - Object: 'Object Repository/Equipment/EquipmentSales/EquipmentSalesAgreementHeader/EquipmentSalesOrder_DetailsTab' is clicked on

2017-12-01 11:44:09 - [TEST_STEP][PASSED] - delay: Delayed 5 second(s)

2017-12-01 11:44:14 - [MESSAGE][PASSED] - Delayed 5 second(s)

2017-12-01 11:44:14 - [TEST_STEP][PASSED] - Statement - G_Part_PSO = com.kms.katalon.core.webui.keyword.WebUiBuiltInKeywords.getAttribute(com.kms.katalon.core.testobject.ObjectRepository.findTestObject(Equipment/EquipmentSales/EquipmentSalesAgreementHeader/EquipmentSaleOrder_OrderNo), "value"): Attribute 'value' of object 'Object Repository/Equipment/EquipmentSales/EquipmentSalesAgreementHeader/EquipmentSaleOrder_OrderNo' is: 'ESA000764'

2017-12-01 11:44:14 - [MESSAGE][PASSED] - Attribute 'value' of object 'Object Repository/Equipment/EquipmentSales/EquipmentSalesAgreementHeader/EquipmentSaleOrder_OrderNo' is: 'ESA000764'

2017-12-01 11:44:14 - [MESSAGE][PASSED] - Call Test Case 'Test Cases/Equipment/Base_EquipmentSales/Base_Equipement_CreateHeader' successfully

2017-12-01 11:44:14 - [TEST_STEP][PASSED] - callTestCase: Call Test Case 'Test Cases/Equipment/Base_EquipmentSales/Base_EquipmentSalesAddLine' successfully

2017-12-01 11:44:14 - [TEST_CASE][PASSED] - Test Cases/Equipment/Base_EquipmentSales/Base_EquipmentSalesAddLine: Test Cases/Equipment/Base_EquipmentSales/Base_EquipmentSalesAddLine

2017-12-01 11:44:14 - [TEST_STEP][PASSED] - click: Object: 'Object Repository/Equipment/EquipmentSales/EquipmentSalesAgreementHeader/EquipSalesOrder_Action' is clicked on

2017-12-01 11:44:15 - [MESSAGE][PASSED] - Object: 'Object Repository/Equipment/EquipmentSales/EquipmentSalesAgreementHeader/EquipSalesOrder_Action' is clicked on

2017-12-01 11:44:15 - [TEST_STEP][PASSED] - click: Object: 'Object Repository/Equipment/EquipmentSales/EquipmentSalesAgreementHeader/EquipSalesOrder_SalesOrderLine' is clicked on

2017-12-01 11:44:15 - [MESSAGE][PASSED] - Object: 'Object Repository/Equipment/EquipmentSales/EquipmentSalesAgreementHeader/EquipSalesOrder_SalesOrderLine' is clicked on

2017-12-01 11:44:15 - [TEST_STEP][PASSED] - waitForElementPresent: Object 'Object Repository/Equipment/EquipmentSales/EquipSalesOrderLines/EquipSaleOrderLine_New' is present

2017-12-01 11:44:17 - [MESSAGE][PASSED] - Object 'Object Repository/Equipment/EquipmentSales/EquipSalesOrderLines/EquipSaleOrderLine_New' is present

2017-12-01 11:44:17 - [TEST_STEP][PASSED] - click: Object: 'Object Repository/Equipment/EquipmentSales/EquipSalesOrderLines/EquipSaleOrderLine_New' is clicked on

2017-12-01 11:44:17 - [MESSAGE][PASSED] - Object: 'Object Repository/Equipment/EquipmentSales/EquipSalesOrderLines/EquipSaleOrderLine_New' is clicked on

2017-12-01 11:44:17 - [TEST_STEP][PASSED] - waitForElementPresent: Object 'Object Repository/Equipment/EquipmentSales/EquipSalesOrderLines/EquipSalesOrder_Model' is present

2017-12-01 11:44:19 - [MESSAGE][PASSED] - Object 'Object Repository/Equipment/EquipmentSales/EquipSalesOrderLines/EquipSalesOrder_Model' is present

2017-12-01 11:44:19 - [TEST_STEP][PASSED] - doubleClick: Object: 'Object Repository/Equipment/EquipmentSales/EquipSalesOrderLines/EquipSalesOrder_Model' is double clicked on

2017-12-01 11:44:19 - [MESSAGE][PASSED] - Object: 'Object Repository/Equipment/EquipmentSales/EquipSalesOrderLines/EquipSalesOrder_Model' is double clicked on

2017-12-01 11:44:19 - [TEST_STEP][PASSED] - delay: Delayed 2 second(s)

2017-12-01 11:44:21 - [MESSAGE][PASSED] - Delayed 2 second(s)

2017-12-01 11:44:21 - [TEST_STEP][PASSED] - sendKeys: Keys '1042' sent to object: 'Object Repository/Equipment/EquipmentSales/EquipSalesOrderLines/EquipSalesOrder_Model'

2017-12-01 11:44:21 - [MESSAGE][PASSED] - Keys '1042' sent to object: 'Object Repository/Equipment/EquipmentSales/EquipSalesOrderLines/EquipSalesOrder_Model'

2017-12-01 11:44:21 - [TEST_STEP][PASSED] - doubleClick: Object: 'Object Repository/Equipment/EquipmentSales/EquipSalesOrderLines/ESO_Line_Unit' is double clicked on

2017-12-01 11:44:21 - [MESSAGE][PASSED] - Object: 'Object Repository/Equipment/EquipmentSales/EquipSalesOrderLines/ESO_Line_Unit' is double clicked on

2017-12-01 11:44:21 - [TEST_STEP][PASSED] - delay: Delayed 2 second(s)

2017-12-01 11:44:23 - [MESSAGE][PASSED] - Delayed 2 second(s)

2017-12-01 11:44:23 - [TEST_STEP][PASSED] - sendKeys: Keys 'EQ1402801' sent to object: 'Object Repository/Equipment/EquipmentSales/EquipSalesOrderLines/ESO_Line_Unit'

2017-12-01 11:44:23 - [MESSAGE][PASSED] - Keys 'EQ1402801' sent to object: 'Object Repository/Equipment/EquipmentSales/EquipSalesOrderLines/ESO_Line_Unit'

2017-12-01 11:44:23 - [TEST_STEP][PASSED] - doubleClick: Object: 'Object Repository/Equipment/EquipmentSales/EquipSalesOrderLines/EquipSalesOrder_Price' is double clicked on

2017-12-01 11:44:24 - [MESSAGE][PASSED] - Object: 'Object Repository/Equipment/EquipmentSales/EquipSalesOrderLines/EquipSalesOrder_Price' is double clicked on

2017-12-01 11:44:24 - [TEST_STEP][PASSED] - delay: Delayed 2 second(s)

2017-12-01 11:44:26 - [MESSAGE][PASSED] - Delayed 2 second(s)

2017-12-01 11:44:26 - [TEST_STEP][PASSED] - setText: Text '10' is set on object 'Object Repository/Equipment/EquipmentSales/EquipSalesOrderLines/EquipSalesOrder_Price'

2017-12-01 11:44:26 - [MESSAGE][PASSED] - Text '10' is set on object 'Object Repository/Equipment/EquipmentSales/EquipSalesOrderLines/EquipSalesOrder_Price'

2017-12-01 11:44:26 - [TEST_STEP][PASSED] - click: Object: 'Object Repository/Equipment/EquipmentSales/EquipSalesOrderLines/EquipSaleOrder_Save' is clicked on

2017-12-01 11:44:26 - [MESSAGE][PASSED] - Object: 'Object Repository/Equipment/EquipmentSales/EquipSalesOrderLines/EquipSaleOrder_Save' is clicked on

2017-12-01 11:44:26 - [TEST_STEP][NOT_RUN] - waitForElementPresent: NOT_RUN: waitForElementPresent

2017-12-01 11:44:26 - [MESSAGE][NOT_RUN] - NOT_RUN: waitForElementPresent

2017-12-01 11:44:26 - [TEST_STEP][NOT_RUN] - click: NOT_RUN: click

2017-12-01 11:44:26 - [MESSAGE][NOT_RUN] - NOT_RUN: click

2017-12-01 11:44:26 - [TEST_STEP][NOT_RUN] - click: NOT_RUN: click

2017-12-01 11:44:26 - [MESSAGE][NOT_RUN] - NOT_RUN: click

2017-12-01 11:44:26 - [TEST_STEP][PASSED] - delay: Delayed 2 second(s)

2017-12-01 11:44:28 - [MESSAGE][PASSED] - Delayed 2 second(s)

2017-12-01 11:44:28 - [TEST_STEP][PASSED] - click: Object: 'Object Repository/Equipment/EquipmentSales/EquipSalesOrderLines/EquipSaleOrder_SavenClose' is clicked on

2017-12-01 11:44:28 - [MESSAGE][PASSED] - Object: 'Object Repository/Equipment/EquipmentSales/EquipSalesOrderLines/EquipSaleOrder_SavenClose' is clicked on

2017-12-01 11:44:28 - [TEST_STEP][PASSED] - delay: Delayed 2 second(s)

2017-12-01 11:44:30 - [MESSAGE][PASSED] - Delayed 2 second(s)

2017-12-01 11:44:30 - [TEST_STEP][PASSED] - click: Object: 'Object Repository/Equipment/EquipmentSales/EquipmentSalesAgreementHeader/EquipSalesOrder_MMTsavenClose' is clicked on

2017-12-01 11:44:30 - [MESSAGE][PASSED] - Object: 'Object Repository/Equipment/EquipmentSales/EquipmentSalesAgreementHeader/EquipSalesOrder_MMTsavenClose' is clicked on

2017-12-01 11:44:30 - [MESSAGE][PASSED] - Call Test Case 'Test Cases/Equipment/Base_EquipmentSales/Base_EquipmentSalesAddLine' successfully

2017-12-01 11:44:30 - [TEST_STEP][PASSED] - callTestCase: Call Test Case 'Test Cases/Equipment/Base_EquipmentSales/Base_EquipSaleOrderProcessing' successfully

2017-12-01 11:44:30 - [TEST_CASE][PASSED] - Test Cases/Equipment/Base_EquipmentSales/Base_EquipSaleOrderProcessing: Test Cases/Equipment/Base_EquipmentSales/Base_EquipSaleOrderProcessing

2017-12-01 11:44:31 - [TEST_STEP][PASSED] - click: Object: 'Object Repository/Equipment/EquipmentSales/EquipmentSalesAgreementHeader/EquipSalesOrder_Action' is clicked on

2017-12-01 11:44:31 - [MESSAGE][PASSED] - Object: 'Object Repository/Equipment/EquipmentSales/EquipmentSalesAgreementHeader/EquipSalesOrder_Action' is clicked on

2017-12-01 11:44:31 - [TEST_STEP][PASSED] - delay: Delayed 2 second(s)

2017-12-01 11:44:33 - [MESSAGE][PASSED] - Delayed 2 second(s)

2017-12-01 11:44:33 - [TEST_STEP][PASSED] - click: Object: 'Object Repository/Equipment/EquipmentSales/EquipSalesOrder_Process/EquipSalesOrder_SendForApproval' is clicked on

2017-12-01 11:44:34 - [MESSAGE][PASSED] - Object: 'Object Repository/Equipment/EquipmentSales/EquipSalesOrder_Process/EquipSalesOrder_SendForApproval' is clicked on

2017-12-01 11:44:34 - [TEST_STEP][PASSED] - delay: Delayed 2 second(s)

2017-12-01 11:44:36 - [MESSAGE][PASSED] - Delayed 2 second(s)

2017-12-01 11:44:36 - [TEST_STEP][PASSED] - verifyElementText: Actual text and expected text of test object 'Object Repository/Equipment/EquipmentSales/EquipSalesOrder_Process/EquipSalesOrder_Status' are matched.

2017-12-01 11:44:36 - [MESSAGE][PASSED] - Actual text and expected text of test object 'Object Repository/Equipment/EquipmentSales/EquipSalesOrder_Process/EquipSalesOrder_Status' are matched.

2017-12-01 11:44:36 - [TEST_STEP][PASSED] - click: Object: 'Object Repository/Equipment/EquipmentSales/EquipmentSalesAgreementHeader/EquipSalesOrder_Action' is clicked on

2017-12-01 11:44:36 - [MESSAGE][PASSED] - Object: 'Object Repository/Equipment/EquipmentSales/EquipmentSalesAgreementHeader/EquipSalesOrder_Action' is clicked on

2017-12-01 11:44:36 - [TEST_STEP][PASSED] - delay: Delayed 2 second(s)

2017-12-01 11:44:38 - [MESSAGE][PASSED] - Delayed 2 second(s)

2017-12-01 11:44:38 - [TEST_STEP][PASSED] - click: Object: 'Object Repository/Equipment/EquipmentSales/EquipSalesOrder_Process/EquipSalesOrder_Action_Approve' is clicked on

2017-12-01 11:44:38 - [MESSAGE][PASSED] - Object: 'Object Repository/Equipment/EquipmentSales/EquipSalesOrder_Process/EquipSalesOrder_Action_Approve' is clicked on

2017-12-01 11:44:38 - [TEST_STEP][PASSED] - delay: Delayed 2 second(s)

2017-12-01 11:44:40 - [MESSAGE][PASSED] - Delayed 2 second(s)

2017-12-01 11:44:40 - [TEST_STEP][PASSED] - click: Object: 'Object Repository/Equipment/EquipmentSales/EquipmentSalesAgreementHeader/EquipSalesOrder_Action' is clicked on

2017-12-01 11:44:40 - [MESSAGE][PASSED] - Object: 'Object Repository/Equipment/EquipmentSales/EquipmentSalesAgreementHeader/EquipSalesOrder_Action' is clicked on

2017-12-01 11:44:40 - [TEST_STEP][PASSED] - delay: Delayed 2 second(s)

2017-12-01 11:44:42 - [MESSAGE][PASSED] - Delayed 2 second(s)

2017-12-01 11:44:42 - [TEST_STEP][PASSED] - verifyElementText: Actual text and expected text of test object 'Object Repository/Equipment/EquipmentSales/EquipSalesOrder_Process/EquipSalesOrder_Status' are matched.

2017-12-01 11:44:43 - [MESSAGE][PASSED] - Actual text and expected text of test object 'Object Repository/Equipment/EquipmentSales/EquipSalesOrder_Process/EquipSalesOrder_Status' are matched.

2017-12-01 11:44:43 - [TEST_STEP][PASSED] - delay: Delayed 2 second(s)

2017-12-01 11:44:45 - [MESSAGE][PASSED] - Delayed 2 second(s)

2017-12-01 11:44:45 - [TEST_STEP][PASSED] - click: Object: 'Object Repository/Equipment/EquipmentSales/EquipmentSalesAgreementHeader/ESO_Header_Print' is clicked on

2017-12-01 11:44:45 - [MESSAGE][PASSED] - Object: 'Object Repository/Equipment/EquipmentSales/EquipmentSalesAgreementHeader/ESO_Header_Print' is clicked on

2017-12-01 11:44:45 - [TEST_STEP][PASSED] - delay: Delayed 2 second(s)

2017-12-01 11:44:47 - [MESSAGE][PASSED] - Delayed 2 second(s)

2017-12-01 11:44:47 - [TEST_STEP][PASSED] - click: Object: 'Object Repository/Equipment/EquipmentSales/EquipmentSalesAgreementHeader/ESO_Header_Print_FinalPrint' is clicked on

2017-12-01 11:44:47 - [MESSAGE][PASSED] - Object: 'Object Repository/Equipment/EquipmentSales/EquipmentSalesAgreementHeader/ESO_Header_Print_FinalPrint' is clicked on

2017-12-01 11:44:47 - [TEST_STEP][PASSED] - delay: Delayed 2 second(s)

2017-12-01 11:44:49 - [MESSAGE][PASSED] - Delayed 2 second(s)

2017-12-01 11:44:49 - [TEST_STEP][PASSED] - click: Object: 'Object Repository/Equipment/EquipmentSales/EquipmentSalesAgreementHeader/ESO_Header_Print_Print' is clicked on

2017-12-01 11:44:49 - [MESSAGE][PASSED] - Object: 'Object Repository/Equipment/EquipmentSales/EquipmentSalesAgreementHeader/ESO_Header_Print_Print' is clicked on

2017-12-01 11:44:49 - [TEST_STEP][PASSED] - click: Object: 'Object Repository/Equipment/EquipmentSales/EquipmentSalesAgreementHeader/ESO_Header_Print_ESOOK' is clicked on

2017-12-01 11:44:50 - [MESSAGE][PASSED] - Object: 'Object Repository/Equipment/EquipmentSales/EquipmentSalesAgreementHeader/ESO_Header_Print_ESOOK' is clicked on

2017-12-01 11:44:50 - [TEST_STEP][PASSED] - delay: Delayed 2 second(s)

2017-12-01 11:44:52 - [MESSAGE][PASSED] - Delayed 2 second(s)

2017-12-01 11:44:52 - [TEST_STEP][PASSED] - click: Object: 'Object Repository/Equipment/EquipmentSales/EquipmentSalesAgreementHeader/ESO_Print_Device' is clicked on

2017-12-01 11:44:53 - [MESSAGE][PASSED] - Object: 'Object Repository/Equipment/EquipmentSales/EquipmentSalesAgreementHeader/ESO_Print_Device' is clicked on

2017-12-01 11:44:53 - [TEST_STEP][PASSED] - delay: Delayed 2 second(s)

2017-12-01 11:44:55 - [MESSAGE][PASSED] - Delayed 2 second(s)

2017-12-01 11:44:55 - [TEST_STEP][PASSED] - setText: Text 'D' is set on object 'Object Repository/Equipment/EquipmentSales/EquipmentSalesAgreementHeader/ESO_Print_Device'

2017-12-01 11:44:56 - [MESSAGE][PASSED] - Text 'D' is set on object 'Object Repository/Equipment/EquipmentSales/EquipmentSalesAgreementHeader/ESO_Print_Device'

2017-12-01 11:44:56 - [TEST_STEP][PASSED] - click: Object: 'Object Repository/Equipment/EquipmentSales/EquipmentSalesAgreementHeader/ESO_Header_Print_Continue' is clicked on

2017-12-01 11:44:56 - [MESSAGE][PASSED] - Object: 'Object Repository/Equipment/EquipmentSales/EquipmentSalesAgreementHeader/ESO_Header_Print_Continue' is clicked on

2017-12-01 11:44:56 - [TEST_STEP][PASSED] - delay: Delayed 3 second(s)

2017-12-01 11:44:59 - [MESSAGE][PASSED] - Delayed 3 second(s)

2017-12-01 11:44:59 - [TEST_STEP][PASSED] - click: Object: 'Object Repository/Equipment/EquipmentSales/EquipmentSalesAgreementHeader/ESO_Tab' is clicked on

2017-12-01 11:44:59 - [MESSAGE][PASSED] - Object: 'Object Repository/Equipment/EquipmentSales/EquipmentSalesAgreementHeader/ESO_Tab' is clicked on

2017-12-01 11:44:59 - [TEST_STEP][PASSED] - click: Object: 'Object Repository/Equipment/EquipmentSales/EquipmentSalesAgreementHeader/ESO_Print_Close' is clicked on

2017-12-01 11:44:59 - [MESSAGE][PASSED] - Object: 'Object Repository/Equipment/EquipmentSales/EquipmentSalesAgreementHeader/ESO_Print_Close' is clicked on

2017-12-01 11:44:59 - [TEST_STEP][PASSED] - delay: Delayed 3 second(s)

2017-12-01 11:45:02 - [MESSAGE][PASSED] - Delayed 3 second(s)

2017-12-01 11:45:02 - [TEST_STEP][PASSED] - click: Object: 'Object Repository/Equipment/EquipmentSales/EquipmentSalesAgreementHeader/EquipSalesOrder_Action' is clicked on

2017-12-01 11:45:03 - [MESSAGE][PASSED] - Object: 'Object Repository/Equipment/EquipmentSales/EquipmentSalesAgreementHeader/EquipSalesOrder_Action' is clicked on

2017-12-01 11:45:03 - [TEST_STEP][PASSED] - click: Object: 'Object Repository/Equipment/EquipmentSales/EquipmentSalesAgreementHeader/ESO_Header_Action_EquipmentDelivery' is clicked on

2017-12-01 11:45:03 - [MESSAGE][PASSED] - Object: 'Object Repository/Equipment/EquipmentSales/EquipmentSalesAgreementHeader/ESO_Header_Action_EquipmentDelivery' is clicked on

2017-12-01 11:45:03 - [TEST_STEP][PASSED] - waitForElementPresent: Object 'Object Repository/Equipment/EquipmentSales/EquipmentDelivery/ESO_Delivery_Agreement' is present

2017-12-01 11:45:05 - [MESSAGE][PASSED] - Object 'Object Repository/Equipment/EquipmentSales/EquipmentDelivery/ESO_Delivery_Agreement' is present

2017-12-01 11:45:05 - [TEST_STEP][PASSED] - doubleClick: Object: 'Object Repository/Equipment/EquipmentSales/EquipmentDelivery/ESO_Delivery_Agreement' is double clicked on

2017-12-01 11:45:05 - [MESSAGE][PASSED] - Object: 'Object Repository/Equipment/EquipmentSales/EquipmentDelivery/ESO_Delivery_Agreement' is double clicked on

2017-12-01 11:45:05 - [TEST_STEP][PASSED] - click: Object: 'Object Repository/Equipment/EquipmentSales/EquipmentDelivery/ESO_Delivery_Save' is clicked on

2017-12-01 11:45:05 - [MESSAGE][PASSED] - Object: 'Object Repository/Equipment/EquipmentSales/EquipmentDelivery/ESO_Delivery_Save' is clicked on

2017-12-01 11:45:05 - [TEST_STEP][PASSED] - delay: Delayed 3 second(s)

2017-12-01 11:45:08 - [MESSAGE][PASSED] - Delayed 3 second(s)

2017-12-01 11:45:08 - [TEST_STEP][PASSED] - click: Object: 'Object Repository/Equipment/EquipmentSales/EquipmentDelivery/ESO_Delivery_Action' is clicked on

2017-12-01 11:45:08 - [MESSAGE][PASSED] - Object: 'Object Repository/Equipment/EquipmentSales/EquipmentDelivery/ESO_Delivery_Action' is clicked on

2017-12-01 11:45:08 - [TEST_STEP][PASSED] - click: Object: 'Object Repository/Equipment/EquipmentSales/EquipmentDelivery/ESO_Delivery_Action_Line' is clicked on

2017-12-01 11:45:09 - [MESSAGE][PASSED] - Object: 'Object Repository/Equipment/EquipmentSales/EquipmentDelivery/ESO_Delivery_Action_Line' is clicked on

2017-12-01 11:45:09 - [TEST_STEP][PASSED] - waitForElementPresent: Object 'Object Repository/Equipment/EquipmentSales/EquipmentDelivery/ESO_DeliveryLine_New' is present

2017-12-01 11:45:10 - [MESSAGE][PASSED] - Object 'Object Repository/Equipment/EquipmentSales/EquipmentDelivery/ESO_DeliveryLine_New' is present

2017-12-01 11:45:10 - [TEST_STEP][PASSED] - click: Object: 'Object Repository/Equipment/EquipmentSales/EquipmentDelivery/ESO_DeliveryLine_New' is clicked on

2017-12-01 11:45:10 - [MESSAGE][PASSED] - Object: 'Object Repository/Equipment/EquipmentSales/EquipmentDelivery/ESO_DeliveryLine_New' is clicked on

2017-12-01 11:45:10 - [TEST_STEP][PASSED] - delay: Delayed 2 second(s)

2017-12-01 11:45:12 - [MESSAGE][PASSED] - Delayed 2 second(s)

2017-12-01 11:45:12 - [TEST_STEP][PASSED] - click: Object: 'Object Repository/Equipment/EquipmentSales/EquipmentDelivery/ESO_DeliveryLine_SelectLine' is clicked on

2017-12-01 11:45:13 - [MESSAGE][PASSED] - Object: 'Object Repository/Equipment/EquipmentSales/EquipmentDelivery/ESO_DeliveryLine_SelectLine' is clicked on

2017-12-01 11:45:13 - [TEST_STEP][PASSED] - delay: Delayed 2 second(s)

2017-12-01 11:45:15 - [MESSAGE][PASSED] - Delayed 2 second(s)

2017-12-01 11:45:15 - [TEST_STEP][PASSED] - click: Object: 'Object Repository/Equipment/EquipmentSales/EquipmentDelivery/ESO_SelectDeliveryLine_SaveNclose' is clicked on

2017-12-01 11:45:15 - [MESSAGE][PASSED] - Object: 'Object Repository/Equipment/EquipmentSales/EquipmentDelivery/ESO_SelectDeliveryLine_SaveNclose' is clicked on

2017-12-01 11:45:15 - [TEST_STEP][PASSED] - delay: Delayed 2 second(s)

2017-12-01 11:45:17 - [MESSAGE][PASSED] - Delayed 2 second(s)

2017-12-01 11:45:17 - [TEST_STEP][PASSED] - click: Object: 'Object Repository/Equipment/EquipmentSales/EquipmentDelivery/ESO_DeliveryLine_Action' is clicked on

2017-12-01 11:45:17 - [MESSAGE][PASSED] - Object: 'Object Repository/Equipment/EquipmentSales/EquipmentDelivery/ESO_DeliveryLine_Action' is clicked on

2017-12-01 11:45:17 - [TEST_STEP][PASSED] - click: Object: 'Object Repository/Equipment/EquipmentSales/EquipmentDelivery/ESO_Delivery_ActionConfirm' is clicked on

2017-12-01 11:45:17 - [MESSAGE][PASSED] - Object: 'Object Repository/Equipment/EquipmentSales/EquipmentDelivery/ESO_Delivery_ActionConfirm' is clicked on

2017-12-01 11:45:17 - [TEST_STEP][PASSED] - delay: Delayed 3 second(s)

2017-12-01 11:45:20 - [MESSAGE][PASSED] - Delayed 3 second(s)

2017-12-01 11:45:20 - [TEST_STEP][PASSED] - click: Object: 'Object Repository/Equipment/EquipmentSales/EquipmentDelivery/ESO_Delivery_ConfirmYes' is clicked on

2017-12-01 11:45:21 - [MESSAGE][PASSED] - Object: 'Object Repository/Equipment/EquipmentSales/EquipmentDelivery/ESO_Delivery_ConfirmYes' is clicked on

2017-12-01 11:45:21 - [TEST_STEP][PASSED] - delay: Delayed 5 second(s)

2017-12-01 11:45:26 - [MESSAGE][PASSED] - Delayed 5 second(s)

2017-12-01 11:45:26 - [TEST_STEP][NOT_RUN] - click: NOT_RUN: click

2017-12-01 11:45:26 - [MESSAGE][NOT_RUN] - NOT_RUN: click

2017-12-01 11:45:26 - [TEST_STEP][NOT_RUN] - delay: NOT_RUN: delay

2017-12-01 11:45:26 - [MESSAGE][NOT_RUN] - NOT_RUN: delay

2017-12-01 11:45:26 - [TEST_STEP][NOT_RUN] - click: NOT_RUN: click

2017-12-01 11:45:26 - [MESSAGE][NOT_RUN] - NOT_RUN: click

2017-12-01 11:45:26 - [TEST_STEP][NOT_RUN] - click: NOT_RUN: click

2017-12-01 11:45:26 - [MESSAGE][NOT_RUN] - NOT_RUN: click

2017-12-01 11:45:26 - [TEST_STEP][NOT_RUN] - sendKeys: NOT_RUN: sendKeys

2017-12-01 11:45:26 - [MESSAGE][NOT_RUN] - NOT_RUN: sendKeys

2017-12-01 11:45:26 - [TEST_STEP][NOT_RUN] - delay: NOT_RUN: delay

2017-12-01 11:45:26 - [MESSAGE][NOT_RUN] - NOT_RUN: delay

2017-12-01 11:45:26 - [TEST_STEP][PASSED] - sendKeys: Keys 'D' sent to object: 'Object Repository/Equipment/EquipmentSales/EquipmentDelivery/ESO_Delivery_Device'

2017-12-01 11:45:26 - [MESSAGE][PASSED] - Keys 'D' sent to object: 'Object Repository/Equipment/EquipmentSales/EquipmentDelivery/ESO_Delivery_Device'

2017-12-01 11:45:26 - [TEST_STEP][PASSED] - click: Object: 'Object Repository/Equipment/EquipmentSales/EquipmentDelivery/ESO_Delivery_printContinue' is clicked on

2017-12-01 11:45:26 - [MESSAGE][PASSED] - Object: 'Object Repository/Equipment/EquipmentSales/EquipmentDelivery/ESO_Delivery_printContinue' is clicked on

2017-12-01 11:45:26 - [TEST_STEP][PASSED] - delay: Delayed 5 second(s)

2017-12-01 11:45:31 - [MESSAGE][PASSED] - Delayed 5 second(s)

2017-12-01 11:45:31 - [MESSAGE][PASSED] - Call Test Case 'Test Cases/Equipment/Base_EquipmentSales/Base_EquipSaleOrderProcessing' successfully

2017-12-01 11:45:31 - [TEST_STEP][FAILED] - callTestCase: Unable to call Test Case with id 'Test Cases/Equipment/Base_EquipmentSales/Base_EquipSaleOrder_Invoice_cc' (Root cause: Call Test Case 'Test Cases/Equipment/Base_EquipmentSales/Base_EquipSaleOrder_Invoice_cc' failed)

2017-12-01 11:45:31 - [TEST_CASE][FAILED] - Test Cases/Equipment/Base_EquipmentSales/Base_EquipSaleOrder_Invoice_cc: Test Cases/Equipment/Base_EquipmentSales/Base_EquipSaleOrder_Invoice_cc FAILED because (of) Unable to set text 'D' of object 'Object Repository/Equipment/EquipmentSales/EquipmentSalesInvoiceCC/EPO_Invoice_Device' (Root cause: org.openqa.selenium.ElementNotVisibleException: Element is not currently visible and so may not be interacted with
Command duration or timeout: 26 milliseconds
Build info: version: '2.53.0', revision: '35ae25b', time: '2016-03-15 17:00:58'
System info: host: 'EET-RG', ip: '192.168.25.107', os.name: 'Windows 7', os.arch: 'amd64', os.version: '6.1', java.version: '1.8.0_102'
Driver info: com.kms.katalon.selenium.driver.CFirefoxDriver
Capabilities [{applicationCacheEnabled=true, rotatable=false, handlesAlerts=true, databaseEnabled=true, version=43.0.1, platform=WINDOWS, nativeEvents=false, acceptSslCerts=true, webStorageEnabled=true, locationContextEnabled=true, browserName=firefox, takesScreenshot=true, javascriptEnabled=true, cssSelectorsEnabled=true}]
Session ID: a735cfcf-4923-4131-846e-88911d1fe6b9)

2017-12-01 11:45:32 - [TEST_STEP][PASSED] - delay: Delayed 5 second(s)

2017-12-01 11:45:37 - [MESSAGE][PASSED] - Delayed 5 second(s)

2017-12-01 11:45:37 - [TEST_STEP][PASSED] - click: Object: 'Object Repository/Equipment/EquipmentSales/EquipmentDelivery/ESO_EquipDeliveryTab' is clicked on

2017-12-01 11:45:37 - [MESSAGE][PASSED] - Object: 'Object Repository/Equipment/EquipmentSales/EquipmentDelivery/ESO_EquipDeliveryTab' is clicked on

2017-12-01 11:45:37 - [TEST_STEP][PASSED] - delay: Delayed 3 second(s)

2017-12-01 11:45:40 - [MESSAGE][PASSED] - Delayed 3 second(s)

2017-12-01 11:45:40 - [TEST_STEP][PASSED] - click: Object: 'Object Repository/Equipment/EquipmentSales/EquipmentDelivery/ESO_Delivery_Action' is clicked on

2017-12-01 11:45:40 - [MESSAGE][PASSED] - Object: 'Object Repository/Equipment/EquipmentSales/EquipmentDelivery/ESO_Delivery_Action' is clicked on

2017-12-01 11:45:40 - [TEST_STEP][PASSED] - click: Object: 'Object Repository/Equipment/EquipmentSales/EquipmentDelivery/ESO_Delivery_Action_SaleInvoice' is clicked on

2017-12-01 11:45:41 - [MESSAGE][PASSED] - Object: 'Object Repository/Equipment/EquipmentSales/EquipmentDelivery/ESO_Delivery_Action_SaleInvoice' is clicked on

2017-12-01 11:45:41 - [TEST_STEP][PASSED] - delay: Delayed 3 second(s)

2017-12-01 11:45:44 - [MESSAGE][PASSED] - Delayed 3 second(s)

2017-12-01 11:45:44 - [TEST_STEP][PASSED] - click: Object: 'Object Repository/Equipment/EquipmentSales/EquipmentSalesInvoiceCC/ESO_CC_ContinueInvoice' is clicked on

2017-12-01 11:45:44 - [MESSAGE][PASSED] - Object: 'Object Repository/Equipment/EquipmentSales/EquipmentSalesInvoiceCC/ESO_CC_ContinueInvoice' is clicked on

2017-12-01 11:45:44 - [TEST_STEP][PASSED] - delay: Delayed 2 second(s)

2017-12-01 11:45:46 - [MESSAGE][PASSED] - Delayed 2 second(s)

2017-12-01 11:45:46 - [TEST_STEP][PASSED] - sendKeys: Keys 'GLOBAL' sent to object: 'Object Repository/Equipment/EquipmentSales/EquipmentSalesInvoiceCC/CCInterface_PaymentGateway'

2017-12-01 11:45:46 - [MESSAGE][PASSED] - Keys 'GLOBAL' sent to object: 'Object Repository/Equipment/EquipmentSales/EquipmentSalesInvoiceCC/CCInterface_PaymentGateway'

2017-12-01 11:45:46 - [TEST_STEP][PASSED] - doubleClick: Object: 'Object Repository/Equipment/EquipmentSales/EquipmentSalesInvoiceCC/CCInterface_CardType' is double clicked on

2017-12-01 11:45:46 - [MESSAGE][PASSED] - Object: 'Object Repository/Equipment/EquipmentSales/EquipmentSalesInvoiceCC/CCInterface_CardType' is double clicked on

2017-12-01 11:45:46 - [TEST_STEP][PASSED] - delay: Delayed 2 second(s)

2017-12-01 11:45:48 - [MESSAGE][PASSED] - Delayed 2 second(s)

2017-12-01 11:45:48 - [TEST_STEP][PASSED] - sendKeys: Keys 'DEBIT MASTERCARD' sent to object: 'Object Repository/Equipment/EquipmentSales/EquipmentSalesInvoiceCC/CCInterface_CardType'

2017-12-01 11:45:49 - [MESSAGE][PASSED] - Keys 'DEBIT MASTERCARD' sent to object: 'Object Repository/Equipment/EquipmentSales/EquipmentSalesInvoiceCC/CCInterface_CardType'

2017-12-01 11:45:49 - [TEST_STEP][PASSED] - doubleClick: Object: 'Object Repository/Equipment/EquipmentSales/EquipmentSalesInvoiceCC/CCInterface_CardNo' is double clicked on

2017-12-01 11:45:49 - [MESSAGE][PASSED] - Object: 'Object Repository/Equipment/EquipmentSales/EquipmentSalesInvoiceCC/CCInterface_CardNo' is double clicked on

2017-12-01 11:45:49 - [TEST_STEP][PASSED] - delay: Delayed 2 second(s)

2017-12-01 11:45:51 - [MESSAGE][PASSED] - Delayed 2 second(s)

2017-12-01 11:45:51 - [TEST_STEP][PASSED] - sendKeys: Keys '5100270000000007' sent to object: 'Object Repository/Equipment/EquipmentSales/EquipmentSalesInvoiceCC/CCInterface_CardNo'

2017-12-01 11:45:51 - [MESSAGE][PASSED] - Keys '5100270000000007' sent to object: 'Object Repository/Equipment/EquipmentSales/EquipmentSalesInvoiceCC/CCInterface_CardNo'

2017-12-01 11:45:51 - [TEST_STEP][PASSED] - doubleClick: Object: 'Object Repository/Equipment/EquipmentSales/EquipmentSalesInvoiceCC/CCInterface_CVV' is double clicked on

2017-12-01 11:45:51 - [MESSAGE][PASSED] - Object: 'Object Repository/Equipment/EquipmentSales/EquipmentSalesInvoiceCC/CCInterface_CVV' is double clicked on

2017-12-01 11:45:51 - [TEST_STEP][PASSED] - delay: Delayed 2 second(s)

2017-12-01 11:45:53 - [MESSAGE][PASSED] - Delayed 2 second(s)

2017-12-01 11:45:53 - [TEST_STEP][PASSED] - sendKeys: Keys '514' sent to object: 'Object Repository/Equipment/EquipmentSales/EquipmentSalesInvoiceCC/CCInterface_CVV'

2017-12-01 11:45:53 - [MESSAGE][PASSED] - Keys '514' sent to object: 'Object Repository/Equipment/EquipmentSales/EquipmentSalesInvoiceCC/CCInterface_CVV'

2017-12-01 11:45:53 - [TEST_STEP][PASSED] - doubleClick: Object: 'Object Repository/Equipment/EquipmentSales/EquipmentSalesInvoiceCC/CCInterface_MM' is double clicked on

2017-12-01 11:45:54 - [MESSAGE][PASSED] - Object: 'Object Repository/Equipment/EquipmentSales/EquipmentSalesInvoiceCC/CCInterface_MM' is double clicked on

2017-12-01 11:45:54 - [TEST_STEP][PASSED] - delay: Delayed 2 second(s)

2017-12-01 11:45:56 - [MESSAGE][PASSED] - Delayed 2 second(s)

2017-12-01 11:45:56 - [TEST_STEP][PASSED] - setText: Text '09' is set on object 'Object Repository/Equipment/EquipmentSales/EquipmentSalesInvoiceCC/CCInterface_MM'

2017-12-01 11:45:56 - [MESSAGE][PASSED] - Text '09' is set on object 'Object Repository/Equipment/EquipmentSales/EquipmentSalesInvoiceCC/CCInterface_MM'

2017-12-01 11:45:56 - [TEST_STEP][PASSED] - doubleClick: Object: 'Object Repository/Equipment/EquipmentSales/EquipmentSalesInvoiceCC/CCInterface_YY' is double clicked on

2017-12-01 11:45:56 - [MESSAGE][PASSED] - Object: 'Object Repository/Equipment/EquipmentSales/EquipmentSalesInvoiceCC/CCInterface_YY' is double clicked on

2017-12-01 11:45:56 - [TEST_STEP][PASSED] - delay: Delayed 2 second(s)

2017-12-01 11:45:58 - [MESSAGE][PASSED] - Delayed 2 second(s)

2017-12-01 11:45:58 - [TEST_STEP][PASSED] - setText: Text '99' is set on object 'Object Repository/Equipment/EquipmentSales/EquipmentSalesInvoiceCC/CCInterface_YY'

2017-12-01 11:45:58 - [MESSAGE][PASSED] - Text '99' is set on object 'Object Repository/Equipment/EquipmentSales/EquipmentSalesInvoiceCC/CCInterface_YY'

2017-12-01 11:45:58 - [TEST_STEP][PASSED] - click: Object: 'Object Repository/Equipment/EquipmentSales/EquipmentSalesInvoiceCC/CCInterface_Process' is clicked on

2017-12-01 11:45:58 - [MESSAGE][PASSED] - Object: 'Object Repository/Equipment/EquipmentSales/EquipmentSalesInvoiceCC/CCInterface_Process' is clicked on

2017-12-01 11:45:58 - [TEST_STEP][PASSED] - delay: Delayed 100 second(s)

2017-12-01 11:47:38 - [MESSAGE][PASSED] - Delayed 100 second(s)

2017-12-01 11:47:38 - [TEST_STEP][PASSED] - waitForElementPresent: Object 'Object Repository/Equipment/EquipmentSales/EquipmentSalesInvoiceCC/EPO_Invoice_TextSelection' is present

2017-12-01 11:47:38 - [MESSAGE][PASSED] - Object 'Object Repository/Equipment/EquipmentSales/EquipmentSalesInvoiceCC/EPO_Invoice_TextSelection' is present

2017-12-01 11:47:38 - [TEST_STEP][PASSED] - click: Object: 'Object Repository/Equipment/EquipmentSales/EquipmentSalesInvoiceCC/EPO_Invoice_TextSelection' is clicked on

2017-12-01 11:47:39 - [MESSAGE][PASSED] - Object: 'Object Repository/Equipment/EquipmentSales/EquipmentSalesInvoiceCC/EPO_Invoice_TextSelection' is clicked on

2017-12-01 11:47:39 - [TEST_STEP][FAILED] - setText: Unable to set text 'D' of object 'Object Repository/Equipment/EquipmentSales/EquipmentSalesInvoiceCC/EPO_Invoice_Device' (Root cause: org.openqa.selenium.ElementNotVisibleException: Element is not currently visible and so may not be interacted with
Command duration or timeout: 26 milliseconds
Build info: version: '2.53.0', revision: '35ae25b', time: '2016-03-15 17:00:58'
System info: host: 'EET-RG', ip: '192.168.25.107', os.name: 'Windows 7', os.arch: 'amd64', os.version: '6.1', java.version: '1.8.0_102'
Driver info: com.kms.katalon.selenium.driver.CFirefoxDriver
Capabilities [{applicationCacheEnabled=true, rotatable=false, handlesAlerts=true, databaseEnabled=true, version=43.0.1, platform=WINDOWS, nativeEvents=false, acceptSslCerts=true, webStorageEnabled=true, locationContextEnabled=true, browserName=firefox, takesScreenshot=true, javascriptEnabled=true, cssSelectorsEnabled=true}]
Session ID: a735cfcf-4923-4131-846e-88911d1fe6b9)

2017-12-01 11:47:42 - [MESSAGE][FAILED] - Unable to set text 'D' of object 'Object Repository/Equipment/EquipmentSales/EquipmentSalesInvoiceCC/EPO_Invoice_Device' (Root cause: org.openqa.selenium.ElementNotVisibleException: Element is not currently visible and so may not be interacted with
Command duration or timeout: 26 milliseconds
Build info: version: '2.53.0', revision: '35ae25b', time: '2016-03-15 17:00:58'
System info: host: 'EET-RG', ip: '192.168.25.107', os.name: 'Windows 7', os.arch: 'amd64', os.version: '6.1', java.version: '1.8.0_102'
Driver info: com.kms.katalon.selenium.driver.CFirefoxDriver
Capabilities [{applicationCacheEnabled=true, rotatable=false, handlesAlerts=true, databaseEnabled=true, version=43.0.1, platform=WINDOWS, nativeEvents=false, acceptSslCerts=true, webStorageEnabled=true, locationContextEnabled=true, browserName=firefox, takesScreenshot=true, javascriptEnabled=true, cssSelectorsEnabled=true}]
Session ID: a735cfcf-4923-4131-846e-88911d1fe6b9)
[[ATTACHMENT|C:\\Users\\rgajbhiye\\git\\FlaglerCC\\Reports\\Flagler_EquipmentTestSuite\\20171201_114121\\1512109062260.png]]

2017-12-01 11:47:42 - [TEST_STEP][PASSED] - click: Object: 'Object Repository/Equipment/EquipmentSales/EquipmentSalesInvoiceCC/EPO_Invoice_Continue' is clicked on

2017-12-01 11:47:42 - [MESSAGE][PASSED] - Object: 'Object Repository/Equipment/EquipmentSales/EquipmentSalesInvoiceCC/EPO_Invoice_Continue' is clicked on

2017-12-01 11:47:42 - [TEST_STEP][PASSED] - delay: Delayed 10 second(s)

2017-12-01 11:47:52 - [MESSAGE][PASSED] - Delayed 10 second(s)

2017-12-01 11:47:52 - [MESSAGE][FAILED] - Unable to call Test Case with id 'Test Cases/Equipment/Base_EquipmentSales/Base_EquipSaleOrder_Invoice_cc' (Root cause: Call Test Case 'Test Cases/Equipment/Base_EquipmentSales/Base_EquipSaleOrder_Invoice_cc' failed)]]></system-out>
         <system-err><![CDATA[2017-12-01 11:41:29 - [TEST_CASE][FAILED] - Test Cases/Equipment/CreditCardRegression/TC001_EquipmentSalesAgreement_DiffGateway: Test Cases/Equipment/CreditCardRegression/TC001_EquipmentSalesAgreement_DiffGateway FAILED because (of) Unable to set text 'D' of object 'Object Repository/Equipment/EquipmentSales/EquipmentSalesInvoiceCC/EPO_Invoice_Device' (Root cause: org.openqa.selenium.ElementNotVisibleException: Element is not currently visible and so may not be interacted with
Command duration or timeout: 26 milliseconds
Build info: version: '2.53.0', revision: '35ae25b', time: '2016-03-15 17:00:58'
System info: host: 'EET-RG', ip: '192.168.25.107', os.name: 'Windows 7', os.arch: 'amd64', os.version: '6.1', java.version: '1.8.0_102'
Driver info: com.kms.katalon.selenium.driver.CFirefoxDriver
Capabilities [{applicationCacheEnabled=true, rotatable=false, handlesAlerts=true, databaseEnabled=true, version=43.0.1, platform=WINDOWS, nativeEvents=false, acceptSslCerts=true, webStorageEnabled=true, locationContextEnabled=true, browserName=firefox, takesScreenshot=true, javascriptEnabled=true, cssSelectorsEnabled=true}]
Session ID: a735cfcf-4923-4131-846e-88911d1fe6b9)]]></system-err>
      </testcase>
      <system-out><![CDATA[2017-12-01 11:41:29 - [TEST_SUITE][FAILED] - Flagler_EquipmentTestSuite: Test Cases/Equipment/CreditCardRegression/TC001_EquipmentSalesAgreement_DiffGateway FAILED because (of) Unable to set text 'D' of object 'Object Repository/Equipment/EquipmentSales/EquipmentSalesInvoiceCC/EPO_Invoice_Device' (Root cause: org.openqa.selenium.ElementNotVisibleException: Element is not currently visible and so may not be interacted with
Command duration or timeout: 26 milliseconds
Build info: version: '2.53.0', revision: '35ae25b', time: '2016-03-15 17:00:58'
System info: host: 'EET-RG', ip: '192.168.25.107', os.name: 'Windows 7', os.arch: 'amd64', os.version: '6.1', java.version: '1.8.0_102'
Driver info: com.kms.katalon.selenium.driver.CFirefoxDriver
Capabilities [{applicationCacheEnabled=true, rotatable=false, handlesAlerts=true, databaseEnabled=true, version=43.0.1, platform=WINDOWS, nativeEvents=false, acceptSslCerts=true, webStorageEnabled=true, locationContextEnabled=true, browserName=firefox, takesScreenshot=true, javascriptEnabled=true, cssSelectorsEnabled=true}]
Session ID: a735cfcf-4923-4131-846e-88911d1fe6b9)]]></system-out>
      <system-err><![CDATA[2017-12-01 11:41:29 - [TEST_SUITE][FAILED] - Flagler_EquipmentTestSuite: Test Cases/Equipment/CreditCardRegression/TC001_EquipmentSalesAgreement_DiffGateway FAILED because (of) Unable to set text 'D' of object 'Object Repository/Equipment/EquipmentSales/EquipmentSalesInvoiceCC/EPO_Invoice_Device' (Root cause: org.openqa.selenium.ElementNotVisibleException: Element is not currently visible and so may not be interacted with
Command duration or timeout: 26 milliseconds
Build info: version: '2.53.0', revision: '35ae25b', time: '2016-03-15 17:00:58'
System info: host: 'EET-RG', ip: '192.168.25.107', os.name: 'Windows 7', os.arch: 'amd64', os.version: '6.1', java.version: '1.8.0_102'
Driver info: com.kms.katalon.selenium.driver.CFirefoxDriver
Capabilities [{applicationCacheEnabled=true, rotatable=false, handlesAlerts=true, databaseEnabled=true, version=43.0.1, platform=WINDOWS, nativeEvents=false, acceptSslCerts=true, webStorageEnabled=true, locationContextEnabled=true, browserName=firefox, takesScreenshot=true, javascriptEnabled=true, cssSelectorsEnabled=true}]
Session ID: a735cfcf-4923-4131-846e-88911d1fe6b9)]]></system-err>
   </testsuite>
</testsuites>
